[AdafruitGPS @ factory.py:85][DEBUG] 2017-11-15 17:48:33,316: Logging to: logs/2017_Nov_15/AdafruitGPS/17_48_33.log
[AdafruitGPS @ arduino.py:88][INFO] 2017-11-15 17:48:38,272: configuring done. Finding whoiam=Adafruit-GPS
[AdafruitGPS @ arduino.py:55][INFO] 2017-11-15 17:48:38,272: Adafruit-GPS's setup complete
[AdafruitGPS @ arduino.py:149][INFO] 2017-11-15 17:48:39,560: Device named 'Adafruit-GPS' at '/dev/ttyUSB0' is now at baud rate '9600'
[AdafruitGPS @ arduino.py:159][INFO] 2017-11-15 17:48:39,563: Device has started!
[AdafruitGPS @ arduino.py:160][INFO] 2017-11-15 17:48:39,563: init packet: 5
[AdafruitGPS @ adafruit_gps.py:188][WARNING] 2017-11-15 17:48:39,881: Invalid message 'AdafruitGPSMessage(fix: False, quality: 0, satellites: 0; time: 0:0.0 0/0/200; timestamp: 1510786119.8796492)'
month must be in 1..12
[AdafruitGPS @ adafruit_gps.py:188][WARNING] 2017-11-15 17:48:40,076: Invalid message 'AdafruitGPSMessage(fix: False, quality: 0, satellites: 0; time: 0:0.0 0/0/200; timestamp: 1510786120.0754373)'
month must be in 1..12
[AdafruitGPS @ adafruit_gps.py:188][WARNING] 2017-11-15 17:48:40,282: Invalid message 'AdafruitGPSMessage(fix: False, quality: 0, satellites: 0; time: 0:0.0 0/0/200; timestamp: 1510786120.2727258)'
month must be in 1..12
[AdafruitGPS @ adafruit_gps.py:188][WARNING] 2017-11-15 17:48:40,479: Invalid message 'AdafruitGPSMessage(fix: False, quality: 0, satellites: 0; time: 0:0.0 0/0/200; timestamp: 1510786120.4785628)'
month must be in 1..12
[AdafruitGPS @ arduino.py:188][INFO] 2017-11-15 17:48:42,696: found 15 packets in 3s (avg=5.0 packets/sec). 15 received in total (avg=4.8 packets/sec)
[AdafruitGPS @ arduino.py:188][INFO] 2017-11-15 17:48:45,707: found 15 packets in 3s (avg=5.0 packets/sec). 30 received in total (avg=4.9 packets/sec)
[AdafruitGPS @ arduino.py:188][INFO] 2017-11-15 17:48:48,713: found 15 packets in 3s (avg=5.0 packets/sec). 45 received in total (avg=4.9 packets/sec)
[AdafruitGPS @ arduino.py:188][INFO] 2017-11-15 17:48:51,731: found 15 packets in 3s (avg=5.0 packets/sec). 60 received in total (avg=4.9 packets/sec)
[AdafruitGPS @ arduino.py:188][INFO] 2017-11-15 17:48:54,749: found 15 packets in 3s (avg=5.0 packets/sec). 75 received in total (avg=4.9 packets/sec)
[AdafruitGPS @ arduino.py:188][INFO] 2017-11-15 17:48:57,762: found 15 packets in 3s (avg=5.0 packets/sec). 90 received in total (avg=4.9 packets/sec)
[AdafruitGPS @ arduino.py:188][INFO] 2017-11-15 17:49:00,771: found 15 packets in 3s (avg=5.0 packets/sec). 105 received in total (avg=5.0 packets/sec)
[AdafruitGPS @ node.py:79][DEBUG] 2017-11-15 17:49:03,594: [log buffer start]
[DEBUG, 1510786119.8796492]: AdafruitGPSMessage(fix: False, quality: 0, satellites: 0; time: 0:0.0 0/0/200; timestamp: 1510786119.8796492)
[DEBUG, 1510786120.0754373]: AdafruitGPSMessage(fix: False, quality: 0, satellites: 0; time: 0:0.0 0/0/200; timestamp: 1510786120.0754373)
[DEBUG, 1510786120.2727258]: AdafruitGPSMessage(fix: False, quality: 0, satellites: 0; time: 0:0.0 0/0/200; timestamp: 1510786120.2727258)
[DEBUG, 1510786120.4785628]: AdafruitGPSMessage(fix: False, quality: 0, satellites: 0; time: 0:0.0 0/0/200; timestamp: 1510786120.4785628)
[DEBUG, 1510786120.6834662]: AdafruitGPSMessage(fix: False, quality: 0, satellites: 0; time: 23:59.42 5/1/2080; timestamp: 3471742782.796)
[DEBUG, 1510786120.8792222]: AdafruitGPSMessage(fix: False, quality: 0, satellites: 0; time: 23:59.43 5/1/2080; timestamp: 3471742783.0)
[DEBUG, 1510786121.084437]: AdafruitGPSMessage(fix: False, quality: 0, satellites: 0; time: 23:59.43 5/1/2080; timestamp: 3471742783.203)
[DEBUG, 1510786121.2904031]: AdafruitGPSMessage(fix: False, quality: 0, satellites: 0; time: 23:59.43 5/1/2080; timestamp: 3471742783.375)
[DEBUG, 1510786121.4854867]: AdafruitGPSMessage(fix: False, quality: 0, satellites: 0; time: 23:59.43 5/1/2080; timestamp: 3471742783.609)
[DEBUG, 1510786121.6907446]: AdafruitGPSMessage(fix: False, quality: 0, satellites: 0; time: 23:59.43 5/1/2080; timestamp: 3471742783.796)
[DEBUG, 1510786121.8857949]: AdafruitGPSMessage(fix: False, quality: 0, satellites: 0; time: 23:59.44 5/1/2080; timestamp: 3471742784.0)
[DEBUG, 1510786122.0908432]: AdafruitGPSMessage(fix: False, quality: 0, satellites: 0; time: 23:59.44 5/1/2080; timestamp: 3471742784.171)
[DEBUG, 1510786122.2856169]: AdafruitGPSMessage(fix: False, quality: 0, satellites: 0; time: 23:59.44 5/1/2080; timestamp: 3471742784.406)
[DEBUG, 1510786122.4908617]: AdafruitGPSMessage(fix: False, quality: 0, satellites: 0; time: 23:59.44 5/1/2080; timestamp: 3471742784.609)
[DEBUG, 1510786122.69601]: AdafruitGPSMessage(fix: False, quality: 0, satellites: 0; time: 23:59.44 5/1/2080; timestamp: 3471742784.796)
[DEBUG, 1510786122.891552]: AdafruitGPSMessage(fix: False, quality: 0, satellites: 0; time: 23:59.44 5/1/2080; timestamp: 3471742784.984)
[DEBUG, 1510786123.0969737]: AdafruitGPSMessage(fix: False, quality: 0, satellites: 0; time: 23:59.45 5/1/2080; timestamp: 3471742785.203)
[DEBUG, 1510786123.2924154]: AdafruitGPSMessage(fix: False, quality: 0, satellites: 0; time: 23:59.45 5/1/2080; timestamp: 3471742785.375)
[DEBUG, 1510786123.4979]: AdafruitGPSMessage(fix: False, quality: 0, satellites: 0; time: 23:59.45 5/1/2080; timestamp: 3471742785.609)
[DEBUG, 1510786123.693153]: AdafruitGPSMessage(fix: False, quality: 0, satellites: 0; time: 23:59.45 5/1/2080; timestamp: 3471742785.781)
[DEBUG, 1510786123.8888242]: AdafruitGPSMessage(fix: False, quality: 0, satellites: 0; time: 23:59.46 5/1/2080; timestamp: 3471742786.0)
[DEBUG, 1510786124.0941677]: AdafruitGPSMessage(fix: False, quality: 0, satellites: 0; time: 23:59.46 5/1/2080; timestamp: 3471742786.203)
[DEBUG, 1510786124.2997682]: AdafruitGPSMessage(fix: False, quality: 0, satellites: 0; time: 23:59.46 5/1/2080; timestamp: 3471742786.406)
[DEBUG, 1510786124.494587]: AdafruitGPSMessage(fix: False, quality: 0, satellites: 0; time: 23:59.46 5/1/2080; timestamp: 3471742786.578)
[DEBUG, 1510786124.7003174]: AdafruitGPSMessage(fix: False, quality: 0, satellites: 0; time: 23:59.46 5/1/2080; timestamp: 3471742786.796)
[DEBUG, 1510786124.8951998]: AdafruitGPSMessage(fix: False, quality: 0, satellites: 0; time: 23:59.47 5/1/2080; timestamp: 3471742787.0)
[DEBUG, 1510786125.1005852]: AdafruitGPSMessage(fix: False, quality: 0, satellites: 0; time: 23:59.47 5/1/2080; timestamp: 3471742787.203)
[DEBUG, 1510786125.296178]: AdafruitGPSMessage(fix: False, quality: 0, satellites: 0; time: 23:59.47 5/1/2080; timestamp: 3471742787.375)
[DEBUG, 1510786125.5017705]: AdafruitGPSMessage(fix: False, quality: 0, satellites: 0; time: 23:59.47 5/1/2080; timestamp: 3471742787.609)
[DEBUG, 1510786125.7069232]: AdafruitGPSMessage(fix: False, quality: 0, satellites: 0; time: 23:59.47 5/1/2080; timestamp: 3471742787.781)
[DEBUG, 1510786125.9026694]: AdafruitGPSMessage(fix: False, quality: 0, satellites: 0; time: 23:59.48 5/1/2080; timestamp: 3471742788.0)
[DEBUG, 1510786126.1075742]: AdafruitGPSMessage(fix: False, quality: 0, satellites: 0; time: 23:59.48 5/1/2080; timestamp: 3471742788.171)
[DEBUG, 1510786126.3030238]: AdafruitGPSMessage(fix: False, quality: 0, satellites: 0; time: 23:59.48 5/1/2080; timestamp: 3471742788.406)
[DEBUG, 1510786126.5083737]: AdafruitGPSMessage(fix: False, quality: 0, satellites: 0; time: 23:59.48 5/1/2080; timestamp: 3471742788.578)
[DEBUG, 1510786126.7034986]: AdafruitGPSMessage(fix: False, quality: 0, satellites: 0; time: 23:59.48 5/1/2080; timestamp: 3471742788.796)
[DEBUG, 1510786126.908525]: AdafruitGPSMessage(fix: False, quality: 0, satellites: 0; time: 23:59.48 5/1/2080; timestamp: 3471742788.984)
[DEBUG, 1510786127.113497]: AdafruitGPSMessage(fix: False, quality: 0, satellites: 0; time: 23:59.49 5/1/2080; timestamp: 3471742789.203)
[DEBUG, 1510786127.3082256]: AdafruitGPSMessage(fix: False, quality: 0, satellites: 0; time: 23:59.49 5/1/2080; timestamp: 3471742789.406)
[DEBUG, 1510786127.5131621]: AdafruitGPSMessage(fix: False, quality: 0, satellites: 0; time: 23:59.49 5/1/2080; timestamp: 3471742789.609)
[DEBUG, 1510786127.708237]: AdafruitGPSMessage(fix: False, quality: 0, satellites: 0; time: 23:59.49 5/1/2080; timestamp: 3471742789.781)
[DEBUG, 1510786127.9136755]: AdafruitGPSMessage(fix: False, quality: 0, satellites: 0; time: 23:59.50 5/1/2080; timestamp: 3471742790.0)
[DEBUG, 1510786128.1085443]: AdafruitGPSMessage(fix: False, quality: 0, satellites: 0; time: 23:59.50 5/1/2080; timestamp: 3471742790.171)
[DEBUG, 1510786128.3135855]: AdafruitGPSMessage(fix: False, quality: 0, satellites: 0; time: 23:59.50 5/1/2080; timestamp: 3471742790.406)
[DEBUG, 1510786128.5187998]: AdafruitGPSMessage(fix: False, quality: 0, satellites: 0; time: 23:59.50 5/1/2080; timestamp: 3471742790.578)
[DEBUG, 1510786128.7136106]: AdafruitGPSMessage(fix: False, quality: 0, satellites: 0; time: 23:59.50 5/1/2080; timestamp: 3471742790.796)
[DEBUG, 1510786128.9191873]: AdafruitGPSMessage(fix: False, quality: 0, satellites: 0; time: 23:59.51 5/1/2080; timestamp: 3471742791.0)
[DEBUG, 1510786129.1141727]: AdafruitGPSMessage(fix: False, quality: 0, satellites: 0; time: 23:59.51 5/1/2080; timestamp: 3471742791.203)
[DEBUG, 1510786129.3190403]: AdafruitGPSMessage(fix: False, quality: 0, satellites: 0; time: 23:59.51 5/1/2080; timestamp: 3471742791.375)
[DEBUG, 1510786129.5245502]: AdafruitGPSMessage(fix: False, quality: 0, satellites: 0; time: 23:59.51 5/1/2080; timestamp: 3471742791.609)
[DEBUG, 1510786129.7197442]: AdafruitGPSMessage(fix: False, quality: 0, satellites: 0; time: 23:59.51 5/1/2080; timestamp: 3471742791.796)
[DEBUG, 1510786129.9250147]: AdafruitGPSMessage(fix: False, quality: 0, satellites: 0; time: 23:59.52 5/1/2080; timestamp: 3471742792.0)
[DEBUG, 1510786130.1196182]: AdafruitGPSMessage(fix: False, quality: 0, satellites: 0; time: 23:59.52 5/1/2080; timestamp: 3471742792.171)
[DEBUG, 1510786130.3248723]: AdafruitGPSMessage(fix: False, quality: 0, satellites: 0; time: 23:59.52 5/1/2080; timestamp: 3471742792.406)
[DEBUG, 1510786130.5305421]: AdafruitGPSMessage(fix: False, quality: 0, satellites: 0; time: 23:59.52 5/1/2080; timestamp: 3471742792.578)
[DEBUG, 1510786130.725717]: AdafruitGPSMessage(fix: False, quality: 0, satellites: 0; time: 23:59.52 5/1/2080; timestamp: 3471742792.796)
[DEBUG, 1510786130.9309802]: AdafruitGPSMessage(fix: False, quality: 0, satellites: 0; time: 23:59.52 5/1/2080; timestamp: 3471742792.984)
[DEBUG, 1510786131.126024]: AdafruitGPSMessage(fix: False, quality: 0, satellites: 0; time: 23:59.53 5/1/2080; timestamp: 3471742793.203)
[DEBUG, 1510786131.3309443]: AdafruitGPSMessage(fix: False, quality: 0, satellites: 0; time: 23:59.53 5/1/2080; timestamp: 3471742793.406)
[DEBUG, 1510786131.5257418]: AdafruitGPSMessage(fix: False, quality: 0, satellites: 0; time: 23:59.53 5/1/2080; timestamp: 3471742793.609)
[DEBUG, 1510786131.7309182]: AdafruitGPSMessage(fix: False, quality: 0, satellites: 0; time: 23:59.53 5/1/2080; timestamp: 3471742793.781)
[DEBUG, 1510786131.926057]: AdafruitGPSMessage(fix: False, quality: 0, satellites: 0; time: 23:59.54 5/1/2080; timestamp: 3471742794.0)
[DEBUG, 1510786132.1312637]: AdafruitGPSMessage(fix: False, quality: 0, satellites: 0; time: 23:59.54 5/1/2080; timestamp: 3471742794.171)
[DEBUG, 1510786132.3365185]: AdafruitGPSMessage(fix: False, quality: 0, satellites: 0; time: 23:59.54 5/1/2080; timestamp: 3471742794.406)
[DEBUG, 1510786132.5417943]: AdafruitGPSMessage(fix: False, quality: 0, satellites: 0; time: 23:59.54 5/1/2080; timestamp: 3471742794.578)
[DEBUG, 1510786132.7369196]: AdafruitGPSMessage(fix: False, quality: 0, satellites: 0; time: 23:59.54 5/1/2080; timestamp: 3471742794.796)
[DEBUG, 1510786132.9420285]: AdafruitGPSMessage(fix: False, quality: 0, satellites: 0; time: 23:59.55 5/1/2080; timestamp: 3471742795.0)
[DEBUG, 1510786133.1368477]: AdafruitGPSMessage(fix: False, quality: 0, satellites: 0; time: 23:59.55 5/1/2080; timestamp: 3471742795.203)
[DEBUG, 1510786133.3421826]: AdafruitGPSMessage(fix: False, quality: 0, satellites: 0; time: 23:59.55 5/1/2080; timestamp: 3471742795.375)
[DEBUG, 1510786133.537241]: AdafruitGPSMessage(fix: False, quality: 0, satellites: 0; time: 23:59.55 5/1/2080; timestamp: 3471742795.609)
[DEBUG, 1510786133.7423992]: AdafruitGPSMessage(fix: False, quality: 0, satellites: 0; time: 23:59.55 5/1/2080; timestamp: 3471742795.796)
[DEBUG, 1510786133.9478147]: AdafruitGPSMessage(fix: False, quality: 0, satellites: 0; time: 23:59.56 5/1/2080; timestamp: 3471742796.0)
[DEBUG, 1510786134.14328]: AdafruitGPSMessage(fix: False, quality: 0, satellites: 0; time: 23:59.56 5/1/2080; timestamp: 3471742796.171)
[DEBUG, 1510786134.3490748]: AdafruitGPSMessage(fix: False, quality: 0, satellites: 0; time: 23:59.56 5/1/2080; timestamp: 3471742796.406)
[DEBUG, 1510786134.544271]: AdafruitGPSMessage(fix: False, quality: 0, satellites: 0; time: 23:59.56 5/1/2080; timestamp: 3471742796.578)
[DEBUG, 1510786134.749636]: AdafruitGPSMessage(fix: False, quality: 0, satellites: 0; time: 23:59.56 5/1/2080; timestamp: 3471742796.796)
[DEBUG, 1510786134.9456427]: AdafruitGPSMessage(fix: False, quality: 0, satellites: 0; time: 23:59.56 5/1/2080; timestamp: 3471742796.984)
[DEBUG, 1510786135.1515887]: AdafruitGPSMessage(fix: False, quality: 0, satellites: 0; time: 23:59.57 5/1/2080; timestamp: 3471742797.203)
[DEBUG, 1510786135.357088]: AdafruitGPSMessage(fix: False, quality: 0, satellites: 0; time: 23:59.57 5/1/2080; timestamp: 3471742797.406)
[DEBUG, 1510786135.5523646]: AdafruitGPSMessage(fix: False, quality: 0, satellites: 0; time: 23:59.57 5/1/2080; timestamp: 3471742797.609)
[DEBUG, 1510786135.757695]: AdafruitGPSMessage(fix: False, quality: 0, satellites: 0; time: 23:59.57 5/1/2080; timestamp: 3471742797.781)
[DEBUG, 1510786135.9530995]: AdafruitGPSMessage(fix: False, quality: 0, satellites: 0; time: 23:59.58 5/1/2080; timestamp: 3471742798.0)
[DEBUG, 1510786136.1585555]: AdafruitGPSMessage(fix: False, quality: 0, satellites: 0; time: 23:59.58 5/1/2080; timestamp: 3471742798.171)
[DEBUG, 1510786136.3540356]: AdafruitGPSMessage(fix: False, quality: 0, satellites: 0; time: 23:59.58 5/1/2080; timestamp: 3471742798.406)
[DEBUG, 1510786136.5593333]: AdafruitGPSMessage(fix: False, quality: 0, satellites: 0; time: 23:59.58 5/1/2080; timestamp: 3471742798.578)
[DEBUG, 1510786136.7649744]: AdafruitGPSMessage(fix: False, quality: 0, satellites: 0; time: 23:59.58 5/1/2080; timestamp: 3471742798.796)
[DEBUG, 1510786136.9602861]: AdafruitGPSMessage(fix: False, quality: 0, satellites: 0; time: 23:59.59 5/1/2080; timestamp: 3471742799.0)
[DEBUG, 1510786137.1655235]: AdafruitGPSMessage(fix: False, quality: 0, satellites: 0; time: 23:59.59 5/1/2080; timestamp: 3471742799.203)
[DEBUG, 1510786137.3608413]: AdafruitGPSMessage(fix: False, quality: 0, satellites: 0; time: 23:59.59 5/1/2080; timestamp: 3471742799.375)
[DEBUG, 1510786137.5664494]: AdafruitGPSMessage(fix: False, quality: 0, satellites: 0; time: 23:59.59 5/1/2080; timestamp: 3471742799.609)
[DEBUG, 1510786137.761889]: AdafruitGPSMessage(fix: False, quality: 0, satellites: 0; time: 23:59.59 5/1/2080; timestamp: 3471742799.796)
[DEBUG, 1510786137.9575107]: AdafruitGPSMessage(fix: False, quality: 0, satellites: 0; time: 0:0.0 6/1/2080; timestamp: 3471742800.0)
[DEBUG, 1510786138.1631258]: AdafruitGPSMessage(fix: False, quality: 0, satellites: 0; time: 0:0.0 6/1/2080; timestamp: 3471742800.199)
[DEBUG, 1510786138.368433]: AdafruitGPSMessage(fix: False, quality: 0, satellites: 0; time: 0:0.0 6/1/2080; timestamp: 3471742800.399)
[DEBUG, 1510786138.563345]: AdafruitGPSMessage(fix: False, quality: 0, satellites: 0; time: 0:0.0 6/1/2080; timestamp: 3471742800.6)
[DEBUG, 1510786138.7682328]: AdafruitGPSMessage(fix: False, quality: 0, satellites: 0; time: 0:0.0 6/1/2080; timestamp: 3471742800.8)
[DEBUG, 1510786138.9631495]: AdafruitGPSMessage(fix: False, quality: 0, satellites: 0; time: 0:0.1 6/1/2080; timestamp: 3471742801.0)
[DEBUG, 1510786139.168424]: AdafruitGPSMessage(fix: False, quality: 0, satellites: 0; time: 0:0.1 6/1/2080; timestamp: 3471742801.199)
[DEBUG, 1510786139.3742301]: AdafruitGPSMessage(fix: False, quality: 0, satellites: 0; time: 0:0.1 6/1/2080; timestamp: 3471742801.399)
[DEBUG, 1510786139.569609]: AdafruitGPSMessage(fix: False, quality: 0, satellites: 0; time: 0:0.1 6/1/2080; timestamp: 3471742801.6)
[DEBUG, 1510786139.7749336]: AdafruitGPSMessage(fix: False, quality: 0, satellites: 0; time: 0:0.1 6/1/2080; timestamp: 3471742801.8)
[DEBUG, 1510786139.9698567]: AdafruitGPSMessage(fix: False, quality: 0, satellites: 0; time: 0:0.2 6/1/2080; timestamp: 3471742802.0)
[DEBUG, 1510786140.1754968]: AdafruitGPSMessage(fix: False, quality: 0, satellites: 0; time: 0:0.2 6/1/2080; timestamp: 3471742802.199)
[DEBUG, 1510786140.370435]: AdafruitGPSMessage(fix: False, quality: 0, satellites: 0; time: 0:0.2 6/1/2080; timestamp: 3471742802.398)
[DEBUG, 1510786140.5759363]: AdafruitGPSMessage(fix: False, quality: 0, satellites: 0; time: 0:0.2 6/1/2080; timestamp: 3471742802.6)
[DEBUG, 1510786140.77094]: AdafruitGPSMessage(fix: False, quality: 0, satellites: 0; time: 0:0.2 6/1/2080; timestamp: 3471742802.799)
[DEBUG, 1510786140.9768262]: AdafruitGPSMessage(fix: False, quality: 0, satellites: 0; time: 0:0.3 6/1/2080; timestamp: 3471742803.0)
[DEBUG, 1510786141.182442]: AdafruitGPSMessage(fix: False, quality: 0, satellites: 0; time: 0:0.3 6/1/2080; timestamp: 3471742803.199)
[DEBUG, 1510786141.3772817]: AdafruitGPSMessage(fix: False, quality: 0, satellites: 0; time: 0:0.3 6/1/2080; timestamp: 3471742803.398)
[DEBUG, 1510786141.5830307]: AdafruitGPSMessage(fix: False, quality: 0, satellites: 0; time: 0:0.3 6/1/2080; timestamp: 3471742803.6)
[DEBUG, 1510786141.7783122]: AdafruitGPSMessage(fix: False, quality: 0, satellites: 0; time: 0:0.3 6/1/2080; timestamp: 3471742803.799)
[DEBUG, 1510786141.9839916]: AdafruitGPSMessage(fix: False, quality: 0, satellites: 0; time: 0:0.4 6/1/2080; timestamp: 3471742804.0)
[DEBUG, 1510786142.1789138]: AdafruitGPSMessage(fix: False, quality: 0, satellites: 0; time: 0:0.4 6/1/2080; timestamp: 3471742804.198)
[DEBUG, 1510786142.3841765]: AdafruitGPSMessage(fix: False, quality: 0, satellites: 0; time: 0:0.4 6/1/2080; timestamp: 3471742804.398)
[DEBUG, 1510786142.5899925]: AdafruitGPSMessage(fix: False, quality: 0, satellites: 0; time: 0:0.4 6/1/2080; timestamp: 3471742804.599)
[DEBUG, 1510786142.7849183]: AdafruitGPSMessage(fix: False, quality: 0, satellites: 0; time: 0:0.4 6/1/2080; timestamp: 3471742804.8)
[DEBUG, 1510786142.9900184]: AdafruitGPSMessage(fix: False, quality: 0, satellites: 0; time: 0:0.5 6/1/2080; timestamp: 3471742805.0)
[DEBUG, 1510786143.1854873]: AdafruitGPSMessage(fix: False, quality: 0, satellites: 0; time: 0:0.5 6/1/2080; timestamp: 3471742805.198)
[DEBUG, 1510786143.391801]: AdafruitGPSMessage(fix: False, quality: 0, satellites: 0; time: 0:0.5 6/1/2080; timestamp: 3471742805.398)
[DEBUG, 1510786143.5873802]: AdafruitGPSMessage(fix: False, quality: 0, satellites: 0; time: 0:0.5 6/1/2080; timestamp: 3471742805.599)
[log buffer end]
[AdafruitGPS @ node.py:81][DEBUG] 2017-11-15 17:49:03,594: logging message buffer (len=16404)
[AdafruitGPS @ arduino.py:188][INFO] 2017-11-15 17:49:03,792: found 15 packets in 3s (avg=5.0 packets/sec). 120 received in total (avg=5.0 packets/sec)
[AdafruitGPS @ node.py:79][DEBUG] 2017-11-15 17:49:03,979: [log buffer start]
[DEBUG, 1510786143.7925704]: AdafruitGPSMessage(fix: False, quality: 0, satellites: 0; time: 0:0.6 6/1/2080; timestamp: 3471742806.0)
[log buffer end]
[AdafruitGPS @ node.py:81][DEBUG] 2017-11-15 17:49:03,980: logging message buffer (len=169)
[AdafruitGPS @ node.py:102][INFO] 2017-11-15 17:49:03,980: Node took 26.610021829605103s to run
[AdafruitGPS @ generic.py:69][INFO] 2017-11-15 17:49:03,982: Tearing down device
[AdafruitGPS @ arduino.py:214][INFO] 2017-11-15 17:49:03,988: Closing down device port
[AdafruitGPS @ arduino.py:217][INFO] 2017-11-15 17:49:03,988: Device process stopped
