[AdafruitGPS @ factory.py:85][DEBUG] 2017-11-15 18:04:53,830: Logging to: logs/2017_Nov_15/AdafruitGPS/18_04_53.log
[AdafruitGPS @ arduino.py:88][INFO] 2017-11-15 18:04:58,796: configuring done. Finding whoiam=Adafruit-GPS
[AdafruitGPS @ arduino.py:55][INFO] 2017-11-15 18:04:58,797: Adafruit-GPS's setup complete
[AdafruitGPS @ arduino.py:149][INFO] 2017-11-15 18:05:00,124: Device named 'Adafruit-GPS' at '/dev/ttyUSB0' is now at baud rate '9600'
[AdafruitGPS @ arduino.py:159][INFO] 2017-11-15 18:05:00,126: Device has started!
[AdafruitGPS @ arduino.py:160][INFO] 2017-11-15 18:05:00,126: init packet: 5
[AdafruitGPS @ adafruit_gps.py:188][WARNING] 2017-11-15 18:05:00,445: Invalid message 'AdafruitGPSMessage(fix: False, quality: 0, satellites: 0; time: 0:0.0 0/0/200; timestamp: 1510787100.4432945)'
month must be in 1..12
[AdafruitGPS @ adafruit_gps.py:188][WARNING] 2017-11-15 18:05:00,641: Invalid message 'AdafruitGPSMessage(fix: False, quality: 0, satellites: 0; time: 0:0.0 0/0/200; timestamp: 1510787100.6396477)'
month must be in 1..12
[AdafruitGPS @ adafruit_gps.py:188][WARNING] 2017-11-15 18:05:00,846: Invalid message 'AdafruitGPSMessage(fix: False, quality: 0, satellites: 0; time: 0:0.0 0/0/200; timestamp: 1510787100.8450797)'
month must be in 1..12
[AdafruitGPS @ adafruit_gps.py:188][WARNING] 2017-11-15 18:05:01,040: Invalid message 'AdafruitGPSMessage(fix: False, quality: 0, satellites: 0; time: 0:0.0 0/0/200; timestamp: 1510787101.0400243)'
month must be in 1..12
[AdafruitGPS @ arduino.py:188][INFO] 2017-11-15 18:05:03,259: found 15 packets in 3s (avg=5.0 packets/sec). 15 received in total (avg=4.8 packets/sec)
[AdafruitGPS @ arduino.py:188][INFO] 2017-11-15 18:05:06,279: found 15 packets in 3s (avg=5.0 packets/sec). 30 received in total (avg=4.9 packets/sec)
[AdafruitGPS @ arduino.py:188][INFO] 2017-11-15 18:05:09,289: found 15 packets in 3s (avg=5.0 packets/sec). 45 received in total (avg=4.9 packets/sec)
[AdafruitGPS @ arduino.py:188][INFO] 2017-11-15 18:05:12,310: found 15 packets in 3s (avg=5.0 packets/sec). 60 received in total (avg=4.9 packets/sec)
[AdafruitGPS @ arduino.py:188][INFO] 2017-11-15 18:05:15,332: found 15 packets in 3s (avg=5.0 packets/sec). 75 received in total (avg=4.9 packets/sec)
[AdafruitGPS @ arduino.py:188][INFO] 2017-11-15 18:05:18,345: found 15 packets in 3s (avg=5.0 packets/sec). 90 received in total (avg=4.9 packets/sec)
[AdafruitGPS @ arduino.py:188][INFO] 2017-11-15 18:05:21,351: found 15 packets in 3s (avg=5.0 packets/sec). 105 received in total (avg=4.9 packets/sec)
[AdafruitGPS @ node.py:79][DEBUG] 2017-11-15 18:05:24,180: [log buffer start]
[DEBUG, 1510787100.4432945]: AdafruitGPSMessage(fix: False, quality: 0, satellites: 0; time: 0:0.0 0/0/200; timestamp: 1510787100.4432945)
[DEBUG, 1510787100.6396477]: AdafruitGPSMessage(fix: False, quality: 0, satellites: 0; time: 0:0.0 0/0/200; timestamp: 1510787100.6396477)
[DEBUG, 1510787100.8450797]: AdafruitGPSMessage(fix: False, quality: 0, satellites: 0; time: 0:0.0 0/0/200; timestamp: 1510787100.8450797)
[DEBUG, 1510787101.0400243]: AdafruitGPSMessage(fix: False, quality: 0, satellites: 0; time: 0:0.0 0/0/200; timestamp: 1510787101.0400243)
[DEBUG, 1510787101.2556434]: AdafruitGPSMessage(fix: False, quality: 0, satellites: 0; time: 23:59.42 5/1/2080; timestamp: 3471742782.796)
[DEBUG, 1510787101.4512105]: AdafruitGPSMessage(fix: False, quality: 0, satellites: 0; time: 23:59.43 5/1/2080; timestamp: 3471742783.0)
[DEBUG, 1510787101.6568327]: AdafruitGPSMessage(fix: False, quality: 0, satellites: 0; time: 23:59.43 5/1/2080; timestamp: 3471742783.203)
[DEBUG, 1510787101.852095]: AdafruitGPSMessage(fix: False, quality: 0, satellites: 0; time: 23:59.43 5/1/2080; timestamp: 3471742783.375)
[DEBUG, 1510787102.0572662]: AdafruitGPSMessage(fix: False, quality: 0, satellites: 0; time: 23:59.43 5/1/2080; timestamp: 3471742783.609)
[DEBUG, 1510787102.2523901]: AdafruitGPSMessage(fix: False, quality: 0, satellites: 0; time: 23:59.43 5/1/2080; timestamp: 3471742783.796)
[DEBUG, 1510787102.4581273]: AdafruitGPSMessage(fix: False, quality: 0, satellites: 0; time: 23:59.44 5/1/2080; timestamp: 3471742784.0)
[DEBUG, 1510787102.6533234]: AdafruitGPSMessage(fix: False, quality: 0, satellites: 0; time: 23:59.44 5/1/2080; timestamp: 3471742784.171)
[DEBUG, 1510787102.8586705]: AdafruitGPSMessage(fix: False, quality: 0, satellites: 0; time: 23:59.44 5/1/2080; timestamp: 3471742784.406)
[DEBUG, 1510787103.053558]: AdafruitGPSMessage(fix: False, quality: 0, satellites: 0; time: 23:59.44 5/1/2080; timestamp: 3471742784.609)
[DEBUG, 1510787103.2589843]: AdafruitGPSMessage(fix: False, quality: 0, satellites: 0; time: 23:59.44 5/1/2080; timestamp: 3471742784.796)
[DEBUG, 1510787103.464703]: AdafruitGPSMessage(fix: False, quality: 0, satellites: 0; time: 23:59.44 5/1/2080; timestamp: 3471742784.984)
[DEBUG, 1510787103.6599522]: AdafruitGPSMessage(fix: False, quality: 0, satellites: 0; time: 23:59.45 5/1/2080; timestamp: 3471742785.203)
[DEBUG, 1510787103.8654277]: AdafruitGPSMessage(fix: False, quality: 0, satellites: 0; time: 23:59.45 5/1/2080; timestamp: 3471742785.375)
[DEBUG, 1510787104.0606802]: AdafruitGPSMessage(fix: False, quality: 0, satellites: 0; time: 23:59.45 5/1/2080; timestamp: 3471742785.609)
[DEBUG, 1510787104.2659974]: AdafruitGPSMessage(fix: False, quality: 0, satellites: 0; time: 23:59.45 5/1/2080; timestamp: 3471742785.781)
[DEBUG, 1510787104.460484]: AdafruitGPSMessage(fix: False, quality: 0, satellites: 0; time: 23:59.46 5/1/2080; timestamp: 3471742786.0)
[DEBUG, 1510787104.6662624]: AdafruitGPSMessage(fix: False, quality: 0, satellites: 0; time: 23:59.46 5/1/2080; timestamp: 3471742786.203)
[DEBUG, 1510787104.8718119]: AdafruitGPSMessage(fix: False, quality: 0, satellites: 0; time: 23:59.46 5/1/2080; timestamp: 3471742786.406)
[DEBUG, 1510787105.067115]: AdafruitGPSMessage(fix: False, quality: 0, satellites: 0; time: 23:59.46 5/1/2080; timestamp: 3471742786.578)
[DEBUG, 1510787105.2723978]: AdafruitGPSMessage(fix: False, quality: 0, satellites: 0; time: 23:59.46 5/1/2080; timestamp: 3471742786.796)
[DEBUG, 1510787105.467853]: AdafruitGPSMessage(fix: False, quality: 0, satellites: 0; time: 23:59.47 5/1/2080; timestamp: 3471742787.0)
[DEBUG, 1510787105.6731732]: AdafruitGPSMessage(fix: False, quality: 0, satellites: 0; time: 23:59.47 5/1/2080; timestamp: 3471742787.203)
[DEBUG, 1510787105.878323]: AdafruitGPSMessage(fix: False, quality: 0, satellites: 0; time: 23:59.47 5/1/2080; timestamp: 3471742787.375)
[DEBUG, 1510787106.0736153]: AdafruitGPSMessage(fix: False, quality: 0, satellites: 0; time: 23:59.47 5/1/2080; timestamp: 3471742787.609)
[DEBUG, 1510787106.27894]: AdafruitGPSMessage(fix: False, quality: 0, satellites: 0; time: 23:59.47 5/1/2080; timestamp: 3471742787.781)
[DEBUG, 1510787106.4751706]: AdafruitGPSMessage(fix: False, quality: 0, satellites: 0; time: 23:59.48 5/1/2080; timestamp: 3471742788.0)
[DEBUG, 1510787106.6813014]: AdafruitGPSMessage(fix: False, quality: 0, satellites: 0; time: 23:59.48 5/1/2080; timestamp: 3471742788.171)
[DEBUG, 1510787106.8762317]: AdafruitGPSMessage(fix: False, quality: 0, satellites: 0; time: 23:59.48 5/1/2080; timestamp: 3471742788.406)
[DEBUG, 1510787107.081533]: AdafruitGPSMessage(fix: False, quality: 0, satellites: 0; time: 23:59.48 5/1/2080; timestamp: 3471742788.578)
[DEBUG, 1510787107.2768574]: AdafruitGPSMessage(fix: False, quality: 0, satellites: 0; time: 23:59.48 5/1/2080; timestamp: 3471742788.796)
[DEBUG, 1510787107.4823215]: AdafruitGPSMessage(fix: False, quality: 0, satellites: 0; time: 23:59.48 5/1/2080; timestamp: 3471742788.984)
[DEBUG, 1510787107.687544]: AdafruitGPSMessage(fix: False, quality: 0, satellites: 0; time: 23:59.49 5/1/2080; timestamp: 3471742789.203)
[DEBUG, 1510787107.88293]: AdafruitGPSMessage(fix: False, quality: 0, satellites: 0; time: 23:59.49 5/1/2080; timestamp: 3471742789.406)
[DEBUG, 1510787108.0883422]: AdafruitGPSMessage(fix: False, quality: 0, satellites: 0; time: 23:59.49 5/1/2080; timestamp: 3471742789.609)
[DEBUG, 1510787108.2832518]: AdafruitGPSMessage(fix: False, quality: 0, satellites: 0; time: 23:59.49 5/1/2080; timestamp: 3471742789.781)
[DEBUG, 1510787108.4884598]: AdafruitGPSMessage(fix: False, quality: 0, satellites: 0; time: 23:59.50 5/1/2080; timestamp: 3471742790.0)
[DEBUG, 1510787108.6936562]: AdafruitGPSMessage(fix: False, quality: 0, satellites: 0; time: 23:59.50 5/1/2080; timestamp: 3471742790.171)
[DEBUG, 1510787108.8885438]: AdafruitGPSMessage(fix: False, quality: 0, satellites: 0; time: 23:59.50 5/1/2080; timestamp: 3471742790.406)
[DEBUG, 1510787109.0941832]: AdafruitGPSMessage(fix: False, quality: 0, satellites: 0; time: 23:59.50 5/1/2080; timestamp: 3471742790.578)
[DEBUG, 1510787109.2892237]: AdafruitGPSMessage(fix: False, quality: 0, satellites: 0; time: 23:59.50 5/1/2080; timestamp: 3471742790.796)
[DEBUG, 1510787109.4955597]: AdafruitGPSMessage(fix: False, quality: 0, satellites: 0; time: 23:59.51 5/1/2080; timestamp: 3471742791.0)
[DEBUG, 1510787109.6906369]: AdafruitGPSMessage(fix: False, quality: 0, satellites: 0; time: 23:59.51 5/1/2080; timestamp: 3471742791.203)
[DEBUG, 1510787109.8961709]: AdafruitGPSMessage(fix: False, quality: 0, satellites: 0; time: 23:59.51 5/1/2080; timestamp: 3471742791.375)
[DEBUG, 1510787110.1014228]: AdafruitGPSMessage(fix: False, quality: 0, satellites: 0; time: 23:59.51 5/1/2080; timestamp: 3471742791.609)
[DEBUG, 1510787110.2969785]: AdafruitGPSMessage(fix: False, quality: 0, satellites: 0; time: 23:59.51 5/1/2080; timestamp: 3471742791.796)
[DEBUG, 1510787110.5028954]: AdafruitGPSMessage(fix: False, quality: 0, satellites: 0; time: 23:59.52 5/1/2080; timestamp: 3471742792.0)
[DEBUG, 1510787110.6983724]: AdafruitGPSMessage(fix: False, quality: 0, satellites: 0; time: 23:59.52 5/1/2080; timestamp: 3471742792.171)
[DEBUG, 1510787110.9039736]: AdafruitGPSMessage(fix: False, quality: 0, satellites: 0; time: 23:59.52 5/1/2080; timestamp: 3471742792.406)
[DEBUG, 1510787111.098903]: AdafruitGPSMessage(fix: False, quality: 0, satellites: 0; time: 23:59.52 5/1/2080; timestamp: 3471742792.578)
[DEBUG, 1510787111.3041613]: AdafruitGPSMessage(fix: False, quality: 0, satellites: 0; time: 23:59.52 5/1/2080; timestamp: 3471742792.796)
[DEBUG, 1510787111.509628]: AdafruitGPSMessage(fix: False, quality: 0, satellites: 0; time: 23:59.52 5/1/2080; timestamp: 3471742792.984)
[DEBUG, 1510787111.7049854]: AdafruitGPSMessage(fix: False, quality: 0, satellites: 0; time: 23:59.53 5/1/2080; timestamp: 3471742793.203)
[DEBUG, 1510787111.9103644]: AdafruitGPSMessage(fix: False, quality: 0, satellites: 0; time: 23:59.53 5/1/2080; timestamp: 3471742793.406)
[DEBUG, 1510787112.1055417]: AdafruitGPSMessage(fix: False, quality: 0, satellites: 0; time: 23:59.53 5/1/2080; timestamp: 3471742793.609)
[DEBUG, 1510787112.3106878]: AdafruitGPSMessage(fix: False, quality: 0, satellites: 0; time: 23:59.53 5/1/2080; timestamp: 3471742793.781)
[DEBUG, 1510787112.5062854]: AdafruitGPSMessage(fix: False, quality: 0, satellites: 0; time: 23:59.54 5/1/2080; timestamp: 3471742794.0)
[DEBUG, 1510787112.7116559]: AdafruitGPSMessage(fix: False, quality: 0, satellites: 0; time: 23:59.54 5/1/2080; timestamp: 3471742794.171)
[DEBUG, 1510787112.91675]: AdafruitGPSMessage(fix: False, quality: 0, satellites: 0; time: 23:59.54 5/1/2080; timestamp: 3471742794.406)
[DEBUG, 1510787113.1117523]: AdafruitGPSMessage(fix: False, quality: 0, satellites: 0; time: 23:59.54 5/1/2080; timestamp: 3471742794.578)
[DEBUG, 1510787113.3178058]: AdafruitGPSMessage(fix: False, quality: 0, satellites: 0; time: 23:59.54 5/1/2080; timestamp: 3471742794.796)
[DEBUG, 1510787113.5129876]: AdafruitGPSMessage(fix: False, quality: 0, satellites: 0; time: 23:59.55 5/1/2080; timestamp: 3471742795.0)
[DEBUG, 1510787113.718548]: AdafruitGPSMessage(fix: False, quality: 0, satellites: 0; time: 23:59.55 5/1/2080; timestamp: 3471742795.203)
[DEBUG, 1510787113.9243772]: AdafruitGPSMessage(fix: False, quality: 0, satellites: 0; time: 23:59.55 5/1/2080; timestamp: 3471742795.375)
[DEBUG, 1510787114.1192954]: AdafruitGPSMessage(fix: False, quality: 0, satellites: 0; time: 23:59.55 5/1/2080; timestamp: 3471742795.609)
[DEBUG, 1510787114.3248017]: AdafruitGPSMessage(fix: False, quality: 0, satellites: 0; time: 23:59.55 5/1/2080; timestamp: 3471742795.796)
[DEBUG, 1510787114.520166]: AdafruitGPSMessage(fix: False, quality: 0, satellites: 0; time: 23:59.56 5/1/2080; timestamp: 3471742796.0)
[DEBUG, 1510787114.7256155]: AdafruitGPSMessage(fix: False, quality: 0, satellites: 0; time: 23:59.56 5/1/2080; timestamp: 3471742796.171)
[DEBUG, 1510787114.9203432]: AdafruitGPSMessage(fix: False, quality: 0, satellites: 0; time: 23:59.56 5/1/2080; timestamp: 3471742796.406)
[DEBUG, 1510787115.1259153]: AdafruitGPSMessage(fix: False, quality: 0, satellites: 0; time: 23:59.56 5/1/2080; timestamp: 3471742796.578)
[DEBUG, 1510787115.3318512]: AdafruitGPSMessage(fix: False, quality: 0, satellites: 0; time: 23:59.56 5/1/2080; timestamp: 3471742796.796)
[DEBUG, 1510787115.527665]: AdafruitGPSMessage(fix: False, quality: 0, satellites: 0; time: 23:59.56 5/1/2080; timestamp: 3471742796.984)
[DEBUG, 1510787115.7328732]: AdafruitGPSMessage(fix: False, quality: 0, satellites: 0; time: 23:59.57 5/1/2080; timestamp: 3471742797.203)
[DEBUG, 1510787115.9281156]: AdafruitGPSMessage(fix: False, quality: 0, satellites: 0; time: 23:59.57 5/1/2080; timestamp: 3471742797.406)
[DEBUG, 1510787116.1340635]: AdafruitGPSMessage(fix: False, quality: 0, satellites: 0; time: 23:59.57 5/1/2080; timestamp: 3471742797.609)
[DEBUG, 1510787116.3289852]: AdafruitGPSMessage(fix: False, quality: 0, satellites: 0; time: 23:59.57 5/1/2080; timestamp: 3471742797.781)
[DEBUG, 1510787116.5350013]: AdafruitGPSMessage(fix: False, quality: 0, satellites: 0; time: 23:59.58 5/1/2080; timestamp: 3471742798.0)
[DEBUG, 1510787116.730732]: AdafruitGPSMessage(fix: False, quality: 0, satellites: 0; time: 23:59.58 5/1/2080; timestamp: 3471742798.171)
[DEBUG, 1510787116.936071]: AdafruitGPSMessage(fix: False, quality: 0, satellites: 0; time: 23:59.58 5/1/2080; timestamp: 3471742798.406)
[DEBUG, 1510787117.1413858]: AdafruitGPSMessage(fix: False, quality: 0, satellites: 0; time: 23:59.58 5/1/2080; timestamp: 3471742798.578)
[DEBUG, 1510787117.336987]: AdafruitGPSMessage(fix: False, quality: 0, satellites: 0; time: 23:59.58 5/1/2080; timestamp: 3471742798.796)
[DEBUG, 1510787117.5425172]: AdafruitGPSMessage(fix: False, quality: 0, satellites: 0; time: 23:59.59 5/1/2080; timestamp: 3471742799.0)
[DEBUG, 1510787117.7379498]: AdafruitGPSMessage(fix: False, quality: 0, satellites: 0; time: 23:59.59 5/1/2080; timestamp: 3471742799.203)
[DEBUG, 1510787117.9435]: AdafruitGPSMessage(fix: False, quality: 0, satellites: 0; time: 23:59.59 5/1/2080; timestamp: 3471742799.375)
[DEBUG, 1510787118.1392524]: AdafruitGPSMessage(fix: False, quality: 0, satellites: 0; time: 23:59.59 5/1/2080; timestamp: 3471742799.609)
[DEBUG, 1510787118.3450217]: AdafruitGPSMessage(fix: False, quality: 0, satellites: 0; time: 23:59.59 5/1/2080; timestamp: 3471742799.796)
[DEBUG, 1510787118.5403593]: AdafruitGPSMessage(fix: False, quality: 0, satellites: 0; time: 0:0.0 6/1/2080; timestamp: 3471742800.0)
[DEBUG, 1510787118.7455354]: AdafruitGPSMessage(fix: False, quality: 0, satellites: 0; time: 0:0.0 6/1/2080; timestamp: 3471742800.199)
[DEBUG, 1510787118.9404476]: AdafruitGPSMessage(fix: False, quality: 0, satellites: 0; time: 0:0.0 6/1/2080; timestamp: 3471742800.399)
[DEBUG, 1510787119.1459029]: AdafruitGPSMessage(fix: False, quality: 0, satellites: 0; time: 0:0.0 6/1/2080; timestamp: 3471742800.6)
[DEBUG, 1510787119.3408496]: AdafruitGPSMessage(fix: False, quality: 0, satellites: 0; time: 0:0.0 6/1/2080; timestamp: 3471742800.8)
[DEBUG, 1510787119.5461347]: AdafruitGPSMessage(fix: False, quality: 0, satellites: 0; time: 0:0.1 6/1/2080; timestamp: 3471742801.0)
[DEBUG, 1510787119.7516491]: AdafruitGPSMessage(fix: False, quality: 0, satellites: 0; time: 0:0.1 6/1/2080; timestamp: 3471742801.199)
[DEBUG, 1510787119.9465196]: AdafruitGPSMessage(fix: False, quality: 0, satellites: 0; time: 0:0.1 6/1/2080; timestamp: 3471742801.399)
[DEBUG, 1510787120.1514575]: AdafruitGPSMessage(fix: False, quality: 0, satellites: 0; time: 0:0.1 6/1/2080; timestamp: 3471742801.6)
[DEBUG, 1510787120.3565001]: AdafruitGPSMessage(fix: False, quality: 0, satellites: 0; time: 0:0.1 6/1/2080; timestamp: 3471742801.8)
[DEBUG, 1510787120.55153]: AdafruitGPSMessage(fix: False, quality: 0, satellites: 0; time: 0:0.2 6/1/2080; timestamp: 3471742802.0)
[DEBUG, 1510787120.7568676]: AdafruitGPSMessage(fix: False, quality: 0, satellites: 0; time: 0:0.2 6/1/2080; timestamp: 3471742802.199)
[DEBUG, 1510787120.9516907]: AdafruitGPSMessage(fix: False, quality: 0, satellites: 0; time: 0:0.2 6/1/2080; timestamp: 3471742802.398)
[DEBUG, 1510787121.15653]: AdafruitGPSMessage(fix: False, quality: 0, satellites: 0; time: 0:0.2 6/1/2080; timestamp: 3471742802.6)
[DEBUG, 1510787121.3514965]: AdafruitGPSMessage(fix: False, quality: 0, satellites: 0; time: 0:0.2 6/1/2080; timestamp: 3471742802.799)
[DEBUG, 1510787121.5577545]: AdafruitGPSMessage(fix: False, quality: 0, satellites: 0; time: 0:0.3 6/1/2080; timestamp: 3471742803.0)
[DEBUG, 1510787121.763263]: AdafruitGPSMessage(fix: False, quality: 0, satellites: 0; time: 0:0.3 6/1/2080; timestamp: 3471742803.199)
[DEBUG, 1510787121.958275]: AdafruitGPSMessage(fix: False, quality: 0, satellites: 0; time: 0:0.3 6/1/2080; timestamp: 3471742803.398)
[DEBUG, 1510787122.1635888]: AdafruitGPSMessage(fix: False, quality: 0, satellites: 0; time: 0:0.3 6/1/2080; timestamp: 3471742803.6)
[DEBUG, 1510787122.3586292]: AdafruitGPSMessage(fix: False, quality: 0, satellites: 0; time: 0:0.3 6/1/2080; timestamp: 3471742803.799)
[DEBUG, 1510787122.5638824]: AdafruitGPSMessage(fix: False, quality: 0, satellites: 0; time: 0:0.4 6/1/2080; timestamp: 3471742804.0)
[DEBUG, 1510787122.7587852]: AdafruitGPSMessage(fix: False, quality: 0, satellites: 0; time: 0:0.4 6/1/2080; timestamp: 3471742804.198)
[DEBUG, 1510787122.963801]: AdafruitGPSMessage(fix: False, quality: 0, satellites: 0; time: 0:0.4 6/1/2080; timestamp: 3471742804.398)
[DEBUG, 1510787123.1694794]: AdafruitGPSMessage(fix: False, quality: 0, satellites: 0; time: 0:0.4 6/1/2080; timestamp: 3471742804.599)
[DEBUG, 1510787123.3748124]: AdafruitGPSMessage(fix: False, quality: 0, satellites: 0; time: 0:0.5 6/1/2080; timestamp: 3471742805.0)
[DEBUG, 1510787123.5802941]: AdafruitGPSMessage(fix: False, quality: 0, satellites: 0; time: 0:0.5 6/1/2080; timestamp: 3471742805.198)
[DEBUG, 1510787123.7753546]: AdafruitGPSMessage(fix: False, quality: 0, satellites: 0; time: 0:0.5 6/1/2080; timestamp: 3471742805.398)
[DEBUG, 1510787123.9806767]: AdafruitGPSMessage(fix: False, quality: 0, satellites: 0; time: 0:0.5 6/1/2080; timestamp: 3471742805.599)
[DEBUG, 1510787124.1750853]: AdafruitGPSMessage(fix: False, quality: 0, satellites: 0; time: 0:0.5 6/1/2080; timestamp: 3471742805.8)
[log buffer end]
[AdafruitGPS @ node.py:81][DEBUG] 2017-11-15 18:05:24,180: logging message buffer (len=16404)
[AdafruitGPS @ arduino.py:188][INFO] 2017-11-15 18:05:24,380: found 15 packets in 3s (avg=5.0 packets/sec). 120 received in total (avg=4.9 packets/sec)
[AdafruitGPS @ arduino.py:188][INFO] 2017-11-15 18:05:27,391: found 15 packets in 3s (avg=5.0 packets/sec). 135 received in total (avg=5.0 packets/sec)
[AdafruitGPS @ node.py:79][DEBUG] 2017-11-15 18:05:30,235: [log buffer start]
[DEBUG, 1510787124.3807003]: AdafruitGPSMessage(fix: False, quality: 0, satellites: 0; time: 0:0.6 6/1/2080; timestamp: 3471742806.0)
[DEBUG, 1510787124.5762517]: AdafruitGPSMessage(fix: False, quality: 0, satellites: 0; time: 0:0.6 6/1/2080; timestamp: 3471742806.198)
[DEBUG, 1510787124.781545]: AdafruitGPSMessage(fix: False, quality: 0, satellites: 0; time: 0:0.6 6/1/2080; timestamp: 3471742806.398)
[DEBUG, 1510787124.9871976]: AdafruitGPSMessage(fix: False, quality: 0, satellites: 0; time: 0:0.6 6/1/2080; timestamp: 3471742806.599)
[DEBUG, 1510787125.1825228]: AdafruitGPSMessage(fix: False, quality: 0, satellites: 0; time: 0:0.6 6/1/2080; timestamp: 3471742806.8)
[DEBUG, 1510787125.388053]: AdafruitGPSMessage(fix: False, quality: 0, satellites: 0; time: 0:0.7 6/1/2080; timestamp: 3471742807.0)
[DEBUG, 1510787125.5832827]: AdafruitGPSMessage(fix: False, quality: 0, satellites: 0; time: 0:0.7 6/1/2080; timestamp: 3471742807.198)
[DEBUG, 1510787125.7885838]: AdafruitGPSMessage(fix: False, quality: 0, satellites: 0; time: 0:0.7 6/1/2080; timestamp: 3471742807.398)
[DEBUG, 1510787125.9838517]: AdafruitGPSMessage(fix: False, quality: 0, satellites: 0; time: 0:0.7 6/1/2080; timestamp: 3471742807.599)
[DEBUG, 1510787126.1889124]: AdafruitGPSMessage(fix: False, quality: 0, satellites: 0; time: 0:0.7 6/1/2080; timestamp: 3471742807.8)
[DEBUG, 1510787126.3845556]: AdafruitGPSMessage(fix: False, quality: 0, satellites: 0; time: 0:0.8 6/1/2080; timestamp: 3471742808.0)
[DEBUG, 1510787126.5899158]: AdafruitGPSMessage(fix: False, quality: 0, satellites: 0; time: 0:0.8 6/1/2080; timestamp: 3471742808.199)
[DEBUG, 1510787126.7951071]: AdafruitGPSMessage(fix: False, quality: 0, satellites: 0; time: 0:0.8 6/1/2080; timestamp: 3471742808.399)
[DEBUG, 1510787126.990173]: AdafruitGPSMessage(fix: False, quality: 0, satellites: 0; time: 0:0.8 6/1/2080; timestamp: 3471742808.6)
[DEBUG, 1510787127.1955316]: AdafruitGPSMessage(fix: False, quality: 0, satellites: 0; time: 0:0.8 6/1/2080; timestamp: 3471742808.8)
[DEBUG, 1510787127.3911176]: AdafruitGPSMessage(fix: False, quality: 0, satellites: 0; time: 0:0.9 6/1/2080; timestamp: 3471742809.0)
[DEBUG, 1510787127.5972342]: AdafruitGPSMessage(fix: False, quality: 0, satellites: 0; time: 0:0.9 6/1/2080; timestamp: 3471742809.199)
[DEBUG, 1510787127.7923956]: AdafruitGPSMessage(fix: False, quality: 0, satellites: 0; time: 0:0.9 6/1/2080; timestamp: 3471742809.399)
[DEBUG, 1510787127.997892]: AdafruitGPSMessage(fix: False, quality: 0, satellites: 0; time: 0:0.9 6/1/2080; timestamp: 3471742809.6)
[DEBUG, 1510787128.2032588]: AdafruitGPSMessage(fix: False, quality: 0, satellites: 0; time: 0:0.9 6/1/2080; timestamp: 3471742809.8)
[DEBUG, 1510787128.39851]: AdafruitGPSMessage(fix: False, quality: 0, satellites: 0; time: 0:0.10 6/1/2080; timestamp: 3471742810.0)
[DEBUG, 1510787128.6035461]: AdafruitGPSMessage(fix: False, quality: 0, satellites: 0; time: 0:0.10 6/1/2080; timestamp: 3471742810.199)
[DEBUG, 1510787128.8091738]: AdafruitGPSMessage(fix: False, quality: 0, satellites: 0; time: 0:0.10 6/1/2080; timestamp: 3471742810.399)
[DEBUG, 1510787129.0042932]: AdafruitGPSMessage(fix: False, quality: 0, satellites: 0; time: 0:0.10 6/1/2080; timestamp: 3471742810.6)
[DEBUG, 1510787129.2095776]: AdafruitGPSMessage(fix: False, quality: 0, satellites: 0; time: 0:0.10 6/1/2080; timestamp: 3471742810.8)
[DEBUG, 1510787129.4050941]: AdafruitGPSMessage(fix: False, quality: 0, satellites: 0; time: 0:0.11 6/1/2080; timestamp: 3471742811.0)
[DEBUG, 1510787129.6106079]: AdafruitGPSMessage(fix: False, quality: 0, satellites: 0; time: 0:0.11 6/1/2080; timestamp: 3471742811.199)
[DEBUG, 1510787129.8058252]: AdafruitGPSMessage(fix: False, quality: 0, satellites: 0; time: 0:0.11 6/1/2080; timestamp: 3471742811.399)
[DEBUG, 1510787130.0110617]: AdafruitGPSMessage(fix: False, quality: 0, satellites: 0; time: 0:0.11 6/1/2080; timestamp: 3471742811.6)
[DEBUG, 1510787130.2169366]: AdafruitGPSMessage(fix: False, quality: 0, satellites: 0; time: 0:0.11 6/1/2080; timestamp: 3471742811.8)
[log buffer end]
[AdafruitGPS @ node.py:81][DEBUG] 2017-11-15 18:05:30,235: logging message buffer (len=4087)
[AdafruitGPS @ node.py:102][INFO] 2017-11-15 18:05:30,236: Node took 32.65792655944824s to run
[AdafruitGPS @ generic.py:69][INFO] 2017-11-15 18:05:30,238: Tearing down device
[AdafruitGPS @ arduino.py:214][INFO] 2017-11-15 18:05:30,248: Closing down device port
[AdafruitGPS @ arduino.py:217][INFO] 2017-11-15 18:05:30,248: Device process stopped
