[AdafruitGPS @ factory.py:85][DEBUG] 2017-11-15 18:04:02,095: Logging to: logs/2017_Nov_15/AdafruitGPS/18_04_02.log
[AdafruitGPS @ arduino.py:88][INFO] 2017-11-15 18:04:07,340: configuring done. Finding whoiam=Adafruit-GPS
[AdafruitGPS @ arduino.py:55][INFO] 2017-11-15 18:04:07,341: Adafruit-GPS's setup complete
[AdafruitGPS @ arduino.py:149][INFO] 2017-11-15 18:04:08,689: Device named 'Adafruit-GPS' at '/dev/ttyUSB0' is now at baud rate '9600'
[AdafruitGPS @ arduino.py:159][INFO] 2017-11-15 18:04:08,691: Device has started!
[AdafruitGPS @ arduino.py:160][INFO] 2017-11-15 18:04:08,692: init packet: 5
[AdafruitGPS @ adafruit_gps.py:188][WARNING] 2017-11-15 18:04:09,009: Invalid message 'AdafruitGPSMessage(fix: False, quality: 0, satellites: 0; time: 0:0.0 0/0/200; timestamp: 1510787049.0082297)'
month must be in 1..12
[AdafruitGPS @ adafruit_gps.py:188][WARNING] 2017-11-15 18:04:09,204: Invalid message 'AdafruitGPSMessage(fix: False, quality: 0, satellites: 0; time: 0:0.0 0/0/200; timestamp: 1510787049.2037866)'
month must be in 1..12
[AdafruitGPS @ adafruit_gps.py:188][WARNING] 2017-11-15 18:04:09,410: Invalid message 'AdafruitGPSMessage(fix: False, quality: 0, satellites: 0; time: 0:0.0 0/0/200; timestamp: 1510787049.4092014)'
month must be in 1..12
[AdafruitGPS @ adafruit_gps.py:188][WARNING] 2017-11-15 18:04:09,605: Invalid message 'AdafruitGPSMessage(fix: False, quality: 0, satellites: 0; time: 0:0.0 0/0/200; timestamp: 1510787049.6046135)'
month must be in 1..12
[AdafruitGPS @ arduino.py:188][INFO] 2017-11-15 18:04:11,824: found 15 packets in 3s (avg=5.0 packets/sec). 15 received in total (avg=4.8 packets/sec)
[AdafruitGPS @ arduino.py:188][INFO] 2017-11-15 18:04:14,843: found 15 packets in 3s (avg=5.0 packets/sec). 30 received in total (avg=4.9 packets/sec)
[AdafruitGPS @ arduino.py:188][INFO] 2017-11-15 18:04:17,850: found 15 packets in 3s (avg=5.0 packets/sec). 45 received in total (avg=4.9 packets/sec)
[AdafruitGPS @ arduino.py:188][INFO] 2017-11-15 18:04:20,875: found 15 packets in 3s (avg=5.0 packets/sec). 60 received in total (avg=4.9 packets/sec)
[AdafruitGPS @ arduino.py:188][INFO] 2017-11-15 18:04:23,888: found 15 packets in 3s (avg=5.0 packets/sec). 75 received in total (avg=4.9 packets/sec)
[AdafruitGPS @ arduino.py:188][INFO] 2017-11-15 18:04:26,901: found 15 packets in 3s (avg=5.0 packets/sec). 90 received in total (avg=4.9 packets/sec)
[AdafruitGPS @ arduino.py:188][INFO] 2017-11-15 18:04:29,917: found 15 packets in 3s (avg=5.0 packets/sec). 105 received in total (avg=4.9 packets/sec)
[AdafruitGPS @ node.py:79][DEBUG] 2017-11-15 18:04:32,751: [log buffer start]
[DEBUG, 1510787049.0082297]: AdafruitGPSMessage(fix: False, quality: 0, satellites: 0; time: 0:0.0 0/0/200; timestamp: 1510787049.0082297)
[DEBUG, 1510787049.2037866]: AdafruitGPSMessage(fix: False, quality: 0, satellites: 0; time: 0:0.0 0/0/200; timestamp: 1510787049.2037866)
[DEBUG, 1510787049.4092014]: AdafruitGPSMessage(fix: False, quality: 0, satellites: 0; time: 0:0.0 0/0/200; timestamp: 1510787049.4092014)
[DEBUG, 1510787049.6046135]: AdafruitGPSMessage(fix: False, quality: 0, satellites: 0; time: 0:0.0 0/0/200; timestamp: 1510787049.6046135)
[DEBUG, 1510787049.820388]: AdafruitGPSMessage(fix: False, quality: 0, satellites: 0; time: 23:59.42 5/1/2080; timestamp: 3471742782.796)
[DEBUG, 1510787050.0159986]: AdafruitGPSMessage(fix: False, quality: 0, satellites: 0; time: 23:59.43 5/1/2080; timestamp: 3471742783.0)
[DEBUG, 1510787050.2215152]: AdafruitGPSMessage(fix: False, quality: 0, satellites: 0; time: 23:59.43 5/1/2080; timestamp: 3471742783.203)
[DEBUG, 1510787050.4166384]: AdafruitGPSMessage(fix: False, quality: 0, satellites: 0; time: 23:59.43 5/1/2080; timestamp: 3471742783.375)
[DEBUG, 1510787050.622301]: AdafruitGPSMessage(fix: False, quality: 0, satellites: 0; time: 23:59.43 5/1/2080; timestamp: 3471742783.609)
[DEBUG, 1510787050.8176503]: AdafruitGPSMessage(fix: False, quality: 0, satellites: 0; time: 23:59.43 5/1/2080; timestamp: 3471742783.796)
[DEBUG, 1510787051.0231216]: AdafruitGPSMessage(fix: False, quality: 0, satellites: 0; time: 23:59.44 5/1/2080; timestamp: 3471742784.0)
[DEBUG, 1510787051.218369]: AdafruitGPSMessage(fix: False, quality: 0, satellites: 0; time: 23:59.44 5/1/2080; timestamp: 3471742784.171)
[DEBUG, 1510787051.4237137]: AdafruitGPSMessage(fix: False, quality: 0, satellites: 0; time: 23:59.44 5/1/2080; timestamp: 3471742784.406)
[DEBUG, 1510787051.6188161]: AdafruitGPSMessage(fix: False, quality: 0, satellites: 0; time: 23:59.44 5/1/2080; timestamp: 3471742784.609)
[DEBUG, 1510787051.8243089]: AdafruitGPSMessage(fix: False, quality: 0, satellites: 0; time: 23:59.44 5/1/2080; timestamp: 3471742784.796)
[DEBUG, 1510787052.029987]: AdafruitGPSMessage(fix: False, quality: 0, satellites: 0; time: 23:59.44 5/1/2080; timestamp: 3471742784.984)
[DEBUG, 1510787052.2256513]: AdafruitGPSMessage(fix: False, quality: 0, satellites: 0; time: 23:59.45 5/1/2080; timestamp: 3471742785.203)
[DEBUG, 1510787052.4312115]: AdafruitGPSMessage(fix: False, quality: 0, satellites: 0; time: 23:59.45 5/1/2080; timestamp: 3471742785.375)
[DEBUG, 1510787052.6263912]: AdafruitGPSMessage(fix: False, quality: 0, satellites: 0; time: 23:59.45 5/1/2080; timestamp: 3471742785.609)
[DEBUG, 1510787052.8313568]: AdafruitGPSMessage(fix: False, quality: 0, satellites: 0; time: 23:59.45 5/1/2080; timestamp: 3471742785.781)
[DEBUG, 1510787053.026277]: AdafruitGPSMessage(fix: False, quality: 0, satellites: 0; time: 23:59.46 5/1/2080; timestamp: 3471742786.0)
[DEBUG, 1510787053.231732]: AdafruitGPSMessage(fix: False, quality: 0, satellites: 0; time: 23:59.46 5/1/2080; timestamp: 3471742786.203)
[DEBUG, 1510787053.427356]: AdafruitGPSMessage(fix: False, quality: 0, satellites: 0; time: 23:59.46 5/1/2080; timestamp: 3471742786.406)
[DEBUG, 1510787053.6323397]: AdafruitGPSMessage(fix: False, quality: 0, satellites: 0; time: 23:59.46 5/1/2080; timestamp: 3471742786.578)
[DEBUG, 1510787053.837788]: AdafruitGPSMessage(fix: False, quality: 0, satellites: 0; time: 23:59.46 5/1/2080; timestamp: 3471742786.796)
[DEBUG, 1510787054.0331137]: AdafruitGPSMessage(fix: False, quality: 0, satellites: 0; time: 23:59.47 5/1/2080; timestamp: 3471742787.0)
[DEBUG, 1510787054.238322]: AdafruitGPSMessage(fix: False, quality: 0, satellites: 0; time: 23:59.47 5/1/2080; timestamp: 3471742787.203)
[DEBUG, 1510787054.432882]: AdafruitGPSMessage(fix: False, quality: 0, satellites: 0; time: 23:59.47 5/1/2080; timestamp: 3471742787.375)
[DEBUG, 1510787054.6384697]: AdafruitGPSMessage(fix: False, quality: 0, satellites: 0; time: 23:59.47 5/1/2080; timestamp: 3471742787.609)
[DEBUG, 1510787054.8437731]: AdafruitGPSMessage(fix: False, quality: 0, satellites: 0; time: 23:59.47 5/1/2080; timestamp: 3471742787.781)
[DEBUG, 1510787055.0400133]: AdafruitGPSMessage(fix: False, quality: 0, satellites: 0; time: 23:59.48 5/1/2080; timestamp: 3471742788.0)
[DEBUG, 1510787055.2455006]: AdafruitGPSMessage(fix: False, quality: 0, satellites: 0; time: 23:59.48 5/1/2080; timestamp: 3471742788.171)
[DEBUG, 1510787055.440721]: AdafruitGPSMessage(fix: False, quality: 0, satellites: 0; time: 23:59.48 5/1/2080; timestamp: 3471742788.406)
[DEBUG, 1510787055.6458042]: AdafruitGPSMessage(fix: False, quality: 0, satellites: 0; time: 23:59.48 5/1/2080; timestamp: 3471742788.578)
[DEBUG, 1510787055.8408167]: AdafruitGPSMessage(fix: False, quality: 0, satellites: 0; time: 23:59.48 5/1/2080; timestamp: 3471742788.796)
[DEBUG, 1510787056.0455594]: AdafruitGPSMessage(fix: False, quality: 0, satellites: 0; time: 23:59.48 5/1/2080; timestamp: 3471742788.984)
[DEBUG, 1510787056.2507572]: AdafruitGPSMessage(fix: False, quality: 0, satellites: 0; time: 23:59.49 5/1/2080; timestamp: 3471742789.203)
[DEBUG, 1510787056.4455638]: AdafruitGPSMessage(fix: False, quality: 0, satellites: 0; time: 23:59.49 5/1/2080; timestamp: 3471742789.406)
[DEBUG, 1510787056.6510367]: AdafruitGPSMessage(fix: False, quality: 0, satellites: 0; time: 23:59.49 5/1/2080; timestamp: 3471742789.609)
[DEBUG, 1510787056.8455217]: AdafruitGPSMessage(fix: False, quality: 0, satellites: 0; time: 23:59.49 5/1/2080; timestamp: 3471742789.781)
[DEBUG, 1510787057.0506485]: AdafruitGPSMessage(fix: False, quality: 0, satellites: 0; time: 23:59.50 5/1/2080; timestamp: 3471742790.0)
[DEBUG, 1510787057.2558014]: AdafruitGPSMessage(fix: False, quality: 0, satellites: 0; time: 23:59.50 5/1/2080; timestamp: 3471742790.171)
[DEBUG, 1510787057.4506395]: AdafruitGPSMessage(fix: False, quality: 0, satellites: 0; time: 23:59.50 5/1/2080; timestamp: 3471742790.406)
[DEBUG, 1510787057.6557062]: AdafruitGPSMessage(fix: False, quality: 0, satellites: 0; time: 23:59.50 5/1/2080; timestamp: 3471742790.578)
[DEBUG, 1510787057.8506808]: AdafruitGPSMessage(fix: False, quality: 0, satellites: 0; time: 23:59.50 5/1/2080; timestamp: 3471742790.796)
[DEBUG, 1510787058.0561013]: AdafruitGPSMessage(fix: False, quality: 0, satellites: 0; time: 23:59.51 5/1/2080; timestamp: 3471742791.0)
[DEBUG, 1510787058.2612538]: AdafruitGPSMessage(fix: False, quality: 0, satellites: 0; time: 23:59.51 5/1/2080; timestamp: 3471742791.203)
[DEBUG, 1510787058.4560177]: AdafruitGPSMessage(fix: False, quality: 0, satellites: 0; time: 23:59.51 5/1/2080; timestamp: 3471742791.375)
[DEBUG, 1510787058.6613176]: AdafruitGPSMessage(fix: False, quality: 0, satellites: 0; time: 23:59.51 5/1/2080; timestamp: 3471742791.609)
[DEBUG, 1510787058.8557703]: AdafruitGPSMessage(fix: False, quality: 0, satellites: 0; time: 23:59.51 5/1/2080; timestamp: 3471742791.796)
[DEBUG, 1510787059.0609868]: AdafruitGPSMessage(fix: False, quality: 0, satellites: 0; time: 23:59.52 5/1/2080; timestamp: 3471742792.0)
[DEBUG, 1510787059.265841]: AdafruitGPSMessage(fix: False, quality: 0, satellites: 0; time: 23:59.52 5/1/2080; timestamp: 3471742792.171)
[DEBUG, 1510787059.4606304]: AdafruitGPSMessage(fix: False, quality: 0, satellites: 0; time: 23:59.52 5/1/2080; timestamp: 3471742792.406)
[DEBUG, 1510787059.6655452]: AdafruitGPSMessage(fix: False, quality: 0, satellites: 0; time: 23:59.52 5/1/2080; timestamp: 3471742792.578)
[DEBUG, 1510787059.870157]: AdafruitGPSMessage(fix: False, quality: 0, satellites: 0; time: 23:59.52 5/1/2080; timestamp: 3471742792.796)
[DEBUG, 1510787060.0652063]: AdafruitGPSMessage(fix: False, quality: 0, satellites: 0; time: 23:59.52 5/1/2080; timestamp: 3471742792.984)
[DEBUG, 1510787060.2701535]: AdafruitGPSMessage(fix: False, quality: 0, satellites: 0; time: 23:59.53 5/1/2080; timestamp: 3471742793.203)
[DEBUG, 1510787060.465035]: AdafruitGPSMessage(fix: False, quality: 0, satellites: 0; time: 23:59.53 5/1/2080; timestamp: 3471742793.406)
[DEBUG, 1510787060.6701367]: AdafruitGPSMessage(fix: False, quality: 0, satellites: 0; time: 23:59.53 5/1/2080; timestamp: 3471742793.609)
[DEBUG, 1510787060.8754122]: AdafruitGPSMessage(fix: False, quality: 0, satellites: 0; time: 23:59.53 5/1/2080; timestamp: 3471742793.781)
[DEBUG, 1510787061.0706515]: AdafruitGPSMessage(fix: False, quality: 0, satellites: 0; time: 23:59.54 5/1/2080; timestamp: 3471742794.0)
[DEBUG, 1510787061.2753115]: AdafruitGPSMessage(fix: False, quality: 0, satellites: 0; time: 23:59.54 5/1/2080; timestamp: 3471742794.171)
[DEBUG, 1510787061.4806218]: AdafruitGPSMessage(fix: False, quality: 0, satellites: 0; time: 23:59.54 5/1/2080; timestamp: 3471742794.406)
[DEBUG, 1510787061.6758592]: AdafruitGPSMessage(fix: False, quality: 0, satellites: 0; time: 23:59.54 5/1/2080; timestamp: 3471742794.578)
[DEBUG, 1510787061.8808084]: AdafruitGPSMessage(fix: False, quality: 0, satellites: 0; time: 23:59.54 5/1/2080; timestamp: 3471742794.796)
[DEBUG, 1510787062.0753999]: AdafruitGPSMessage(fix: False, quality: 0, satellites: 0; time: 23:59.55 5/1/2080; timestamp: 3471742795.0)
[DEBUG, 1510787062.2797883]: AdafruitGPSMessage(fix: False, quality: 0, satellites: 0; time: 23:59.55 5/1/2080; timestamp: 3471742795.203)
[DEBUG, 1510787062.4843915]: AdafruitGPSMessage(fix: False, quality: 0, satellites: 0; time: 23:59.55 5/1/2080; timestamp: 3471742795.375)
[DEBUG, 1510787062.6796145]: AdafruitGPSMessage(fix: False, quality: 0, satellites: 0; time: 23:59.55 5/1/2080; timestamp: 3471742795.609)
[DEBUG, 1510787062.8843944]: AdafruitGPSMessage(fix: False, quality: 0, satellites: 0; time: 23:59.55 5/1/2080; timestamp: 3471742795.796)
[DEBUG, 1510787063.0787754]: AdafruitGPSMessage(fix: False, quality: 0, satellites: 0; time: 23:59.56 5/1/2080; timestamp: 3471742796.0)
[DEBUG, 1510787063.283891]: AdafruitGPSMessage(fix: False, quality: 0, satellites: 0; time: 23:59.56 5/1/2080; timestamp: 3471742796.171)
[DEBUG, 1510787063.4889014]: AdafruitGPSMessage(fix: False, quality: 0, satellites: 0; time: 23:59.56 5/1/2080; timestamp: 3471742796.406)
[DEBUG, 1510787063.6834974]: AdafruitGPSMessage(fix: False, quality: 0, satellites: 0; time: 23:59.56 5/1/2080; timestamp: 3471742796.578)
[DEBUG, 1510787063.8887463]: AdafruitGPSMessage(fix: False, quality: 0, satellites: 0; time: 23:59.56 5/1/2080; timestamp: 3471742796.796)
[DEBUG, 1510787064.0942924]: AdafruitGPSMessage(fix: False, quality: 0, satellites: 0; time: 23:59.56 5/1/2080; timestamp: 3471742796.984)
[DEBUG, 1510787064.288932]: AdafruitGPSMessage(fix: False, quality: 0, satellites: 0; time: 23:59.57 5/1/2080; timestamp: 3471742797.203)
[DEBUG, 1510787064.4939237]: AdafruitGPSMessage(fix: False, quality: 0, satellites: 0; time: 23:59.57 5/1/2080; timestamp: 3471742797.406)
[DEBUG, 1510787064.6983607]: AdafruitGPSMessage(fix: False, quality: 0, satellites: 0; time: 23:59.57 5/1/2080; timestamp: 3471742797.609)
[DEBUG, 1510787064.892781]: AdafruitGPSMessage(fix: False, quality: 0, satellites: 0; time: 23:59.57 5/1/2080; timestamp: 3471742797.781)
[DEBUG, 1510787065.0972378]: AdafruitGPSMessage(fix: False, quality: 0, satellites: 0; time: 23:59.58 5/1/2080; timestamp: 3471742798.0)
[DEBUG, 1510787065.3016474]: AdafruitGPSMessage(fix: False, quality: 0, satellites: 0; time: 23:59.58 5/1/2080; timestamp: 3471742798.171)
[DEBUG, 1510787065.4961555]: AdafruitGPSMessage(fix: False, quality: 0, satellites: 0; time: 23:59.58 5/1/2080; timestamp: 3471742798.406)
[DEBUG, 1510787065.7009187]: AdafruitGPSMessage(fix: False, quality: 0, satellites: 0; time: 23:59.58 5/1/2080; timestamp: 3471742798.578)
[DEBUG, 1510787065.8958724]: AdafruitGPSMessage(fix: False, quality: 0, satellites: 0; time: 23:59.58 5/1/2080; timestamp: 3471742798.796)
[DEBUG, 1510787066.101217]: AdafruitGPSMessage(fix: False, quality: 0, satellites: 0; time: 23:59.59 5/1/2080; timestamp: 3471742799.0)
[DEBUG, 1510787066.3063667]: AdafruitGPSMessage(fix: False, quality: 0, satellites: 0; time: 23:59.59 5/1/2080; timestamp: 3471742799.203)
[DEBUG, 1510787066.5013332]: AdafruitGPSMessage(fix: False, quality: 0, satellites: 0; time: 23:59.59 5/1/2080; timestamp: 3471742799.375)
[DEBUG, 1510787066.7064588]: AdafruitGPSMessage(fix: False, quality: 0, satellites: 0; time: 23:59.59 5/1/2080; timestamp: 3471742799.609)
[DEBUG, 1510787066.901641]: AdafruitGPSMessage(fix: False, quality: 0, satellites: 0; time: 23:59.59 5/1/2080; timestamp: 3471742799.796)
[DEBUG, 1510787067.0969071]: AdafruitGPSMessage(fix: False, quality: 0, satellites: 0; time: 0:0.0 6/1/2080; timestamp: 3471742800.0)
[DEBUG, 1510787067.3019717]: AdafruitGPSMessage(fix: False, quality: 0, satellites: 0; time: 0:0.0 6/1/2080; timestamp: 3471742800.199)
[DEBUG, 1510787067.5071497]: AdafruitGPSMessage(fix: False, quality: 0, satellites: 0; time: 0:0.0 6/1/2080; timestamp: 3471742800.399)
[DEBUG, 1510787067.7021377]: AdafruitGPSMessage(fix: False, quality: 0, satellites: 0; time: 0:0.0 6/1/2080; timestamp: 3471742800.6)
[DEBUG, 1510787067.9073055]: AdafruitGPSMessage(fix: False, quality: 0, satellites: 0; time: 0:0.0 6/1/2080; timestamp: 3471742800.8)
[DEBUG, 1510787068.102244]: AdafruitGPSMessage(fix: False, quality: 0, satellites: 0; time: 0:0.1 6/1/2080; timestamp: 3471742801.0)
[DEBUG, 1510787068.3075476]: AdafruitGPSMessage(fix: False, quality: 0, satellites: 0; time: 0:0.1 6/1/2080; timestamp: 3471742801.199)
[DEBUG, 1510787068.5124536]: AdafruitGPSMessage(fix: False, quality: 0, satellites: 0; time: 0:0.1 6/1/2080; timestamp: 3471742801.399)
[DEBUG, 1510787068.7069178]: AdafruitGPSMessage(fix: False, quality: 0, satellites: 0; time: 0:0.1 6/1/2080; timestamp: 3471742801.6)
[DEBUG, 1510787068.9123313]: AdafruitGPSMessage(fix: False, quality: 0, satellites: 0; time: 0:0.1 6/1/2080; timestamp: 3471742801.8)
[DEBUG, 1510787069.1073506]: AdafruitGPSMessage(fix: False, quality: 0, satellites: 0; time: 0:0.2 6/1/2080; timestamp: 3471742802.0)
[DEBUG, 1510787069.312216]: AdafruitGPSMessage(fix: False, quality: 0, satellites: 0; time: 0:0.2 6/1/2080; timestamp: 3471742802.199)
[DEBUG, 1510787069.517199]: AdafruitGPSMessage(fix: False, quality: 0, satellites: 0; time: 0:0.2 6/1/2080; timestamp: 3471742802.398)
[DEBUG, 1510787069.7220612]: AdafruitGPSMessage(fix: False, quality: 0, satellites: 0; time: 0:0.2 6/1/2080; timestamp: 3471742802.6)
[DEBUG, 1510787069.917111]: AdafruitGPSMessage(fix: False, quality: 0, satellites: 0; time: 0:0.2 6/1/2080; timestamp: 3471742802.799)
[DEBUG, 1510787070.1227086]: AdafruitGPSMessage(fix: False, quality: 0, satellites: 0; time: 0:0.3 6/1/2080; timestamp: 3471742803.0)
[DEBUG, 1510787070.3173006]: AdafruitGPSMessage(fix: False, quality: 0, satellites: 0; time: 0:0.3 6/1/2080; timestamp: 3471742803.199)
[DEBUG, 1510787070.5221658]: AdafruitGPSMessage(fix: False, quality: 0, satellites: 0; time: 0:0.3 6/1/2080; timestamp: 3471742803.398)
[DEBUG, 1510787070.7270532]: AdafruitGPSMessage(fix: False, quality: 0, satellites: 0; time: 0:0.3 6/1/2080; timestamp: 3471742803.6)
[DEBUG, 1510787070.9219203]: AdafruitGPSMessage(fix: False, quality: 0, satellites: 0; time: 0:0.3 6/1/2080; timestamp: 3471742803.799)
[DEBUG, 1510787071.127059]: AdafruitGPSMessage(fix: False, quality: 0, satellites: 0; time: 0:0.4 6/1/2080; timestamp: 3471742804.0)
[DEBUG, 1510787071.321519]: AdafruitGPSMessage(fix: False, quality: 0, satellites: 0; time: 0:0.4 6/1/2080; timestamp: 3471742804.198)
[DEBUG, 1510787071.5264177]: AdafruitGPSMessage(fix: False, quality: 0, satellites: 0; time: 0:0.4 6/1/2080; timestamp: 3471742804.398)
[DEBUG, 1510787071.7316728]: AdafruitGPSMessage(fix: False, quality: 0, satellites: 0; time: 0:0.4 6/1/2080; timestamp: 3471742804.599)
[DEBUG, 1510787071.926299]: AdafruitGPSMessage(fix: False, quality: 0, satellites: 0; time: 0:0.4 6/1/2080; timestamp: 3471742804.8)
[DEBUG, 1510787072.1315968]: AdafruitGPSMessage(fix: False, quality: 0, satellites: 0; time: 0:0.5 6/1/2080; timestamp: 3471742805.0)
[DEBUG, 1510787072.3369358]: AdafruitGPSMessage(fix: False, quality: 0, satellites: 0; time: 0:0.5 6/1/2080; timestamp: 3471742805.198)
[DEBUG, 1510787072.5319474]: AdafruitGPSMessage(fix: False, quality: 0, satellites: 0; time: 0:0.5 6/1/2080; timestamp: 3471742805.398)
[DEBUG, 1510787072.7371814]: AdafruitGPSMessage(fix: False, quality: 0, satellites: 0; time: 0:0.5 6/1/2080; timestamp: 3471742805.8)
[log buffer end]
[AdafruitGPS @ node.py:81][DEBUG] 2017-11-15 18:04:32,751: logging message buffer (len=16409)
[AdafruitGPS @ arduino.py:188][INFO] 2017-11-15 18:04:32,943: found 15 packets in 3s (avg=5.0 packets/sec). 120 received in total (avg=4.9 packets/sec)
[AdafruitGPS @ arduino.py:188][INFO] 2017-11-15 18:04:35,960: found 15 packets in 3s (avg=5.0 packets/sec). 135 received in total (avg=5.0 packets/sec)
[AdafruitGPS @ arduino.py:188][INFO] 2017-11-15 18:04:38,975: found 15 packets in 3s (avg=5.0 packets/sec). 150 received in total (avg=5.0 packets/sec)
[AdafruitGPS @ arduino.py:188][INFO] 2017-11-15 18:04:41,984: found 15 packets in 3s (avg=5.0 packets/sec). 165 received in total (avg=5.0 packets/sec)
[AdafruitGPS @ arduino.py:188][INFO] 2017-11-15 18:04:45,009: found 15 packets in 3s (avg=5.0 packets/sec). 180 received in total (avg=5.0 packets/sec)
[AdafruitGPS @ node.py:79][DEBUG] 2017-11-15 18:04:45,081: [log buffer start]
[DEBUG, 1510787072.9431746]: AdafruitGPSMessage(fix: False, quality: 0, satellites: 0; time: 0:0.6 6/1/2080; timestamp: 3471742806.0)
[DEBUG, 1510787073.1385875]: AdafruitGPSMessage(fix: False, quality: 0, satellites: 0; time: 0:0.6 6/1/2080; timestamp: 3471742806.198)
[DEBUG, 1510787073.3435762]: AdafruitGPSMessage(fix: False, quality: 0, satellites: 0; time: 0:0.6 6/1/2080; timestamp: 3471742806.398)
[DEBUG, 1510787073.5485568]: AdafruitGPSMessage(fix: False, quality: 0, satellites: 0; time: 0:0.6 6/1/2080; timestamp: 3471742806.599)
[DEBUG, 1510787073.7434123]: AdafruitGPSMessage(fix: False, quality: 0, satellites: 0; time: 0:0.6 6/1/2080; timestamp: 3471742806.8)
[DEBUG, 1510787073.9486003]: AdafruitGPSMessage(fix: False, quality: 0, satellites: 0; time: 0:0.7 6/1/2080; timestamp: 3471742807.0)
[DEBUG, 1510787074.1436596]: AdafruitGPSMessage(fix: False, quality: 0, satellites: 0; time: 0:0.7 6/1/2080; timestamp: 3471742807.198)
[DEBUG, 1510787074.3489041]: AdafruitGPSMessage(fix: False, quality: 0, satellites: 0; time: 0:0.7 6/1/2080; timestamp: 3471742807.398)
[DEBUG, 1510787074.5540786]: AdafruitGPSMessage(fix: False, quality: 0, satellites: 0; time: 0:0.7 6/1/2080; timestamp: 3471742807.599)
[DEBUG, 1510787074.749043]: AdafruitGPSMessage(fix: False, quality: 0, satellites: 0; time: 0:0.7 6/1/2080; timestamp: 3471742807.8)
[DEBUG, 1510787074.954186]: AdafruitGPSMessage(fix: False, quality: 0, satellites: 0; time: 0:0.8 6/1/2080; timestamp: 3471742808.0)
[DEBUG, 1510787075.1495917]: AdafruitGPSMessage(fix: False, quality: 0, satellites: 0; time: 0:0.8 6/1/2080; timestamp: 3471742808.199)
[DEBUG, 1510787075.3549182]: AdafruitGPSMessage(fix: False, quality: 0, satellites: 0; time: 0:0.8 6/1/2080; timestamp: 3471742808.399)
[DEBUG, 1510787075.5501204]: AdafruitGPSMessage(fix: False, quality: 0, satellites: 0; time: 0:0.8 6/1/2080; timestamp: 3471742808.6)
[DEBUG, 1510787075.755413]: AdafruitGPSMessage(fix: False, quality: 0, satellites: 0; time: 0:0.8 6/1/2080; timestamp: 3471742808.8)
[DEBUG, 1510787075.9605982]: AdafruitGPSMessage(fix: False, quality: 0, satellites: 0; time: 0:0.9 6/1/2080; timestamp: 3471742809.0)
[DEBUG, 1510787076.1559]: AdafruitGPSMessage(fix: False, quality: 0, satellites: 0; time: 0:0.9 6/1/2080; timestamp: 3471742809.199)
[DEBUG, 1510787076.3613808]: AdafruitGPSMessage(fix: False, quality: 0, satellites: 0; time: 0:0.9 6/1/2080; timestamp: 3471742809.399)
[DEBUG, 1510787076.5567508]: AdafruitGPSMessage(fix: False, quality: 0, satellites: 0; time: 0:0.9 6/1/2080; timestamp: 3471742809.6)
[DEBUG, 1510787076.7620583]: AdafruitGPSMessage(fix: False, quality: 0, satellites: 0; time: 0:0.9 6/1/2080; timestamp: 3471742809.8)
[DEBUG, 1510787076.9565415]: AdafruitGPSMessage(fix: False, quality: 0, satellites: 0; time: 0:0.10 6/1/2080; timestamp: 3471742810.0)
[DEBUG, 1510787077.1613624]: AdafruitGPSMessage(fix: False, quality: 0, satellites: 0; time: 0:0.10 6/1/2080; timestamp: 3471742810.199)
[DEBUG, 1510787077.366311]: AdafruitGPSMessage(fix: False, quality: 0, satellites: 0; time: 0:0.10 6/1/2080; timestamp: 3471742810.399)
[DEBUG, 1510787077.5712886]: AdafruitGPSMessage(fix: False, quality: 0, satellites: 0; time: 0:0.10 6/1/2080; timestamp: 3471742810.6)
[DEBUG, 1510787077.765859]: AdafruitGPSMessage(fix: False, quality: 0, satellites: 0; time: 0:0.10 6/1/2080; timestamp: 3471742810.8)
[DEBUG, 1510787077.9704106]: AdafruitGPSMessage(fix: False, quality: 0, satellites: 0; time: 0:0.11 6/1/2080; timestamp: 3471742811.0)
[DEBUG, 1510787078.1755593]: AdafruitGPSMessage(fix: False, quality: 0, satellites: 0; time: 0:0.11 6/1/2080; timestamp: 3471742811.199)
[DEBUG, 1510787078.3699772]: AdafruitGPSMessage(fix: False, quality: 0, satellites: 0; time: 0:0.11 6/1/2080; timestamp: 3471742811.399)
[DEBUG, 1510787078.57509]: AdafruitGPSMessage(fix: False, quality: 0, satellites: 0; time: 0:0.11 6/1/2080; timestamp: 3471742811.6)
[DEBUG, 1510787078.769535]: AdafruitGPSMessage(fix: False, quality: 0, satellites: 0; time: 0:0.11 6/1/2080; timestamp: 3471742811.8)
[DEBUG, 1510787078.9751554]: AdafruitGPSMessage(fix: False, quality: 0, satellites: 0; time: 0:0.12 6/1/2080; timestamp: 3471742812.0)
[DEBUG, 1510787079.1713524]: AdafruitGPSMessage(fix: False, quality: 0, satellites: 0; time: 0:0.12 6/1/2080; timestamp: 3471742812.199)
[DEBUG, 1510787079.376868]: AdafruitGPSMessage(fix: False, quality: 0, satellites: 0; time: 0:0.12 6/1/2080; timestamp: 3471742812.399)
[DEBUG, 1510787079.5824664]: AdafruitGPSMessage(fix: False, quality: 0, satellites: 0; time: 0:0.12 6/1/2080; timestamp: 3471742812.6)
[DEBUG, 1510787079.7774925]: AdafruitGPSMessage(fix: False, quality: 0, satellites: 0; time: 0:0.12 6/1/2080; timestamp: 3471742812.8)
[DEBUG, 1510787079.9828558]: AdafruitGPSMessage(fix: False, quality: 0, satellites: 0; time: 0:0.13 6/1/2080; timestamp: 3471742813.0)
[DEBUG, 1510787080.1785085]: AdafruitGPSMessage(fix: False, quality: 0, satellites: 0; time: 0:0.13 6/1/2080; timestamp: 3471742813.198)
[DEBUG, 1510787080.3860557]: AdafruitGPSMessage(fix: False, quality: 0, satellites: 0; time: 0:0.13 6/1/2080; timestamp: 3471742813.398)
[DEBUG, 1510787080.5816336]: AdafruitGPSMessage(fix: False, quality: 0, satellites: 0; time: 0:0.13 6/1/2080; timestamp: 3471742813.6)
[DEBUG, 1510787080.7868366]: AdafruitGPSMessage(fix: False, quality: 0, satellites: 0; time: 0:0.13 6/1/2080; timestamp: 3471742813.8)
[DEBUG, 1510787080.9812872]: AdafruitGPSMessage(fix: False, quality: 0, satellites: 0; time: 0:0.14 6/1/2080; timestamp: 3471742814.0)
[DEBUG, 1510787081.1861503]: AdafruitGPSMessage(fix: False, quality: 0, satellites: 0; time: 0:0.14 6/1/2080; timestamp: 3471742814.199)
[DEBUG, 1510787081.3908484]: AdafruitGPSMessage(fix: False, quality: 0, satellites: 0; time: 0:0.14 6/1/2080; timestamp: 3471742814.398)
[DEBUG, 1510787081.5852356]: AdafruitGPSMessage(fix: False, quality: 0, satellites: 0; time: 0:0.14 6/1/2080; timestamp: 3471742814.6)
[DEBUG, 1510787081.7899969]: AdafruitGPSMessage(fix: False, quality: 0, satellites: 0; time: 0:0.14 6/1/2080; timestamp: 3471742814.798)
[DEBUG, 1510787081.9844158]: AdafruitGPSMessage(fix: False, quality: 0, satellites: 0; time: 0:0.15 6/1/2080; timestamp: 3471742815.0)
[DEBUG, 1510787082.1898777]: AdafruitGPSMessage(fix: False, quality: 0, satellites: 0; time: 0:0.15 6/1/2080; timestamp: 3471742815.199)
[DEBUG, 1510787082.3950088]: AdafruitGPSMessage(fix: False, quality: 0, satellites: 0; time: 0:0.15 6/1/2080; timestamp: 3471742815.398)
[DEBUG, 1510787082.5898614]: AdafruitGPSMessage(fix: False, quality: 0, satellites: 0; time: 0:0.15 6/1/2080; timestamp: 3471742815.6)
[DEBUG, 1510787082.7944882]: AdafruitGPSMessage(fix: False, quality: 0, satellites: 0; time: 0:0.15 6/1/2080; timestamp: 3471742815.798)
[DEBUG, 1510787082.999498]: AdafruitGPSMessage(fix: False, quality: 0, satellites: 0; time: 0:0.16 6/1/2080; timestamp: 3471742816.0)
[DEBUG, 1510787083.1943865]: AdafruitGPSMessage(fix: False, quality: 0, satellites: 0; time: 0:0.16 6/1/2080; timestamp: 3471742816.2)
[DEBUG, 1510787083.3991673]: AdafruitGPSMessage(fix: False, quality: 0, satellites: 0; time: 0:0.16 6/1/2080; timestamp: 3471742816.399)
[DEBUG, 1510787083.604182]: AdafruitGPSMessage(fix: False, quality: 0, satellites: 0; time: 0:0.16 6/1/2080; timestamp: 3471742816.6)
[DEBUG, 1510787083.798863]: AdafruitGPSMessage(fix: False, quality: 0, satellites: 0; time: 0:0.16 6/1/2080; timestamp: 3471742816.798)
[DEBUG, 1510787084.0040941]: AdafruitGPSMessage(fix: False, quality: 0, satellites: 0; time: 0:0.17 6/1/2080; timestamp: 3471742817.0)
[DEBUG, 1510787084.198863]: AdafruitGPSMessage(fix: False, quality: 0, satellites: 0; time: 0:0.17 6/1/2080; timestamp: 3471742817.2)
[DEBUG, 1510787084.4039142]: AdafruitGPSMessage(fix: False, quality: 0, satellites: 0; time: 0:0.17 6/1/2080; timestamp: 3471742817.399)
[DEBUG, 1510787084.6091306]: AdafruitGPSMessage(fix: False, quality: 0, satellites: 0; time: 0:0.17 6/1/2080; timestamp: 3471742817.6)
[DEBUG, 1510787084.8038347]: AdafruitGPSMessage(fix: False, quality: 0, satellites: 0; time: 0:0.17 6/1/2080; timestamp: 3471742817.798)
[DEBUG, 1510787085.0096743]: AdafruitGPSMessage(fix: False, quality: 0, satellites: 0; time: 0:0.18 6/1/2080; timestamp: 3471742818.0)
[log buffer end]
[AdafruitGPS @ node.py:81][DEBUG] 2017-11-15 18:04:45,082: logging message buffer (len=8290)
[AdafruitGPS @ node.py:102][INFO] 2017-11-15 18:04:45,082: Node took 39.85867094993591s to run
[AdafruitGPS @ generic.py:69][INFO] 2017-11-15 18:04:45,085: Tearing down device
[AdafruitGPS @ arduino.py:214][INFO] 2017-11-15 18:04:45,092: Closing down device port
[AdafruitGPS @ arduino.py:217][INFO] 2017-11-15 18:04:45,093: Device process stopped
