[AdafruitGPS @ factory.py:85][DEBUG] 2017-11-15 18:38:05,727: Logging to: logs/2017_Nov_15/AdafruitGPS/18_38_05.log
[AdafruitGPS @ arduino.py:88][INFO] 2017-11-15 18:38:10,492: configuring done. Finding whoiam=Adafruit-GPS
[AdafruitGPS @ arduino.py:55][INFO] 2017-11-15 18:38:10,493: Adafruit-GPS's setup complete
[AdafruitGPS @ arduino.py:149][INFO] 2017-11-15 18:38:11,776: Device named 'Adafruit-GPS' at '/dev/ttyUSB0' is now at baud rate '9600'
[AdafruitGPS @ arduino.py:159][INFO] 2017-11-15 18:38:11,779: Device has started!
[AdafruitGPS @ arduino.py:160][INFO] 2017-11-15 18:38:11,779: init packet: 5
[AdafruitGPS @ adafruit_gps.py:188][WARNING] 2017-11-15 18:38:12,097: Invalid message 'AdafruitGPSMessage(fix: False, quality: 0, satellites: 0; time: 0:0.0 0/0/200; timestamp: 1510789092.0958252)'
month must be in 1..12
[AdafruitGPS @ adafruit_gps.py:188][WARNING] 2017-11-15 18:38:12,295: Invalid message 'AdafruitGPSMessage(fix: False, quality: 0, satellites: 0; time: 0:0.0 0/0/200; timestamp: 1510789092.2916915)'
month must be in 1..12
[AdafruitGPS @ adafruit_gps.py:188][WARNING] 2017-11-15 18:38:12,501: Invalid message 'AdafruitGPSMessage(fix: False, quality: 0, satellites: 0; time: 0:0.0 0/0/200; timestamp: 1510789092.49795)'
month must be in 1..12
[AdafruitGPS @ adafruit_gps.py:188][WARNING] 2017-11-15 18:38:12,693: Invalid message 'AdafruitGPSMessage(fix: False, quality: 0, satellites: 0; time: 0:0.0 0/0/200; timestamp: 1510789092.6932323)'
month must be in 1..12
[AdafruitGPS @ arduino.py:188][INFO] 2017-11-15 18:38:14,912: found 15 packets in 3s (avg=5.0 packets/sec). 15 received in total (avg=4.8 packets/sec)
[AdafruitGPS @ arduino.py:188][INFO] 2017-11-15 18:38:17,932: found 15 packets in 3s (avg=5.0 packets/sec). 30 received in total (avg=4.9 packets/sec)
[AdafruitGPS @ arduino.py:188][INFO] 2017-11-15 18:38:20,941: found 15 packets in 3s (avg=5.0 packets/sec). 45 received in total (avg=4.9 packets/sec)
[AdafruitGPS @ arduino.py:188][INFO] 2017-11-15 18:38:23,961: found 15 packets in 3s (avg=5.0 packets/sec). 60 received in total (avg=4.9 packets/sec)
[AdafruitGPS @ arduino.py:188][INFO] 2017-11-15 18:38:26,979: found 15 packets in 3s (avg=5.0 packets/sec). 75 received in total (avg=4.9 packets/sec)
[AdafruitGPS @ arduino.py:188][INFO] 2017-11-15 18:38:29,996: found 15 packets in 3s (avg=5.0 packets/sec). 90 received in total (avg=4.9 packets/sec)
[AdafruitGPS @ arduino.py:188][INFO] 2017-11-15 18:38:33,014: found 15 packets in 3s (avg=5.0 packets/sec). 105 received in total (avg=4.9 packets/sec)
[AdafruitGPS @ arduino.py:188][INFO] 2017-11-15 18:38:36,034: found 15 packets in 3s (avg=5.0 packets/sec). 120 received in total (avg=4.9 packets/sec)
[AdafruitGPS @ node.py:79][DEBUG] 2017-11-15 18:38:36,035: [log buffer start]
[DEBUG, 1510789092.0958252]: AdafruitGPSMessage(fix: False, quality: 0, satellites: 0; time: 0:0.0 0/0/200; timestamp: 1510789092.0958252)
[DEBUG, 1510789092.2916915]: AdafruitGPSMessage(fix: False, quality: 0, satellites: 0; time: 0:0.0 0/0/200; timestamp: 1510789092.2916915)
[DEBUG, 1510789092.49795]: AdafruitGPSMessage(fix: False, quality: 0, satellites: 0; time: 0:0.0 0/0/200; timestamp: 1510789092.49795)
[DEBUG, 1510789092.6932323]: AdafruitGPSMessage(fix: False, quality: 0, satellites: 0; time: 0:0.0 0/0/200; timestamp: 1510789092.6932323)
[DEBUG, 1510789092.8986158]: AdafruitGPSMessage(fix: False, quality: 0, satellites: 0; time: 23:59.42 5/1/2080; timestamp: 3471742782.796)
[DEBUG, 1510789093.104181]: AdafruitGPSMessage(fix: False, quality: 0, satellites: 0; time: 23:59.43 5/1/2080; timestamp: 3471742783.0)
[DEBUG, 1510789093.3094885]: AdafruitGPSMessage(fix: False, quality: 0, satellites: 0; time: 23:59.43 5/1/2080; timestamp: 3471742783.203)
[DEBUG, 1510789093.50469]: AdafruitGPSMessage(fix: False, quality: 0, satellites: 0; time: 23:59.43 5/1/2080; timestamp: 3471742783.375)
[DEBUG, 1510789093.709927]: AdafruitGPSMessage(fix: False, quality: 0, satellites: 0; time: 23:59.43 5/1/2080; timestamp: 3471742783.609)
[DEBUG, 1510789093.90524]: AdafruitGPSMessage(fix: False, quality: 0, satellites: 0; time: 23:59.43 5/1/2080; timestamp: 3471742783.796)
[DEBUG, 1510789094.1109345]: AdafruitGPSMessage(fix: False, quality: 0, satellites: 0; time: 23:59.44 5/1/2080; timestamp: 3471742784.0)
[DEBUG, 1510789094.3059807]: AdafruitGPSMessage(fix: False, quality: 0, satellites: 0; time: 23:59.44 5/1/2080; timestamp: 3471742784.171)
[DEBUG, 1510789094.511373]: AdafruitGPSMessage(fix: False, quality: 0, satellites: 0; time: 23:59.44 5/1/2080; timestamp: 3471742784.406)
[DEBUG, 1510789094.71696]: AdafruitGPSMessage(fix: False, quality: 0, satellites: 0; time: 23:59.44 5/1/2080; timestamp: 3471742784.609)
[DEBUG, 1510789094.912357]: AdafruitGPSMessage(fix: False, quality: 0, satellites: 0; time: 23:59.44 5/1/2080; timestamp: 3471742784.796)
[DEBUG, 1510789095.1093938]: AdafruitGPSMessage(fix: False, quality: 0, satellites: 0; time: 23:59.44 5/1/2080; timestamp: 3471742784.984)
[DEBUG, 1510789095.314633]: AdafruitGPSMessage(fix: False, quality: 0, satellites: 0; time: 23:59.45 5/1/2080; timestamp: 3471742785.203)
[DEBUG, 1510789095.5203588]: AdafruitGPSMessage(fix: False, quality: 0, satellites: 0; time: 23:59.45 5/1/2080; timestamp: 3471742785.375)
[DEBUG, 1510789095.7152503]: AdafruitGPSMessage(fix: False, quality: 0, satellites: 0; time: 23:59.45 5/1/2080; timestamp: 3471742785.609)
[DEBUG, 1510789095.9207387]: AdafruitGPSMessage(fix: False, quality: 0, satellites: 0; time: 23:59.45 5/1/2080; timestamp: 3471742785.781)
[DEBUG, 1510789096.1155994]: AdafruitGPSMessage(fix: False, quality: 0, satellites: 0; time: 23:59.46 5/1/2080; timestamp: 3471742786.0)
[DEBUG, 1510789096.3212395]: AdafruitGPSMessage(fix: False, quality: 0, satellites: 0; time: 23:59.46 5/1/2080; timestamp: 3471742786.203)
[DEBUG, 1510789096.526292]: AdafruitGPSMessage(fix: False, quality: 0, satellites: 0; time: 23:59.46 5/1/2080; timestamp: 3471742786.406)
[DEBUG, 1510789096.7209733]: AdafruitGPSMessage(fix: False, quality: 0, satellites: 0; time: 23:59.46 5/1/2080; timestamp: 3471742786.578)
[DEBUG, 1510789096.925963]: AdafruitGPSMessage(fix: False, quality: 0, satellites: 0; time: 23:59.46 5/1/2080; timestamp: 3471742786.796)
[DEBUG, 1510789097.120791]: AdafruitGPSMessage(fix: False, quality: 0, satellites: 0; time: 23:59.47 5/1/2080; timestamp: 3471742787.0)
[DEBUG, 1510789097.3262599]: AdafruitGPSMessage(fix: False, quality: 0, satellites: 0; time: 23:59.47 5/1/2080; timestamp: 3471742787.203)
[DEBUG, 1510789097.5319858]: AdafruitGPSMessage(fix: False, quality: 0, satellites: 0; time: 23:59.47 5/1/2080; timestamp: 3471742787.375)
[DEBUG, 1510789097.7269745]: AdafruitGPSMessage(fix: False, quality: 0, satellites: 0; time: 23:59.47 5/1/2080; timestamp: 3471742787.609)
[DEBUG, 1510789097.932263]: AdafruitGPSMessage(fix: False, quality: 0, satellites: 0; time: 23:59.47 5/1/2080; timestamp: 3471742787.781)
[DEBUG, 1510789098.127886]: AdafruitGPSMessage(fix: False, quality: 0, satellites: 0; time: 23:59.48 5/1/2080; timestamp: 3471742788.0)
[DEBUG, 1510789098.333358]: AdafruitGPSMessage(fix: False, quality: 0, satellites: 0; time: 23:59.48 5/1/2080; timestamp: 3471742788.171)
[DEBUG, 1510789098.5281372]: AdafruitGPSMessage(fix: False, quality: 0, satellites: 0; time: 23:59.48 5/1/2080; timestamp: 3471742788.406)
[DEBUG, 1510789098.7332358]: AdafruitGPSMessage(fix: False, quality: 0, satellites: 0; time: 23:59.48 5/1/2080; timestamp: 3471742788.578)
[DEBUG, 1510789098.9386878]: AdafruitGPSMessage(fix: False, quality: 0, satellites: 0; time: 23:59.48 5/1/2080; timestamp: 3471742788.796)
[DEBUG, 1510789099.1340544]: AdafruitGPSMessage(fix: False, quality: 0, satellites: 0; time: 23:59.48 5/1/2080; timestamp: 3471742788.984)
[DEBUG, 1510789099.3396916]: AdafruitGPSMessage(fix: False, quality: 0, satellites: 0; time: 23:59.49 5/1/2080; timestamp: 3471742789.203)
[DEBUG, 1510789099.534349]: AdafruitGPSMessage(fix: False, quality: 0, satellites: 0; time: 23:59.49 5/1/2080; timestamp: 3471742789.406)
[DEBUG, 1510789099.7394516]: AdafruitGPSMessage(fix: False, quality: 0, satellites: 0; time: 23:59.49 5/1/2080; timestamp: 3471742789.609)
[DEBUG, 1510789099.9444218]: AdafruitGPSMessage(fix: False, quality: 0, satellites: 0; time: 23:59.49 5/1/2080; timestamp: 3471742789.781)
[DEBUG, 1510789100.1396213]: AdafruitGPSMessage(fix: False, quality: 0, satellites: 0; time: 23:59.50 5/1/2080; timestamp: 3471742790.0)
[DEBUG, 1510789100.3452125]: AdafruitGPSMessage(fix: False, quality: 0, satellites: 0; time: 23:59.50 5/1/2080; timestamp: 3471742790.171)
[DEBUG, 1510789100.5406144]: AdafruitGPSMessage(fix: False, quality: 0, satellites: 0; time: 23:59.50 5/1/2080; timestamp: 3471742790.406)
[DEBUG, 1510789100.7459261]: AdafruitGPSMessage(fix: False, quality: 0, satellites: 0; time: 23:59.50 5/1/2080; timestamp: 3471742790.578)
[DEBUG, 1510789100.9409883]: AdafruitGPSMessage(fix: False, quality: 0, satellites: 0; time: 23:59.50 5/1/2080; timestamp: 3471742790.796)
[DEBUG, 1510789101.1466317]: AdafruitGPSMessage(fix: False, quality: 0, satellites: 0; time: 23:59.51 5/1/2080; timestamp: 3471742791.0)
[DEBUG, 1510789101.3518643]: AdafruitGPSMessage(fix: False, quality: 0, satellites: 0; time: 23:59.51 5/1/2080; timestamp: 3471742791.203)
[DEBUG, 1510789101.5466604]: AdafruitGPSMessage(fix: False, quality: 0, satellites: 0; time: 23:59.51 5/1/2080; timestamp: 3471742791.375)
[DEBUG, 1510789101.752109]: AdafruitGPSMessage(fix: False, quality: 0, satellites: 0; time: 23:59.51 5/1/2080; timestamp: 3471742791.609)
[DEBUG, 1510789101.9472787]: AdafruitGPSMessage(fix: False, quality: 0, satellites: 0; time: 23:59.51 5/1/2080; timestamp: 3471742791.796)
[DEBUG, 1510789102.1529312]: AdafruitGPSMessage(fix: False, quality: 0, satellites: 0; time: 23:59.52 5/1/2080; timestamp: 3471742792.0)
[DEBUG, 1510789102.3494308]: AdafruitGPSMessage(fix: False, quality: 0, satellites: 0; time: 23:59.52 5/1/2080; timestamp: 3471742792.171)
[DEBUG, 1510789102.5547016]: AdafruitGPSMessage(fix: False, quality: 0, satellites: 0; time: 23:59.52 5/1/2080; timestamp: 3471742792.406)
[DEBUG, 1510789102.7598076]: AdafruitGPSMessage(fix: False, quality: 0, satellites: 0; time: 23:59.52 5/1/2080; timestamp: 3471742792.578)
[DEBUG, 1510789102.955086]: AdafruitGPSMessage(fix: False, quality: 0, satellites: 0; time: 23:59.52 5/1/2080; timestamp: 3471742792.796)
[DEBUG, 1510789103.1606266]: AdafruitGPSMessage(fix: False, quality: 0, satellites: 0; time: 23:59.52 5/1/2080; timestamp: 3471742792.984)
[DEBUG, 1510789103.3562074]: AdafruitGPSMessage(fix: False, quality: 0, satellites: 0; time: 23:59.53 5/1/2080; timestamp: 3471742793.203)
[DEBUG, 1510789103.5613735]: AdafruitGPSMessage(fix: False, quality: 0, satellites: 0; time: 23:59.53 5/1/2080; timestamp: 3471742793.406)
[DEBUG, 1510789103.76649]: AdafruitGPSMessage(fix: False, quality: 0, satellites: 0; time: 23:59.53 5/1/2080; timestamp: 3471742793.609)
[DEBUG, 1510789103.9613001]: AdafruitGPSMessage(fix: False, quality: 0, satellites: 0; time: 23:59.53 5/1/2080; timestamp: 3471742793.781)
[DEBUG, 1510789104.1668482]: AdafruitGPSMessage(fix: False, quality: 0, satellites: 0; time: 23:59.54 5/1/2080; timestamp: 3471742794.0)
[DEBUG, 1510789104.3619304]: AdafruitGPSMessage(fix: False, quality: 0, satellites: 0; time: 23:59.54 5/1/2080; timestamp: 3471742794.171)
[DEBUG, 1510789104.567192]: AdafruitGPSMessage(fix: False, quality: 0, satellites: 0; time: 23:59.54 5/1/2080; timestamp: 3471742794.406)
[DEBUG, 1510789104.7723613]: AdafruitGPSMessage(fix: False, quality: 0, satellites: 0; time: 23:59.54 5/1/2080; timestamp: 3471742794.578)
[DEBUG, 1510789104.9673522]: AdafruitGPSMessage(fix: False, quality: 0, satellites: 0; time: 23:59.54 5/1/2080; timestamp: 3471742794.796)
[DEBUG, 1510789105.1722863]: AdafruitGPSMessage(fix: False, quality: 0, satellites: 0; time: 23:59.55 5/1/2080; timestamp: 3471742795.0)
[DEBUG, 1510789105.3669145]: AdafruitGPSMessage(fix: False, quality: 0, satellites: 0; time: 23:59.55 5/1/2080; timestamp: 3471742795.203)
[DEBUG, 1510789105.572996]: AdafruitGPSMessage(fix: False, quality: 0, satellites: 0; time: 23:59.55 5/1/2080; timestamp: 3471742795.375)
[DEBUG, 1510789105.7681942]: AdafruitGPSMessage(fix: False, quality: 0, satellites: 0; time: 23:59.55 5/1/2080; timestamp: 3471742795.609)
[DEBUG, 1510789105.9738407]: AdafruitGPSMessage(fix: False, quality: 0, satellites: 0; time: 23:59.55 5/1/2080; timestamp: 3471742795.796)
[DEBUG, 1510789106.1687906]: AdafruitGPSMessage(fix: False, quality: 0, satellites: 0; time: 23:59.56 5/1/2080; timestamp: 3471742796.0)
[DEBUG, 1510789106.3739314]: AdafruitGPSMessage(fix: False, quality: 0, satellites: 0; time: 23:59.56 5/1/2080; timestamp: 3471742796.171)
[DEBUG, 1510789106.5791075]: AdafruitGPSMessage(fix: False, quality: 0, satellites: 0; time: 23:59.56 5/1/2080; timestamp: 3471742796.406)
[DEBUG, 1510789106.7843997]: AdafruitGPSMessage(fix: False, quality: 0, satellites: 0; time: 23:59.56 5/1/2080; timestamp: 3471742796.578)
[DEBUG, 1510789106.9792097]: AdafruitGPSMessage(fix: False, quality: 0, satellites: 0; time: 23:59.56 5/1/2080; timestamp: 3471742796.796)
[DEBUG, 1510789107.1848]: AdafruitGPSMessage(fix: False, quality: 0, satellites: 0; time: 23:59.56 5/1/2080; timestamp: 3471742796.984)
[DEBUG, 1510789107.3796563]: AdafruitGPSMessage(fix: False, quality: 0, satellites: 0; time: 23:59.57 5/1/2080; timestamp: 3471742797.203)
[DEBUG, 1510789107.5846996]: AdafruitGPSMessage(fix: False, quality: 0, satellites: 0; time: 23:59.57 5/1/2080; timestamp: 3471742797.406)
[DEBUG, 1510789107.7798893]: AdafruitGPSMessage(fix: False, quality: 0, satellites: 0; time: 23:59.57 5/1/2080; timestamp: 3471742797.609)
[DEBUG, 1510789107.9849465]: AdafruitGPSMessage(fix: False, quality: 0, satellites: 0; time: 23:59.57 5/1/2080; timestamp: 3471742797.781)
[DEBUG, 1510789108.189864]: AdafruitGPSMessage(fix: False, quality: 0, satellites: 0; time: 23:59.58 5/1/2080; timestamp: 3471742798.0)
[DEBUG, 1510789108.3849301]: AdafruitGPSMessage(fix: False, quality: 0, satellites: 0; time: 23:59.58 5/1/2080; timestamp: 3471742798.171)
[DEBUG, 1510789108.5903986]: AdafruitGPSMessage(fix: False, quality: 0, satellites: 0; time: 23:59.58 5/1/2080; timestamp: 3471742798.406)
[DEBUG, 1510789108.7861698]: AdafruitGPSMessage(fix: False, quality: 0, satellites: 0; time: 23:59.58 5/1/2080; timestamp: 3471742798.578)
[DEBUG, 1510789108.9913332]: AdafruitGPSMessage(fix: False, quality: 0, satellites: 0; time: 23:59.58 5/1/2080; timestamp: 3471742798.796)
[DEBUG, 1510789109.186082]: AdafruitGPSMessage(fix: False, quality: 0, satellites: 0; time: 23:59.59 5/1/2080; timestamp: 3471742799.0)
[DEBUG, 1510789109.3910527]: AdafruitGPSMessage(fix: False, quality: 0, satellites: 0; time: 23:59.59 5/1/2080; timestamp: 3471742799.203)
[DEBUG, 1510789109.596538]: AdafruitGPSMessage(fix: False, quality: 0, satellites: 0; time: 23:59.59 5/1/2080; timestamp: 3471742799.375)
[DEBUG, 1510789109.7910993]: AdafruitGPSMessage(fix: False, quality: 0, satellites: 0; time: 23:59.59 5/1/2080; timestamp: 3471742799.609)
[DEBUG, 1510789109.9963398]: AdafruitGPSMessage(fix: False, quality: 0, satellites: 0; time: 23:59.59 5/1/2080; timestamp: 3471742799.796)
[DEBUG, 1510789110.1917179]: AdafruitGPSMessage(fix: False, quality: 0, satellites: 0; time: 0:0.0 6/1/2080; timestamp: 3471742800.0)
[DEBUG, 1510789110.3968925]: AdafruitGPSMessage(fix: False, quality: 0, satellites: 0; time: 0:0.0 6/1/2080; timestamp: 3471742800.199)
[DEBUG, 1510789110.5918524]: AdafruitGPSMessage(fix: False, quality: 0, satellites: 0; time: 0:0.0 6/1/2080; timestamp: 3471742800.399)
[DEBUG, 1510789110.7970648]: AdafruitGPSMessage(fix: False, quality: 0, satellites: 0; time: 0:0.0 6/1/2080; timestamp: 3471742800.6)
[DEBUG, 1510789111.0017993]: AdafruitGPSMessage(fix: False, quality: 0, satellites: 0; time: 0:0.0 6/1/2080; timestamp: 3471742800.8)
[DEBUG, 1510789111.1963048]: AdafruitGPSMessage(fix: False, quality: 0, satellites: 0; time: 0:0.1 6/1/2080; timestamp: 3471742801.0)
[DEBUG, 1510789111.4012387]: AdafruitGPSMessage(fix: False, quality: 0, satellites: 0; time: 0:0.1 6/1/2080; timestamp: 3471742801.199)
[DEBUG, 1510789111.5959022]: AdafruitGPSMessage(fix: False, quality: 0, satellites: 0; time: 0:0.1 6/1/2080; timestamp: 3471742801.399)
[DEBUG, 1510789111.8015463]: AdafruitGPSMessage(fix: False, quality: 0, satellites: 0; time: 0:0.1 6/1/2080; timestamp: 3471742801.6)
[DEBUG, 1510789112.006937]: AdafruitGPSMessage(fix: False, quality: 0, satellites: 0; time: 0:0.1 6/1/2080; timestamp: 3471742801.8)
[DEBUG, 1510789112.202057]: AdafruitGPSMessage(fix: False, quality: 0, satellites: 0; time: 0:0.2 6/1/2080; timestamp: 3471742802.0)
[DEBUG, 1510789112.4076722]: AdafruitGPSMessage(fix: False, quality: 0, satellites: 0; time: 0:0.2 6/1/2080; timestamp: 3471742802.199)
[DEBUG, 1510789112.6027448]: AdafruitGPSMessage(fix: False, quality: 0, satellites: 0; time: 0:0.2 6/1/2080; timestamp: 3471742802.398)
[DEBUG, 1510789112.808206]: AdafruitGPSMessage(fix: False, quality: 0, satellites: 0; time: 0:0.2 6/1/2080; timestamp: 3471742802.6)
[DEBUG, 1510789113.014034]: AdafruitGPSMessage(fix: False, quality: 0, satellites: 0; time: 0:0.2 6/1/2080; timestamp: 3471742802.799)
[DEBUG, 1510789113.209438]: AdafruitGPSMessage(fix: False, quality: 0, satellites: 0; time: 0:0.3 6/1/2080; timestamp: 3471742803.0)
[DEBUG, 1510789113.4049995]: AdafruitGPSMessage(fix: False, quality: 0, satellites: 0; time: 0:0.3 6/1/2080; timestamp: 3471742803.199)
[DEBUG, 1510789113.610274]: AdafruitGPSMessage(fix: False, quality: 0, satellites: 0; time: 0:0.3 6/1/2080; timestamp: 3471742803.398)
[DEBUG, 1510789113.8155727]: AdafruitGPSMessage(fix: False, quality: 0, satellites: 0; time: 0:0.3 6/1/2080; timestamp: 3471742803.6)
[DEBUG, 1510789114.0102901]: AdafruitGPSMessage(fix: False, quality: 0, satellites: 0; time: 0:0.3 6/1/2080; timestamp: 3471742803.799)
[DEBUG, 1510789114.215688]: AdafruitGPSMessage(fix: False, quality: 0, satellites: 0; time: 0:0.4 6/1/2080; timestamp: 3471742804.0)
[DEBUG, 1510789114.4214664]: AdafruitGPSMessage(fix: False, quality: 0, satellites: 0; time: 0:0.4 6/1/2080; timestamp: 3471742804.198)
[DEBUG, 1510789114.616997]: AdafruitGPSMessage(fix: False, quality: 0, satellites: 0; time: 0:0.4 6/1/2080; timestamp: 3471742804.398)
[DEBUG, 1510789114.8225937]: AdafruitGPSMessage(fix: False, quality: 0, satellites: 0; time: 0:0.4 6/1/2080; timestamp: 3471742804.599)
[DEBUG, 1510789115.0176592]: AdafruitGPSMessage(fix: False, quality: 0, satellites: 0; time: 0:0.4 6/1/2080; timestamp: 3471742804.8)
[DEBUG, 1510789115.2230737]: AdafruitGPSMessage(fix: False, quality: 0, satellites: 0; time: 0:0.5 6/1/2080; timestamp: 3471742805.198)
[DEBUG, 1510789115.428541]: AdafruitGPSMessage(fix: False, quality: 0, satellites: 0; time: 0:0.5 6/1/2080; timestamp: 3471742805.398)
[DEBUG, 1510789115.6236744]: AdafruitGPSMessage(fix: False, quality: 0, satellites: 0; time: 0:0.5 6/1/2080; timestamp: 3471742805.599)
[DEBUG, 1510789115.8287506]: AdafruitGPSMessage(fix: False, quality: 0, satellites: 0; time: 0:0.5 6/1/2080; timestamp: 3471742805.8)
[DEBUG, 1510789116.0345662]: AdafruitGPSMessage(fix: False, quality: 0, satellites: 0; time: 0:0.6 6/1/2080; timestamp: 3471742806.0)
[log buffer end]
[AdafruitGPS @ node.py:81][DEBUG] 2017-11-15 18:38:36,036: logging message buffer (len=16528)
[AdafruitGPS @ arduino.py:188][INFO] 2017-11-15 18:38:39,042: found 15 packets in 3s (avg=5.0 packets/sec). 135 received in total (avg=5.0 packets/sec)
[AdafruitGPS @ arduino.py:188][INFO] 2017-11-15 18:38:42,063: found 15 packets in 3s (avg=5.0 packets/sec). 150 received in total (avg=5.0 packets/sec)
[AdafruitGPS @ arduino.py:188][INFO] 2017-11-15 18:38:45,079: found 15 packets in 3s (avg=5.0 packets/sec). 165 received in total (avg=5.0 packets/sec)
[AdafruitGPS @ arduino.py:188][INFO] 2017-11-15 18:38:48,096: found 15 packets in 3s (avg=5.0 packets/sec). 180 received in total (avg=5.0 packets/sec)
[AdafruitGPS @ arduino.py:188][INFO] 2017-11-15 18:38:51,113: found 15 packets in 3s (avg=5.0 packets/sec). 195 received in total (avg=5.0 packets/sec)
[AdafruitGPS @ arduino.py:188][INFO] 2017-11-15 18:38:54,131: found 15 packets in 3s (avg=5.0 packets/sec). 210 received in total (avg=5.0 packets/sec)
[AdafruitGPS @ arduino.py:188][INFO] 2017-11-15 18:38:57,158: found 15 packets in 3s (avg=5.0 packets/sec). 225 received in total (avg=5.0 packets/sec)
[AdafruitGPS @ arduino.py:188][INFO] 2017-11-15 18:39:00,171: found 15 packets in 3s (avg=5.0 packets/sec). 240 received in total (avg=5.0 packets/sec)
[AdafruitGPS @ node.py:79][DEBUG] 2017-11-15 18:39:00,172: [log buffer start]
[DEBUG, 1510789116.230374]: AdafruitGPSMessage(fix: False, quality: 0, satellites: 0; time: 0:0.6 6/1/2080; timestamp: 3471742806.198)
[DEBUG, 1510789116.4358034]: AdafruitGPSMessage(fix: False, quality: 0, satellites: 0; time: 0:0.6 6/1/2080; timestamp: 3471742806.398)
[DEBUG, 1510789116.6309812]: AdafruitGPSMessage(fix: False, quality: 0, satellites: 0; time: 0:0.6 6/1/2080; timestamp: 3471742806.493)
[DEBUG, 1510789116.8361578]: AdafruitGPSMessage(fix: False, quality: 0, satellites: 0; time: 0:0.6 6/1/2080; timestamp: 3471742806.693)
[DEBUG, 1510789117.0313008]: AdafruitGPSMessage(fix: False, quality: 0, satellites: 0; time: 0:0.6 6/1/2080; timestamp: 3471742806.893)
[DEBUG, 1510789117.2367976]: AdafruitGPSMessage(fix: False, quality: 0, satellites: 0; time: 0:0.7 6/1/2080; timestamp: 3471742807.093)
[DEBUG, 1510789117.4422352]: AdafruitGPSMessage(fix: False, quality: 0, satellites: 0; time: 0:0.7 6/1/2080; timestamp: 3471742807.293)
[DEBUG, 1510789117.6371453]: AdafruitGPSMessage(fix: False, quality: 0, satellites: 0; time: 0:0.7 6/1/2080; timestamp: 3471742807.493)
[DEBUG, 1510789117.8424468]: AdafruitGPSMessage(fix: False, quality: 0, satellites: 0; time: 0:0.7 6/1/2080; timestamp: 3471742807.693)
[DEBUG, 1510789118.0375075]: AdafruitGPSMessage(fix: False, quality: 0, satellites: 0; time: 0:0.7 6/1/2080; timestamp: 3471742807.893)
[DEBUG, 1510789118.2423124]: AdafruitGPSMessage(fix: False, quality: 0, satellites: 0; time: 0:0.8 6/1/2080; timestamp: 3471742808.093)
[DEBUG, 1510789118.4471712]: AdafruitGPSMessage(fix: False, quality: 0, satellites: 0; time: 0:0.8 6/1/2080; timestamp: 3471742808.293)
[DEBUG, 1510789118.6420538]: AdafruitGPSMessage(fix: False, quality: 0, satellites: 0; time: 0:0.8 6/1/2080; timestamp: 3471742808.493)
[DEBUG, 1510789118.8474624]: AdafruitGPSMessage(fix: False, quality: 0, satellites: 0; time: 0:0.8 6/1/2080; timestamp: 3471742808.692)
[DEBUG, 1510789119.042689]: AdafruitGPSMessage(fix: False, quality: 0, satellites: 0; time: 0:0.8 6/1/2080; timestamp: 3471742808.893)
[DEBUG, 1510789119.2484186]: AdafruitGPSMessage(fix: False, quality: 0, satellites: 0; time: 0:0.9 6/1/2080; timestamp: 3471742809.093)
[DEBUG, 1510789119.4532967]: AdafruitGPSMessage(fix: False, quality: 0, satellites: 0; time: 0:0.9 6/1/2080; timestamp: 3471742809.293)
[DEBUG, 1510789119.6482904]: AdafruitGPSMessage(fix: False, quality: 0, satellites: 0; time: 0:0.9 6/1/2080; timestamp: 3471742809.493)
[DEBUG, 1510789119.8536706]: AdafruitGPSMessage(fix: False, quality: 0, satellites: 0; time: 0:0.9 6/1/2080; timestamp: 3471742809.692)
[DEBUG, 1510789120.0485804]: AdafruitGPSMessage(fix: False, quality: 0, satellites: 0; time: 0:0.9 6/1/2080; timestamp: 3471742809.893)
[DEBUG, 1510789120.2582424]: AdafruitGPSMessage(fix: False, quality: 0, satellites: 0; time: 0:0.10 6/1/2080; timestamp: 3471742810.093)
[DEBUG, 1510789120.4531538]: AdafruitGPSMessage(fix: False, quality: 0, satellites: 0; time: 0:0.10 6/1/2080; timestamp: 3471742810.293)
[DEBUG, 1510789120.6578145]: AdafruitGPSMessage(fix: False, quality: 0, satellites: 0; time: 0:0.10 6/1/2080; timestamp: 3471742810.493)
[DEBUG, 1510789120.8631654]: AdafruitGPSMessage(fix: False, quality: 0, satellites: 0; time: 0:0.10 6/1/2080; timestamp: 3471742810.692)
[DEBUG, 1510789121.0581412]: AdafruitGPSMessage(fix: False, quality: 0, satellites: 0; time: 0:0.10 6/1/2080; timestamp: 3471742810.893)
[DEBUG, 1510789121.2534983]: AdafruitGPSMessage(fix: False, quality: 0, satellites: 0; time: 0:0.11 6/1/2080; timestamp: 3471742811.093)
[DEBUG, 1510789121.4583]: AdafruitGPSMessage(fix: False, quality: 0, satellites: 0; time: 0:0.11 6/1/2080; timestamp: 3471742811.293)
[DEBUG, 1510789121.663744]: AdafruitGPSMessage(fix: False, quality: 0, satellites: 0; time: 0:0.11 6/1/2080; timestamp: 3471742811.493)
[DEBUG, 1510789121.8687735]: AdafruitGPSMessage(fix: False, quality: 0, satellites: 0; time: 0:0.11 6/1/2080; timestamp: 3471742811.692)
[DEBUG, 1510789122.063532]: AdafruitGPSMessage(fix: False, quality: 0, satellites: 0; time: 0:0.11 6/1/2080; timestamp: 3471742811.893)
[DEBUG, 1510789122.2691574]: AdafruitGPSMessage(fix: False, quality: 0, satellites: 0; time: 0:0.12 6/1/2080; timestamp: 3471742812.093)
[DEBUG, 1510789122.464031]: AdafruitGPSMessage(fix: False, quality: 0, satellites: 0; time: 0:0.12 6/1/2080; timestamp: 3471742812.293)
[DEBUG, 1510789122.6692114]: AdafruitGPSMessage(fix: False, quality: 0, satellites: 0; time: 0:0.12 6/1/2080; timestamp: 3471742812.48)
[DEBUG, 1510789122.8638241]: AdafruitGPSMessage(fix: False, quality: 0, satellites: 0; time: 0:0.12 6/1/2080; timestamp: 3471742812.68)
[DEBUG, 1510789123.0687773]: AdafruitGPSMessage(fix: False, quality: 0, satellites: 0; time: 0:0.12 6/1/2080; timestamp: 3471742812.88)
[DEBUG, 1510789123.2744746]: AdafruitGPSMessage(fix: False, quality: 0, satellites: 0; time: 0:0.13 6/1/2080; timestamp: 3471742813.08)
[DEBUG, 1510789123.469453]: AdafruitGPSMessage(fix: False, quality: 0, satellites: 0; time: 0:0.13 6/1/2080; timestamp: 3471742813.28)
[DEBUG, 1510789123.6747062]: AdafruitGPSMessage(fix: False, quality: 0, satellites: 0; time: 0:0.13 6/1/2080; timestamp: 3471742813.48)
[DEBUG, 1510789123.869683]: AdafruitGPSMessage(fix: False, quality: 0, satellites: 0; time: 0:0.13 6/1/2080; timestamp: 3471742813.68)
[DEBUG, 1510789124.0745318]: AdafruitGPSMessage(fix: False, quality: 0, satellites: 0; time: 0:0.13 6/1/2080; timestamp: 3471742813.88)
[DEBUG, 1510789124.279524]: AdafruitGPSMessage(fix: False, quality: 0, satellites: 0; time: 0:0.14 6/1/2080; timestamp: 3471742814.081)
[DEBUG, 1510789124.4746127]: AdafruitGPSMessage(fix: False, quality: 0, satellites: 0; time: 0:0.14 6/1/2080; timestamp: 3471742814.28)
[DEBUG, 1510789124.6796458]: AdafruitGPSMessage(fix: False, quality: 0, satellites: 0; time: 0:0.14 6/1/2080; timestamp: 3471742814.48)
[DEBUG, 1510789124.884872]: AdafruitGPSMessage(fix: False, quality: 0, satellites: 0; time: 0:0.14 6/1/2080; timestamp: 3471742814.68)
[DEBUG, 1510789125.0797336]: AdafruitGPSMessage(fix: False, quality: 0, satellites: 0; time: 0:0.14 6/1/2080; timestamp: 3471742814.88)
[DEBUG, 1510789125.2858007]: AdafruitGPSMessage(fix: False, quality: 0, satellites: 0; time: 0:0.15 6/1/2080; timestamp: 3471742815.081)
[DEBUG, 1510789125.4810345]: AdafruitGPSMessage(fix: False, quality: 0, satellites: 0; time: 0:0.15 6/1/2080; timestamp: 3471742815.28)
[DEBUG, 1510789125.686343]: AdafruitGPSMessage(fix: False, quality: 0, satellites: 0; time: 0:0.15 6/1/2080; timestamp: 3471742815.48)
[DEBUG, 1510789125.8813293]: AdafruitGPSMessage(fix: False, quality: 0, satellites: 0; time: 0:0.15 6/1/2080; timestamp: 3471742815.68)
[DEBUG, 1510789126.0861337]: AdafruitGPSMessage(fix: False, quality: 0, satellites: 0; time: 0:0.15 6/1/2080; timestamp: 3471742815.88)
[DEBUG, 1510789126.2813134]: AdafruitGPSMessage(fix: False, quality: 0, satellites: 0; time: 0:0.16 6/1/2080; timestamp: 3471742816.08)
[DEBUG, 1510789126.4864948]: AdafruitGPSMessage(fix: False, quality: 0, satellites: 0; time: 0:0.16 6/1/2080; timestamp: 3471742816.28)
[DEBUG, 1510789126.6914668]: AdafruitGPSMessage(fix: False, quality: 0, satellites: 0; time: 0:0.16 6/1/2080; timestamp: 3471742816.481)
[DEBUG, 1510789126.886366]: AdafruitGPSMessage(fix: False, quality: 0, satellites: 0; time: 0:0.16 6/1/2080; timestamp: 3471742816.68)
[DEBUG, 1510789127.0916114]: AdafruitGPSMessage(fix: False, quality: 0, satellites: 0; time: 0:0.16 6/1/2080; timestamp: 3471742816.881)
[DEBUG, 1510789127.2964685]: AdafruitGPSMessage(fix: False, quality: 0, satellites: 0; time: 0:0.17 6/1/2080; timestamp: 3471742817.08)
[DEBUG, 1510789127.4910045]: AdafruitGPSMessage(fix: False, quality: 0, satellites: 0; time: 0:0.17 6/1/2080; timestamp: 3471742817.28)
[DEBUG, 1510789127.6959553]: AdafruitGPSMessage(fix: False, quality: 0, satellites: 0; time: 0:0.17 6/1/2080; timestamp: 3471742817.481)
[DEBUG, 1510789127.9012835]: AdafruitGPSMessage(fix: False, quality: 0, satellites: 0; time: 0:0.17 6/1/2080; timestamp: 3471742817.68)
[DEBUG, 1510789128.0959947]: AdafruitGPSMessage(fix: False, quality: 0, satellites: 0; time: 0:0.17 6/1/2080; timestamp: 3471742817.881)
[DEBUG, 1510789128.2928512]: AdafruitGPSMessage(fix: False, quality: 0, satellites: 0; time: 0:0.18 6/1/2080; timestamp: 3471742818.08)
[DEBUG, 1510789128.4982767]: AdafruitGPSMessage(fix: False, quality: 0, satellites: 0; time: 0:0.18 6/1/2080; timestamp: 3471742818.28)
[DEBUG, 1510789128.7039876]: AdafruitGPSMessage(fix: False, quality: 0, satellites: 0; time: 0:0.18 6/1/2080; timestamp: 3471742818.481)
[DEBUG, 1510789128.8992112]: AdafruitGPSMessage(fix: False, quality: 0, satellites: 0; time: 0:0.18 6/1/2080; timestamp: 3471742818.68)
[DEBUG, 1510789129.104122]: AdafruitGPSMessage(fix: False, quality: 0, satellites: 0; time: 0:0.18 6/1/2080; timestamp: 3471742818.881)
[DEBUG, 1510789129.2990682]: AdafruitGPSMessage(fix: False, quality: 0, satellites: 0; time: 0:0.19 6/1/2080; timestamp: 3471742819.08)
[DEBUG, 1510789129.50401]: AdafruitGPSMessage(fix: False, quality: 0, satellites: 0; time: 0:0.19 6/1/2080; timestamp: 3471742819.28)
[DEBUG, 1510789129.7091973]: AdafruitGPSMessage(fix: False, quality: 0, satellites: 0; time: 0:0.19 6/1/2080; timestamp: 3471742819.481)
[DEBUG, 1510789129.903655]: AdafruitGPSMessage(fix: False, quality: 0, satellites: 0; time: 0:0.19 6/1/2080; timestamp: 3471742819.68)
[DEBUG, 1510789130.1089776]: AdafruitGPSMessage(fix: False, quality: 0, satellites: 0; time: 0:0.19 6/1/2080; timestamp: 3471742819.881)
[DEBUG, 1510789130.314018]: AdafruitGPSMessage(fix: False, quality: 0, satellites: 0; time: 0:0.20 6/1/2080; timestamp: 3471742820.08)
[DEBUG, 1510789130.5089273]: AdafruitGPSMessage(fix: False, quality: 0, satellites: 0; time: 0:0.20 6/1/2080; timestamp: 3471742820.28)
[DEBUG, 1510789130.7138734]: AdafruitGPSMessage(fix: False, quality: 0, satellites: 0; time: 0:0.20 6/1/2080; timestamp: 3471742820.679)
[DEBUG, 1510789130.9188776]: AdafruitGPSMessage(fix: False, quality: 0, satellites: 0; time: 0:0.20 6/1/2080; timestamp: 3471742820.881)
[DEBUG, 1510789131.1138093]: AdafruitGPSMessage(fix: False, quality: 0, satellites: 0; time: 0:0.21 6/1/2080; timestamp: 3471742821.08)
[DEBUG, 1510789131.3207178]: AdafruitGPSMessage(fix: False, quality: 0, satellites: 0; time: 0:0.21 6/1/2080; timestamp: 3471742821.279)
[DEBUG, 1510789131.5260925]: AdafruitGPSMessage(fix: False, quality: 0, satellites: 0; time: 0:0.21 6/1/2080; timestamp: 3471742821.481)
[DEBUG, 1510789131.7208107]: AdafruitGPSMessage(fix: False, quality: 0, satellites: 0; time: 0:0.21 6/1/2080; timestamp: 3471742821.679)
[DEBUG, 1510789131.9256778]: AdafruitGPSMessage(fix: False, quality: 0, satellites: 0; time: 0:0.21 6/1/2080; timestamp: 3471742821.881)
[DEBUG, 1510789132.120348]: AdafruitGPSMessage(fix: False, quality: 0, satellites: 0; time: 0:0.22 6/1/2080; timestamp: 3471742822.08)
[DEBUG, 1510789132.325254]: AdafruitGPSMessage(fix: False, quality: 0, satellites: 0; time: 0:0.22 6/1/2080; timestamp: 3471742822.279)
[DEBUG, 1510789132.5304048]: AdafruitGPSMessage(fix: False, quality: 0, satellites: 0; time: 0:0.22 6/1/2080; timestamp: 3471742822.481)
[DEBUG, 1510789132.7256162]: AdafruitGPSMessage(fix: False, quality: 0, satellites: 0; time: 0:0.22 6/1/2080; timestamp: 3471742822.679)
[DEBUG, 1510789132.9309604]: AdafruitGPSMessage(fix: False, quality: 0, satellites: 0; time: 0:0.22 6/1/2080; timestamp: 3471742822.881)
[DEBUG, 1510789133.1255605]: AdafruitGPSMessage(fix: False, quality: 0, satellites: 0; time: 0:0.23 6/1/2080; timestamp: 3471742823.08)
[DEBUG, 1510789133.3306844]: AdafruitGPSMessage(fix: False, quality: 0, satellites: 0; time: 0:0.23 6/1/2080; timestamp: 3471742823.279)
[DEBUG, 1510789133.5368073]: AdafruitGPSMessage(fix: False, quality: 0, satellites: 0; time: 0:0.23 6/1/2080; timestamp: 3471742823.481)
[DEBUG, 1510789133.7317038]: AdafruitGPSMessage(fix: False, quality: 0, satellites: 0; time: 0:0.23 6/1/2080; timestamp: 3471742823.679)
[DEBUG, 1510789133.9365702]: AdafruitGPSMessage(fix: False, quality: 0, satellites: 0; time: 0:0.23 6/1/2080; timestamp: 3471742823.881)
[DEBUG, 1510789134.1310935]: AdafruitGPSMessage(fix: False, quality: 0, satellites: 0; time: 0:0.24 6/1/2080; timestamp: 3471742824.08)
[DEBUG, 1510789134.337881]: AdafruitGPSMessage(fix: False, quality: 0, satellites: 0; time: 0:0.24 6/1/2080; timestamp: 3471742824.279)
[DEBUG, 1510789134.5331507]: AdafruitGPSMessage(fix: False, quality: 0, satellites: 0; time: 0:0.24 6/1/2080; timestamp: 3471742824.481)
[DEBUG, 1510789134.7385309]: AdafruitGPSMessage(fix: False, quality: 0, satellites: 0; time: 0:0.24 6/1/2080; timestamp: 3471742824.679)
[DEBUG, 1510789134.9434054]: AdafruitGPSMessage(fix: False, quality: 0, satellites: 0; time: 0:0.24 6/1/2080; timestamp: 3471742824.881)
[DEBUG, 1510789135.1380303]: AdafruitGPSMessage(fix: False, quality: 0, satellites: 0; time: 0:0.25 6/1/2080; timestamp: 3471742825.08)
[DEBUG, 1510789135.342783]: AdafruitGPSMessage(fix: False, quality: 0, satellites: 0; time: 0:0.25 6/1/2080; timestamp: 3471742825.279)
[DEBUG, 1510789135.5478888]: AdafruitGPSMessage(fix: False, quality: 0, satellites: 0; time: 0:0.25 6/1/2080; timestamp: 3471742825.481)
[DEBUG, 1510789135.7424736]: AdafruitGPSMessage(fix: False, quality: 0, satellites: 0; time: 0:0.25 6/1/2080; timestamp: 3471742825.679)
[DEBUG, 1510789135.9475741]: AdafruitGPSMessage(fix: False, quality: 0, satellites: 0; time: 23:38.55 6/1/2080; timestamp: 3471827935.484)
[DEBUG, 1510789136.1525931]: AdafruitGPSMessage(fix: False, quality: 0, satellites: 0; time: 23:38.55 9/1/2080; timestamp: 3472087135.671)
[DEBUG, 1510789136.3476925]: AdafruitGPSMessage(fix: False, quality: 0, satellites: 0; time: 23:38.55 9/1/2080; timestamp: 3472087135.875)
[DEBUG, 1510789136.553073]: AdafruitGPSMessage(fix: False, quality: 0, satellites: 0; time: 23:38.56 9/1/2080; timestamp: 3472087136.078)
[DEBUG, 1510789136.7478054]: AdafruitGPSMessage(fix: False, quality: 0, satellites: 0; time: 23:38.56 9/1/2080; timestamp: 3472087136.281)
[DEBUG, 1510789136.9530983]: AdafruitGPSMessage(fix: False, quality: 0, satellites: 0; time: 23:38.56 9/1/2080; timestamp: 3472087136.484)
[DEBUG, 1510789137.1584961]: AdafruitGPSMessage(fix: False, quality: 0, satellites: 0; time: 23:38.56 9/1/2080; timestamp: 3472087136.671)
[DEBUG, 1510789137.3540673]: AdafruitGPSMessage(fix: False, quality: 0, satellites: 0; time: 23:38.56 9/1/2080; timestamp: 3472087136.875)
[DEBUG, 1510789137.559125]: AdafruitGPSMessage(fix: False, quality: 0, satellites: 0; time: 23:38.57 9/1/2080; timestamp: 3472087137.078)
[DEBUG, 1510789137.7535667]: AdafruitGPSMessage(fix: False, quality: 0, satellites: 0; time: 23:38.57 9/1/2080; timestamp: 3472087137.281)
[DEBUG, 1510789137.9581342]: AdafruitGPSMessage(fix: False, quality: 0, satellites: 0; time: 23:38.57 9/1/2080; timestamp: 3472087137.484)
[DEBUG, 1510789138.1630197]: AdafruitGPSMessage(fix: False, quality: 0, satellites: 0; time: 23:38.57 9/1/2080; timestamp: 3472087137.703)
[DEBUG, 1510789138.3579354]: AdafruitGPSMessage(fix: False, quality: 0, satellites: 0; time: 23:38.57 9/1/2080; timestamp: 3472087137.875)
[DEBUG, 1510789138.5627635]: AdafruitGPSMessage(fix: False, quality: 0, satellites: 0; time: 23:38.58 9/1/2080; timestamp: 3472087138.078)
[DEBUG, 1510789138.767344]: AdafruitGPSMessage(fix: False, quality: 0, satellites: 0; time: 23:38.58 9/1/2080; timestamp: 3472087138.281)
[DEBUG, 1510789138.961852]: AdafruitGPSMessage(fix: False, quality: 0, satellites: 0; time: 23:38.58 9/1/2080; timestamp: 3472087138.5)
[DEBUG, 1510789139.1668196]: AdafruitGPSMessage(fix: False, quality: 0, satellites: 0; time: 23:38.58 9/1/2080; timestamp: 3472087138.671)
[DEBUG, 1510789139.3715963]: AdafruitGPSMessage(fix: False, quality: 0, satellites: 0; time: 23:38.58 9/1/2080; timestamp: 3472087138.875)
[DEBUG, 1510789139.5667934]: AdafruitGPSMessage(fix: False, quality: 0, satellites: 0; time: 23:38.59 9/1/2080; timestamp: 3472087139.078)
[DEBUG, 1510789139.7716954]: AdafruitGPSMessage(fix: False, quality: 0, satellites: 0; time: 23:38.59 9/1/2080; timestamp: 3472087139.296)
[DEBUG, 1510789139.966206]: AdafruitGPSMessage(fix: False, quality: 0, satellites: 0; time: 23:38.59 9/1/2080; timestamp: 3472087139.484)
[DEBUG, 1510789140.17126]: AdafruitGPSMessage(fix: False, quality: 0, satellites: 0; time: 23:38.59 9/1/2080; timestamp: 3472087139.671)
[log buffer end]
[AdafruitGPS @ node.py:81][DEBUG] 2017-11-15 18:39:00,172: logging message buffer (len=16432)
[AdafruitGPS @ arduino.py:188][INFO] 2017-11-15 18:39:03,185: found 15 packets in 3s (avg=5.0 packets/sec). 255 received in total (avg=5.0 packets/sec)
[AdafruitGPS @ arduino.py:188][INFO] 2017-11-15 18:39:06,202: found 15 packets in 3s (avg=5.0 packets/sec). 270 received in total (avg=5.0 packets/sec)
[AdafruitGPS @ arduino.py:188][INFO] 2017-11-15 18:39:09,220: found 15 packets in 3s (avg=5.0 packets/sec). 285 received in total (avg=5.0 packets/sec)
[AdafruitGPS @ node.py:79][DEBUG] 2017-11-15 18:39:11,861: [log buffer start]
[DEBUG, 1510789140.3664458]: AdafruitGPSMessage(fix: False, quality: 0, satellites: 0; time: 23:38.59 9/1/2080; timestamp: 3472087139.875)
[DEBUG, 1510789140.571372]: AdafruitGPSMessage(fix: False, quality: 0, satellites: 0; time: 23:39.0 9/1/2080; timestamp: 3472087140.078)
[DEBUG, 1510789140.7761486]: AdafruitGPSMessage(fix: False, quality: 0, satellites: 0; time: 23:39.0 9/1/2080; timestamp: 3472087140.281)
[DEBUG, 1510789140.9710643]: AdafruitGPSMessage(fix: False, quality: 0, satellites: 0; time: 23:39.0 9/1/2080; timestamp: 3472087140.484)
[DEBUG, 1510789141.1763353]: AdafruitGPSMessage(fix: False, quality: 0, satellites: 0; time: 23:39.0 9/1/2080; timestamp: 3472087140.671)
[DEBUG, 1510789141.371267]: AdafruitGPSMessage(fix: False, quality: 0, satellites: 0; time: 23:39.0 9/1/2080; timestamp: 3472087140.875)
[DEBUG, 1510789141.5763123]: AdafruitGPSMessage(fix: False, quality: 0, satellites: 0; time: 23:39.1 9/1/2080; timestamp: 3472087141.078)
[DEBUG, 1510789141.7811418]: AdafruitGPSMessage(fix: False, quality: 0, satellites: 0; time: 23:39.1 9/1/2080; timestamp: 3472087141.281)
[DEBUG, 1510789141.9758167]: AdafruitGPSMessage(fix: False, quality: 0, satellites: 0; time: 23:39.1 9/1/2080; timestamp: 3472087141.484)
[DEBUG, 1510789142.181061]: AdafruitGPSMessage(fix: False, quality: 0, satellites: 0; time: 23:39.1 9/1/2080; timestamp: 3472087141.671)
[DEBUG, 1510789142.37565]: AdafruitGPSMessage(fix: False, quality: 0, satellites: 0; time: 23:39.1 9/1/2080; timestamp: 3472087141.875)
[DEBUG, 1510789142.5809603]: AdafruitGPSMessage(fix: False, quality: 0, satellites: 0; time: 23:39.2 9/1/2080; timestamp: 3472087142.078)
[DEBUG, 1510789142.7860968]: AdafruitGPSMessage(fix: False, quality: 0, satellites: 0; time: 23:39.2 9/1/2080; timestamp: 3472087142.281)
[DEBUG, 1510789142.9805717]: AdafruitGPSMessage(fix: False, quality: 0, satellites: 0; time: 23:39.2 9/1/2080; timestamp: 3472087142.484)
[DEBUG, 1510789143.185536]: AdafruitGPSMessage(fix: False, quality: 0, satellites: 0; time: 23:39.2 9/1/2080; timestamp: 3472087142.671)
[DEBUG, 1510789143.3910522]: AdafruitGPSMessage(fix: False, quality: 0, satellites: 0; time: 23:39.2 9/1/2080; timestamp: 3472087142.875)
[DEBUG, 1510789143.5860639]: AdafruitGPSMessage(fix: False, quality: 0, satellites: 0; time: 23:39.3 9/1/2080; timestamp: 3472087143.078)
[DEBUG, 1510789143.7912352]: AdafruitGPSMessage(fix: False, quality: 0, satellites: 0; time: 23:39.3 9/1/2080; timestamp: 3472087143.281)
[DEBUG, 1510789143.9860938]: AdafruitGPSMessage(fix: False, quality: 0, satellites: 0; time: 23:39.3 9/1/2080; timestamp: 3472087143.484)
[DEBUG, 1510789144.191032]: AdafruitGPSMessage(fix: False, quality: 0, satellites: 0; time: 23:39.3 9/1/2080; timestamp: 3472087143.671)
[DEBUG, 1510789144.3957422]: AdafruitGPSMessage(fix: False, quality: 0, satellites: 0; time: 23:39.3 9/1/2080; timestamp: 3472087143.875)
[DEBUG, 1510789144.5908322]: AdafruitGPSMessage(fix: False, quality: 0, satellites: 0; time: 23:39.4 9/1/2080; timestamp: 3472087144.078)
[DEBUG, 1510789144.7958946]: AdafruitGPSMessage(fix: False, quality: 0, satellites: 0; time: 23:39.4 9/1/2080; timestamp: 3472087144.281)
[DEBUG, 1510789144.9905632]: AdafruitGPSMessage(fix: False, quality: 0, satellites: 0; time: 23:39.4 9/1/2080; timestamp: 3472087144.484)
[DEBUG, 1510789145.1953866]: AdafruitGPSMessage(fix: False, quality: 0, satellites: 0; time: 23:39.4 9/1/2080; timestamp: 3472087144.671)
[DEBUG, 1510789145.4006546]: AdafruitGPSMessage(fix: False, quality: 0, satellites: 0; time: 23:39.4 9/1/2080; timestamp: 3472087144.875)
[DEBUG, 1510789145.5970528]: AdafruitGPSMessage(fix: False, quality: 0, satellites: 0; time: 23:39.5 9/1/2080; timestamp: 3472087145.078)
[DEBUG, 1510789145.8022723]: AdafruitGPSMessage(fix: False, quality: 0, satellites: 0; time: 23:39.5 9/1/2080; timestamp: 3472087145.281)
[DEBUG, 1510789145.9968576]: AdafruitGPSMessage(fix: False, quality: 0, satellites: 0; time: 23:39.5 9/1/2080; timestamp: 3472087145.484)
[DEBUG, 1510789146.201879]: AdafruitGPSMessage(fix: False, quality: 0, satellites: 0; time: 23:39.5 9/1/2080; timestamp: 3472087145.671)
[DEBUG, 1510789146.407462]: AdafruitGPSMessage(fix: False, quality: 0, satellites: 0; time: 23:39.5 9/1/2080; timestamp: 3472087145.875)
[DEBUG, 1510789146.6020706]: AdafruitGPSMessage(fix: False, quality: 0, satellites: 0; time: 23:39.6 9/1/2080; timestamp: 3472087146.078)
[DEBUG, 1510789146.8070414]: AdafruitGPSMessage(fix: False, quality: 0, satellites: 0; time: 23:39.6 9/1/2080; timestamp: 3472087146.281)
[DEBUG, 1510789147.002054]: AdafruitGPSMessage(fix: False, quality: 0, satellites: 0; time: 23:39.6 9/1/2080; timestamp: 3472087146.484)
[DEBUG, 1510789147.2073538]: AdafruitGPSMessage(fix: False, quality: 0, satellites: 0; time: 23:39.6 9/1/2080; timestamp: 3472087146.671)
[DEBUG, 1510789147.402165]: AdafruitGPSMessage(fix: False, quality: 0, satellites: 0; time: 23:39.6 9/1/2080; timestamp: 3472087146.875)
[DEBUG, 1510789147.6073897]: AdafruitGPSMessage(fix: False, quality: 0, satellites: 0; time: 23:39.7 9/1/2080; timestamp: 3472087147.078)
[DEBUG, 1510789147.8124783]: AdafruitGPSMessage(fix: False, quality: 0, satellites: 0; time: 23:39.7 9/1/2080; timestamp: 3472087147.281)
[DEBUG, 1510789148.0075595]: AdafruitGPSMessage(fix: False, quality: 0, satellites: 0; time: 23:39.7 9/1/2080; timestamp: 3472087147.484)
[DEBUG, 1510789148.2131643]: AdafruitGPSMessage(fix: False, quality: 0, satellites: 0; time: 23:39.7 9/1/2080; timestamp: 3472087147.671)
[DEBUG, 1510789148.4085412]: AdafruitGPSMessage(fix: False, quality: 0, satellites: 0; time: 23:39.7 9/1/2080; timestamp: 3472087147.875)
[DEBUG, 1510789148.61448]: AdafruitGPSMessage(fix: False, quality: 0, satellites: 0; time: 23:39.8 9/1/2080; timestamp: 3472087148.078)
[DEBUG, 1510789148.8096712]: AdafruitGPSMessage(fix: False, quality: 0, satellites: 0; time: 23:39.8 9/1/2080; timestamp: 3472087148.281)
[DEBUG, 1510789149.0153363]: AdafruitGPSMessage(fix: False, quality: 0, satellites: 0; time: 23:39.8 9/1/2080; timestamp: 3472087148.484)
[DEBUG, 1510789149.2204916]: AdafruitGPSMessage(fix: False, quality: 0, satellites: 0; time: 23:39.8 9/1/2080; timestamp: 3472087148.671)
[DEBUG, 1510789149.41617]: AdafruitGPSMessage(fix: False, quality: 0, satellites: 0; time: 23:39.8 9/1/2080; timestamp: 3472087148.875)
[DEBUG, 1510789149.621576]: AdafruitGPSMessage(fix: False, quality: 0, satellites: 0; time: 23:39.9 9/1/2080; timestamp: 3472087149.078)
[DEBUG, 1510789149.816601]: AdafruitGPSMessage(fix: False, quality: 0, satellites: 0; time: 23:39.9 9/1/2080; timestamp: 3472087149.281)
[DEBUG, 1510789150.0224483]: AdafruitGPSMessage(fix: False, quality: 0, satellites: 0; time: 23:39.9 9/1/2080; timestamp: 3472087149.484)
[DEBUG, 1510789150.2173846]: AdafruitGPSMessage(fix: False, quality: 0, satellites: 0; time: 23:39.9 9/1/2080; timestamp: 3472087149.671)
[DEBUG, 1510789150.423247]: AdafruitGPSMessage(fix: False, quality: 0, satellites: 0; time: 23:39.9 9/1/2080; timestamp: 3472087149.875)
[DEBUG, 1510789150.628492]: AdafruitGPSMessage(fix: False, quality: 0, satellites: 0; time: 23:39.10 9/1/2080; timestamp: 3472087150.078)
[DEBUG, 1510789150.8241708]: AdafruitGPSMessage(fix: False, quality: 0, satellites: 0; time: 23:39.10 9/1/2080; timestamp: 3472087150.281)
[DEBUG, 1510789151.0299065]: AdafruitGPSMessage(fix: False, quality: 0, satellites: 0; time: 23:39.10 9/1/2080; timestamp: 3472087150.484)
[DEBUG, 1510789151.2249665]: AdafruitGPSMessage(fix: False, quality: 0, satellites: 0; time: 23:39.10 9/1/2080; timestamp: 3472087150.671)
[DEBUG, 1510789151.4306989]: AdafruitGPSMessage(fix: False, quality: 0, satellites: 0; time: 23:39.10 9/1/2080; timestamp: 3472087150.875)
[DEBUG, 1510789151.6258404]: AdafruitGPSMessage(fix: False, quality: 0, satellites: 0; time: 23:39.11 9/1/2080; timestamp: 3472087151.078)
[DEBUG, 1510789151.830902]: AdafruitGPSMessage(fix: False, quality: 0, satellites: 0; time: 23:39.11 9/1/2080; timestamp: 3472087151.281)
[log buffer end]
[AdafruitGPS @ node.py:81][DEBUG] 2017-11-15 18:39:11,861: logging message buffer (len=8027)
[AdafruitGPS @ node.py:102][INFO] 2017-11-15 18:39:11,862: Node took 62.6201696395874s to run
[AdafruitGPS @ generic.py:69][INFO] 2017-11-15 18:39:11,865: Tearing down device
[AdafruitGPS @ arduino.py:214][INFO] 2017-11-15 18:39:11,872: Closing down device port
[AdafruitGPS @ arduino.py:217][INFO] 2017-11-15 18:39:11,873: Device process stopped
