[AdafruitGPS @ factory.py:85][DEBUG] 2017-11-15 18:34:23,776: Logging to: logs/2017_Nov_15/AdafruitGPS/18_34_23.log
[AdafruitGPS @ arduino.py:88][INFO] 2017-11-15 18:34:28,738: configuring done. Finding whoiam=Adafruit-GPS
[AdafruitGPS @ arduino.py:55][INFO] 2017-11-15 18:34:28,739: Adafruit-GPS's setup complete
[AdafruitGPS @ arduino.py:149][INFO] 2017-11-15 18:34:30,074: Device named 'Adafruit-GPS' at '/dev/ttyUSB0' is now at baud rate '9600'
[AdafruitGPS @ arduino.py:159][INFO] 2017-11-15 18:34:30,076: Device has started!
[AdafruitGPS @ arduino.py:160][INFO] 2017-11-15 18:34:30,077: init packet: 5
[AdafruitGPS @ adafruit_gps.py:188][WARNING] 2017-11-15 18:34:30,394: Invalid message 'AdafruitGPSMessage(fix: False, quality: 0, satellites: 0; time: 0:0.0 0/0/200; timestamp: 1510788870.3933167)'
month must be in 1..12
[AdafruitGPS @ adafruit_gps.py:188][WARNING] 2017-11-15 18:34:30,589: Invalid message 'AdafruitGPSMessage(fix: False, quality: 0, satellites: 0; time: 0:0.0 0/0/200; timestamp: 1510788870.589302)'
month must be in 1..12
[AdafruitGPS @ adafruit_gps.py:188][WARNING] 2017-11-15 18:34:30,795: Invalid message 'AdafruitGPSMessage(fix: False, quality: 0, satellites: 0; time: 0:0.0 0/0/200; timestamp: 1510788870.7949986)'
month must be in 1..12
[AdafruitGPS @ adafruit_gps.py:188][WARNING] 2017-11-15 18:34:31,001: Invalid message 'AdafruitGPSMessage(fix: False, quality: 0, satellites: 0; time: 0:0.0 0/0/200; timestamp: 1510788871.0006301)'
month must be in 1..12
[AdafruitGPS @ arduino.py:188][INFO] 2017-11-15 18:34:33,222: found 15 packets in 3s (avg=5.0 packets/sec). 15 received in total (avg=4.8 packets/sec)
[AdafruitGPS @ arduino.py:188][INFO] 2017-11-15 18:34:36,246: found 15 packets in 3s (avg=5.0 packets/sec). 30 received in total (avg=4.9 packets/sec)
[AdafruitGPS @ arduino.py:188][INFO] 2017-11-15 18:34:39,270: found 15 packets in 3s (avg=5.0 packets/sec). 45 received in total (avg=4.9 packets/sec)
[AdafruitGPS @ arduino.py:188][INFO] 2017-11-15 18:34:42,300: found 15 packets in 3s (avg=5.0 packets/sec). 60 received in total (avg=4.9 packets/sec)
[AdafruitGPS @ arduino.py:188][INFO] 2017-11-15 18:34:45,324: found 15 packets in 3s (avg=5.0 packets/sec). 75 received in total (avg=4.9 packets/sec)
[AdafruitGPS @ arduino.py:188][INFO] 2017-11-15 18:34:48,346: found 15 packets in 3s (avg=5.0 packets/sec). 90 received in total (avg=4.9 packets/sec)
[AdafruitGPS @ arduino.py:188][INFO] 2017-11-15 18:34:51,381: found 15 packets in 3s (avg=5.0 packets/sec). 105 received in total (avg=4.9 packets/sec)
[AdafruitGPS @ node.py:79][DEBUG] 2017-11-15 18:34:54,198: [log buffer start]
[DEBUG, 1510788870.3933167]: AdafruitGPSMessage(fix: False, quality: 0, satellites: 0; time: 0:0.0 0/0/200; timestamp: 1510788870.3933167)
[DEBUG, 1510788870.589302]: AdafruitGPSMessage(fix: False, quality: 0, satellites: 0; time: 0:0.0 0/0/200; timestamp: 1510788870.589302)
[DEBUG, 1510788870.7949986]: AdafruitGPSMessage(fix: False, quality: 0, satellites: 0; time: 0:0.0 0/0/200; timestamp: 1510788870.7949986)
[DEBUG, 1510788871.0006301]: AdafruitGPSMessage(fix: False, quality: 0, satellites: 0; time: 0:0.0 0/0/200; timestamp: 1510788871.0006301)
[DEBUG, 1510788871.2063348]: AdafruitGPSMessage(fix: False, quality: 0, satellites: 0; time: 23:59.42 5/1/2080; timestamp: 3471742782.796)
[DEBUG, 1510788871.4014943]: AdafruitGPSMessage(fix: False, quality: 0, satellites: 0; time: 23:59.43 5/1/2080; timestamp: 3471742783.0)
[DEBUG, 1510788871.6071043]: AdafruitGPSMessage(fix: False, quality: 0, satellites: 0; time: 23:59.43 5/1/2080; timestamp: 3471742783.203)
[DEBUG, 1510788871.812679]: AdafruitGPSMessage(fix: False, quality: 0, satellites: 0; time: 23:59.43 5/1/2080; timestamp: 3471742783.375)
[DEBUG, 1510788872.0086162]: AdafruitGPSMessage(fix: False, quality: 0, satellites: 0; time: 23:59.43 5/1/2080; timestamp: 3471742783.609)
[DEBUG, 1510788872.2146091]: AdafruitGPSMessage(fix: False, quality: 0, satellites: 0; time: 23:59.43 5/1/2080; timestamp: 3471742783.796)
[DEBUG, 1510788872.4100604]: AdafruitGPSMessage(fix: False, quality: 0, satellites: 0; time: 23:59.44 5/1/2080; timestamp: 3471742784.0)
[DEBUG, 1510788872.6162865]: AdafruitGPSMessage(fix: False, quality: 0, satellites: 0; time: 23:59.44 5/1/2080; timestamp: 3471742784.171)
[DEBUG, 1510788872.8216655]: AdafruitGPSMessage(fix: False, quality: 0, satellites: 0; time: 23:59.44 5/1/2080; timestamp: 3471742784.406)
[DEBUG, 1510788873.0172954]: AdafruitGPSMessage(fix: False, quality: 0, satellites: 0; time: 23:59.44 5/1/2080; timestamp: 3471742784.609)
[DEBUG, 1510788873.2227592]: AdafruitGPSMessage(fix: False, quality: 0, satellites: 0; time: 23:59.44 5/1/2080; timestamp: 3471742784.796)
[DEBUG, 1510788873.4183192]: AdafruitGPSMessage(fix: False, quality: 0, satellites: 0; time: 23:59.44 5/1/2080; timestamp: 3471742784.984)
[DEBUG, 1510788873.6240323]: AdafruitGPSMessage(fix: False, quality: 0, satellites: 0; time: 23:59.45 5/1/2080; timestamp: 3471742785.203)
[DEBUG, 1510788873.8299842]: AdafruitGPSMessage(fix: False, quality: 0, satellites: 0; time: 23:59.45 5/1/2080; timestamp: 3471742785.375)
[DEBUG, 1510788874.0256734]: AdafruitGPSMessage(fix: False, quality: 0, satellites: 0; time: 23:59.45 5/1/2080; timestamp: 3471742785.609)
[DEBUG, 1510788874.2311862]: AdafruitGPSMessage(fix: False, quality: 0, satellites: 0; time: 23:59.45 5/1/2080; timestamp: 3471742785.781)
[DEBUG, 1510788874.4264212]: AdafruitGPSMessage(fix: False, quality: 0, satellites: 0; time: 23:59.46 5/1/2080; timestamp: 3471742786.0)
[DEBUG, 1510788874.6319108]: AdafruitGPSMessage(fix: False, quality: 0, satellites: 0; time: 23:59.46 5/1/2080; timestamp: 3471742786.203)
[DEBUG, 1510788874.8370132]: AdafruitGPSMessage(fix: False, quality: 0, satellites: 0; time: 23:59.46 5/1/2080; timestamp: 3471742786.406)
[DEBUG, 1510788875.0425813]: AdafruitGPSMessage(fix: False, quality: 0, satellites: 0; time: 23:59.46 5/1/2080; timestamp: 3471742786.578)
[DEBUG, 1510788875.2381914]: AdafruitGPSMessage(fix: False, quality: 0, satellites: 0; time: 23:59.46 5/1/2080; timestamp: 3471742786.796)
[DEBUG, 1510788875.4334793]: AdafruitGPSMessage(fix: False, quality: 0, satellites: 0; time: 23:59.47 5/1/2080; timestamp: 3471742787.0)
[DEBUG, 1510788875.6392446]: AdafruitGPSMessage(fix: False, quality: 0, satellites: 0; time: 23:59.47 5/1/2080; timestamp: 3471742787.203)
[DEBUG, 1510788875.8451343]: AdafruitGPSMessage(fix: False, quality: 0, satellites: 0; time: 23:59.47 5/1/2080; timestamp: 3471742787.375)
[DEBUG, 1510788876.0508766]: AdafruitGPSMessage(fix: False, quality: 0, satellites: 0; time: 23:59.47 5/1/2080; timestamp: 3471742787.609)
[DEBUG, 1510788876.246411]: AdafruitGPSMessage(fix: False, quality: 0, satellites: 0; time: 23:59.47 5/1/2080; timestamp: 3471742787.781)
[DEBUG, 1510788876.4524052]: AdafruitGPSMessage(fix: False, quality: 0, satellites: 0; time: 23:59.48 5/1/2080; timestamp: 3471742788.0)
[DEBUG, 1510788876.6483533]: AdafruitGPSMessage(fix: False, quality: 0, satellites: 0; time: 23:59.48 5/1/2080; timestamp: 3471742788.171)
[DEBUG, 1510788876.854338]: AdafruitGPSMessage(fix: False, quality: 0, satellites: 0; time: 23:59.48 5/1/2080; timestamp: 3471742788.406)
[DEBUG, 1510788877.0495598]: AdafruitGPSMessage(fix: False, quality: 0, satellites: 0; time: 23:59.48 5/1/2080; timestamp: 3471742788.578)
[DEBUG, 1510788877.2548919]: AdafruitGPSMessage(fix: False, quality: 0, satellites: 0; time: 23:59.48 5/1/2080; timestamp: 3471742788.796)
[DEBUG, 1510788877.460659]: AdafruitGPSMessage(fix: False, quality: 0, satellites: 0; time: 23:59.48 5/1/2080; timestamp: 3471742788.984)
[DEBUG, 1510788877.6560404]: AdafruitGPSMessage(fix: False, quality: 0, satellites: 0; time: 23:59.49 5/1/2080; timestamp: 3471742789.203)
[DEBUG, 1510788877.861242]: AdafruitGPSMessage(fix: False, quality: 0, satellites: 0; time: 23:59.49 5/1/2080; timestamp: 3471742789.406)
[DEBUG, 1510788878.0668724]: AdafruitGPSMessage(fix: False, quality: 0, satellites: 0; time: 23:59.49 5/1/2080; timestamp: 3471742789.609)
[DEBUG, 1510788878.262256]: AdafruitGPSMessage(fix: False, quality: 0, satellites: 0; time: 23:59.49 5/1/2080; timestamp: 3471742789.781)
[DEBUG, 1510788878.4684258]: AdafruitGPSMessage(fix: False, quality: 0, satellites: 0; time: 23:59.50 5/1/2080; timestamp: 3471742790.0)
[DEBUG, 1510788878.6639667]: AdafruitGPSMessage(fix: False, quality: 0, satellites: 0; time: 23:59.50 5/1/2080; timestamp: 3471742790.171)
[DEBUG, 1510788878.869623]: AdafruitGPSMessage(fix: False, quality: 0, satellites: 0; time: 23:59.50 5/1/2080; timestamp: 3471742790.406)
[DEBUG, 1510788879.0752683]: AdafruitGPSMessage(fix: False, quality: 0, satellites: 0; time: 23:59.50 5/1/2080; timestamp: 3471742790.578)
[DEBUG, 1510788879.2701714]: AdafruitGPSMessage(fix: False, quality: 0, satellites: 0; time: 23:59.50 5/1/2080; timestamp: 3471742790.796)
[DEBUG, 1510788879.4759567]: AdafruitGPSMessage(fix: False, quality: 0, satellites: 0; time: 23:59.51 5/1/2080; timestamp: 3471742791.0)
[DEBUG, 1510788879.6713574]: AdafruitGPSMessage(fix: False, quality: 0, satellites: 0; time: 23:59.51 5/1/2080; timestamp: 3471742791.203)
[DEBUG, 1510788879.8764586]: AdafruitGPSMessage(fix: False, quality: 0, satellites: 0; time: 23:59.51 5/1/2080; timestamp: 3471742791.375)
[DEBUG, 1510788880.082489]: AdafruitGPSMessage(fix: False, quality: 0, satellites: 0; time: 23:59.51 5/1/2080; timestamp: 3471742791.609)
[DEBUG, 1510788880.281883]: AdafruitGPSMessage(fix: False, quality: 0, satellites: 0; time: 23:59.51 5/1/2080; timestamp: 3471742791.796)
[DEBUG, 1510788880.4796553]: AdafruitGPSMessage(fix: False, quality: 0, satellites: 0; time: 23:59.52 5/1/2080; timestamp: 3471742792.0)
[DEBUG, 1510788880.68503]: AdafruitGPSMessage(fix: False, quality: 0, satellites: 0; time: 23:59.52 5/1/2080; timestamp: 3471742792.171)
[DEBUG, 1510788880.8809843]: AdafruitGPSMessage(fix: False, quality: 0, satellites: 0; time: 23:59.52 5/1/2080; timestamp: 3471742792.406)
[DEBUG, 1510788881.087096]: AdafruitGPSMessage(fix: False, quality: 0, satellites: 0; time: 23:59.52 5/1/2080; timestamp: 3471742792.578)
[DEBUG, 1510788881.2930098]: AdafruitGPSMessage(fix: False, quality: 0, satellites: 0; time: 23:59.52 5/1/2080; timestamp: 3471742792.796)
[DEBUG, 1510788881.4882994]: AdafruitGPSMessage(fix: False, quality: 0, satellites: 0; time: 23:59.52 5/1/2080; timestamp: 3471742792.984)
[DEBUG, 1510788881.693848]: AdafruitGPSMessage(fix: False, quality: 0, satellites: 0; time: 23:59.53 5/1/2080; timestamp: 3471742793.203)
[DEBUG, 1510788881.8893657]: AdafruitGPSMessage(fix: False, quality: 0, satellites: 0; time: 23:59.53 5/1/2080; timestamp: 3471742793.406)
[DEBUG, 1510788882.0949097]: AdafruitGPSMessage(fix: False, quality: 0, satellites: 0; time: 23:59.53 5/1/2080; timestamp: 3471742793.609)
[DEBUG, 1510788882.3008246]: AdafruitGPSMessage(fix: False, quality: 0, satellites: 0; time: 23:59.53 5/1/2080; timestamp: 3471742793.781)
[DEBUG, 1510788882.496564]: AdafruitGPSMessage(fix: False, quality: 0, satellites: 0; time: 23:59.53 5/1/2080; timestamp: 3471742793.953)
[DEBUG, 1510788882.7021763]: AdafruitGPSMessage(fix: False, quality: 0, satellites: 0; time: 23:59.54 5/1/2080; timestamp: 3471742794.156)
[DEBUG, 1510788882.9079607]: AdafruitGPSMessage(fix: False, quality: 0, satellites: 0; time: 23:59.54 5/1/2080; timestamp: 3471742794.546)
[DEBUG, 1510788883.1138434]: AdafruitGPSMessage(fix: False, quality: 0, satellites: 0; time: 23:59.54 5/1/2080; timestamp: 3471742794.75)
[DEBUG, 1510788883.3090708]: AdafruitGPSMessage(fix: False, quality: 0, satellites: 0; time: 23:59.54 5/1/2080; timestamp: 3471742794.953)
[DEBUG, 1510788883.514815]: AdafruitGPSMessage(fix: False, quality: 0, satellites: 0; time: 23:59.55 5/1/2080; timestamp: 3471742795.156)
[DEBUG, 1510788883.7201848]: AdafruitGPSMessage(fix: False, quality: 0, satellites: 0; time: 23:34.43 5/1/2080; timestamp: 3471741283.484)
[DEBUG, 1510788883.915345]: AdafruitGPSMessage(fix: False, quality: 0, satellites: 0; time: 23:34.43 9/1/2080; timestamp: 3472086883.671)
[DEBUG, 1510788884.1208763]: AdafruitGPSMessage(fix: False, quality: 0, satellites: 0; time: 23:34.43 9/1/2080; timestamp: 3472086883.875)
[DEBUG, 1510788884.3158298]: AdafruitGPSMessage(fix: False, quality: 0, satellites: 0; time: 23:34.44 9/1/2080; timestamp: 3472086884.078)
[DEBUG, 1510788884.5211697]: AdafruitGPSMessage(fix: False, quality: 0, satellites: 0; time: 23:34.44 9/1/2080; timestamp: 3472086884.281)
[DEBUG, 1510788884.7273242]: AdafruitGPSMessage(fix: False, quality: 0, satellites: 0; time: 23:34.44 9/1/2080; timestamp: 3472086884.484)
[DEBUG, 1510788884.923048]: AdafruitGPSMessage(fix: False, quality: 0, satellites: 0; time: 23:34.44 9/1/2080; timestamp: 3472086884.671)
[DEBUG, 1510788885.1294458]: AdafruitGPSMessage(fix: False, quality: 0, satellites: 0; time: 23:34.44 9/1/2080; timestamp: 3472086884.875)
[DEBUG, 1510788885.3247998]: AdafruitGPSMessage(fix: False, quality: 0, satellites: 0; time: 23:34.45 9/1/2080; timestamp: 3472086885.078)
[DEBUG, 1510788885.5305815]: AdafruitGPSMessage(fix: False, quality: 0, satellites: 0; time: 23:34.45 9/1/2080; timestamp: 3472086885.281)
[DEBUG, 1510788885.7361722]: AdafruitGPSMessage(fix: False, quality: 0, satellites: 0; time: 23:34.45 9/1/2080; timestamp: 3472086885.484)
[DEBUG, 1510788885.9314835]: AdafruitGPSMessage(fix: False, quality: 0, satellites: 0; time: 23:34.45 9/1/2080; timestamp: 3472086885.703)
[DEBUG, 1510788886.1368976]: AdafruitGPSMessage(fix: False, quality: 0, satellites: 0; time: 23:34.45 9/1/2080; timestamp: 3472086885.875)
[DEBUG, 1510788886.3318126]: AdafruitGPSMessage(fix: False, quality: 0, satellites: 0; time: 23:34.46 9/1/2080; timestamp: 3472086886.078)
[DEBUG, 1510788886.5374742]: AdafruitGPSMessage(fix: False, quality: 0, satellites: 0; time: 23:34.46 9/1/2080; timestamp: 3472086886.281)
[DEBUG, 1510788886.7434392]: AdafruitGPSMessage(fix: False, quality: 0, satellites: 0; time: 23:34.46 9/1/2080; timestamp: 3472086886.5)
[DEBUG, 1510788886.9386244]: AdafruitGPSMessage(fix: False, quality: 0, satellites: 0; time: 23:34.46 9/1/2080; timestamp: 3472086886.671)
[DEBUG, 1510788887.1443381]: AdafruitGPSMessage(fix: False, quality: 0, satellites: 0; time: 23:34.46 9/1/2080; timestamp: 3472086886.875)
[DEBUG, 1510788887.3394065]: AdafruitGPSMessage(fix: False, quality: 0, satellites: 0; time: 23:34.47 9/1/2080; timestamp: 3472086887.078)
[DEBUG, 1510788887.5451458]: AdafruitGPSMessage(fix: False, quality: 0, satellites: 0; time: 23:34.47 9/1/2080; timestamp: 3472086887.296)
[DEBUG, 1510788887.750805]: AdafruitGPSMessage(fix: False, quality: 0, satellites: 0; time: 23:34.47 9/1/2080; timestamp: 3472086887.484)
[DEBUG, 1510788887.9459734]: AdafruitGPSMessage(fix: False, quality: 0, satellites: 0; time: 23:34.47 9/1/2080; timestamp: 3472086887.671)
[DEBUG, 1510788888.1516542]: AdafruitGPSMessage(fix: False, quality: 0, satellites: 0; time: 23:34.47 9/1/2080; timestamp: 3472086887.875)
[DEBUG, 1510788888.3467705]: AdafruitGPSMessage(fix: False, quality: 0, satellites: 0; time: 23:34.48 9/1/2080; timestamp: 3472086888.078)
[DEBUG, 1510788888.5532584]: AdafruitGPSMessage(fix: False, quality: 0, satellites: 0; time: 23:34.48 9/1/2080; timestamp: 3472086888.125)
[DEBUG, 1510788888.748771]: AdafruitGPSMessage(fix: False, quality: 0, satellites: 0; time: 23:34.48 9/1/2080; timestamp: 3472086888.328)
[DEBUG, 1510788888.9546287]: AdafruitGPSMessage(fix: False, quality: 0, satellites: 0; time: 23:34.48 9/1/2080; timestamp: 3472086888.531)
[DEBUG, 1510788889.1599746]: AdafruitGPSMessage(fix: False, quality: 0, satellites: 0; time: 23:34.48 9/1/2080; timestamp: 3472086888.734)
[DEBUG, 1510788889.3554842]: AdafruitGPSMessage(fix: False, quality: 0, satellites: 0; time: 23:34.48 9/1/2080; timestamp: 3472086888.921)
[DEBUG, 1510788889.561178]: AdafruitGPSMessage(fix: False, quality: 0, satellites: 0; time: 23:34.49 9/1/2080; timestamp: 3472086889.125)
[DEBUG, 1510788889.7563941]: AdafruitGPSMessage(fix: False, quality: 0, satellites: 0; time: 23:34.49 9/1/2080; timestamp: 3472086889.328)
[DEBUG, 1510788889.9618614]: AdafruitGPSMessage(fix: False, quality: 0, satellites: 0; time: 23:34.49 9/1/2080; timestamp: 3472086889.531)
[DEBUG, 1510788890.1668944]: AdafruitGPSMessage(fix: False, quality: 0, satellites: 0; time: 23:34.49 9/1/2080; timestamp: 3472086889.734)
[DEBUG, 1510788890.3626034]: AdafruitGPSMessage(fix: False, quality: 0, satellites: 0; time: 23:34.49 9/1/2080; timestamp: 3472086889.921)
[DEBUG, 1510788890.568097]: AdafruitGPSMessage(fix: False, quality: 0, satellites: 0; time: 23:34.50 9/1/2080; timestamp: 3472086890.328)
[DEBUG, 1510788890.7742474]: AdafruitGPSMessage(fix: False, quality: 0, satellites: 0; time: 23:34.50 9/1/2080; timestamp: 3472086890.531)
[DEBUG, 1510788890.9797943]: AdafruitGPSMessage(fix: False, quality: 0, satellites: 0; time: 23:34.50 9/1/2080; timestamp: 3472086890.734)
[DEBUG, 1510788891.1754775]: AdafruitGPSMessage(fix: False, quality: 0, satellites: 0; time: 23:34.50 9/1/2080; timestamp: 3472086890.921)
[DEBUG, 1510788891.3810709]: AdafruitGPSMessage(fix: False, quality: 0, satellites: 0; time: 23:34.51 9/1/2080; timestamp: 3472086891.125)
[DEBUG, 1510788891.5867245]: AdafruitGPSMessage(fix: False, quality: 0, satellites: 0; time: 23:34.51 9/1/2080; timestamp: 3472086891.328)
[DEBUG, 1510788891.7819624]: AdafruitGPSMessage(fix: False, quality: 0, satellites: 0; time: 23:34.51 9/1/2080; timestamp: 3472086891.531)
[DEBUG, 1510788891.9873765]: AdafruitGPSMessage(fix: False, quality: 0, satellites: 0; time: 23:34.51 9/1/2080; timestamp: 3472086891.734)
[DEBUG, 1510788892.1825006]: AdafruitGPSMessage(fix: False, quality: 0, satellites: 0; time: 23:34.51 9/1/2080; timestamp: 3472086891.921)
[DEBUG, 1510788892.3882837]: AdafruitGPSMessage(fix: False, quality: 0, satellites: 0; time: 23:34.52 9/1/2080; timestamp: 3472086892.125)
[DEBUG, 1510788892.583714]: AdafruitGPSMessage(fix: False, quality: 0, satellites: 0; time: 23:34.52 9/1/2080; timestamp: 3472086892.328)
[DEBUG, 1510788892.7891574]: AdafruitGPSMessage(fix: False, quality: 0, satellites: 0; time: 23:34.52 9/1/2080; timestamp: 3472086892.531)
[DEBUG, 1510788892.9944441]: AdafruitGPSMessage(fix: False, quality: 0, satellites: 0; time: 23:34.52 9/1/2080; timestamp: 3472086892.734)
[DEBUG, 1510788893.1898384]: AdafruitGPSMessage(fix: False, quality: 0, satellites: 0; time: 23:34.52 9/1/2080; timestamp: 3472086892.921)
[DEBUG, 1510788893.3959591]: AdafruitGPSMessage(fix: False, quality: 0, satellites: 0; time: 23:34.53 9/1/2080; timestamp: 3472086893.125)
[DEBUG, 1510788893.6019275]: AdafruitGPSMessage(fix: False, quality: 0, satellites: 0; time: 23:34.53 9/1/2080; timestamp: 3472086893.328)
[DEBUG, 1510788893.7971647]: AdafruitGPSMessage(fix: False, quality: 0, satellites: 0; time: 23:34.53 9/1/2080; timestamp: 3472086893.531)
[DEBUG, 1510788894.0026233]: AdafruitGPSMessage(fix: False, quality: 0, satellites: 0; time: 23:34.53 9/1/2080; timestamp: 3472086893.734)
[DEBUG, 1510788894.1978233]: AdafruitGPSMessage(fix: False, quality: 0, satellites: 0; time: 23:34.53 9/1/2080; timestamp: 3472086893.921)
[log buffer end]
[AdafruitGPS @ node.py:81][DEBUG] 2017-11-15 18:34:54,199: logging message buffer (len=16533)
[AdafruitGPS @ arduino.py:188][INFO] 2017-11-15 18:34:54,403: found 15 packets in 3s (avg=5.0 packets/sec). 120 received in total (avg=4.9 packets/sec)
[AdafruitGPS @ arduino.py:188][INFO] 2017-11-15 18:34:57,426: found 15 packets in 3s (avg=5.0 packets/sec). 135 received in total (avg=4.9 packets/sec)
[AdafruitGPS @ arduino.py:188][INFO] 2017-11-15 18:35:00,441: found 15 packets in 3s (avg=5.0 packets/sec). 150 received in total (avg=4.9 packets/sec)
[AdafruitGPS @ arduino.py:188][INFO] 2017-11-15 18:35:03,469: found 15 packets in 3s (avg=5.0 packets/sec). 165 received in total (avg=4.9 packets/sec)
[AdafruitGPS @ arduino.py:188][INFO] 2017-11-15 18:35:06,484: found 15 packets in 3s (avg=5.0 packets/sec). 180 received in total (avg=4.9 packets/sec)
[AdafruitGPS @ arduino.py:188][INFO] 2017-11-15 18:35:09,504: found 15 packets in 3s (avg=5.0 packets/sec). 195 received in total (avg=4.9 packets/sec)
[AdafruitGPS @ arduino.py:188][INFO] 2017-11-15 18:35:12,524: found 15 packets in 3s (avg=5.0 packets/sec). 210 received in total (avg=4.9 packets/sec)
[AdafruitGPS @ arduino.py:188][INFO] 2017-11-15 18:35:15,544: found 15 packets in 3s (avg=5.0 packets/sec). 225 received in total (avg=4.9 packets/sec)
[AdafruitGPS @ node.py:79][DEBUG] 2017-11-15 18:35:17,957: [log buffer start]
[DEBUG, 1510788894.4033139]: AdafruitGPSMessage(fix: False, quality: 0, satellites: 0; time: 23:34.54 9/1/2080; timestamp: 3472086894.109)
[DEBUG, 1510788894.5991023]: AdafruitGPSMessage(fix: False, quality: 0, satellites: 0; time: 23:34.54 9/1/2080; timestamp: 3472086894.328)
[DEBUG, 1510788894.804377]: AdafruitGPSMessage(fix: False, quality: 0, satellites: 0; time: 23:34.54 9/1/2080; timestamp: 3472086894.531)
[DEBUG, 1510788895.0098817]: AdafruitGPSMessage(fix: False, quality: 0, satellites: 0; time: 23:34.54 9/1/2080; timestamp: 3472086894.734)
[DEBUG, 1510788895.2053401]: AdafruitGPSMessage(fix: False, quality: 0, satellites: 0; time: 23:34.54 9/1/2080; timestamp: 3472086894.921)
[DEBUG, 1510788895.4107838]: AdafruitGPSMessage(fix: False, quality: 0, satellites: 0; time: 23:34.55 9/1/2080; timestamp: 3472086895.125)
[DEBUG, 1510788895.606023]: AdafruitGPSMessage(fix: False, quality: 0, satellites: 0; time: 23:34.55 9/1/2080; timestamp: 3472086895.328)
[DEBUG, 1510788895.8112564]: AdafruitGPSMessage(fix: False, quality: 0, satellites: 0; time: 23:34.55 9/1/2080; timestamp: 3472086895.531)
[DEBUG, 1510788896.016747]: AdafruitGPSMessage(fix: False, quality: 0, satellites: 0; time: 23:34.55 9/1/2080; timestamp: 3472086895.734)
[DEBUG, 1510788896.2119873]: AdafruitGPSMessage(fix: False, quality: 0, satellites: 0; time: 23:34.55 9/1/2080; timestamp: 3472086895.921)
[DEBUG, 1510788896.417869]: AdafruitGPSMessage(fix: False, quality: 0, satellites: 0; time: 23:34.56 9/1/2080; timestamp: 3472086896.125)
[DEBUG, 1510788896.6129699]: AdafruitGPSMessage(fix: False, quality: 0, satellites: 0; time: 23:34.56 9/1/2080; timestamp: 3472086896.328)
[DEBUG, 1510788896.8191838]: AdafruitGPSMessage(fix: False, quality: 0, satellites: 0; time: 23:34.56 9/1/2080; timestamp: 3472086896.531)
[DEBUG, 1510788897.0250971]: AdafruitGPSMessage(fix: False, quality: 0, satellites: 0; time: 23:34.56 9/1/2080; timestamp: 3472086896.734)
[DEBUG, 1510788897.2203646]: AdafruitGPSMessage(fix: False, quality: 0, satellites: 0; time: 23:34.56 9/1/2080; timestamp: 3472086896.921)
[DEBUG, 1510788897.4259994]: AdafruitGPSMessage(fix: False, quality: 0, satellites: 0; time: 23:34.57 9/1/2080; timestamp: 3472086897.125)
[DEBUG, 1510788897.6218393]: AdafruitGPSMessage(fix: False, quality: 0, satellites: 0; time: 23:34.57 9/1/2080; timestamp: 3472086897.328)
[DEBUG, 1510788897.8276448]: AdafruitGPSMessage(fix: False, quality: 0, satellites: 0; time: 23:34.57 9/1/2080; timestamp: 3472086897.531)
[DEBUG, 1510788898.0237913]: AdafruitGPSMessage(fix: False, quality: 0, satellites: 0; time: 23:34.57 9/1/2080; timestamp: 3472086897.734)
[DEBUG, 1510788898.2294538]: AdafruitGPSMessage(fix: False, quality: 0, satellites: 0; time: 23:34.57 9/1/2080; timestamp: 3472086897.921)
[DEBUG, 1510788898.4351804]: AdafruitGPSMessage(fix: False, quality: 0, satellites: 0; time: 23:34.58 9/1/2080; timestamp: 3472086898.125)
[DEBUG, 1510788898.6304073]: AdafruitGPSMessage(fix: False, quality: 0, satellites: 0; time: 23:34.58 9/1/2080; timestamp: 3472086898.328)
[DEBUG, 1510788898.8362114]: AdafruitGPSMessage(fix: False, quality: 0, satellites: 0; time: 23:34.58 9/1/2080; timestamp: 3472086898.531)
[DEBUG, 1510788899.0316834]: AdafruitGPSMessage(fix: False, quality: 0, satellites: 0; time: 23:34.58 9/1/2080; timestamp: 3472086898.734)
[DEBUG, 1510788899.2374492]: AdafruitGPSMessage(fix: False, quality: 0, satellites: 0; time: 23:34.58 9/1/2080; timestamp: 3472086898.921)
[DEBUG, 1510788899.4331353]: AdafruitGPSMessage(fix: False, quality: 0, satellites: 0; time: 23:34.59 9/1/2080; timestamp: 3472086899.125)
[DEBUG, 1510788899.63893]: AdafruitGPSMessage(fix: False, quality: 0, satellites: 0; time: 23:34.59 9/1/2080; timestamp: 3472086899.328)
[DEBUG, 1510788899.8347874]: AdafruitGPSMessage(fix: False, quality: 0, satellites: 0; time: 23:34.59 9/1/2080; timestamp: 3472086899.531)
[DEBUG, 1510788900.0404663]: AdafruitGPSMessage(fix: False, quality: 0, satellites: 0; time: 23:34.59 9/1/2080; timestamp: 3472086899.734)
[DEBUG, 1510788900.2460527]: AdafruitGPSMessage(fix: False, quality: 0, satellites: 0; time: 23:34.59 9/1/2080; timestamp: 3472086899.921)
[DEBUG, 1510788900.4409933]: AdafruitGPSMessage(fix: False, quality: 0, satellites: 0; time: 23:35.0 15/11/2017; timestamp: 1510806900.109)
[DEBUG, 1510788900.647284]: AdafruitGPSMessage(fix: False, quality: 0, satellites: 0; time: 23:35.0 15/11/2017; timestamp: 1510806900.296)
[DEBUG, 1510788900.8430462]: AdafruitGPSMessage(fix: False, quality: 0, satellites: 0; time: 23:35.0 15/11/2017; timestamp: 1510806900.5)
[DEBUG, 1510788901.048761]: AdafruitGPSMessage(fix: False, quality: 0, satellites: 0; time: 23:35.0 15/11/2017; timestamp: 1510806900.703)
[DEBUG, 1510788901.2541652]: AdafruitGPSMessage(fix: False, quality: 0, satellites: 0; time: 23:35.0 15/11/2017; timestamp: 1510806900.906)
[DEBUG, 1510788901.4500458]: AdafruitGPSMessage(fix: False, quality: 0, satellites: 0; time: 23:35.1 15/11/2017; timestamp: 1510806901.109)
[DEBUG, 1510788901.6560955]: AdafruitGPSMessage(fix: False, quality: 0, satellites: 0; time: 23:35.1 15/11/2017; timestamp: 1510806901.296)
[DEBUG, 1510788901.8526452]: AdafruitGPSMessage(fix: False, quality: 0, satellites: 0; time: 23:35.1 15/11/2017; timestamp: 1510806901.5)
[DEBUG, 1510788902.058187]: AdafruitGPSMessage(fix: False, quality: 0, satellites: 0; time: 23:35.1 15/11/2017; timestamp: 1510806901.703)
[DEBUG, 1510788902.2539756]: AdafruitGPSMessage(fix: False, quality: 0, satellites: 0; time: 23:35.1 15/11/2017; timestamp: 1510806901.875)
[DEBUG, 1510788902.4598691]: AdafruitGPSMessage(fix: False, quality: 0, satellites: 0; time: 23:35.2 15/11/2017; timestamp: 1510806902.109)
[DEBUG, 1510788902.6555254]: AdafruitGPSMessage(fix: False, quality: 0, satellites: 0; time: 23:35.2 15/11/2017; timestamp: 1510806902.296)
[DEBUG, 1510788902.8616893]: AdafruitGPSMessage(fix: False, quality: 0, satellites: 0; time: 23:35.2 15/11/2017; timestamp: 1510806902.5)
[DEBUG, 1510788903.0576613]: AdafruitGPSMessage(fix: False, quality: 0, satellites: 0; time: 23:35.2 15/11/2017; timestamp: 1510806902.671)
[DEBUG, 1510788903.263877]: AdafruitGPSMessage(fix: False, quality: 0, satellites: 0; time: 23:35.2 15/11/2017; timestamp: 1510806902.906)
[DEBUG, 1510788903.4695222]: AdafruitGPSMessage(fix: False, quality: 0, satellites: 0; time: 23:35.3 15/11/2017; timestamp: 1510806903.109)
[DEBUG, 1510788903.6653674]: AdafruitGPSMessage(fix: False, quality: 0, satellites: 0; time: 23:35.3 15/11/2017; timestamp: 1510806903.296)
[DEBUG, 1510788903.8713608]: AdafruitGPSMessage(fix: False, quality: 0, satellites: 0; time: 23:35.3 15/11/2017; timestamp: 1510806903.484)
[DEBUG, 1510788904.066648]: AdafruitGPSMessage(fix: False, quality: 0, satellites: 0; time: 23:35.3 15/11/2017; timestamp: 1510806903.703)
[DEBUG, 1510788904.2724392]: AdafruitGPSMessage(fix: False, quality: 0, satellites: 0; time: 23:35.3 15/11/2017; timestamp: 1510806903.906)
[DEBUG, 1510788904.4678485]: AdafruitGPSMessage(fix: False, quality: 0, satellites: 0; time: 23:35.4 15/11/2017; timestamp: 1510806904.109)
[DEBUG, 1510788904.67352]: AdafruitGPSMessage(fix: False, quality: 0, satellites: 0; time: 23:35.4 15/11/2017; timestamp: 1510806904.296)
[DEBUG, 1510788904.8790684]: AdafruitGPSMessage(fix: False, quality: 0, satellites: 0; time: 23:35.4 15/11/2017; timestamp: 1510806904.5)
[DEBUG, 1510788905.0747159]: AdafruitGPSMessage(fix: False, quality: 0, satellites: 0; time: 23:35.4 15/11/2017; timestamp: 1510806904.703)
[DEBUG, 1510788905.2800646]: AdafruitGPSMessage(fix: False, quality: 0, satellites: 0; time: 23:35.4 15/11/2017; timestamp: 1510806904.906)
[DEBUG, 1510788905.4759672]: AdafruitGPSMessage(fix: False, quality: 0, satellites: 0; time: 23:35.5 15/11/2017; timestamp: 1510806905.109)
[DEBUG, 1510788905.6814501]: AdafruitGPSMessage(fix: False, quality: 0, satellites: 0; time: 23:35.5 15/11/2017; timestamp: 1510806905.296)
[DEBUG, 1510788905.877416]: AdafruitGPSMessage(fix: False, quality: 0, satellites: 0; time: 23:35.5 15/11/2017; timestamp: 1510806905.5)
[DEBUG, 1510788906.083652]: AdafruitGPSMessage(fix: False, quality: 0, satellites: 0; time: 23:35.5 15/11/2017; timestamp: 1510806905.703)
[DEBUG, 1510788906.279218]: AdafruitGPSMessage(fix: False, quality: 0, satellites: 0; time: 23:35.5 15/11/2017; timestamp: 1510806905.875)
[DEBUG, 1510788906.4847443]: AdafruitGPSMessage(fix: False, quality: 0, satellites: 0; time: 23:35.6 15/11/2017; timestamp: 1510806906.109)
[DEBUG, 1510788906.6902273]: AdafruitGPSMessage(fix: False, quality: 0, satellites: 0; time: 23:35.6 15/11/2017; timestamp: 1510806906.296)
[DEBUG, 1510788906.885181]: AdafruitGPSMessage(fix: False, quality: 0, satellites: 0; time: 23:35.6 15/11/2017; timestamp: 1510806906.5)
[DEBUG, 1510788907.0904007]: AdafruitGPSMessage(fix: False, quality: 0, satellites: 0; time: 23:35.6 15/11/2017; timestamp: 1510806906.671)
[DEBUG, 1510788907.285156]: AdafruitGPSMessage(fix: False, quality: 0, satellites: 0; time: 23:35.6 15/11/2017; timestamp: 1510806906.906)
[DEBUG, 1510788907.4904008]: AdafruitGPSMessage(fix: False, quality: 0, satellites: 0; time: 23:35.7 15/11/2017; timestamp: 1510806907.109)
[DEBUG, 1510788907.6959827]: AdafruitGPSMessage(fix: False, quality: 0, satellites: 0; time: 23:35.7 15/11/2017; timestamp: 1510806907.296)
[DEBUG, 1510788907.891588]: AdafruitGPSMessage(fix: False, quality: 0, satellites: 0; time: 23:35.7 15/11/2017; timestamp: 1510806907.484)
[DEBUG, 1510788908.0968766]: AdafruitGPSMessage(fix: False, quality: 0, satellites: 0; time: 23:35.7 15/11/2017; timestamp: 1510806907.703)
[DEBUG, 1510788908.291867]: AdafruitGPSMessage(fix: False, quality: 0, satellites: 0; time: 23:35.7 15/11/2017; timestamp: 1510806907.906)
[DEBUG, 1510788908.4970665]: AdafruitGPSMessage(fix: False, quality: 0, satellites: 0; time: 23:35.8 15/11/2017; timestamp: 1510806908.109)
[DEBUG, 1510788908.7028067]: AdafruitGPSMessage(fix: False, quality: 0, satellites: 0; time: 23:35.8 15/11/2017; timestamp: 1510806908.296)
[DEBUG, 1510788908.8983023]: AdafruitGPSMessage(fix: False, quality: 0, satellites: 0; time: 23:35.8 15/11/2017; timestamp: 1510806908.5)
[DEBUG, 1510788909.1038907]: AdafruitGPSMessage(fix: False, quality: 0, satellites: 0; time: 23:35.8 15/11/2017; timestamp: 1510806908.703)
[DEBUG, 1510788909.299153]: AdafruitGPSMessage(fix: False, quality: 0, satellites: 0; time: 23:35.8 15/11/2017; timestamp: 1510806908.906)
[DEBUG, 1510788909.504438]: AdafruitGPSMessage(fix: False, quality: 0, satellites: 0; time: 23:35.9 15/11/2017; timestamp: 1510806909.109)
[DEBUG, 1510788909.7107215]: AdafruitGPSMessage(fix: False, quality: 0, satellites: 0; time: 23:35.9 15/11/2017; timestamp: 1510806909.296)
[DEBUG, 1510788909.906062]: AdafruitGPSMessage(fix: False, quality: 0, satellites: 0; time: 23:35.9 15/11/2017; timestamp: 1510806909.5)
[DEBUG, 1510788910.1113656]: AdafruitGPSMessage(fix: False, quality: 0, satellites: 0; time: 23:35.9 15/11/2017; timestamp: 1510806909.703)
[DEBUG, 1510788910.306675]: AdafruitGPSMessage(fix: False, quality: 0, satellites: 0; time: 23:35.9 15/11/2017; timestamp: 1510806909.875)
[DEBUG, 1510788910.5124185]: AdafruitGPSMessage(fix: False, quality: 0, satellites: 0; time: 23:35.10 15/11/2017; timestamp: 1510806910.109)
[DEBUG, 1510788910.7179873]: AdafruitGPSMessage(fix: False, quality: 0, satellites: 0; time: 23:35.10 15/11/2017; timestamp: 1510806910.296)
[DEBUG, 1510788910.913302]: AdafruitGPSMessage(fix: False, quality: 0, satellites: 0; time: 23:35.10 15/11/2017; timestamp: 1510806910.5)
[DEBUG, 1510788911.1183746]: AdafruitGPSMessage(fix: False, quality: 0, satellites: 0; time: 23:35.10 15/11/2017; timestamp: 1510806910.671)
[DEBUG, 1510788911.3135314]: AdafruitGPSMessage(fix: False, quality: 0, satellites: 0; time: 23:35.10 15/11/2017; timestamp: 1510806910.906)
[DEBUG, 1510788911.519007]: AdafruitGPSMessage(fix: False, quality: 0, satellites: 0; time: 23:35.11 15/11/2017; timestamp: 1510806911.109)
[DEBUG, 1510788911.7242525]: AdafruitGPSMessage(fix: False, quality: 0, satellites: 0; time: 23:35.11 15/11/2017; timestamp: 1510806911.296)
[DEBUG, 1510788911.9190702]: AdafruitGPSMessage(fix: False, quality: 0, satellites: 0; time: 23:35.11 15/11/2017; timestamp: 1510806911.484)
[DEBUG, 1510788912.1242537]: AdafruitGPSMessage(fix: False, quality: 0, satellites: 0; time: 23:35.11 15/11/2017; timestamp: 1510806911.703)
[DEBUG, 1510788912.3193655]: AdafruitGPSMessage(fix: False, quality: 0, satellites: 0; time: 23:35.11 15/11/2017; timestamp: 1510806911.906)
[DEBUG, 1510788912.5244784]: AdafruitGPSMessage(fix: False, quality: 0, satellites: 0; time: 23:35.12 15/11/2017; timestamp: 1510806912.109)
[DEBUG, 1510788912.730016]: AdafruitGPSMessage(fix: False, quality: 0, satellites: 0; time: 23:35.12 15/11/2017; timestamp: 1510806912.296)
[DEBUG, 1510788912.924892]: AdafruitGPSMessage(fix: False, quality: 0, satellites: 0; time: 23:35.12 15/11/2017; timestamp: 1510806912.5)
[DEBUG, 1510788913.1302333]: AdafruitGPSMessage(fix: False, quality: 0, satellites: 0; time: 23:35.12 15/11/2017; timestamp: 1510806912.703)
[DEBUG, 1510788913.335544]: AdafruitGPSMessage(fix: False, quality: 0, satellites: 0; time: 23:35.12 15/11/2017; timestamp: 1510806912.906)
[DEBUG, 1510788913.5306742]: AdafruitGPSMessage(fix: False, quality: 0, satellites: 0; time: 23:35.13 15/11/2017; timestamp: 1510806913.109)
[DEBUG, 1510788913.7359335]: AdafruitGPSMessage(fix: False, quality: 0, satellites: 0; time: 23:35.13 15/11/2017; timestamp: 1510806913.296)
[DEBUG, 1510788913.9312673]: AdafruitGPSMessage(fix: False, quality: 0, satellites: 0; time: 23:35.13 15/11/2017; timestamp: 1510806913.5)
[DEBUG, 1510788914.13649]: AdafruitGPSMessage(fix: False, quality: 0, satellites: 0; time: 23:35.13 15/11/2017; timestamp: 1510806913.703)
[DEBUG, 1510788914.3418803]: AdafruitGPSMessage(fix: False, quality: 0, satellites: 0; time: 23:35.13 15/11/2017; timestamp: 1510806913.875)
[DEBUG, 1510788914.5372815]: AdafruitGPSMessage(fix: False, quality: 0, satellites: 0; time: 23:35.14 15/11/2017; timestamp: 1510806914.109)
[DEBUG, 1510788914.742523]: AdafruitGPSMessage(fix: False, quality: 0, satellites: 0; time: 23:35.14 15/11/2017; timestamp: 1510806914.296)
[DEBUG, 1510788914.937607]: AdafruitGPSMessage(fix: False, quality: 0, satellites: 0; time: 23:35.14 15/11/2017; timestamp: 1510806914.5)
[DEBUG, 1510788915.1430051]: AdafruitGPSMessage(fix: False, quality: 0, satellites: 0; time: 23:35.14 15/11/2017; timestamp: 1510806914.671)
[DEBUG, 1510788915.348679]: AdafruitGPSMessage(fix: False, quality: 0, satellites: 0; time: 23:35.14 15/11/2017; timestamp: 1510806914.906)
[DEBUG, 1510788915.5439641]: AdafruitGPSMessage(fix: False, quality: 0, satellites: 0; time: 23:35.15 15/11/2017; timestamp: 1510806915.109)
[DEBUG, 1510788915.7501414]: AdafruitGPSMessage(fix: False, quality: 0, satellites: 0; time: 23:35.15 15/11/2017; timestamp: 1510806915.296)
[DEBUG, 1510788915.9449265]: AdafruitGPSMessage(fix: False, quality: 0, satellites: 0; time: 23:35.15 15/11/2017; timestamp: 1510806915.484)
[DEBUG, 1510788916.1496298]: AdafruitGPSMessage(fix: False, quality: 0, satellites: 0; time: 23:35.15 15/11/2017; timestamp: 1510806915.703)
[DEBUG, 1510788916.3555503]: AdafruitGPSMessage(fix: False, quality: 0, satellites: 0; time: 23:35.15 15/11/2017; timestamp: 1510806915.906)
[DEBUG, 1510788916.551164]: AdafruitGPSMessage(fix: False, quality: 0, satellites: 0; time: 23:35.16 15/11/2017; timestamp: 1510806916.109)
[DEBUG, 1510788916.756439]: AdafruitGPSMessage(fix: False, quality: 0, satellites: 0; time: 23:35.16 15/11/2017; timestamp: 1510806916.296)
[DEBUG, 1510788916.9514985]: AdafruitGPSMessage(fix: False, quality: 0, satellites: 0; time: 23:35.16 15/11/2017; timestamp: 1510806916.5)
[DEBUG, 1510788917.1565416]: AdafruitGPSMessage(fix: False, quality: 0, satellites: 0; time: 23:35.16 15/11/2017; timestamp: 1510806916.703)
[DEBUG, 1510788917.3514965]: AdafruitGPSMessage(fix: False, quality: 0, satellites: 0; time: 23:35.16 15/11/2017; timestamp: 1510806916.906)
[DEBUG, 1510788917.556638]: AdafruitGPSMessage(fix: False, quality: 0, satellites: 0; time: 23:35.17 15/11/2017; timestamp: 1510806917.109)
[DEBUG, 1510788917.7617764]: AdafruitGPSMessage(fix: False, quality: 0, satellites: 0; time: 23:35.17 15/11/2017; timestamp: 1510806917.296)
[DEBUG, 1510788917.9567611]: AdafruitGPSMessage(fix: False, quality: 0, satellites: 0; time: 23:35.17 15/11/2017; timestamp: 1510806917.5)
[log buffer end]
[AdafruitGPS @ node.py:81][DEBUG] 2017-11-15 18:35:17,957: logging message buffer (len=16498)
[AdafruitGPS @ arduino.py:188][INFO] 2017-11-15 18:35:18,561: found 15 packets in 3s (avg=5.0 packets/sec). 240 received in total (avg=5.0 packets/sec)
[AdafruitGPS @ arduino.py:188][INFO] 2017-11-15 18:35:21,579: found 15 packets in 3s (avg=5.0 packets/sec). 255 received in total (avg=5.0 packets/sec)
[AdafruitGPS @ arduino.py:188][INFO] 2017-11-15 18:35:24,604: found 15 packets in 3s (avg=5.0 packets/sec). 270 received in total (avg=5.0 packets/sec)
[AdafruitGPS @ node.py:79][DEBUG] 2017-11-15 18:35:27,229: [log buffer start]
[DEBUG, 1510788918.1616025]: AdafruitGPSMessage(fix: False, quality: 0, satellites: 0; time: 23:35.17 15/11/2017; timestamp: 1510806917.703)
[DEBUG, 1510788918.3667843]: AdafruitGPSMessage(fix: False, quality: 0, satellites: 0; time: 23:35.17 15/11/2017; timestamp: 1510806917.875)
[DEBUG, 1510788918.56129]: AdafruitGPSMessage(fix: False, quality: 0, satellites: 0; time: 23:35.18 15/11/2017; timestamp: 1510806918.125)
[DEBUG, 1510788918.766909]: AdafruitGPSMessage(fix: False, quality: 0, satellites: 0; time: 23:35.18 15/11/2017; timestamp: 1510806918.328)
[DEBUG, 1510788918.9619417]: AdafruitGPSMessage(fix: False, quality: 0, satellites: 0; time: 23:35.18 15/11/2017; timestamp: 1510806918.531)
[DEBUG, 1510788919.1669614]: AdafruitGPSMessage(fix: False, quality: 0, satellites: 0; time: 23:35.18 15/11/2017; timestamp: 1510806918.734)
[DEBUG, 1510788919.371941]: AdafruitGPSMessage(fix: False, quality: 0, satellites: 0; time: 23:35.18 15/11/2017; timestamp: 1510806918.921)
[DEBUG, 1510788919.5671413]: AdafruitGPSMessage(fix: False, quality: 0, satellites: 0; time: 23:35.19 15/11/2017; timestamp: 1510806919.125)
[DEBUG, 1510788919.7726989]: AdafruitGPSMessage(fix: False, quality: 0, satellites: 0; time: 23:35.19 15/11/2017; timestamp: 1510806919.328)
[DEBUG, 1510788919.9683864]: AdafruitGPSMessage(fix: False, quality: 0, satellites: 0; time: 23:35.19 15/11/2017; timestamp: 1510806919.531)
[DEBUG, 1510788920.1736088]: AdafruitGPSMessage(fix: False, quality: 0, satellites: 0; time: 23:35.19 15/11/2017; timestamp: 1510806919.734)
[DEBUG, 1510788920.3785362]: AdafruitGPSMessage(fix: False, quality: 0, satellites: 0; time: 23:35.19 15/11/2017; timestamp: 1510806919.921)
[DEBUG, 1510788920.5739343]: AdafruitGPSMessage(fix: False, quality: 0, satellites: 0; time: 23:35.20 15/11/2017; timestamp: 1510806920.125)
[DEBUG, 1510788920.7787745]: AdafruitGPSMessage(fix: False, quality: 0, satellites: 0; time: 23:35.20 15/11/2017; timestamp: 1510806920.328)
[DEBUG, 1510788920.9841478]: AdafruitGPSMessage(fix: False, quality: 0, satellites: 0; time: 23:35.20 15/11/2017; timestamp: 1510806920.531)
[DEBUG, 1510788921.179025]: AdafruitGPSMessage(fix: False, quality: 0, satellites: 0; time: 23:35.20 15/11/2017; timestamp: 1510806920.734)
[DEBUG, 1510788921.3847234]: AdafruitGPSMessage(fix: False, quality: 0, satellites: 0; time: 23:35.20 15/11/2017; timestamp: 1510806920.921)
[DEBUG, 1510788921.5797691]: AdafruitGPSMessage(fix: False, quality: 0, satellites: 0; time: 23:35.21 15/11/2017; timestamp: 1510806921.125)
[DEBUG, 1510788921.7859647]: AdafruitGPSMessage(fix: False, quality: 0, satellites: 0; time: 23:35.21 15/11/2017; timestamp: 1510806921.328)
[DEBUG, 1510788921.9812953]: AdafruitGPSMessage(fix: False, quality: 0, satellites: 0; time: 23:35.21 15/11/2017; timestamp: 1510806921.531)
[DEBUG, 1510788922.1867087]: AdafruitGPSMessage(fix: False, quality: 0, satellites: 0; time: 23:35.21 15/11/2017; timestamp: 1510806921.734)
[DEBUG, 1510788922.3923159]: AdafruitGPSMessage(fix: False, quality: 0, satellites: 0; time: 23:35.21 15/11/2017; timestamp: 1510806921.921)
[DEBUG, 1510788922.5876756]: AdafruitGPSMessage(fix: False, quality: 0, satellites: 0; time: 23:35.22 15/11/2017; timestamp: 1510806922.125)
[DEBUG, 1510788922.793485]: AdafruitGPSMessage(fix: False, quality: 0, satellites: 0; time: 23:35.22 15/11/2017; timestamp: 1510806922.328)
[DEBUG, 1510788922.988649]: AdafruitGPSMessage(fix: False, quality: 0, satellites: 0; time: 23:35.22 15/11/2017; timestamp: 1510806922.531)
[DEBUG, 1510788923.194284]: AdafruitGPSMessage(fix: False, quality: 0, satellites: 0; time: 23:35.22 15/11/2017; timestamp: 1510806922.734)
[DEBUG, 1510788923.3897352]: AdafruitGPSMessage(fix: False, quality: 0, satellites: 0; time: 23:35.22 15/11/2017; timestamp: 1510806922.921)
[DEBUG, 1510788923.5953603]: AdafruitGPSMessage(fix: False, quality: 0, satellites: 0; time: 23:35.23 15/11/2017; timestamp: 1510806923.125)
[DEBUG, 1510788923.8010192]: AdafruitGPSMessage(fix: False, quality: 0, satellites: 0; time: 23:35.23 15/11/2017; timestamp: 1510806923.328)
[DEBUG, 1510788923.9964247]: AdafruitGPSMessage(fix: False, quality: 0, satellites: 0; time: 23:35.23 15/11/2017; timestamp: 1510806923.531)
[DEBUG, 1510788924.202467]: AdafruitGPSMessage(fix: False, quality: 0, satellites: 0; time: 23:35.23 15/11/2017; timestamp: 1510806923.734)
[DEBUG, 1510788924.3982847]: AdafruitGPSMessage(fix: False, quality: 0, satellites: 0; time: 23:35.23 15/11/2017; timestamp: 1510806923.921)
[DEBUG, 1510788924.6038587]: AdafruitGPSMessage(fix: False, quality: 0, satellites: 0; time: 23:35.24 15/11/2017; timestamp: 1510806924.281)
[DEBUG, 1510788924.809787]: AdafruitGPSMessage(fix: False, quality: 0, satellites: 0; time: 23:35.24 15/11/2017; timestamp: 1510806924.5)
[DEBUG, 1510788925.00507]: AdafruitGPSMessage(fix: False, quality: 0, satellites: 0; time: 23:35.24 15/11/2017; timestamp: 1510806924.671)
[DEBUG, 1510788925.210357]: AdafruitGPSMessage(fix: False, quality: 0, satellites: 0; time: 23:35.24 15/11/2017; timestamp: 1510806924.906)
[DEBUG, 1510788925.4057431]: AdafruitGPSMessage(fix: False, quality: 0, satellites: 0; time: 23:35.25 15/11/2017; timestamp: 1510806925.078)
[DEBUG, 1510788925.611365]: AdafruitGPSMessage(fix: False, quality: 0, satellites: 0; time: 23:35.25 15/11/2017; timestamp: 1510806925.296)
[DEBUG, 1510788925.8069494]: AdafruitGPSMessage(fix: False, quality: 0, satellites: 0; time: 23:35.25 15/11/2017; timestamp: 1510806925.484)
[DEBUG, 1510788926.0127883]: AdafruitGPSMessage(fix: False, quality: 0, satellites: 0; time: 23:35.25 15/11/2017; timestamp: 1510806925.703)
[DEBUG, 1510788926.2186747]: AdafruitGPSMessage(fix: False, quality: 0, satellites: 0; time: 23:35.25 15/11/2017; timestamp: 1510806925.875)
[DEBUG, 1510788926.4146917]: AdafruitGPSMessage(fix: False, quality: 0, satellites: 0; time: 23:35.26 15/11/2017; timestamp: 1510806926.109)
[DEBUG, 1510788926.6202977]: AdafruitGPSMessage(fix: False, quality: 0, satellites: 0; time: 23:35.26 15/11/2017; timestamp: 1510806926.281)
[DEBUG, 1510788926.8165698]: AdafruitGPSMessage(fix: False, quality: 0, satellites: 0; time: 23:35.26 15/11/2017; timestamp: 1510806926.5)
[DEBUG, 1510788927.0221722]: AdafruitGPSMessage(fix: False, quality: 0, satellites: 0; time: 23:35.26 15/11/2017; timestamp: 1510806926.671)
[log buffer end]
[AdafruitGPS @ node.py:81][DEBUG] 2017-11-15 18:35:27,229: logging message buffer (len=6362)
[AdafruitGPS @ node.py:102][INFO] 2017-11-15 18:35:27,229: Node took 59.193541049957275s to run
[AdafruitGPS @ generic.py:69][INFO] 2017-11-15 18:35:27,232: Tearing down device
[AdafruitGPS @ arduino.py:214][INFO] 2017-11-15 18:35:27,238: Closing down device port
[AdafruitGPS @ arduino.py:217][INFO] 2017-11-15 18:35:27,239: Device process stopped
