[AdafruitGPS @ factory.py:85][DEBUG] 2017-11-15 18:36:15,080: Logging to: logs/2017_Nov_15/AdafruitGPS/18_36_15.log
[AdafruitGPS @ arduino.py:88][INFO] 2017-11-15 18:36:20,832: configuring done. Finding whoiam=Adafruit-GPS
[AdafruitGPS @ arduino.py:55][INFO] 2017-11-15 18:36:20,833: Adafruit-GPS's setup complete
[AdafruitGPS @ arduino.py:149][INFO] 2017-11-15 18:36:22,158: Device named 'Adafruit-GPS' at '/dev/ttyUSB0' is now at baud rate '9600'
[AdafruitGPS @ arduino.py:159][INFO] 2017-11-15 18:36:22,160: Device has started!
[AdafruitGPS @ arduino.py:160][INFO] 2017-11-15 18:36:22,161: init packet: 5
[AdafruitGPS @ adafruit_gps.py:188][WARNING] 2017-11-15 18:36:22,478: Invalid message 'AdafruitGPSMessage(fix: False, quality: 0, satellites: 0; time: 0:0.0 0/0/200; timestamp: 1510788982.4772468)'
month must be in 1..12
[AdafruitGPS @ adafruit_gps.py:188][WARNING] 2017-11-15 18:36:22,673: Invalid message 'AdafruitGPSMessage(fix: False, quality: 0, satellites: 0; time: 0:0.0 0/0/200; timestamp: 1510788982.673039)'
month must be in 1..12
[AdafruitGPS @ adafruit_gps.py:188][WARNING] 2017-11-15 18:36:22,879: Invalid message 'AdafruitGPSMessage(fix: False, quality: 0, satellites: 0; time: 0:0.0 0/0/200; timestamp: 1510788982.8788056)'
month must be in 1..12
[AdafruitGPS @ adafruit_gps.py:188][WARNING] 2017-11-15 18:36:23,080: Invalid message 'AdafruitGPSMessage(fix: False, quality: 0, satellites: 0; time: 0:0.0 0/0/200; timestamp: 1510788983.0743692)'
month must be in 1..12
[AdafruitGPS @ arduino.py:188][INFO] 2017-11-15 18:36:25,296: found 15 packets in 3s (avg=5.0 packets/sec). 15 received in total (avg=4.8 packets/sec)
[AdafruitGPS @ arduino.py:188][INFO] 2017-11-15 18:36:28,308: found 15 packets in 3s (avg=5.0 packets/sec). 30 received in total (avg=4.9 packets/sec)
[AdafruitGPS @ arduino.py:188][INFO] 2017-11-15 18:36:31,331: found 15 packets in 3s (avg=5.0 packets/sec). 45 received in total (avg=4.9 packets/sec)
[AdafruitGPS @ arduino.py:188][INFO] 2017-11-15 18:36:34,352: found 15 packets in 3s (avg=5.0 packets/sec). 60 received in total (avg=4.9 packets/sec)
[AdafruitGPS @ arduino.py:188][INFO] 2017-11-15 18:36:37,364: found 15 packets in 3s (avg=5.0 packets/sec). 75 received in total (avg=4.9 packets/sec)
[AdafruitGPS @ arduino.py:188][INFO] 2017-11-15 18:36:40,384: found 15 packets in 3s (avg=5.0 packets/sec). 90 received in total (avg=4.9 packets/sec)
[AdafruitGPS @ arduino.py:188][INFO] 2017-11-15 18:36:43,395: found 15 packets in 3s (avg=5.0 packets/sec). 105 received in total (avg=4.9 packets/sec)
[AdafruitGPS @ node.py:79][DEBUG] 2017-11-15 18:36:46,213: [log buffer start]
[DEBUG, 1510788982.4772468]: AdafruitGPSMessage(fix: False, quality: 0, satellites: 0; time: 0:0.0 0/0/200; timestamp: 1510788982.4772468)
[DEBUG, 1510788982.673039]: AdafruitGPSMessage(fix: False, quality: 0, satellites: 0; time: 0:0.0 0/0/200; timestamp: 1510788982.673039)
[DEBUG, 1510788982.8788056]: AdafruitGPSMessage(fix: False, quality: 0, satellites: 0; time: 0:0.0 0/0/200; timestamp: 1510788982.8788056)
[DEBUG, 1510788983.0743692]: AdafruitGPSMessage(fix: False, quality: 0, satellites: 0; time: 0:0.0 0/0/200; timestamp: 1510788983.0743692)
[DEBUG, 1510788983.280087]: AdafruitGPSMessage(fix: False, quality: 0, satellites: 0; time: 23:59.42 5/1/2080; timestamp: 3471742782.796)
[DEBUG, 1510788983.4860024]: AdafruitGPSMessage(fix: False, quality: 0, satellites: 0; time: 23:59.43 5/1/2080; timestamp: 3471742783.0)
[DEBUG, 1510788983.6916382]: AdafruitGPSMessage(fix: False, quality: 0, satellites: 0; time: 23:59.43 5/1/2080; timestamp: 3471742783.203)
[DEBUG, 1510788983.8869655]: AdafruitGPSMessage(fix: False, quality: 0, satellites: 0; time: 23:59.43 5/1/2080; timestamp: 3471742783.375)
[DEBUG, 1510788984.0923212]: AdafruitGPSMessage(fix: False, quality: 0, satellites: 0; time: 23:59.43 5/1/2080; timestamp: 3471742783.609)
[DEBUG, 1510788984.2878973]: AdafruitGPSMessage(fix: False, quality: 0, satellites: 0; time: 23:59.43 5/1/2080; timestamp: 3471742783.796)
[DEBUG, 1510788984.4937046]: AdafruitGPSMessage(fix: False, quality: 0, satellites: 0; time: 23:59.44 5/1/2080; timestamp: 3471742784.0)
[DEBUG, 1510788984.6893976]: AdafruitGPSMessage(fix: False, quality: 0, satellites: 0; time: 23:59.44 5/1/2080; timestamp: 3471742784.171)
[DEBUG, 1510788984.8952167]: AdafruitGPSMessage(fix: False, quality: 0, satellites: 0; time: 23:59.44 5/1/2080; timestamp: 3471742784.406)
[DEBUG, 1510788985.1006322]: AdafruitGPSMessage(fix: False, quality: 0, satellites: 0; time: 23:59.44 5/1/2080; timestamp: 3471742784.609)
[DEBUG, 1510788985.2961688]: AdafruitGPSMessage(fix: False, quality: 0, satellites: 0; time: 23:59.44 5/1/2080; timestamp: 3471742784.796)
[DEBUG, 1510788985.4920943]: AdafruitGPSMessage(fix: False, quality: 0, satellites: 0; time: 23:59.44 5/1/2080; timestamp: 3471742784.984)
[DEBUG, 1510788985.6978145]: AdafruitGPSMessage(fix: False, quality: 0, satellites: 0; time: 23:59.45 5/1/2080; timestamp: 3471742785.203)
[DEBUG, 1510788985.9031625]: AdafruitGPSMessage(fix: False, quality: 0, satellites: 0; time: 23:59.45 5/1/2080; timestamp: 3471742785.375)
[DEBUG, 1510788986.0988538]: AdafruitGPSMessage(fix: False, quality: 0, satellites: 0; time: 23:59.45 5/1/2080; timestamp: 3471742785.609)
[DEBUG, 1510788986.3045938]: AdafruitGPSMessage(fix: False, quality: 0, satellites: 0; time: 23:59.45 5/1/2080; timestamp: 3471742785.781)
[DEBUG, 1510788986.499705]: AdafruitGPSMessage(fix: False, quality: 0, satellites: 0; time: 23:59.46 5/1/2080; timestamp: 3471742786.0)
[DEBUG, 1510788986.7059424]: AdafruitGPSMessage(fix: False, quality: 0, satellites: 0; time: 23:59.46 5/1/2080; timestamp: 3471742786.203)
[DEBUG, 1510788986.901174]: AdafruitGPSMessage(fix: False, quality: 0, satellites: 0; time: 23:59.46 5/1/2080; timestamp: 3471742786.406)
[DEBUG, 1510788987.1064827]: AdafruitGPSMessage(fix: False, quality: 0, satellites: 0; time: 23:59.46 5/1/2080; timestamp: 3471742786.578)
[DEBUG, 1510788987.3019154]: AdafruitGPSMessage(fix: False, quality: 0, satellites: 0; time: 23:59.46 5/1/2080; timestamp: 3471742786.796)
[DEBUG, 1510788987.5074327]: AdafruitGPSMessage(fix: False, quality: 0, satellites: 0; time: 23:59.47 5/1/2080; timestamp: 3471742787.0)
[DEBUG, 1510788987.7128627]: AdafruitGPSMessage(fix: False, quality: 0, satellites: 0; time: 23:59.47 5/1/2080; timestamp: 3471742787.203)
[DEBUG, 1510788987.9082408]: AdafruitGPSMessage(fix: False, quality: 0, satellites: 0; time: 23:59.47 5/1/2080; timestamp: 3471742787.375)
[DEBUG, 1510788988.1137273]: AdafruitGPSMessage(fix: False, quality: 0, satellites: 0; time: 23:59.47 5/1/2080; timestamp: 3471742787.609)
[DEBUG, 1510788988.30883]: AdafruitGPSMessage(fix: False, quality: 0, satellites: 0; time: 23:59.47 5/1/2080; timestamp: 3471742787.781)
[DEBUG, 1510788988.5149403]: AdafruitGPSMessage(fix: False, quality: 0, satellites: 0; time: 23:59.48 5/1/2080; timestamp: 3471742788.0)
[DEBUG, 1510788988.7100487]: AdafruitGPSMessage(fix: False, quality: 0, satellites: 0; time: 23:59.48 5/1/2080; timestamp: 3471742788.171)
[DEBUG, 1510788988.9156694]: AdafruitGPSMessage(fix: False, quality: 0, satellites: 0; time: 23:59.48 5/1/2080; timestamp: 3471742788.406)
[DEBUG, 1510788989.1212554]: AdafruitGPSMessage(fix: False, quality: 0, satellites: 0; time: 23:59.48 5/1/2080; timestamp: 3471742788.578)
[DEBUG, 1510788989.316739]: AdafruitGPSMessage(fix: False, quality: 0, satellites: 0; time: 23:59.48 5/1/2080; timestamp: 3471742788.796)
[DEBUG, 1510788989.5222614]: AdafruitGPSMessage(fix: False, quality: 0, satellites: 0; time: 23:59.48 5/1/2080; timestamp: 3471742788.984)
[DEBUG, 1510788989.7176447]: AdafruitGPSMessage(fix: False, quality: 0, satellites: 0; time: 23:59.49 5/1/2080; timestamp: 3471742789.203)
[DEBUG, 1510788989.9232225]: AdafruitGPSMessage(fix: False, quality: 0, satellites: 0; time: 23:59.49 5/1/2080; timestamp: 3471742789.406)
[DEBUG, 1510788990.1185007]: AdafruitGPSMessage(fix: False, quality: 0, satellites: 0; time: 23:59.49 5/1/2080; timestamp: 3471742789.609)
[DEBUG, 1510788990.3242235]: AdafruitGPSMessage(fix: False, quality: 0, satellites: 0; time: 23:59.49 5/1/2080; timestamp: 3471742789.781)
[DEBUG, 1510788990.519731]: AdafruitGPSMessage(fix: False, quality: 0, satellites: 0; time: 23:59.50 5/1/2080; timestamp: 3471742790.0)
[DEBUG, 1510788990.72509]: AdafruitGPSMessage(fix: False, quality: 0, satellites: 0; time: 23:59.50 5/1/2080; timestamp: 3471742790.171)
[DEBUG, 1510788990.930688]: AdafruitGPSMessage(fix: False, quality: 0, satellites: 0; time: 23:59.50 5/1/2080; timestamp: 3471742790.406)
[DEBUG, 1510788991.1259766]: AdafruitGPSMessage(fix: False, quality: 0, satellites: 0; time: 23:59.50 5/1/2080; timestamp: 3471742790.578)
[DEBUG, 1510788991.3314145]: AdafruitGPSMessage(fix: False, quality: 0, satellites: 0; time: 23:59.50 5/1/2080; timestamp: 3471742790.796)
[DEBUG, 1510788991.527167]: AdafruitGPSMessage(fix: False, quality: 0, satellites: 0; time: 23:59.51 5/1/2080; timestamp: 3471742791.0)
[DEBUG, 1510788991.732713]: AdafruitGPSMessage(fix: False, quality: 0, satellites: 0; time: 23:59.51 5/1/2080; timestamp: 3471742791.203)
[DEBUG, 1510788991.927987]: AdafruitGPSMessage(fix: False, quality: 0, satellites: 0; time: 23:59.51 5/1/2080; timestamp: 3471742791.375)
[DEBUG, 1510788992.133707]: AdafruitGPSMessage(fix: False, quality: 0, satellites: 0; time: 23:59.51 5/1/2080; timestamp: 3471742791.609)
[DEBUG, 1510788992.3391132]: AdafruitGPSMessage(fix: False, quality: 0, satellites: 0; time: 23:59.51 5/1/2080; timestamp: 3471742791.796)
[DEBUG, 1510788992.5340996]: AdafruitGPSMessage(fix: False, quality: 0, satellites: 0; time: 23:59.52 5/1/2080; timestamp: 3471742792.0)
[DEBUG, 1510788992.7394373]: AdafruitGPSMessage(fix: False, quality: 0, satellites: 0; time: 23:59.52 5/1/2080; timestamp: 3471742792.171)
[DEBUG, 1510788992.9348047]: AdafruitGPSMessage(fix: False, quality: 0, satellites: 0; time: 23:59.52 5/1/2080; timestamp: 3471742792.406)
[DEBUG, 1510788993.1405241]: AdafruitGPSMessage(fix: False, quality: 0, satellites: 0; time: 23:59.52 5/1/2080; timestamp: 3471742792.578)
[DEBUG, 1510788993.335539]: AdafruitGPSMessage(fix: False, quality: 0, satellites: 0; time: 23:59.52 5/1/2080; timestamp: 3471742792.796)
[DEBUG, 1510788993.5408313]: AdafruitGPSMessage(fix: False, quality: 0, satellites: 0; time: 23:59.52 5/1/2080; timestamp: 3471742792.984)
[DEBUG, 1510788993.7461953]: AdafruitGPSMessage(fix: False, quality: 0, satellites: 0; time: 23:59.53 5/1/2080; timestamp: 3471742793.203)
[DEBUG, 1510788993.9412448]: AdafruitGPSMessage(fix: False, quality: 0, satellites: 0; time: 23:59.53 5/1/2080; timestamp: 3471742793.406)
[DEBUG, 1510788994.1464024]: AdafruitGPSMessage(fix: False, quality: 0, satellites: 0; time: 23:59.53 5/1/2080; timestamp: 3471742793.609)
[DEBUG, 1510788994.3521335]: AdafruitGPSMessage(fix: False, quality: 0, satellites: 0; time: 23:59.53 5/1/2080; timestamp: 3471742793.781)
[DEBUG, 1510788994.5479746]: AdafruitGPSMessage(fix: False, quality: 0, satellites: 0; time: 23:59.54 5/1/2080; timestamp: 3471742794.0)
[DEBUG, 1510788994.7539027]: AdafruitGPSMessage(fix: False, quality: 0, satellites: 0; time: 23:59.54 5/1/2080; timestamp: 3471742794.171)
[DEBUG, 1510788994.9495125]: AdafruitGPSMessage(fix: False, quality: 0, satellites: 0; time: 23:59.54 5/1/2080; timestamp: 3471742794.406)
[DEBUG, 1510788995.1558192]: AdafruitGPSMessage(fix: False, quality: 0, satellites: 0; time: 23:59.54 5/1/2080; timestamp: 3471742794.578)
[DEBUG, 1510788995.3513582]: AdafruitGPSMessage(fix: False, quality: 0, satellites: 0; time: 23:59.54 5/1/2080; timestamp: 3471742794.796)
[DEBUG, 1510788995.5571668]: AdafruitGPSMessage(fix: False, quality: 0, satellites: 0; time: 23:59.55 5/1/2080; timestamp: 3471742795.0)
[DEBUG, 1510788995.7520943]: AdafruitGPSMessage(fix: False, quality: 0, satellites: 0; time: 23:59.55 5/1/2080; timestamp: 3471742795.203)
[DEBUG, 1510788995.9578118]: AdafruitGPSMessage(fix: False, quality: 0, satellites: 0; time: 23:59.55 5/1/2080; timestamp: 3471742795.375)
[DEBUG, 1510788996.153104]: AdafruitGPSMessage(fix: False, quality: 0, satellites: 0; time: 23:59.55 5/1/2080; timestamp: 3471742795.609)
[DEBUG, 1510788996.3584588]: AdafruitGPSMessage(fix: False, quality: 0, satellites: 0; time: 23:59.55 5/1/2080; timestamp: 3471742795.796)
[DEBUG, 1510788996.5533555]: AdafruitGPSMessage(fix: False, quality: 0, satellites: 0; time: 23:59.56 5/1/2080; timestamp: 3471742796.031)
[DEBUG, 1510788996.7589827]: AdafruitGPSMessage(fix: False, quality: 0, satellites: 0; time: 23:59.56 5/1/2080; timestamp: 3471742796.234)
[DEBUG, 1510788996.964159]: AdafruitGPSMessage(fix: False, quality: 0, satellites: 0; time: 23:59.56 5/1/2080; timestamp: 3471742796.421)
[DEBUG, 1510788997.1592524]: AdafruitGPSMessage(fix: False, quality: 0, satellites: 0; time: 23:59.56 5/1/2080; timestamp: 3471742796.625)
[DEBUG, 1510788997.364644]: AdafruitGPSMessage(fix: False, quality: 0, satellites: 0; time: 23:59.56 5/1/2080; timestamp: 3471742796.828)
[DEBUG, 1510788997.5602558]: AdafruitGPSMessage(fix: False, quality: 0, satellites: 0; time: 23:59.57 5/1/2080; timestamp: 3471742797.031)
[DEBUG, 1510788997.7659438]: AdafruitGPSMessage(fix: False, quality: 0, satellites: 0; time: 23:59.57 5/1/2080; timestamp: 3471742797.234)
[DEBUG, 1510788997.9612057]: AdafruitGPSMessage(fix: False, quality: 0, satellites: 0; time: 23:36.37 9/1/2080; timestamp: 3472086997.484)
[DEBUG, 1510788998.1668315]: AdafruitGPSMessage(fix: False, quality: 0, satellites: 0; time: 23:36.37 9/1/2080; timestamp: 3472086997.703)
[DEBUG, 1510788998.3723216]: AdafruitGPSMessage(fix: False, quality: 0, satellites: 0; time: 23:36.37 9/1/2080; timestamp: 3472086997.875)
[DEBUG, 1510788998.5679126]: AdafruitGPSMessage(fix: False, quality: 0, satellites: 0; time: 23:36.38 9/1/2080; timestamp: 3472086998.078)
[DEBUG, 1510788998.7738974]: AdafruitGPSMessage(fix: False, quality: 0, satellites: 0; time: 23:36.38 9/1/2080; timestamp: 3472086998.281)
[DEBUG, 1510788998.969034]: AdafruitGPSMessage(fix: False, quality: 0, satellites: 0; time: 23:36.38 9/1/2080; timestamp: 3472086998.5)
[DEBUG, 1510788999.1746547]: AdafruitGPSMessage(fix: False, quality: 0, satellites: 0; time: 23:36.38 9/1/2080; timestamp: 3472086998.671)
[DEBUG, 1510788999.371128]: AdafruitGPSMessage(fix: False, quality: 0, satellites: 0; time: 23:36.38 9/1/2080; timestamp: 3472086998.906)
[DEBUG, 1510788999.5766983]: AdafruitGPSMessage(fix: False, quality: 0, satellites: 0; time: 23:36.39 9/1/2080; timestamp: 3472086999.078)
[DEBUG, 1510788999.7718835]: AdafruitGPSMessage(fix: False, quality: 0, satellites: 0; time: 23:36.39 9/1/2080; timestamp: 3472086999.296)
[DEBUG, 1510788999.9774983]: AdafruitGPSMessage(fix: False, quality: 0, satellites: 0; time: 23:36.39 9/1/2080; timestamp: 3472086999.484)
[DEBUG, 1510789000.1736152]: AdafruitGPSMessage(fix: False, quality: 0, satellites: 0; time: 23:36.39 9/1/2080; timestamp: 3472086999.703)
[DEBUG, 1510789000.3839285]: AdafruitGPSMessage(fix: False, quality: 0, satellites: 0; time: 23:36.39 9/1/2080; timestamp: 3472086999.875)
[DEBUG, 1510789000.5794487]: AdafruitGPSMessage(fix: False, quality: 0, satellites: 0; time: 23:36.40 9/1/2080; timestamp: 3472087000.109)
[DEBUG, 1510789000.7851417]: AdafruitGPSMessage(fix: False, quality: 0, satellites: 0; time: 23:36.40 9/1/2080; timestamp: 3472087000.281)
[DEBUG, 1510789000.980439]: AdafruitGPSMessage(fix: False, quality: 0, satellites: 0; time: 23:36.40 9/1/2080; timestamp: 3472087000.5)
[DEBUG, 1510789001.1858873]: AdafruitGPSMessage(fix: False, quality: 0, satellites: 0; time: 23:36.40 9/1/2080; timestamp: 3472087000.671)
[DEBUG, 1510789001.3810678]: AdafruitGPSMessage(fix: False, quality: 0, satellites: 0; time: 23:36.40 9/1/2080; timestamp: 3472087000.906)
[DEBUG, 1510789001.5867643]: AdafruitGPSMessage(fix: False, quality: 0, satellites: 0; time: 23:36.41 9/1/2080; timestamp: 3472087001.078)
[DEBUG, 1510789001.7823503]: AdafruitGPSMessage(fix: False, quality: 0, satellites: 0; time: 23:36.41 9/1/2080; timestamp: 3472087001.281)
[DEBUG, 1510789001.987872]: AdafruitGPSMessage(fix: False, quality: 0, satellites: 0; time: 23:36.41 9/1/2080; timestamp: 3472087001.484)
[DEBUG, 1510789002.1932206]: AdafruitGPSMessage(fix: False, quality: 0, satellites: 0; time: 23:36.41 9/1/2080; timestamp: 3472087001.703)
[DEBUG, 1510789002.3882265]: AdafruitGPSMessage(fix: False, quality: 0, satellites: 0; time: 23:36.41 9/1/2080; timestamp: 3472087001.875)
[DEBUG, 1510789002.5936184]: AdafruitGPSMessage(fix: False, quality: 0, satellites: 0; time: 23:36.42 9/1/2080; timestamp: 3472087002.078)
[DEBUG, 1510789002.7886918]: AdafruitGPSMessage(fix: False, quality: 0, satellites: 0; time: 23:36.42 9/1/2080; timestamp: 3472087002.281)
[DEBUG, 1510789002.9943893]: AdafruitGPSMessage(fix: False, quality: 0, satellites: 0; time: 23:36.42 9/1/2080; timestamp: 3472087002.5)
[DEBUG, 1510789003.199831]: AdafruitGPSMessage(fix: False, quality: 0, satellites: 0; time: 23:36.42 9/1/2080; timestamp: 3472087002.671)
[DEBUG, 1510789003.3955588]: AdafruitGPSMessage(fix: False, quality: 0, satellites: 0; time: 23:36.42 9/1/2080; timestamp: 3472087002.906)
[DEBUG, 1510789003.601906]: AdafruitGPSMessage(fix: False, quality: 0, satellites: 0; time: 23:36.43 9/1/2080; timestamp: 3472087003.078)
[DEBUG, 1510789003.7968564]: AdafruitGPSMessage(fix: False, quality: 0, satellites: 0; time: 23:36.43 9/1/2080; timestamp: 3472087003.296)
[DEBUG, 1510789004.002449]: AdafruitGPSMessage(fix: False, quality: 0, satellites: 0; time: 23:36.43 9/1/2080; timestamp: 3472087003.484)
[DEBUG, 1510789004.1977224]: AdafruitGPSMessage(fix: False, quality: 0, satellites: 0; time: 23:36.43 9/1/2080; timestamp: 3472087003.703)
[DEBUG, 1510789004.4036984]: AdafruitGPSMessage(fix: False, quality: 0, satellites: 0; time: 23:36.43 9/1/2080; timestamp: 3472087003.875)
[DEBUG, 1510789004.5990787]: AdafruitGPSMessage(fix: False, quality: 0, satellites: 0; time: 23:36.44 9/1/2080; timestamp: 3472087004.109)
[DEBUG, 1510789004.8044667]: AdafruitGPSMessage(fix: False, quality: 0, satellites: 0; time: 23:36.44 9/1/2080; timestamp: 3472087004.281)
[DEBUG, 1510789005.0099702]: AdafruitGPSMessage(fix: False, quality: 0, satellites: 0; time: 23:36.44 9/1/2080; timestamp: 3472087004.5)
[DEBUG, 1510789005.2051153]: AdafruitGPSMessage(fix: False, quality: 0, satellites: 0; time: 23:36.44 9/1/2080; timestamp: 3472087004.671)
[DEBUG, 1510789005.4104552]: AdafruitGPSMessage(fix: False, quality: 0, satellites: 0; time: 23:36.44 9/1/2080; timestamp: 3472087004.906)
[DEBUG, 1510789005.6054766]: AdafruitGPSMessage(fix: False, quality: 0, satellites: 0; time: 23:36.45 9/1/2080; timestamp: 3472087005.078)
[DEBUG, 1510789005.811105]: AdafruitGPSMessage(fix: False, quality: 0, satellites: 0; time: 23:36.45 9/1/2080; timestamp: 3472087005.281)
[DEBUG, 1510789006.0063016]: AdafruitGPSMessage(fix: False, quality: 0, satellites: 0; time: 23:36.45 9/1/2080; timestamp: 3472087005.484)
[DEBUG, 1510789006.2121677]: AdafruitGPSMessage(fix: False, quality: 0, satellites: 0; time: 23:36.45 9/1/2080; timestamp: 3472087005.703)
[log buffer end]
[AdafruitGPS @ node.py:81][DEBUG] 2017-11-15 18:36:46,213: logging message buffer (len=16520)
[AdafruitGPS @ arduino.py:188][INFO] 2017-11-15 18:36:46,417: found 15 packets in 3s (avg=5.0 packets/sec). 120 received in total (avg=4.9 packets/sec)
[AdafruitGPS @ arduino.py:188][INFO] 2017-11-15 18:36:49,429: found 15 packets in 3s (avg=5.0 packets/sec). 135 received in total (avg=5.0 packets/sec)
[AdafruitGPS @ arduino.py:188][INFO] 2017-11-15 18:36:52,449: found 15 packets in 3s (avg=5.0 packets/sec). 150 received in total (avg=5.0 packets/sec)
[AdafruitGPS @ arduino.py:188][INFO] 2017-11-15 18:36:55,468: found 15 packets in 3s (avg=5.0 packets/sec). 165 received in total (avg=5.0 packets/sec)
[AdafruitGPS @ arduino.py:188][INFO] 2017-11-15 18:36:58,478: found 15 packets in 3s (avg=5.0 packets/sec). 180 received in total (avg=5.0 packets/sec)
[AdafruitGPS @ node.py:79][DEBUG] 2017-11-15 18:37:00,771: [log buffer start]
[DEBUG, 1510789006.4176881]: AdafruitGPSMessage(fix: False, quality: 0, satellites: 0; time: 23:36.45 9/1/2080; timestamp: 3472087005.875)
[DEBUG, 1510789006.6136224]: AdafruitGPSMessage(fix: False, quality: 0, satellites: 0; time: 23:36.46 9/1/2080; timestamp: 3472087006.078)
[DEBUG, 1510789006.8188567]: AdafruitGPSMessage(fix: False, quality: 0, satellites: 0; time: 23:36.46 9/1/2080; timestamp: 3472087006.281)
[DEBUG, 1510789007.0146425]: AdafruitGPSMessage(fix: False, quality: 0, satellites: 0; time: 23:36.46 9/1/2080; timestamp: 3472087006.5)
[DEBUG, 1510789007.220481]: AdafruitGPSMessage(fix: False, quality: 0, satellites: 0; time: 23:36.46 9/1/2080; timestamp: 3472087006.671)
[DEBUG, 1510789007.4158287]: AdafruitGPSMessage(fix: False, quality: 0, satellites: 0; time: 23:36.46 9/1/2080; timestamp: 3472087006.906)
[DEBUG, 1510789007.6212242]: AdafruitGPSMessage(fix: False, quality: 0, satellites: 0; time: 23:36.47 9/1/2080; timestamp: 3472087007.078)
[DEBUG, 1510789007.8164709]: AdafruitGPSMessage(fix: False, quality: 0, satellites: 0; time: 23:36.47 9/1/2080; timestamp: 3472087007.296)
[DEBUG, 1510789008.0220375]: AdafruitGPSMessage(fix: False, quality: 0, satellites: 0; time: 23:36.47 9/1/2080; timestamp: 3472087007.484)
[DEBUG, 1510789008.2272742]: AdafruitGPSMessage(fix: False, quality: 0, satellites: 0; time: 23:36.47 9/1/2080; timestamp: 3472087007.703)
[DEBUG, 1510789008.422174]: AdafruitGPSMessage(fix: False, quality: 0, satellites: 0; time: 23:36.47 9/1/2080; timestamp: 3472087007.875)
[DEBUG, 1510789008.6280282]: AdafruitGPSMessage(fix: False, quality: 0, satellites: 0; time: 23:36.48 9/1/2080; timestamp: 3472087008.125)
[DEBUG, 1510789008.8232672]: AdafruitGPSMessage(fix: False, quality: 0, satellites: 0; time: 23:36.48 9/1/2080; timestamp: 3472087008.328)
[DEBUG, 1510789009.0289285]: AdafruitGPSMessage(fix: False, quality: 0, satellites: 0; time: 23:36.48 9/1/2080; timestamp: 3472087008.546)
[DEBUG, 1510789009.2240427]: AdafruitGPSMessage(fix: False, quality: 0, satellites: 0; time: 23:36.48 9/1/2080; timestamp: 3472087008.734)
[DEBUG, 1510789009.4294722]: AdafruitGPSMessage(fix: False, quality: 0, satellites: 0; time: 23:36.48 9/1/2080; timestamp: 3472087008.921)
[DEBUG, 1510789009.624781]: AdafruitGPSMessage(fix: False, quality: 0, satellites: 0; time: 23:36.49 9/1/2080; timestamp: 3472087009.125)
[DEBUG, 1510789009.8301985]: AdafruitGPSMessage(fix: False, quality: 0, satellites: 0; time: 23:36.49 9/1/2080; timestamp: 3472087009.359)
[DEBUG, 1510789010.0355136]: AdafruitGPSMessage(fix: False, quality: 0, satellites: 0; time: 23:36.49 9/1/2080; timestamp: 3472087009.531)
[DEBUG, 1510789010.2304938]: AdafruitGPSMessage(fix: False, quality: 0, satellites: 0; time: 23:36.49 9/1/2080; timestamp: 3472087009.75)
[DEBUG, 1510789010.4360113]: AdafruitGPSMessage(fix: False, quality: 0, satellites: 0; time: 23:36.49 9/1/2080; timestamp: 3472087009.921)
[DEBUG, 1510789010.6313334]: AdafruitGPSMessage(fix: False, quality: 0, satellites: 0; time: 23:36.50 9/1/2080; timestamp: 3472087010.156)
[DEBUG, 1510789010.8368547]: AdafruitGPSMessage(fix: False, quality: 0, satellites: 0; time: 23:36.50 9/1/2080; timestamp: 3472087010.328)
[DEBUG, 1510789011.042366]: AdafruitGPSMessage(fix: False, quality: 0, satellites: 0; time: 23:36.50 9/1/2080; timestamp: 3472087010.546)
[DEBUG, 1510789011.237375]: AdafruitGPSMessage(fix: False, quality: 0, satellites: 0; time: 23:36.50 9/1/2080; timestamp: 3472087010.734)
[DEBUG, 1510789011.4428036]: AdafruitGPSMessage(fix: False, quality: 0, satellites: 0; time: 23:36.50 9/1/2080; timestamp: 3472087010.953)
[DEBUG, 1510789011.6381307]: AdafruitGPSMessage(fix: False, quality: 0, satellites: 0; time: 23:36.51 9/1/2080; timestamp: 3472087011.125)
[DEBUG, 1510789011.843754]: AdafruitGPSMessage(fix: False, quality: 0, satellites: 0; time: 23:36.51 9/1/2080; timestamp: 3472087011.328)
[DEBUG, 1510789012.0490773]: AdafruitGPSMessage(fix: False, quality: 0, satellites: 0; time: 23:36.51 9/1/2080; timestamp: 3472087011.531)
[DEBUG, 1510789012.2440124]: AdafruitGPSMessage(fix: False, quality: 0, satellites: 0; time: 23:36.51 9/1/2080; timestamp: 3472087011.75)
[DEBUG, 1510789012.449297]: AdafruitGPSMessage(fix: False, quality: 0, satellites: 0; time: 23:36.51 9/1/2080; timestamp: 3472087011.921)
[DEBUG, 1510789012.644442]: AdafruitGPSMessage(fix: False, quality: 0, satellites: 0; time: 23:36.52 9/1/2080; timestamp: 3472087012.125)
[DEBUG, 1510789012.8496418]: AdafruitGPSMessage(fix: False, quality: 0, satellites: 0; time: 23:36.52 9/1/2080; timestamp: 3472087012.328)
[DEBUG, 1510789013.0446866]: AdafruitGPSMessage(fix: False, quality: 0, satellites: 0; time: 23:36.52 9/1/2080; timestamp: 3472087012.546)
[DEBUG, 1510789013.250283]: AdafruitGPSMessage(fix: False, quality: 0, satellites: 0; time: 23:36.52 9/1/2080; timestamp: 3472087012.734)
[DEBUG, 1510789013.4557962]: AdafruitGPSMessage(fix: False, quality: 0, satellites: 0; time: 23:36.52 9/1/2080; timestamp: 3472087012.921)
[DEBUG, 1510789013.6508806]: AdafruitGPSMessage(fix: False, quality: 0, satellites: 0; time: 23:36.53 9/1/2080; timestamp: 3472087013.125)
[DEBUG, 1510789013.8561072]: AdafruitGPSMessage(fix: False, quality: 0, satellites: 0; time: 23:36.53 9/1/2080; timestamp: 3472087013.359)
[DEBUG, 1510789014.050912]: AdafruitGPSMessage(fix: False, quality: 0, satellites: 0; time: 23:36.53 9/1/2080; timestamp: 3472087013.531)
[DEBUG, 1510789014.2560697]: AdafruitGPSMessage(fix: False, quality: 0, satellites: 0; time: 23:36.53 9/1/2080; timestamp: 3472087013.75)
[DEBUG, 1510789014.461576]: AdafruitGPSMessage(fix: False, quality: 0, satellites: 0; time: 23:36.53 9/1/2080; timestamp: 3472087013.921)
[DEBUG, 1510789014.666838]: AdafruitGPSMessage(fix: False, quality: 0, satellites: 0; time: 23:36.54 9/1/2080; timestamp: 3472087014.281)
[DEBUG, 1510789014.8615937]: AdafruitGPSMessage(fix: False, quality: 0, satellites: 0; time: 23:36.54 9/1/2080; timestamp: 3472087014.5)
[DEBUG, 1510789015.0671227]: AdafruitGPSMessage(fix: False, quality: 0, satellites: 0; time: 23:36.54 9/1/2080; timestamp: 3472087014.671)
[DEBUG, 1510789015.2627935]: AdafruitGPSMessage(fix: False, quality: 0, satellites: 0; time: 23:36.54 9/1/2080; timestamp: 3472087014.906)
[DEBUG, 1510789015.4684289]: AdafruitGPSMessage(fix: False, quality: 0, satellites: 0; time: 23:36.55 9/1/2080; timestamp: 3472087015.078)
[DEBUG, 1510789015.6636448]: AdafruitGPSMessage(fix: False, quality: 0, satellites: 0; time: 23:36.55 9/1/2080; timestamp: 3472087015.296)
[DEBUG, 1510789015.869017]: AdafruitGPSMessage(fix: False, quality: 0, satellites: 0; time: 23:36.55 9/1/2080; timestamp: 3472087015.484)
[DEBUG, 1510789016.0745485]: AdafruitGPSMessage(fix: False, quality: 0, satellites: 0; time: 23:36.55 9/1/2080; timestamp: 3472087015.703)
[DEBUG, 1510789016.2694042]: AdafruitGPSMessage(fix: False, quality: 0, satellites: 0; time: 23:36.55 9/1/2080; timestamp: 3472087015.875)
[DEBUG, 1510789016.4747047]: AdafruitGPSMessage(fix: False, quality: 0, satellites: 0; time: 23:36.56 9/1/2080; timestamp: 3472087016.109)
[DEBUG, 1510789016.6698077]: AdafruitGPSMessage(fix: False, quality: 0, satellites: 0; time: 23:36.56 9/1/2080; timestamp: 3472087016.281)
[DEBUG, 1510789016.8753605]: AdafruitGPSMessage(fix: False, quality: 0, satellites: 0; time: 23:36.56 9/1/2080; timestamp: 3472087016.5)
[DEBUG, 1510789017.070812]: AdafruitGPSMessage(fix: False, quality: 0, satellites: 0; time: 23:36.56 9/1/2080; timestamp: 3472087016.671)
[DEBUG, 1510789017.2757628]: AdafruitGPSMessage(fix: False, quality: 0, satellites: 0; time: 23:36.56 9/1/2080; timestamp: 3472087016.906)
[DEBUG, 1510789017.4810383]: AdafruitGPSMessage(fix: False, quality: 0, satellites: 0; time: 23:36.57 9/1/2080; timestamp: 3472087017.078)
[DEBUG, 1510789017.676358]: AdafruitGPSMessage(fix: False, quality: 0, satellites: 0; time: 23:36.57 9/1/2080; timestamp: 3472087017.296)
[DEBUG, 1510789017.8822117]: AdafruitGPSMessage(fix: False, quality: 0, satellites: 0; time: 23:36.57 9/1/2080; timestamp: 3472087017.484)
[DEBUG, 1510789018.0775576]: AdafruitGPSMessage(fix: False, quality: 0, satellites: 0; time: 23:36.57 9/1/2080; timestamp: 3472087017.703)
[DEBUG, 1510789018.2832358]: AdafruitGPSMessage(fix: False, quality: 0, satellites: 0; time: 23:36.57 9/1/2080; timestamp: 3472087017.875)
[DEBUG, 1510789018.478166]: AdafruitGPSMessage(fix: False, quality: 0, satellites: 0; time: 23:36.58 9/1/2080; timestamp: 3472087018.109)
[DEBUG, 1510789018.6845849]: AdafruitGPSMessage(fix: False, quality: 0, satellites: 0; time: 23:36.58 9/1/2080; timestamp: 3472087018.281)
[DEBUG, 1510789018.8798609]: AdafruitGPSMessage(fix: False, quality: 0, satellites: 0; time: 23:36.58 9/1/2080; timestamp: 3472087018.5)
[DEBUG, 1510789019.085431]: AdafruitGPSMessage(fix: False, quality: 0, satellites: 0; time: 23:36.58 9/1/2080; timestamp: 3472087018.671)
[DEBUG, 1510789019.2805345]: AdafruitGPSMessage(fix: False, quality: 0, satellites: 0; time: 23:36.58 9/1/2080; timestamp: 3472087018.906)
[DEBUG, 1510789019.4861867]: AdafruitGPSMessage(fix: False, quality: 0, satellites: 0; time: 23:36.59 9/1/2080; timestamp: 3472087019.078)
[DEBUG, 1510789019.6915214]: AdafruitGPSMessage(fix: False, quality: 0, satellites: 0; time: 23:36.59 9/1/2080; timestamp: 3472087019.296)
[DEBUG, 1510789019.886512]: AdafruitGPSMessage(fix: False, quality: 0, satellites: 0; time: 23:36.59 9/1/2080; timestamp: 3472087019.484)
[DEBUG, 1510789020.091845]: AdafruitGPSMessage(fix: False, quality: 0, satellites: 0; time: 23:36.59 9/1/2080; timestamp: 3472087019.703)
[DEBUG, 1510789020.2869573]: AdafruitGPSMessage(fix: False, quality: 0, satellites: 0; time: 23:36.59 9/1/2080; timestamp: 3472087019.875)
[DEBUG, 1510789020.4922543]: AdafruitGPSMessage(fix: False, quality: 0, satellites: 0; time: 23:37.0 9/1/2080; timestamp: 3472087020.109)
[DEBUG, 1510789020.6875672]: AdafruitGPSMessage(fix: False, quality: 0, satellites: 0; time: 23:37.0 15/11/2017; timestamp: 1510807020.281)
[log buffer end]
[AdafruitGPS @ node.py:81][DEBUG] 2017-11-15 18:37:00,771: logging message buffer (len=10013)
[AdafruitGPS @ node.py:102][INFO] 2017-11-15 18:37:00,771: Node took 42.21370458602905s to run
[AdafruitGPS @ generic.py:69][INFO] 2017-11-15 18:37:00,773: Tearing down device
[AdafruitGPS @ arduino.py:214][INFO] 2017-11-15 18:37:00,780: Closing down device port
[AdafruitGPS @ arduino.py:217][INFO] 2017-11-15 18:37:00,780: Device process stopped
