[BabyBuggy @ factory.py:85][DEBUG] 2017-11-08 18:37:23,021: Logging to: logs/2017_Nov_08/BabyBuggy/18_37_23.log
[BabyBuggy @ orchestrator.py:221][INFO] 2017-11-08 18:37:23,063: Consumer 'Slam' isn't enabled! Ignoring subscription to producer 'LMS200'
[BabyBuggy @ orchestrator.py:221][INFO] 2017-11-08 18:37:23,064: Consumer 'Slam' isn't enabled! Ignoring subscription to producer 'QuadEncoder'
[BabyBuggy @ orchestrator.py:217][INFO] 2017-11-08 18:37:23,064: Producer 'OpenCVCamera' isn't enabled! Ignoring consumer 'OpenCVRecorder' subscription
[BabyBuggy @ orchestrator.py:108][DEBUG] 2017-11-08 18:37:23,065: Adding setup tasks. Apply subscriptions
[BabyBuggy @ orchestrator.py:114][DEBUG] 2017-11-08 18:37:23,066: Running set up tasks (5). [<babybuggy.bno055.BNO055 object at 0x7f7f215b70>, <babybuggy.adafruit_gps.AdafruitGPS object at 0x7f5e527390>, <babybuggy.quad_encoder.QuadEncoder object at 0x7f5e52f0f0>, <lms200.lms200.LMS200 object at 0x7f5e52fdd8>] and orchestrator setup
[BabyBuggy @ orchestrator.py:68][INFO] 2017-11-08 18:37:23,066: setup
[BabyBuggy @ orchestrator.py:146][DEBUG] 2017-11-08 18:37:29,009: Cancelling <Task finished coro=<Orchestrator.setup() done, defined at /usr/lib/python3.5/asyncio/coroutines.py:204> result=None>: False
[BabyBuggy @ orchestrator.py:146][DEBUG] 2017-11-08 18:37:29,010: Cancelling <Task finished coro=<Arduino.setup() done, defined at /usr/lib/python3.5/asyncio/coroutines.py:204> result=None>: False
[BabyBuggy @ orchestrator.py:146][DEBUG] 2017-11-08 18:37:29,011: Cancelling <Task finished coro=<Arduino.setup() done, defined at /usr/lib/python3.5/asyncio/coroutines.py:204> result=None>: False
[BabyBuggy @ orchestrator.py:146][DEBUG] 2017-11-08 18:37:29,013: Cancelling <Task finished coro=<Arduino.setup() done, defined at /usr/lib/python3.5/asyncio/coroutines.py:204> result=None>: False
[BabyBuggy @ orchestrator.py:146][DEBUG] 2017-11-08 18:37:29,014: Cancelling <Task finished coro=<LMS200.setup() done, defined at /usr/local/lib/python3.5/dist-packages/lms200/lms200.py:70> result=None>: False
[BabyBuggy @ orchestrator.py:132][DEBUG] 2017-11-08 18:37:29,014: Adding loop tasks
[BabyBuggy @ orchestrator.py:136][DEBUG] 2017-11-08 18:37:29,016: Appending BNO055's loop task
[BabyBuggy @ orchestrator.py:136][DEBUG] 2017-11-08 18:37:29,017: Appending AdafruitGPS's loop task
[BabyBuggy @ orchestrator.py:136][DEBUG] 2017-11-08 18:37:29,018: Appending QuadEncoder's loop task
[BabyBuggy @ orchestrator.py:136][DEBUG] 2017-11-08 18:37:29,019: Appending LMS200's loop task
[BabyBuggy @ orchestrator.py:141][DEBUG] 2017-11-08 18:37:29,020: Running loop tasks (5)
[BabyBuggy @ orchestrator.py:164][DEBUG] 2017-11-08 18:38:14,245: 5 tasks to cancel
[BabyBuggy @ orchestrator.py:146][DEBUG] 2017-11-08 18:38:14,246: Cancelling <Task pending coro=<Orchestrator.loop() running at /usr/local/lib/python3.5/dist-packages/atlasbuggy/orchestrator.py:73> wait_for=<Future cancelled> cb=[_wait.<locals>._on_completion() at /usr/lib/python3.5/asyncio/tasks.py:414]>: True
[BabyBuggy @ orchestrator.py:146][DEBUG] 2017-11-08 18:38:14,246: Cancelling <Task cancelling coro=<BNO055.loop() running at /media/nvidia/JetsonSSD/code/TestBed/babybuggy/bno055.py:137> cb=[_wait.<locals>._on_completion() at /usr/lib/python3.5/asyncio/tasks.py:414]>: True
[BabyBuggy @ orchestrator.py:146][DEBUG] 2017-11-08 18:38:14,246: Cancelling <Task cancelling coro=<AdafruitGPS.loop() running at /media/nvidia/JetsonSSD/code/TestBed/babybuggy/adafruit_gps.py:100> cb=[_wait.<locals>._on_completion() at /usr/lib/python3.5/asyncio/tasks.py:414]>: True
[BabyBuggy @ orchestrator.py:146][DEBUG] 2017-11-08 18:38:14,246: Cancelling <Task cancelling coro=<QuadEncoder.loop() running at /media/nvidia/JetsonSSD/code/TestBed/babybuggy/quad_encoder.py:65> cb=[_wait.<locals>._on_completion() at /usr/lib/python3.5/asyncio/tasks.py:414]>: True
[BabyBuggy @ orchestrator.py:146][DEBUG] 2017-11-08 18:38:14,247: Cancelling <Task pending coro=<LMS200.loop() running at /usr/local/lib/python3.5/dist-packages/lms200/lms200.py:124> wait_for=<Future cancelled> cb=[_wait.<locals>._on_completion() at /usr/lib/python3.5/asyncio/tasks.py:414]>: True
[BabyBuggy @ orchestrator.py:164][DEBUG] 2017-11-08 18:38:14,247: 5 tasks to cancel
[BabyBuggy @ orchestrator.py:146][DEBUG] 2017-11-08 18:38:14,247: Cancelling <Task cancelling coro=<Orchestrator.loop() running at /usr/local/lib/python3.5/dist-packages/atlasbuggy/orchestrator.py:73> wait_for=<Future cancelled> cb=[_wait.<locals>._on_completion() at /usr/lib/python3.5/asyncio/tasks.py:414]>: True
[BabyBuggy @ orchestrator.py:146][DEBUG] 2017-11-08 18:38:14,247: Cancelling <Task cancelling coro=<BNO055.loop() running at /media/nvidia/JetsonSSD/code/TestBed/babybuggy/bno055.py:137> cb=[_wait.<locals>._on_completion() at /usr/lib/python3.5/asyncio/tasks.py:414]>: True
[BabyBuggy @ orchestrator.py:146][DEBUG] 2017-11-08 18:38:14,248: Cancelling <Task cancelling coro=<AdafruitGPS.loop() running at /media/nvidia/JetsonSSD/code/TestBed/babybuggy/adafruit_gps.py:100> cb=[_wait.<locals>._on_completion() at /usr/lib/python3.5/asyncio/tasks.py:414]>: True
[BabyBuggy @ orchestrator.py:146][DEBUG] 2017-11-08 18:38:14,248: Cancelling <Task cancelling coro=<QuadEncoder.loop() running at /media/nvidia/JetsonSSD/code/TestBed/babybuggy/quad_encoder.py:65> cb=[_wait.<locals>._on_completion() at /usr/lib/python3.5/asyncio/tasks.py:414]>: True
[BabyBuggy @ orchestrator.py:146][DEBUG] 2017-11-08 18:38:14,248: Cancelling <Task cancelling coro=<LMS200.loop() running at /usr/local/lib/python3.5/dist-packages/lms200/lms200.py:124> wait_for=<Future cancelled> cb=[_wait.<locals>._on_completion() at /usr/lib/python3.5/asyncio/tasks.py:414]>: True
[BabyBuggy @ orchestrator.py:164][DEBUG] 2017-11-08 18:38:14,248: 5 tasks to cancel
[BabyBuggy @ orchestrator.py:146][DEBUG] 2017-11-08 18:38:14,248: Cancelling <Task cancelling coro=<Orchestrator.loop() running at /usr/local/lib/python3.5/dist-packages/atlasbuggy/orchestrator.py:73> wait_for=<Future cancelled> cb=[_wait.<locals>._on_completion() at /usr/lib/python3.5/asyncio/tasks.py:414]>: True
[BabyBuggy @ orchestrator.py:146][DEBUG] 2017-11-08 18:38:14,249: Cancelling <Task cancelling coro=<BNO055.loop() running at /media/nvidia/JetsonSSD/code/TestBed/babybuggy/bno055.py:137> cb=[_wait.<locals>._on_completion() at /usr/lib/python3.5/asyncio/tasks.py:414]>: True
[BabyBuggy @ orchestrator.py:146][DEBUG] 2017-11-08 18:38:14,249: Cancelling <Task cancelling coro=<AdafruitGPS.loop() running at /media/nvidia/JetsonSSD/code/TestBed/babybuggy/adafruit_gps.py:100> cb=[_wait.<locals>._on_completion() at /usr/lib/python3.5/asyncio/tasks.py:414]>: True
[BabyBuggy @ orchestrator.py:146][DEBUG] 2017-11-08 18:38:14,249: Cancelling <Task cancelling coro=<QuadEncoder.loop() running at /media/nvidia/JetsonSSD/code/TestBed/babybuggy/quad_encoder.py:65> cb=[_wait.<locals>._on_completion() at /usr/lib/python3.5/asyncio/tasks.py:414]>: True
[BabyBuggy @ orchestrator.py:146][DEBUG] 2017-11-08 18:38:14,249: Cancelling <Task cancelling coro=<LMS200.loop() running at /usr/local/lib/python3.5/dist-packages/lms200/lms200.py:124> wait_for=<Future cancelled> cb=[_wait.<locals>._on_completion() at /usr/lib/python3.5/asyncio/tasks.py:414]>: True
[BabyBuggy @ orchestrator.py:164][DEBUG] 2017-11-08 18:38:14,250: 5 tasks to cancel
[BabyBuggy @ orchestrator.py:146][DEBUG] 2017-11-08 18:38:14,250: Cancelling <Task cancelling coro=<Orchestrator.loop() running at /usr/local/lib/python3.5/dist-packages/atlasbuggy/orchestrator.py:73> wait_for=<Future cancelled> cb=[_wait.<locals>._on_completion() at /usr/lib/python3.5/asyncio/tasks.py:414]>: True
[BabyBuggy @ orchestrator.py:146][DEBUG] 2017-11-08 18:38:14,250: Cancelling <Task cancelling coro=<BNO055.loop() running at /media/nvidia/JetsonSSD/code/TestBed/babybuggy/bno055.py:137> cb=[_wait.<locals>._on_completion() at /usr/lib/python3.5/asyncio/tasks.py:414]>: True
[BabyBuggy @ orchestrator.py:146][DEBUG] 2017-11-08 18:38:14,250: Cancelling <Task cancelling coro=<AdafruitGPS.loop() running at /media/nvidia/JetsonSSD/code/TestBed/babybuggy/adafruit_gps.py:100> cb=[_wait.<locals>._on_completion() at /usr/lib/python3.5/asyncio/tasks.py:414]>: True
[BabyBuggy @ orchestrator.py:146][DEBUG] 2017-11-08 18:38:14,250: Cancelling <Task cancelling coro=<QuadEncoder.loop() running at /media/nvidia/JetsonSSD/code/TestBed/babybuggy/quad_encoder.py:65> cb=[_wait.<locals>._on_completion() at /usr/lib/python3.5/asyncio/tasks.py:414]>: True
[BabyBuggy @ orchestrator.py:146][DEBUG] 2017-11-08 18:38:14,251: Cancelling <Task cancelling coro=<LMS200.loop() running at /usr/local/lib/python3.5/dist-packages/lms200/lms200.py:124> wait_for=<Future cancelled> cb=[_wait.<locals>._on_completion() at /usr/lib/python3.5/asyncio/tasks.py:414]>: True
[BabyBuggy @ orchestrator.py:164][DEBUG] 2017-11-08 18:38:14,251: 5 tasks to cancel
[BabyBuggy @ orchestrator.py:146][DEBUG] 2017-11-08 18:38:14,251: Cancelling <Task cancelling coro=<Orchestrator.loop() running at /usr/local/lib/python3.5/dist-packages/atlasbuggy/orchestrator.py:73> wait_for=<Future cancelled> cb=[_wait.<locals>._on_completion() at /usr/lib/python3.5/asyncio/tasks.py:414]>: True
[BabyBuggy @ orchestrator.py:146][DEBUG] 2017-11-08 18:38:14,251: Cancelling <Task cancelling coro=<BNO055.loop() running at /media/nvidia/JetsonSSD/code/TestBed/babybuggy/bno055.py:137> cb=[_wait.<locals>._on_completion() at /usr/lib/python3.5/asyncio/tasks.py:414]>: True
[BabyBuggy @ orchestrator.py:146][DEBUG] 2017-11-08 18:38:14,251: Cancelling <Task cancelling coro=<AdafruitGPS.loop() running at /media/nvidia/JetsonSSD/code/TestBed/babybuggy/adafruit_gps.py:100> cb=[_wait.<locals>._on_completion() at /usr/lib/python3.5/asyncio/tasks.py:414]>: True
[BabyBuggy @ orchestrator.py:146][DEBUG] 2017-11-08 18:38:14,252: Cancelling <Task cancelling coro=<QuadEncoder.loop() running at /media/nvidia/JetsonSSD/code/TestBed/babybuggy/quad_encoder.py:65> cb=[_wait.<locals>._on_completion() at /usr/lib/python3.5/asyncio/tasks.py:414]>: True
[BabyBuggy @ orchestrator.py:146][DEBUG] 2017-11-08 18:38:14,252: Cancelling <Task cancelling coro=<LMS200.loop() running at /usr/local/lib/python3.5/dist-packages/lms200/lms200.py:124> wait_for=<Future cancelled> cb=[_wait.<locals>._on_completion() at /usr/lib/python3.5/asyncio/tasks.py:414]>: True
[BabyBuggy @ orchestrator.py:164][DEBUG] 2017-11-08 18:38:14,252: 5 tasks to cancel
[BabyBuggy @ orchestrator.py:146][DEBUG] 2017-11-08 18:38:14,252: Cancelling <Task cancelling coro=<Orchestrator.loop() running at /usr/local/lib/python3.5/dist-packages/atlasbuggy/orchestrator.py:73> wait_for=<Future cancelled> cb=[_wait.<locals>._on_completion() at /usr/lib/python3.5/asyncio/tasks.py:414]>: True
[BabyBuggy @ orchestrator.py:146][DEBUG] 2017-11-08 18:38:14,252: Cancelling <Task cancelling coro=<BNO055.loop() running at /media/nvidia/JetsonSSD/code/TestBed/babybuggy/bno055.py:137> cb=[_wait.<locals>._on_completion() at /usr/lib/python3.5/asyncio/tasks.py:414]>: True
[BabyBuggy @ orchestrator.py:146][DEBUG] 2017-11-08 18:38:14,253: Cancelling <Task cancelling coro=<AdafruitGPS.loop() running at /media/nvidia/JetsonSSD/code/TestBed/babybuggy/adafruit_gps.py:100> cb=[_wait.<locals>._on_completion() at /usr/lib/python3.5/asyncio/tasks.py:414]>: True
[BabyBuggy @ orchestrator.py:146][DEBUG] 2017-11-08 18:38:14,253: Cancelling <Task cancelling coro=<QuadEncoder.loop() running at /media/nvidia/JetsonSSD/code/TestBed/babybuggy/quad_encoder.py:65> cb=[_wait.<locals>._on_completion() at /usr/lib/python3.5/asyncio/tasks.py:414]>: True
[BabyBuggy @ orchestrator.py:146][DEBUG] 2017-11-08 18:38:14,253: Cancelling <Task cancelling coro=<LMS200.loop() running at /usr/local/lib/python3.5/dist-packages/lms200/lms200.py:124> wait_for=<Future cancelled> cb=[_wait.<locals>._on_completion() at /usr/lib/python3.5/asyncio/tasks.py:414]>: True
[BabyBuggy @ orchestrator.py:266][INFO] 2017-11-08 18:38:14,254: loop finished
[BabyBuggy @ orchestrator.py:270][INFO] 2017-11-08 18:38:14,254: closing orchestrator
[BabyBuggy @ orchestrator.py:164][DEBUG] 2017-11-08 18:38:14,254: 5 tasks to cancel
[BabyBuggy @ orchestrator.py:146][DEBUG] 2017-11-08 18:38:14,255: Cancelling <Task cancelled coro=<Orchestrator.loop() done, defined at /usr/local/lib/python3.5/dist-packages/atlasbuggy/orchestrator.py:70>>: False
[BabyBuggy @ orchestrator.py:150][DEBUG] 2017-11-08 18:38:14,255: Task '<Task cancelled coro=<Orchestrator.loop() done, defined at /usr/local/lib/python3.5/dist-packages/atlasbuggy/orchestrator.py:70>>' was cancelled
[BabyBuggy @ orchestrator.py:146][DEBUG] 2017-11-08 18:38:14,255: Cancelling <Task cancelled coro=<BNO055.loop() done, defined at /media/nvidia/JetsonSSD/code/TestBed/babybuggy/bno055.py:124>>: False
[BabyBuggy @ orchestrator.py:150][DEBUG] 2017-11-08 18:38:14,255: Task '<Task cancelled coro=<BNO055.loop() done, defined at /media/nvidia/JetsonSSD/code/TestBed/babybuggy/bno055.py:124>>' was cancelled
[BabyBuggy @ orchestrator.py:146][DEBUG] 2017-11-08 18:38:14,255: Cancelling <Task cancelled coro=<AdafruitGPS.loop() done, defined at /media/nvidia/JetsonSSD/code/TestBed/babybuggy/adafruit_gps.py:86>>: False
[BabyBuggy @ orchestrator.py:150][DEBUG] 2017-11-08 18:38:14,256: Task '<Task cancelled coro=<AdafruitGPS.loop() done, defined at /media/nvidia/JetsonSSD/code/TestBed/babybuggy/adafruit_gps.py:86>>' was cancelled
[BabyBuggy @ orchestrator.py:146][DEBUG] 2017-11-08 18:38:14,256: Cancelling <Task cancelled coro=<QuadEncoder.loop() done, defined at /media/nvidia/JetsonSSD/code/TestBed/babybuggy/quad_encoder.py:52>>: False
[BabyBuggy @ orchestrator.py:150][DEBUG] 2017-11-08 18:38:14,256: Task '<Task cancelled coro=<QuadEncoder.loop() done, defined at /media/nvidia/JetsonSSD/code/TestBed/babybuggy/quad_encoder.py:52>>' was cancelled
[BabyBuggy @ orchestrator.py:146][DEBUG] 2017-11-08 18:38:14,256: Cancelling <Task cancelled coro=<LMS200.loop() done, defined at /usr/local/lib/python3.5/dist-packages/lms200/lms200.py:111>>: False
[BabyBuggy @ orchestrator.py:150][DEBUG] 2017-11-08 18:38:14,256: Task '<Task cancelled coro=<LMS200.loop() done, defined at /usr/local/lib/python3.5/dist-packages/lms200/lms200.py:111>>' was cancelled
[BabyBuggy @ orchestrator.py:89][INFO] 2017-11-08 18:38:14,256: halting
[BabyBuggy @ orchestrator.py:92][INFO] 2017-11-08 18:38:14,257: Session took 51.2352237701416s to complete
[BabyBuggy @ orchestrator.py:78][INFO] 2017-11-08 18:38:14,259: teardown
