[BabyBuggy @ factory.py:85][DEBUG] 2017-11-08 20:57:38,441: Logging to: logs/2017_Nov_08/BabyBuggy/20_57_38.log
[BabyBuggy @ orchestrator.py:221][INFO] 2017-11-08 20:57:38,487: Consumer 'Slam' isn't enabled! Ignoring subscription to producer 'LMS200'
[BabyBuggy @ orchestrator.py:217][INFO] 2017-11-08 20:57:38,487: Producer 'OpenCVCamera' isn't enabled! Ignoring consumer 'OpenCVRecorder' subscription
[BabyBuggy @ orchestrator.py:108][DEBUG] 2017-11-08 20:57:38,488: Adding setup tasks. Apply subscriptions
[BabyBuggy @ orchestrator.py:114][DEBUG] 2017-11-08 20:57:38,489: Running set up tasks (5). [<babybuggy.bno055.BNO055 object at 0x7fa156eb70>, <babybuggy.adafruit_gps.AdafruitGPS object at 0x7f808812b0>, <babybuggy.quad_encoder.QuadEncoder object at 0x7f80881fd0>, <lms200.lms200.LMS200 object at 0x7f80889cf8>] and orchestrator setup
[BabyBuggy @ orchestrator.py:68][INFO] 2017-11-08 20:57:38,489: setup
[BabyBuggy @ orchestrator.py:146][DEBUG] 2017-11-08 20:57:44,475: Cancelling <Task finished coro=<Orchestrator.setup() done, defined at /usr/lib/python3.5/asyncio/coroutines.py:204> result=None>: False
[BabyBuggy @ orchestrator.py:146][DEBUG] 2017-11-08 20:57:44,477: Cancelling <Task finished coro=<Arduino.setup() done, defined at /usr/lib/python3.5/asyncio/coroutines.py:204> result=None>: False
[BabyBuggy @ orchestrator.py:146][DEBUG] 2017-11-08 20:57:44,478: Cancelling <Task finished coro=<Arduino.setup() done, defined at /usr/lib/python3.5/asyncio/coroutines.py:204> result=None>: False
[BabyBuggy @ orchestrator.py:146][DEBUG] 2017-11-08 20:57:44,479: Cancelling <Task finished coro=<Arduino.setup() done, defined at /usr/lib/python3.5/asyncio/coroutines.py:204> result=None>: False
[BabyBuggy @ orchestrator.py:146][DEBUG] 2017-11-08 20:57:44,480: Cancelling <Task finished coro=<LMS200.setup() done, defined at /usr/local/lib/python3.5/dist-packages/lms200/lms200.py:70> result=None>: False
[BabyBuggy @ orchestrator.py:132][DEBUG] 2017-11-08 20:57:44,481: Adding loop tasks
[BabyBuggy @ orchestrator.py:136][DEBUG] 2017-11-08 20:57:44,482: Appending BNO055's loop task
[BabyBuggy @ orchestrator.py:136][DEBUG] 2017-11-08 20:57:44,482: Appending AdafruitGPS's loop task
[BabyBuggy @ orchestrator.py:136][DEBUG] 2017-11-08 20:57:44,483: Appending QuadEncoder's loop task
[BabyBuggy @ orchestrator.py:136][DEBUG] 2017-11-08 20:57:44,484: Appending LMS200's loop task
[BabyBuggy @ orchestrator.py:141][DEBUG] 2017-11-08 20:57:44,485: Running loop tasks (5)
[BabyBuggy @ orchestrator.py:164][DEBUG] 2017-11-08 20:59:12,084: 5 tasks to cancel
[BabyBuggy @ orchestrator.py:146][DEBUG] 2017-11-08 20:59:12,085: Cancelling <Task pending coro=<Orchestrator.loop() running at /usr/local/lib/python3.5/dist-packages/atlasbuggy/orchestrator.py:73> wait_for=<Future cancelled> cb=[_wait.<locals>._on_completion() at /usr/lib/python3.5/asyncio/tasks.py:414]>: True
[BabyBuggy @ orchestrator.py:146][DEBUG] 2017-11-08 20:59:12,085: Cancelling <Task cancelling coro=<BNO055.loop() running at /media/nvidia/JetsonSSD/code/TestBed/babybuggy/bno055.py:137> cb=[_wait.<locals>._on_completion() at /usr/lib/python3.5/asyncio/tasks.py:414]>: True
[BabyBuggy @ orchestrator.py:146][DEBUG] 2017-11-08 20:59:12,085: Cancelling <Task cancelling coro=<AdafruitGPS.loop() running at /media/nvidia/JetsonSSD/code/TestBed/babybuggy/adafruit_gps.py:100> cb=[_wait.<locals>._on_completion() at /usr/lib/python3.5/asyncio/tasks.py:414]>: True
[BabyBuggy @ orchestrator.py:146][DEBUG] 2017-11-08 20:59:12,086: Cancelling <Task cancelling coro=<QuadEncoder.loop() running at /media/nvidia/JetsonSSD/code/TestBed/babybuggy/quad_encoder.py:65> cb=[_wait.<locals>._on_completion() at /usr/lib/python3.5/asyncio/tasks.py:414]>: True
[BabyBuggy @ orchestrator.py:146][DEBUG] 2017-11-08 20:59:12,086: Cancelling <Task pending coro=<LMS200.loop() running at /usr/local/lib/python3.5/dist-packages/lms200/lms200.py:124> wait_for=<Future cancelled> cb=[_wait.<locals>._on_completion() at /usr/lib/python3.5/asyncio/tasks.py:414]>: True
[BabyBuggy @ orchestrator.py:164][DEBUG] 2017-11-08 20:59:12,086: 5 tasks to cancel
[BabyBuggy @ orchestrator.py:146][DEBUG] 2017-11-08 20:59:12,086: Cancelling <Task cancelling coro=<Orchestrator.loop() running at /usr/local/lib/python3.5/dist-packages/atlasbuggy/orchestrator.py:73> wait_for=<Future cancelled> cb=[_wait.<locals>._on_completion() at /usr/lib/python3.5/asyncio/tasks.py:414]>: True
[BabyBuggy @ orchestrator.py:146][DEBUG] 2017-11-08 20:59:12,086: Cancelling <Task cancelling coro=<BNO055.loop() running at /media/nvidia/JetsonSSD/code/TestBed/babybuggy/bno055.py:137> cb=[_wait.<locals>._on_completion() at /usr/lib/python3.5/asyncio/tasks.py:414]>: True
[BabyBuggy @ orchestrator.py:146][DEBUG] 2017-11-08 20:59:12,087: Cancelling <Task cancelling coro=<AdafruitGPS.loop() running at /media/nvidia/JetsonSSD/code/TestBed/babybuggy/adafruit_gps.py:100> cb=[_wait.<locals>._on_completion() at /usr/lib/python3.5/asyncio/tasks.py:414]>: True
[BabyBuggy @ orchestrator.py:146][DEBUG] 2017-11-08 20:59:12,087: Cancelling <Task cancelling coro=<QuadEncoder.loop() running at /media/nvidia/JetsonSSD/code/TestBed/babybuggy/quad_encoder.py:65> cb=[_wait.<locals>._on_completion() at /usr/lib/python3.5/asyncio/tasks.py:414]>: True
[BabyBuggy @ orchestrator.py:146][DEBUG] 2017-11-08 20:59:12,087: Cancelling <Task cancelling coro=<LMS200.loop() running at /usr/local/lib/python3.5/dist-packages/lms200/lms200.py:124> wait_for=<Future cancelled> cb=[_wait.<locals>._on_completion() at /usr/lib/python3.5/asyncio/tasks.py:414]>: True
[BabyBuggy @ orchestrator.py:164][DEBUG] 2017-11-08 20:59:12,087: 5 tasks to cancel
[BabyBuggy @ orchestrator.py:146][DEBUG] 2017-11-08 20:59:12,087: Cancelling <Task cancelling coro=<Orchestrator.loop() running at /usr/local/lib/python3.5/dist-packages/atlasbuggy/orchestrator.py:73> wait_for=<Future cancelled> cb=[_wait.<locals>._on_completion() at /usr/lib/python3.5/asyncio/tasks.py:414]>: True
[BabyBuggy @ orchestrator.py:146][DEBUG] 2017-11-08 20:59:12,088: Cancelling <Task cancelling coro=<BNO055.loop() running at /media/nvidia/JetsonSSD/code/TestBed/babybuggy/bno055.py:137> cb=[_wait.<locals>._on_completion() at /usr/lib/python3.5/asyncio/tasks.py:414]>: True
[BabyBuggy @ orchestrator.py:146][DEBUG] 2017-11-08 20:59:12,088: Cancelling <Task cancelling coro=<AdafruitGPS.loop() running at /media/nvidia/JetsonSSD/code/TestBed/babybuggy/adafruit_gps.py:100> cb=[_wait.<locals>._on_completion() at /usr/lib/python3.5/asyncio/tasks.py:414]>: True
[BabyBuggy @ orchestrator.py:146][DEBUG] 2017-11-08 20:59:12,088: Cancelling <Task cancelling coro=<QuadEncoder.loop() running at /media/nvidia/JetsonSSD/code/TestBed/babybuggy/quad_encoder.py:65> cb=[_wait.<locals>._on_completion() at /usr/lib/python3.5/asyncio/tasks.py:414]>: True
[BabyBuggy @ orchestrator.py:146][DEBUG] 2017-11-08 20:59:12,088: Cancelling <Task cancelling coro=<LMS200.loop() running at /usr/local/lib/python3.5/dist-packages/lms200/lms200.py:124> wait_for=<Future cancelled> cb=[_wait.<locals>._on_completion() at /usr/lib/python3.5/asyncio/tasks.py:414]>: True
[BabyBuggy @ orchestrator.py:164][DEBUG] 2017-11-08 20:59:12,088: 5 tasks to cancel
[BabyBuggy @ orchestrator.py:146][DEBUG] 2017-11-08 20:59:12,089: Cancelling <Task cancelling coro=<Orchestrator.loop() running at /usr/local/lib/python3.5/dist-packages/atlasbuggy/orchestrator.py:73> wait_for=<Future cancelled> cb=[_wait.<locals>._on_completion() at /usr/lib/python3.5/asyncio/tasks.py:414]>: True
[BabyBuggy @ orchestrator.py:146][DEBUG] 2017-11-08 20:59:12,089: Cancelling <Task cancelling coro=<BNO055.loop() running at /media/nvidia/JetsonSSD/code/TestBed/babybuggy/bno055.py:137> cb=[_wait.<locals>._on_completion() at /usr/lib/python3.5/asyncio/tasks.py:414]>: True
[BabyBuggy @ orchestrator.py:146][DEBUG] 2017-11-08 20:59:12,089: Cancelling <Task cancelling coro=<AdafruitGPS.loop() running at /media/nvidia/JetsonSSD/code/TestBed/babybuggy/adafruit_gps.py:100> cb=[_wait.<locals>._on_completion() at /usr/lib/python3.5/asyncio/tasks.py:414]>: True
[BabyBuggy @ orchestrator.py:146][DEBUG] 2017-11-08 20:59:12,089: Cancelling <Task cancelling coro=<QuadEncoder.loop() running at /media/nvidia/JetsonSSD/code/TestBed/babybuggy/quad_encoder.py:65> cb=[_wait.<locals>._on_completion() at /usr/lib/python3.5/asyncio/tasks.py:414]>: True
[BabyBuggy @ orchestrator.py:146][DEBUG] 2017-11-08 20:59:12,089: Cancelling <Task cancelling coro=<LMS200.loop() running at /usr/local/lib/python3.5/dist-packages/lms200/lms200.py:124> wait_for=<Future cancelled> cb=[_wait.<locals>._on_completion() at /usr/lib/python3.5/asyncio/tasks.py:414]>: True
[BabyBuggy @ orchestrator.py:164][DEBUG] 2017-11-08 20:59:12,090: 5 tasks to cancel
[BabyBuggy @ orchestrator.py:146][DEBUG] 2017-11-08 20:59:12,090: Cancelling <Task cancelling coro=<Orchestrator.loop() running at /usr/local/lib/python3.5/dist-packages/atlasbuggy/orchestrator.py:73> wait_for=<Future cancelled> cb=[_wait.<locals>._on_completion() at /usr/lib/python3.5/asyncio/tasks.py:414]>: True
[BabyBuggy @ orchestrator.py:146][DEBUG] 2017-11-08 20:59:12,090: Cancelling <Task cancelling coro=<BNO055.loop() running at /media/nvidia/JetsonSSD/code/TestBed/babybuggy/bno055.py:137> cb=[_wait.<locals>._on_completion() at /usr/lib/python3.5/asyncio/tasks.py:414]>: True
[BabyBuggy @ orchestrator.py:146][DEBUG] 2017-11-08 20:59:12,090: Cancelling <Task cancelling coro=<AdafruitGPS.loop() running at /media/nvidia/JetsonSSD/code/TestBed/babybuggy/adafruit_gps.py:100> cb=[_wait.<locals>._on_completion() at /usr/lib/python3.5/asyncio/tasks.py:414]>: True
[BabyBuggy @ orchestrator.py:146][DEBUG] 2017-11-08 20:59:12,090: Cancelling <Task cancelling coro=<QuadEncoder.loop() running at /media/nvidia/JetsonSSD/code/TestBed/babybuggy/quad_encoder.py:65> cb=[_wait.<locals>._on_completion() at /usr/lib/python3.5/asyncio/tasks.py:414]>: True
[BabyBuggy @ orchestrator.py:146][DEBUG] 2017-11-08 20:59:12,091: Cancelling <Task cancelling coro=<LMS200.loop() running at /usr/local/lib/python3.5/dist-packages/lms200/lms200.py:124> wait_for=<Future cancelled> cb=[_wait.<locals>._on_completion() at /usr/lib/python3.5/asyncio/tasks.py:414]>: True
[BabyBuggy @ orchestrator.py:164][DEBUG] 2017-11-08 20:59:12,091: 5 tasks to cancel
[BabyBuggy @ orchestrator.py:146][DEBUG] 2017-11-08 20:59:12,091: Cancelling <Task cancelling coro=<Orchestrator.loop() running at /usr/local/lib/python3.5/dist-packages/atlasbuggy/orchestrator.py:73> wait_for=<Future cancelled> cb=[_wait.<locals>._on_completion() at /usr/lib/python3.5/asyncio/tasks.py:414]>: True
[BabyBuggy @ orchestrator.py:146][DEBUG] 2017-11-08 20:59:12,091: Cancelling <Task cancelling coro=<BNO055.loop() running at /media/nvidia/JetsonSSD/code/TestBed/babybuggy/bno055.py:137> cb=[_wait.<locals>._on_completion() at /usr/lib/python3.5/asyncio/tasks.py:414]>: True
[BabyBuggy @ orchestrator.py:146][DEBUG] 2017-11-08 20:59:12,091: Cancelling <Task cancelling coro=<AdafruitGPS.loop() running at /media/nvidia/JetsonSSD/code/TestBed/babybuggy/adafruit_gps.py:100> cb=[_wait.<locals>._on_completion() at /usr/lib/python3.5/asyncio/tasks.py:414]>: True
[BabyBuggy @ orchestrator.py:146][DEBUG] 2017-11-08 20:59:12,091: Cancelling <Task cancelling coro=<QuadEncoder.loop() running at /media/nvidia/JetsonSSD/code/TestBed/babybuggy/quad_encoder.py:65> cb=[_wait.<locals>._on_completion() at /usr/lib/python3.5/asyncio/tasks.py:414]>: True
[BabyBuggy @ orchestrator.py:146][DEBUG] 2017-11-08 20:59:12,092: Cancelling <Task cancelling coro=<LMS200.loop() running at /usr/local/lib/python3.5/dist-packages/lms200/lms200.py:124> wait_for=<Future cancelled> cb=[_wait.<locals>._on_completion() at /usr/lib/python3.5/asyncio/tasks.py:414]>: True
[BabyBuggy @ orchestrator.py:266][INFO] 2017-11-08 20:59:12,093: loop finished
[BabyBuggy @ orchestrator.py:270][INFO] 2017-11-08 20:59:12,093: closing orchestrator
[BabyBuggy @ orchestrator.py:164][DEBUG] 2017-11-08 20:59:12,093: 5 tasks to cancel
[BabyBuggy @ orchestrator.py:146][DEBUG] 2017-11-08 20:59:12,093: Cancelling <Task cancelled coro=<Orchestrator.loop() done, defined at /usr/local/lib/python3.5/dist-packages/atlasbuggy/orchestrator.py:70>>: False
[BabyBuggy @ orchestrator.py:150][DEBUG] 2017-11-08 20:59:12,094: Task '<Task cancelled coro=<Orchestrator.loop() done, defined at /usr/local/lib/python3.5/dist-packages/atlasbuggy/orchestrator.py:70>>' was cancelled
[BabyBuggy @ orchestrator.py:146][DEBUG] 2017-11-08 20:59:12,094: Cancelling <Task cancelled coro=<BNO055.loop() done, defined at /media/nvidia/JetsonSSD/code/TestBed/babybuggy/bno055.py:124>>: False
[BabyBuggy @ orchestrator.py:150][DEBUG] 2017-11-08 20:59:12,094: Task '<Task cancelled coro=<BNO055.loop() done, defined at /media/nvidia/JetsonSSD/code/TestBed/babybuggy/bno055.py:124>>' was cancelled
[BabyBuggy @ orchestrator.py:146][DEBUG] 2017-11-08 20:59:12,094: Cancelling <Task cancelled coro=<AdafruitGPS.loop() done, defined at /media/nvidia/JetsonSSD/code/TestBed/babybuggy/adafruit_gps.py:86>>: False
[BabyBuggy @ orchestrator.py:150][DEBUG] 2017-11-08 20:59:12,094: Task '<Task cancelled coro=<AdafruitGPS.loop() done, defined at /media/nvidia/JetsonSSD/code/TestBed/babybuggy/adafruit_gps.py:86>>' was cancelled
[BabyBuggy @ orchestrator.py:146][DEBUG] 2017-11-08 20:59:12,094: Cancelling <Task cancelled coro=<QuadEncoder.loop() done, defined at /media/nvidia/JetsonSSD/code/TestBed/babybuggy/quad_encoder.py:52>>: False
[BabyBuggy @ orchestrator.py:150][DEBUG] 2017-11-08 20:59:12,095: Task '<Task cancelled coro=<QuadEncoder.loop() done, defined at /media/nvidia/JetsonSSD/code/TestBed/babybuggy/quad_encoder.py:52>>' was cancelled
[BabyBuggy @ orchestrator.py:146][DEBUG] 2017-11-08 20:59:12,095: Cancelling <Task cancelled coro=<LMS200.loop() done, defined at /usr/local/lib/python3.5/dist-packages/lms200/lms200.py:111>>: False
[BabyBuggy @ orchestrator.py:150][DEBUG] 2017-11-08 20:59:12,095: Task '<Task cancelled coro=<LMS200.loop() done, defined at /usr/local/lib/python3.5/dist-packages/lms200/lms200.py:111>>' was cancelled
[BabyBuggy @ orchestrator.py:89][INFO] 2017-11-08 20:59:12,095: halting
[BabyBuggy @ orchestrator.py:92][INFO] 2017-11-08 20:59:12,095: Session took 93.65330719947815s to complete
[BabyBuggy @ orchestrator.py:78][INFO] 2017-11-08 20:59:12,098: teardown
