[OpenCVCamera @ factory.py:85][DEBUG] 2017-10-28 06:24:22,410: Logging to: logs/2017_Oct_28/OpenCVCamera/06_24_22.log
[OpenCVCamera @ camera.py:123][INFO] 2017-10-28 06:24:28,413: Loading capture '1'
[OpenCVCamera @ node.py:71][INFO] 2017-10-28 06:24:29,313: received 1 messages in 3 seconds. 1 received in total (avg=0.1 messages/sec)
[OpenCVCamera @ node.py:71][INFO] 2017-10-28 06:24:32,321: received 90 messages in 3 seconds. 91 received in total (avg=9.2 messages/sec)
[OpenCVCamera @ node.py:71][INFO] 2017-10-28 06:24:35,358: received 91 messages in 3 seconds. 182 received in total (avg=14.1 messages/sec)
[OpenCVCamera @ node.py:79][DEBUG] 2017-10-28 06:24:37,090: [log buffer start]
[DEBUG, 1509186269.3137045]: ImageMessage(t=1509186269.3136864, n=0)
[DEBUG, 1509186269.3236876]: ImageMessage(t=1509186269.3236828, n=1)
[DEBUG, 1509186269.354562]: ImageMessage(t=1509186269.3545527, n=2)
[DEBUG, 1509186269.388613]: ImageMessage(t=1509186269.3886034, n=3)
[DEBUG, 1509186269.4257226]: ImageMessage(t=1509186269.4257135, n=4)
[DEBUG, 1509186269.4613688]: ImageMessage(t=1509186269.46136, n=5)
[DEBUG, 1509186269.4937716]: ImageMessage(t=1509186269.4937613, n=6)
[DEBUG, 1509186269.5255654]: ImageMessage(t=1509186269.525556, n=7)
[DEBUG, 1509186269.5620525]: ImageMessage(t=1509186269.5620418, n=8)
[DEBUG, 1509186269.593909]: ImageMessage(t=1509186269.5938988, n=9)
[DEBUG, 1509186269.6217656]: ImageMessage(t=1509186269.6217563, n=10)
[DEBUG, 1509186269.661656]: ImageMessage(t=1509186269.6616454, n=11)
[DEBUG, 1509186269.69346]: ImageMessage(t=1509186269.6934497, n=12)
[DEBUG, 1509186269.7259827]: ImageMessage(t=1509186269.7259722, n=13)
[DEBUG, 1509186269.761722]: ImageMessage(t=1509186269.7617114, n=14)
[DEBUG, 1509186269.793757]: ImageMessage(t=1509186269.7937467, n=15)
[DEBUG, 1509186269.8258688]: ImageMessage(t=1509186269.8258588, n=16)
[DEBUG, 1509186269.862146]: ImageMessage(t=1509186269.8621364, n=17)
[DEBUG, 1509186269.8945577]: ImageMessage(t=1509186269.8945472, n=18)
[DEBUG, 1509186269.9257925]: ImageMessage(t=1509186269.9257832, n=19)
[DEBUG, 1509186269.9617977]: ImageMessage(t=1509186269.9617922, n=20)
[DEBUG, 1509186269.9918275]: ImageMessage(t=1509186269.9918182, n=21)
[DEBUG, 1509186270.026092]: ImageMessage(t=1509186270.0260818, n=22)
[DEBUG, 1509186270.0620422]: ImageMessage(t=1509186270.0620322, n=23)
[DEBUG, 1509186270.093997]: ImageMessage(t=1509186270.0939875, n=24)
[DEBUG, 1509186270.125884]: ImageMessage(t=1509186270.125874, n=25)
[DEBUG, 1509186270.1613054]: ImageMessage(t=1509186270.1612966, n=26)
[DEBUG, 1509186270.3108277]: ImageMessage(t=1509186270.310822, n=27)
[DEBUG, 1509186270.3173366]: ImageMessage(t=1509186270.3173313, n=28)
[DEBUG, 1509186270.3240035]: ImageMessage(t=1509186270.3239982, n=29)
[DEBUG, 1509186270.330587]: ImageMessage(t=1509186270.3305821, n=30)
[DEBUG, 1509186270.3503697]: ImageMessage(t=1509186270.3503644, n=31)
[DEBUG, 1509186270.3907924]: ImageMessage(t=1509186270.3907874, n=32)
[DEBUG, 1509186270.4195096]: ImageMessage(t=1509186270.4195037, n=33)
[DEBUG, 1509186270.4580894]: ImageMessage(t=1509186270.458079, n=34)
[DEBUG, 1509186270.4931533]: ImageMessage(t=1509186270.4931428, n=35)
[DEBUG, 1509186270.5233657]: ImageMessage(t=1509186270.5233593, n=36)
[DEBUG, 1509186270.5530474]: ImageMessage(t=1509186270.55304, n=37)
[DEBUG, 1509186270.5925899]: ImageMessage(t=1509186270.59258, n=38)
[DEBUG, 1509186270.6251125]: ImageMessage(t=1509186270.6251018, n=39)
[DEBUG, 1509186270.6580126]: ImageMessage(t=1509186270.6580048, n=40)
[DEBUG, 1509186270.693138]: ImageMessage(t=1509186270.6931283, n=41)
[DEBUG, 1509186270.7224622]: ImageMessage(t=1509186270.7224565, n=42)
[DEBUG, 1509186270.7554839]: ImageMessage(t=1509186270.755475, n=43)
[DEBUG, 1509186270.7983806]: ImageMessage(t=1509186270.7983716, n=44)
[DEBUG, 1509186270.8232834]: ImageMessage(t=1509186270.8232732, n=45)
[DEBUG, 1509186270.857404]: ImageMessage(t=1509186270.8573928, n=46)
[DEBUG, 1509186270.8931339]: ImageMessage(t=1509186270.8931239, n=47)
[DEBUG, 1509186270.936582]: ImageMessage(t=1509186270.936576, n=48)
[DEBUG, 1509186270.9572806]: ImageMessage(t=1509186270.9572759, n=49)
[DEBUG, 1509186270.9903777]: ImageMessage(t=1509186270.990367, n=50)
[DEBUG, 1509186271.0242717]: ImageMessage(t=1509186271.024262, n=51)
[DEBUG, 1509186271.0543156]: ImageMessage(t=1509186271.0543053, n=52)
[DEBUG, 1509186271.0877054]: ImageMessage(t=1509186271.0876944, n=53)
[DEBUG, 1509186271.120031]: ImageMessage(t=1509186271.1200187, n=54)
[DEBUG, 1509186271.1543815]: ImageMessage(t=1509186271.1543753, n=55)
[DEBUG, 1509186271.1888034]: ImageMessage(t=1509186271.1887932, n=56)
[DEBUG, 1509186271.225097]: ImageMessage(t=1509186271.2250886, n=57)
[DEBUG, 1509186271.2572937]: ImageMessage(t=1509186271.2572863, n=58)
[DEBUG, 1509186271.2927372]: ImageMessage(t=1509186271.2927258, n=59)
[DEBUG, 1509186271.3245406]: ImageMessage(t=1509186271.3245308, n=60)
[DEBUG, 1509186271.3574078]: ImageMessage(t=1509186271.3573968, n=61)
[DEBUG, 1509186271.4005156]: ImageMessage(t=1509186271.4005094, n=62)
[DEBUG, 1509186271.4219065]: ImageMessage(t=1509186271.4219012, n=63)
[DEBUG, 1509186271.4546578]: ImageMessage(t=1509186271.4546483, n=64)
[DEBUG, 1509186271.4899054]: ImageMessage(t=1509186271.4898958, n=65)
[DEBUG, 1509186271.5235546]: ImageMessage(t=1509186271.5235445, n=66)
[DEBUG, 1509186271.557223]: ImageMessage(t=1509186271.5572135, n=67)
[DEBUG, 1509186271.5931969]: ImageMessage(t=1509186271.5931883, n=68)
[DEBUG, 1509186271.6246727]: ImageMessage(t=1509186271.6246643, n=69)
[DEBUG, 1509186271.6527514]: ImageMessage(t=1509186271.6527464, n=70)
[DEBUG, 1509186271.6930125]: ImageMessage(t=1509186271.6930032, n=71)
[DEBUG, 1509186271.7345598]: ImageMessage(t=1509186271.7345529, n=72)
[DEBUG, 1509186271.755706]: ImageMessage(t=1509186271.755696, n=73)
[DEBUG, 1509186271.7877815]: ImageMessage(t=1509186271.7877758, n=74)
[DEBUG, 1509186271.8265195]: ImageMessage(t=1509186271.8265092, n=75)
[DEBUG, 1509186271.8893795]: ImageMessage(t=1509186271.8893683, n=76)
[DEBUG, 1509186271.9022844]: ImageMessage(t=1509186271.902278, n=77)
[DEBUG, 1509186271.9263785]: ImageMessage(t=1509186271.9263043, n=78)
[DEBUG, 1509186271.964039]: ImageMessage(t=1509186271.9640305, n=79)
[DEBUG, 1509186271.99052]: ImageMessage(t=1509186271.9905133, n=80)
[DEBUG, 1509186272.020675]: ImageMessage(t=1509186272.0206695, n=81)
[DEBUG, 1509186272.0566385]: ImageMessage(t=1509186272.0566294, n=82)
[DEBUG, 1509186272.0998812]: ImageMessage(t=1509186272.0998733, n=83)
[DEBUG, 1509186272.1238182]: ImageMessage(t=1509186272.1238093, n=84)
[DEBUG, 1509186272.1586437]: ImageMessage(t=1509186272.1586342, n=85)
[DEBUG, 1509186272.1931212]: ImageMessage(t=1509186272.1931117, n=86)
[DEBUG, 1509186272.2448866]: ImageMessage(t=1509186272.244876, n=87)
[DEBUG, 1509186272.2744696]: ImageMessage(t=1509186272.274464, n=88)
[DEBUG, 1509186272.2887657]: ImageMessage(t=1509186272.2887566, n=89)
[DEBUG, 1509186272.3214269]: ImageMessage(t=1509186272.3214173, n=90)
[DEBUG, 1509186272.357238]: ImageMessage(t=1509186272.357227, n=91)
[DEBUG, 1509186272.388866]: ImageMessage(t=1509186272.3888547, n=92)
[DEBUG, 1509186272.4252067]: ImageMessage(t=1509186272.4251947, n=93)
[DEBUG, 1509186272.4816084]: ImageMessage(t=1509186272.4816, n=94)
[DEBUG, 1509186272.51009]: ImageMessage(t=1509186272.510084, n=95)
[DEBUG, 1509186272.518283]: ImageMessage(t=1509186272.5182772, n=96)
[DEBUG, 1509186272.556255]: ImageMessage(t=1509186272.556245, n=97)
[DEBUG, 1509186272.5872421]: ImageMessage(t=1509186272.587235, n=98)
[DEBUG, 1509186272.6249454]: ImageMessage(t=1509186272.624933, n=99)
[DEBUG, 1509186272.660794]: ImageMessage(t=1509186272.6607823, n=100)
[DEBUG, 1509186272.7203324]: ImageMessage(t=1509186272.7203233, n=101)
[DEBUG, 1509186272.7503402]: ImageMessage(t=1509186272.750334, n=102)
[DEBUG, 1509186272.7586224]: ImageMessage(t=1509186272.7586174, n=103)
[DEBUG, 1509186272.7909143]: ImageMessage(t=1509186272.7909086, n=104)
[DEBUG, 1509186272.8244233]: ImageMessage(t=1509186272.8244147, n=105)
[DEBUG, 1509186272.856967]: ImageMessage(t=1509186272.8569615, n=106)
[DEBUG, 1509186272.888596]: ImageMessage(t=1509186272.888589, n=107)
[DEBUG, 1509186272.9370396]: ImageMessage(t=1509186272.9370313, n=108)
[DEBUG, 1509186272.9554434]: ImageMessage(t=1509186272.9554331, n=109)
[DEBUG, 1509186272.9894745]: ImageMessage(t=1509186272.9894645, n=110)
[DEBUG, 1509186273.0274515]: ImageMessage(t=1509186273.0274415, n=111)
[DEBUG, 1509186273.0777295]: ImageMessage(t=1509186273.0777202, n=112)
[DEBUG, 1509186273.1066806]: ImageMessage(t=1509186273.106674, n=113)
[DEBUG, 1509186273.1192765]: ImageMessage(t=1509186273.1192713, n=114)
[DEBUG, 1509186273.1581688]: ImageMessage(t=1509186273.1581597, n=115)
[DEBUG, 1509186273.1897516]: ImageMessage(t=1509186273.1897423, n=116)
[DEBUG, 1509186273.2284658]: ImageMessage(t=1509186273.2284544, n=117)
[DEBUG, 1509186273.2690578]: ImageMessage(t=1509186273.2690485, n=118)
[DEBUG, 1509186273.2866673]: ImageMessage(t=1509186273.2866573, n=119)
[DEBUG, 1509186273.3218784]: ImageMessage(t=1509186273.3218691, n=120)
[DEBUG, 1509186273.356064]: ImageMessage(t=1509186273.3560553, n=121)
[DEBUG, 1509186273.4019086]: ImageMessage(t=1509186273.4018989, n=122)
[DEBUG, 1509186273.4252315]: ImageMessage(t=1509186273.4252214, n=123)
[DEBUG, 1509186273.4572873]: ImageMessage(t=1509186273.4572775, n=124)
[DEBUG, 1509186273.4888766]: ImageMessage(t=1509186273.4888663, n=125)
[DEBUG, 1509186273.5356328]: ImageMessage(t=1509186273.5356243, n=126)
[DEBUG, 1509186273.5610015]: ImageMessage(t=1509186273.5609958, n=127)
[DEBUG, 1509186273.5875685]: ImageMessage(t=1509186273.5875595, n=128)
[DEBUG, 1509186273.6228929]: ImageMessage(t=1509186273.6228862, n=129)
[DEBUG, 1509186273.658385]: ImageMessage(t=1509186273.6583748, n=130)
[DEBUG, 1509186273.689836]: ImageMessage(t=1509186273.6898255, n=131)
[DEBUG, 1509186273.7267644]: ImageMessage(t=1509186273.7267556, n=132)
[DEBUG, 1509186273.7571573]: ImageMessage(t=1509186273.7571478, n=133)
[DEBUG, 1509186273.7896407]: ImageMessage(t=1509186273.7896338, n=134)
[DEBUG, 1509186273.8251233]: ImageMessage(t=1509186273.8251128, n=135)
[DEBUG, 1509186273.8824065]: ImageMessage(t=1509186273.8823967, n=136)
[DEBUG, 1509186273.8939595]: ImageMessage(t=1509186273.893951, n=137)
[DEBUG, 1509186273.918352]: ImageMessage(t=1509186273.9183466, n=138)
[DEBUG, 1509186273.956213]: ImageMessage(t=1509186273.956122, n=139)
[DEBUG, 1509186274.011252]: ImageMessage(t=1509186274.0112429, n=140)
[DEBUG, 1509186274.0226104]: ImageMessage(t=1509186274.0226047, n=141)
[DEBUG, 1509186274.0572436]: ImageMessage(t=1509186274.0572338, n=142)
[DEBUG, 1509186274.1084936]: ImageMessage(t=1509186274.108484, n=143)
[DEBUG, 1509186274.123208]: ImageMessage(t=1509186274.1232016, n=144)
[DEBUG, 1509186274.1513326]: ImageMessage(t=1509186274.1513276, n=145)
[DEBUG, 1509186274.1841736]: ImageMessage(t=1509186274.184119, n=146)
[DEBUG, 1509186274.2194254]: ImageMessage(t=1509186274.219415, n=147)
[DEBUG, 1509186274.257413]: ImageMessage(t=1509186274.2574031, n=148)
[DEBUG, 1509186274.2933164]: ImageMessage(t=1509186274.2933066, n=149)
[DEBUG, 1509186274.3197005]: ImageMessage(t=1509186274.319691, n=150)
[DEBUG, 1509186274.3536131]: ImageMessage(t=1509186274.353605, n=151)
[DEBUG, 1509186274.3893158]: ImageMessage(t=1509186274.3893044, n=152)
[DEBUG, 1509186274.4310102]: ImageMessage(t=1509186274.4310045, n=153)
[DEBUG, 1509186274.4560153]: ImageMessage(t=1509186274.4560072, n=154)
[DEBUG, 1509186274.4910626]: ImageMessage(t=1509186274.4910538, n=155)
[DEBUG, 1509186274.523982]: ImageMessage(t=1509186274.5239708, n=156)
[DEBUG, 1509186274.5567205]: ImageMessage(t=1509186274.5567148, n=157)
[DEBUG, 1509186274.5833395]: ImageMessage(t=1509186274.5833337, n=158)
[DEBUG, 1509186274.6191473]: ImageMessage(t=1509186274.6191382, n=159)
[DEBUG, 1509186274.6565602]: ImageMessage(t=1509186274.656551, n=160)
[DEBUG, 1509186274.6891472]: ImageMessage(t=1509186274.6891372, n=161)
[DEBUG, 1509186274.7236514]: ImageMessage(t=1509186274.7236416, n=162)
[DEBUG, 1509186274.761631]: ImageMessage(t=1509186274.7616227, n=163)
[DEBUG, 1509186274.789137]: ImageMessage(t=1509186274.7891257, n=164)
[DEBUG, 1509186274.8202832]: ImageMessage(t=1509186274.8202767, n=165)
[DEBUG, 1509186274.8567271]: ImageMessage(t=1509186274.8567173, n=166)
[DEBUG, 1509186274.9082303]: ImageMessage(t=1509186274.9082193, n=167)
[DEBUG, 1509186274.9190023]: ImageMessage(t=1509186274.9189932, n=168)
[DEBUG, 1509186274.9574687]: ImageMessage(t=1509186274.9574578, n=169)
[DEBUG, 1509186274.9887745]: ImageMessage(t=1509186274.9887636, n=170)
[DEBUG, 1509186275.0543907]: ImageMessage(t=1509186275.0543802, n=171)
[DEBUG, 1509186275.0836687]: ImageMessage(t=1509186275.0836627, n=172)
[DEBUG, 1509186275.0906236]: ImageMessage(t=1509186275.0906188, n=173)
[DEBUG, 1509186275.1259458]: ImageMessage(t=1509186275.1259367, n=174)
[DEBUG, 1509186275.1570687]: ImageMessage(t=1509186275.1570592, n=175)
[DEBUG, 1509186275.1891716]: ImageMessage(t=1509186275.1891615, n=176)
[DEBUG, 1509186275.2246683]: ImageMessage(t=1509186275.2246583, n=177)
[DEBUG, 1509186275.2691438]: ImageMessage(t=1509186275.2691376, n=178)
[DEBUG, 1509186275.29041]: ImageMessage(t=1509186275.290405, n=179)
[DEBUG, 1509186275.3194518]: ImageMessage(t=1509186275.3194418, n=180)
[DEBUG, 1509186275.3584228]: ImageMessage(t=1509186275.3584166, n=181)
[DEBUG, 1509186275.3878422]: ImageMessage(t=1509186275.3878322, n=182)
[DEBUG, 1509186275.4234288]: ImageMessage(t=1509186275.4234226, n=183)
[DEBUG, 1509186275.4574766]: ImageMessage(t=1509186275.457466, n=184)
[DEBUG, 1509186275.5059724]: ImageMessage(t=1509186275.505963, n=185)
[DEBUG, 1509186275.517692]: ImageMessage(t=1509186275.5176845, n=186)
[DEBUG, 1509186275.5614169]: ImageMessage(t=1509186275.5614057, n=187)
[DEBUG, 1509186275.5908551]: ImageMessage(t=1509186275.590846, n=188)
[DEBUG, 1509186275.6356034]: ImageMessage(t=1509186275.635593, n=189)
[DEBUG, 1509186275.6614873]: ImageMessage(t=1509186275.661482, n=190)
[DEBUG, 1509186275.6816053]: ImageMessage(t=1509186275.6815999, n=191)
[DEBUG, 1509186275.716533]: ImageMessage(t=1509186275.7165275, n=192)
[DEBUG, 1509186275.7586005]: ImageMessage(t=1509186275.7585914, n=193)
[DEBUG, 1509186275.7918305]: ImageMessage(t=1509186275.7918198, n=194)
[DEBUG, 1509186275.8284962]: ImageMessage(t=1509186275.8284879, n=195)
[DEBUG, 1509186275.851239]: ImageMessage(t=1509186275.8512335, n=196)
[DEBUG, 1509186275.8851328]: ImageMessage(t=1509186275.8851233, n=197)
[DEBUG, 1509186275.9192328]: ImageMessage(t=1509186275.9192226, n=198)
[DEBUG, 1509186275.9669187]: ImageMessage(t=1509186275.9669094, n=199)
[DEBUG, 1509186275.9891737]: ImageMessage(t=1509186275.989164, n=200)
[DEBUG, 1509186276.020535]: ImageMessage(t=1509186276.020526, n=201)
[DEBUG, 1509186276.0572467]: ImageMessage(t=1509186276.0572355, n=202)
[DEBUG, 1509186276.112682]: ImageMessage(t=1509186276.1126711, n=203)
[DEBUG, 1509186276.142064]: ImageMessage(t=1509186276.142059, n=204)
[DEBUG, 1509186276.1500595]: ImageMessage(t=1509186276.1500542, n=205)
[DEBUG, 1509186276.1887472]: ImageMessage(t=1509186276.188741, n=206)
[DEBUG, 1509186276.2207425]: ImageMessage(t=1509186276.2207344, n=207)
[DEBUG, 1509186276.252871]: ImageMessage(t=1509186276.252861, n=208)
[DEBUG, 1509186276.2924767]: ImageMessage(t=1509186276.2924657, n=209)
[DEBUG, 1509186276.3614604]: ImageMessage(t=1509186276.3614519, n=210)
[DEBUG, 1509186276.3917544]: ImageMessage(t=1509186276.3917487, n=211)
[DEBUG, 1509186276.3997538]: ImageMessage(t=1509186276.3997493, n=212)
[DEBUG, 1509186276.430215]: ImageMessage(t=1509186276.4302094, n=213)
[DEBUG, 1509186276.447369]: ImageMessage(t=1509186276.4473636, n=214)
[DEBUG, 1509186276.4843264]: ImageMessage(t=1509186276.4843194, n=215)
[DEBUG, 1509186276.5232558]: ImageMessage(t=1509186276.5232453, n=216)
[DEBUG, 1509186276.5629516]: ImageMessage(t=1509186276.5629418, n=217)
[DEBUG, 1509186276.5885406]: ImageMessage(t=1509186276.5885324, n=218)
[DEBUG, 1509186276.6212313]: ImageMessage(t=1509186276.6212206, n=219)
[DEBUG, 1509186276.6533046]: ImageMessage(t=1509186276.6532955, n=220)
[DEBUG, 1509186276.7064288]: ImageMessage(t=1509186276.7064185, n=221)
[DEBUG, 1509186276.7323563]: ImageMessage(t=1509186276.732351, n=222)
[DEBUG, 1509186276.749449]: ImageMessage(t=1509186276.7494438, n=223)
[DEBUG, 1509186276.7842247]: ImageMessage(t=1509186276.7842145, n=224)
[DEBUG, 1509186276.8214297]: ImageMessage(t=1509186276.821419, n=225)
[DEBUG, 1509186276.8533616]: ImageMessage(t=1509186276.8533518, n=226)
[DEBUG, 1509186276.8934636]: ImageMessage(t=1509186276.8934557, n=227)
[DEBUG, 1509186276.9231563]: ImageMessage(t=1509186276.9231448, n=228)
[DEBUG, 1509186276.9567962]: ImageMessage(t=1509186276.9567902, n=229)
[DEBUG, 1509186276.9886415]: ImageMessage(t=1509186276.9886332, n=230)
[DEBUG, 1509186277.0431]: ImageMessage(t=1509186277.0430934, n=231)
[DEBUG, 1509186277.0544758]: ImageMessage(t=1509186277.05447, n=232)
[DEBUG, 1509186277.0899549]: ImageMessage(t=1509186277.0899444, n=233)
[log buffer end]
[OpenCVCamera @ node.py:81][DEBUG] 2017-10-28 06:24:37,091: logging message buffer (len=16428)
[OpenCVCamera @ node.py:71][INFO] 2017-10-28 06:24:38,401: received 91 messages in 3 seconds. 273 received in total (avg=17.1 messages/sec)
[OpenCVCamera @ node.py:71][INFO] 2017-10-28 06:24:41,418: received 91 messages in 3 seconds. 364 received in total (avg=19.1 messages/sec)
[OpenCVCamera @ node.py:71][INFO] 2017-10-28 06:24:44,421: received 90 messages in 3 seconds. 454 received in total (avg=20.6 messages/sec)
[OpenCVCamera @ node.py:79][DEBUG] 2017-10-28 06:24:44,856: [log buffer start]
[DEBUG, 1509186277.125818]: ImageMessage(t=1509186277.1258113, n=234)
[DEBUG, 1509186277.154309]: ImageMessage(t=1509186277.1542997, n=235)
[DEBUG, 1509186277.1854386]: ImageMessage(t=1509186277.1854331, n=236)
[DEBUG, 1509186277.218001]: ImageMessage(t=1509186277.2179918, n=237)
[DEBUG, 1509186277.2543972]: ImageMessage(t=1509186277.2543879, n=238)
[DEBUG, 1509186277.2892528]: ImageMessage(t=1509186277.2892416, n=239)
[DEBUG, 1509186277.3225238]: ImageMessage(t=1509186277.3225124, n=240)
[DEBUG, 1509186277.3533993]: ImageMessage(t=1509186277.3533897, n=241)
[DEBUG, 1509186277.3936412]: ImageMessage(t=1509186277.393635, n=242)
[DEBUG, 1509186277.4151838]: ImageMessage(t=1509186277.4151785, n=243)
[DEBUG, 1509186277.4528022]: ImageMessage(t=1509186277.4527931, n=244)
[DEBUG, 1509186277.4864466]: ImageMessage(t=1509186277.4863887, n=245)
[DEBUG, 1509186277.5198374]: ImageMessage(t=1509186277.519827, n=246)
[DEBUG, 1509186277.5495136]: ImageMessage(t=1509186277.5495083, n=247)
[DEBUG, 1509186277.587327]: ImageMessage(t=1509186277.5873168, n=248)
[DEBUG, 1509186277.6346784]: ImageMessage(t=1509186277.634669, n=249)
[DEBUG, 1509186277.650863]: ImageMessage(t=1509186277.650854, n=250)
[DEBUG, 1509186277.6914358]: ImageMessage(t=1509186277.6914263, n=251)
[DEBUG, 1509186277.7206678]: ImageMessage(t=1509186277.720658, n=252)
[DEBUG, 1509186277.7715275]: ImageMessage(t=1509186277.771521, n=253)
[DEBUG, 1509186277.7959387]: ImageMessage(t=1509186277.795933, n=254)
[DEBUG, 1509186277.817812]: ImageMessage(t=1509186277.8178034, n=255)
[DEBUG, 1509186277.8489835]: ImageMessage(t=1509186277.8489754, n=256)
[DEBUG, 1509186277.8890326]: ImageMessage(t=1509186277.8890207, n=257)
[DEBUG, 1509186277.9213374]: ImageMessage(t=1509186277.921327, n=258)
[DEBUG, 1509186277.9531422]: ImageMessage(t=1509186277.953131, n=259)
[DEBUG, 1509186277.990342]: ImageMessage(t=1509186277.9903357, n=260)
[DEBUG, 1509186278.0146482]: ImageMessage(t=1509186278.014643, n=261)
[DEBUG, 1509186278.0530114]: ImageMessage(t=1509186278.0530019, n=262)
[DEBUG, 1509186278.1027944]: ImageMessage(t=1509186278.1027849, n=263)
[DEBUG, 1509186278.1213317]: ImageMessage(t=1509186278.1213226, n=264)
[DEBUG, 1509186278.151428]: ImageMessage(t=1509186278.1514173, n=265)
[DEBUG, 1509186278.1980593]: ImageMessage(t=1509186278.1980512, n=266)
[DEBUG, 1509186278.2219896]: ImageMessage(t=1509186278.2219803, n=267)
[DEBUG, 1509186278.251034]: ImageMessage(t=1509186278.2510288, n=268)
[DEBUG, 1509186278.2792716]: ImageMessage(t=1509186278.2792656, n=269)
[DEBUG, 1509186278.3212316]: ImageMessage(t=1509186278.321222, n=270)
[DEBUG, 1509186278.3553588]: ImageMessage(t=1509186278.3553493, n=271)
[DEBUG, 1509186278.4009254]: ImageMessage(t=1509186278.4009156, n=272)
[DEBUG, 1509186278.419013]: ImageMessage(t=1509186278.4190028, n=273)
[DEBUG, 1509186278.4490829]: ImageMessage(t=1509186278.4490767, n=274)
[DEBUG, 1509186278.480682]: ImageMessage(t=1509186278.480673, n=275)
[DEBUG, 1509186278.520642]: ImageMessage(t=1509186278.5206304, n=276)
[DEBUG, 1509186278.5522587]: ImageMessage(t=1509186278.5522466, n=277)
[DEBUG, 1509186278.5972366]: ImageMessage(t=1509186278.597229, n=278)
[DEBUG, 1509186278.6146045]: ImageMessage(t=1509186278.6145961, n=279)
[DEBUG, 1509186278.6461036]: ImageMessage(t=1509186278.646098, n=280)
[DEBUG, 1509186278.6855018]: ImageMessage(t=1509186278.6854925, n=281)
[DEBUG, 1509186278.7317147]: ImageMessage(t=1509186278.7317061, n=282)
[DEBUG, 1509186278.7451663]: ImageMessage(t=1509186278.7451572, n=283)
[DEBUG, 1509186278.7839544]: ImageMessage(t=1509186278.783943, n=284)
[DEBUG, 1509186278.8181193]: ImageMessage(t=1509186278.8181076, n=285)
[DEBUG, 1509186278.8706675]: ImageMessage(t=1509186278.870656, n=286)
[DEBUG, 1509186278.9178014]: ImageMessage(t=1509186278.9177957, n=287)
[DEBUG, 1509186278.9238243]: ImageMessage(t=1509186278.9238193, n=288)
[DEBUG, 1509186278.9503996]: ImageMessage(t=1509186278.95039, n=289)
[DEBUG, 1509186278.9778585]: ImageMessage(t=1509186278.9778476, n=290)
[DEBUG, 1509186279.015881]: ImageMessage(t=1509186279.0158694, n=291)
[DEBUG, 1509186279.0473843]: ImageMessage(t=1509186279.0473745, n=292)
[DEBUG, 1509186279.0983198]: ImageMessage(t=1509186279.098311, n=293)
[DEBUG, 1509186279.1271608]: ImageMessage(t=1509186279.127156, n=294)
[DEBUG, 1509186279.1439745]: ImageMessage(t=1509186279.1439652, n=295)
[DEBUG, 1509186279.17752]: ImageMessage(t=1509186279.1775098, n=296)
[DEBUG, 1509186279.215238]: ImageMessage(t=1509186279.2152276, n=297)
[DEBUG, 1509186279.2504022]: ImageMessage(t=1509186279.2503214, n=298)
[DEBUG, 1509186279.2819207]: ImageMessage(t=1509186279.2819095, n=299)
[DEBUG, 1509186279.3375583]: ImageMessage(t=1509186279.3375487, n=300)
[DEBUG, 1509186279.3730495]: ImageMessage(t=1509186279.3730443, n=301)
[DEBUG, 1509186279.3792062]: ImageMessage(t=1509186279.3792012, n=302)
[DEBUG, 1509186279.4074514]: ImageMessage(t=1509186279.4074411, n=303)
[DEBUG, 1509186279.447496]: ImageMessage(t=1509186279.4474847, n=304)
[DEBUG, 1509186279.4916952]: ImageMessage(t=1509186279.4916897, n=305)
[DEBUG, 1509186279.5070958]: ImageMessage(t=1509186279.5070894, n=306)
[DEBUG, 1509186279.546243]: ImageMessage(t=1509186279.5462327, n=307)
[DEBUG, 1509186279.579312]: ImageMessage(t=1509186279.5793002, n=308)
[DEBUG, 1509186279.6113448]: ImageMessage(t=1509186279.611334, n=309)
[DEBUG, 1509186279.6468868]: ImageMessage(t=1509186279.646876, n=310)
[DEBUG, 1509186279.6900315]: ImageMessage(t=1509186279.6900237, n=311)
[DEBUG, 1509186279.7316575]: ImageMessage(t=1509186279.7316523, n=312)
[DEBUG, 1509186279.7414727]: ImageMessage(t=1509186279.7414668, n=313)
[DEBUG, 1509186279.7747476]: ImageMessage(t=1509186279.7747416, n=314)
[DEBUG, 1509186279.814201]: ImageMessage(t=1509186279.8141918, n=315)
[DEBUG, 1509186279.8508193]: ImageMessage(t=1509186279.8508065, n=316)
[DEBUG, 1509186279.8867636]: ImageMessage(t=1509186279.8867564, n=317)
[DEBUG, 1509186279.9116888]: ImageMessage(t=1509186279.9116776, n=318)
[DEBUG, 1509186279.9473946]: ImageMessage(t=1509186279.9473875, n=319)
[DEBUG, 1509186279.978927]: ImageMessage(t=1509186279.9789166, n=320)
[DEBUG, 1509186280.0259151]: ImageMessage(t=1509186280.0259056, n=321)
[DEBUG, 1509186280.045841]: ImageMessage(t=1509186280.045831, n=322)
[DEBUG, 1509186280.0797477]: ImageMessage(t=1509186280.079737, n=323)
[DEBUG, 1509186280.119799]: ImageMessage(t=1509186280.119787, n=324)
[DEBUG, 1509186280.1709902]: ImageMessage(t=1509186280.170982, n=325)
[DEBUG, 1509186280.1981916]: ImageMessage(t=1509186280.1981862, n=326)
[DEBUG, 1509186280.2113242]: ImageMessage(t=1509186280.2113178, n=327)
[DEBUG, 1509186280.2447634]: ImageMessage(t=1509186280.244755, n=328)
[DEBUG, 1509186280.2837415]: ImageMessage(t=1509186280.2837324, n=329)
[DEBUG, 1509186280.3157206]: ImageMessage(t=1509186280.3157096, n=330)
[DEBUG, 1509186280.350435]: ImageMessage(t=1509186280.3504255, n=331)
[DEBUG, 1509186280.3821273]: ImageMessage(t=1509186280.3821166, n=332)
[DEBUG, 1509186280.425749]: ImageMessage(t=1509186280.4257438, n=333)
[DEBUG, 1509186280.4443457]: ImageMessage(t=1509186280.4443388, n=334)
[DEBUG, 1509186280.4838252]: ImageMessage(t=1509186280.4838185, n=335)
[DEBUG, 1509186280.513416]: ImageMessage(t=1509186280.5134068, n=336)
[DEBUG, 1509186280.5486479]: ImageMessage(t=1509186280.5486422, n=337)
[DEBUG, 1509186280.5774732]: ImageMessage(t=1509186280.5774634, n=338)
[DEBUG, 1509186280.6266294]: ImageMessage(t=1509186280.62662, n=339)
[DEBUG, 1509186280.6479285]: ImageMessage(t=1509186280.6479185, n=340)
[DEBUG, 1509186280.6846812]: ImageMessage(t=1509186280.6846714, n=341)
[DEBUG, 1509186280.7168355]: ImageMessage(t=1509186280.716826, n=342)
[DEBUG, 1509186280.7656288]: ImageMessage(t=1509186280.7656195, n=343)
[DEBUG, 1509186280.8047562]: ImageMessage(t=1509186280.8047504, n=344)
[DEBUG, 1509186280.811207]: ImageMessage(t=1509186280.8112018, n=345)
[DEBUG, 1509186280.843741]: ImageMessage(t=1509186280.8437355, n=346)
[DEBUG, 1509186280.8838484]: ImageMessage(t=1509186280.8838384, n=347)
[DEBUG, 1509186280.9196923]: ImageMessage(t=1509186280.9196813, n=348)
[DEBUG, 1509186280.9594285]: ImageMessage(t=1509186280.9594197, n=349)
[DEBUG, 1509186280.9820445]: ImageMessage(t=1509186280.9820337, n=350)
[DEBUG, 1509186281.0341647]: ImageMessage(t=1509186281.0341592, n=351)
[DEBUG, 1509186281.0422416]: ImageMessage(t=1509186281.0422368, n=352)
[DEBUG, 1509186281.0754182]: ImageMessage(t=1509186281.07541, n=353)
[DEBUG, 1509186281.1151497]: ImageMessage(t=1509186281.1151414, n=354)
[DEBUG, 1509186281.1471245]: ImageMessage(t=1509186281.1471152, n=355)
[DEBUG, 1509186281.1834784]: ImageMessage(t=1509186281.1834683, n=356)
[DEBUG, 1509186281.2192836]: ImageMessage(t=1509186281.2192774, n=357)
[DEBUG, 1509186281.2443106]: ImageMessage(t=1509186281.2443058, n=358)
[DEBUG, 1509186281.2770352]: ImageMessage(t=1509186281.2770243, n=359)
[DEBUG, 1509186281.3134513]: ImageMessage(t=1509186281.313442, n=360)
[DEBUG, 1509186281.3487415]: ImageMessage(t=1509186281.3487315, n=361)
[DEBUG, 1509186281.3834279]: ImageMessage(t=1509186281.3834157, n=362)
[DEBUG, 1509186281.418656]: ImageMessage(t=1509186281.4186485, n=363)
[DEBUG, 1509186281.4487195]: ImageMessage(t=1509186281.44871, n=364)
[DEBUG, 1509186281.493267]: ImageMessage(t=1509186281.4932618, n=365)
[DEBUG, 1509186281.512008]: ImageMessage(t=1509186281.512002, n=366)
[DEBUG, 1509186281.546141]: ImageMessage(t=1509186281.546132, n=367)
[DEBUG, 1509186281.578952]: ImageMessage(t=1509186281.5789418, n=368)
[DEBUG, 1509186281.6248903]: ImageMessage(t=1509186281.624885, n=369)
[DEBUG, 1509186281.6433372]: ImageMessage(t=1509186281.6433313, n=370)
[DEBUG, 1509186281.6819165]: ImageMessage(t=1509186281.681908, n=371)
[DEBUG, 1509186281.7166307]: ImageMessage(t=1509186281.7166202, n=372)
[DEBUG, 1509186281.7521994]: ImageMessage(t=1509186281.7520525, n=373)
[DEBUG, 1509186281.7831483]: ImageMessage(t=1509186281.7831366, n=374)
[DEBUG, 1509186281.8187163]: ImageMessage(t=1509186281.8187099, n=375)
[DEBUG, 1509186281.8505995]: ImageMessage(t=1509186281.8505943, n=376)
[DEBUG, 1509186281.8757906]: ImageMessage(t=1509186281.8757825, n=377)
[DEBUG, 1509186281.914779]: ImageMessage(t=1509186281.9147692, n=378)
[DEBUG, 1509186281.9497886]: ImageMessage(t=1509186281.94978, n=379)
[DEBUG, 1509186281.9846869]: ImageMessage(t=1509186281.984677, n=380)
[DEBUG, 1509186282.0280821]: ImageMessage(t=1509186282.0280733, n=381)
[DEBUG, 1509186282.0449326]: ImageMessage(t=1509186282.044925, n=382)
[DEBUG, 1509186282.083756]: ImageMessage(t=1509186282.083751, n=383)
[DEBUG, 1509186282.1125908]: ImageMessage(t=1509186282.1125815, n=384)
[DEBUG, 1509186282.144529]: ImageMessage(t=1509186282.1445222, n=385)
[DEBUG, 1509186282.1780019]: ImageMessage(t=1509186282.177992, n=386)
[DEBUG, 1509186282.216211]: ImageMessage(t=1509186282.2161148, n=387)
[DEBUG, 1509186282.252018]: ImageMessage(t=1509186282.2520068, n=388)
[DEBUG, 1509186282.3172884]: ImageMessage(t=1509186282.3172796, n=389)
[DEBUG, 1509186282.3572462]: ImageMessage(t=1509186282.3572404, n=390)
[DEBUG, 1509186282.3654397]: ImageMessage(t=1509186282.3654344, n=391)
[DEBUG, 1509186282.3942876]: ImageMessage(t=1509186282.3942811, n=392)
[DEBUG, 1509186282.4134936]: ImageMessage(t=1509186282.4134367, n=393)
[DEBUG, 1509186282.4495447]: ImageMessage(t=1509186282.4495347, n=394)
[DEBUG, 1509186282.4832568]: ImageMessage(t=1509186282.483246, n=395)
[DEBUG, 1509186282.5342536]: ImageMessage(t=1509186282.534244, n=396)
[DEBUG, 1509186282.5778108]: ImageMessage(t=1509186282.5778053, n=397)
[DEBUG, 1509186282.5849786]: ImageMessage(t=1509186282.5849738, n=398)
[DEBUG, 1509186282.6107745]: ImageMessage(t=1509186282.610768, n=399)
[DEBUG, 1509186282.6451902]: ImageMessage(t=1509186282.645181, n=400)
[DEBUG, 1509186282.6875181]: ImageMessage(t=1509186282.687513, n=401)
[DEBUG, 1509186282.7184024]: ImageMessage(t=1509186282.7183492, n=402)
[DEBUG, 1509186282.74437]: ImageMessage(t=1509186282.7443624, n=403)
[DEBUG, 1509186282.7788827]: ImageMessage(t=1509186282.7788734, n=404)
[DEBUG, 1509186282.8200285]: ImageMessage(t=1509186282.820018, n=405)
[DEBUG, 1509186282.8585746]: ImageMessage(t=1509186282.8585696, n=406)
[DEBUG, 1509186282.8891063]: ImageMessage(t=1509186282.8891013, n=407)
[DEBUG, 1509186282.9124339]: ImageMessage(t=1509186282.9124281, n=408)
[DEBUG, 1509186282.9433115]: ImageMessage(t=1509186282.9432573, n=409)
[DEBUG, 1509186282.9793465]: ImageMessage(t=1509186282.9793375, n=410)
[DEBUG, 1509186283.017712]: ImageMessage(t=1509186283.0177019, n=411)
[DEBUG, 1509186283.0515864]: ImageMessage(t=1509186283.0515766, n=412)
[DEBUG, 1509186283.0889368]: ImageMessage(t=1509186283.0889308, n=413)
[DEBUG, 1509186283.1328378]: ImageMessage(t=1509186283.1328318, n=414)
[DEBUG, 1509186283.1429284]: ImageMessage(t=1509186283.1429234, n=415)
[DEBUG, 1509186283.1752875]: ImageMessage(t=1509186283.1752808, n=416)
[DEBUG, 1509186283.2107568]: ImageMessage(t=1509186283.2107463, n=417)
[DEBUG, 1509186283.2487764]: ImageMessage(t=1509186283.2487657, n=418)
[DEBUG, 1509186283.2942047]: ImageMessage(t=1509186283.294195, n=419)
[DEBUG, 1509186283.309823]: ImageMessage(t=1509186283.3098125, n=420)
[DEBUG, 1509186283.350778]: ImageMessage(t=1509186283.3507729, n=421)
[DEBUG, 1509186283.3774686]: ImageMessage(t=1509186283.3774602, n=422)
[DEBUG, 1509186283.4155192]: ImageMessage(t=1509186283.415511, n=423)
[DEBUG, 1509186283.4471111]: ImageMessage(t=1509186283.4471006, n=424)
[DEBUG, 1509186283.4806452]: ImageMessage(t=1509186283.4806337, n=425)
[DEBUG, 1509186283.512952]: ImageMessage(t=1509186283.512942, n=426)
[DEBUG, 1509186283.5546463]: ImageMessage(t=1509186283.55464, n=427)
[DEBUG, 1509186283.5946963]: ImageMessage(t=1509186283.594691, n=428)
[DEBUG, 1509186283.606512]: ImageMessage(t=1509186283.6065059, n=429)
[DEBUG, 1509186283.6471617]: ImageMessage(t=1509186283.6471522, n=430)
[DEBUG, 1509186283.6826122]: ImageMessage(t=1509186283.6826034, n=431)
[DEBUG, 1509186283.7131534]: ImageMessage(t=1509186283.7131443, n=432)
[DEBUG, 1509186283.7440534]: ImageMessage(t=1509186283.7440462, n=433)
[DEBUG, 1509186283.7797601]: ImageMessage(t=1509186283.7797499, n=434)
[DEBUG, 1509186283.8225646]: ImageMessage(t=1509186283.8225594, n=435)
[DEBUG, 1509186283.8391497]: ImageMessage(t=1509186283.8391442, n=436)
[DEBUG, 1509186283.8771105]: ImageMessage(t=1509186283.877103, n=437)
[DEBUG, 1509186283.9126217]: ImageMessage(t=1509186283.9126122, n=438)
[DEBUG, 1509186283.9521801]: ImageMessage(t=1509186283.9521744, n=439)
[DEBUG, 1509186283.980846]: ImageMessage(t=1509186283.9808404, n=440)
[DEBUG, 1509186284.012795]: ImageMessage(t=1509186284.0127864, n=441)
[DEBUG, 1509186284.0466287]: ImageMessage(t=1509186284.0466192, n=442)
[DEBUG, 1509186284.0825655]: ImageMessage(t=1509186284.0825555, n=443)
[DEBUG, 1509186284.1398213]: ImageMessage(t=1509186284.1398127, n=444)
[DEBUG, 1509186284.1757858]: ImageMessage(t=1509186284.175742, n=445)
[DEBUG, 1509186284.1839623]: ImageMessage(t=1509186284.1839566, n=446)
[DEBUG, 1509186284.2149413]: ImageMessage(t=1509186284.2149298, n=447)
[DEBUG, 1509186284.2442396]: ImageMessage(t=1509186284.2442296, n=448)
[DEBUG, 1509186284.28175]: ImageMessage(t=1509186284.281741, n=449)
[DEBUG, 1509186284.3154485]: ImageMessage(t=1509186284.3154366, n=450)
[DEBUG, 1509186284.368974]: ImageMessage(t=1509186284.3689642, n=451)
[DEBUG, 1509186284.4131858]: ImageMessage(t=1509186284.4131804, n=452)
[DEBUG, 1509186284.4208584]: ImageMessage(t=1509186284.4208534, n=453)
[DEBUG, 1509186284.4488711]: ImageMessage(t=1509186284.4488647, n=454)
[DEBUG, 1509186284.4795845]: ImageMessage(t=1509186284.4795754, n=455)
[DEBUG, 1509186284.513266]: ImageMessage(t=1509186284.5132568, n=456)
[DEBUG, 1509186284.544109]: ImageMessage(t=1509186284.5440993, n=457)
[DEBUG, 1509186284.585258]: ImageMessage(t=1509186284.5852492, n=458)
[DEBUG, 1509186284.6175265]: ImageMessage(t=1509186284.617521, n=459)
[DEBUG, 1509186284.6393824]: ImageMessage(t=1509186284.6393766, n=460)
[DEBUG, 1509186284.677056]: ImageMessage(t=1509186284.6770473, n=461)
[DEBUG, 1509186284.7118442]: ImageMessage(t=1509186284.711834, n=462)
[DEBUG, 1509186284.744518]: ImageMessage(t=1509186284.7445064, n=463)
[DEBUG, 1509186284.782944]: ImageMessage(t=1509186284.7829354, n=464)
[DEBUG, 1509186284.8126278]: ImageMessage(t=1509186284.812618, n=465)
[DEBUG, 1509186284.8564453]: ImageMessage(t=1509186284.8564398, n=466)
[log buffer end]
[OpenCVCamera @ node.py:81][DEBUG] 2017-10-28 06:24:44,856: logging message buffer (len=16459)
[OpenCVCamera @ node.py:71][INFO] 2017-10-28 06:24:47,426: received 90 messages in 3 seconds. 544 received in total (avg=21.7 messages/sec)
[OpenCVCamera @ node.py:71][INFO] 2017-10-28 06:24:50,460: received 74 messages in 3 seconds. 618 received in total (avg=22.0 messages/sec)
[OpenCVCamera @ node.py:79][DEBUG] 2017-10-28 06:24:53,276: [log buffer start]
[DEBUG, 1509186284.8765504]: ImageMessage(t=1509186284.8765419, n=467)
[DEBUG, 1509186284.9213097]: ImageMessage(t=1509186284.921302, n=468)
[DEBUG, 1509186284.9438655]: ImageMessage(t=1509186284.9438553, n=469)
[DEBUG, 1509186284.9798892]: ImageMessage(t=1509186284.9798799, n=470)
[DEBUG, 1509186285.0124195]: ImageMessage(t=1509186285.0124087, n=471)
[DEBUG, 1509186285.0689898]: ImageMessage(t=1509186285.0689793, n=472)
[DEBUG, 1509186285.1153276]: ImageMessage(t=1509186285.1153224, n=473)
[DEBUG, 1509186285.1221986]: ImageMessage(t=1509186285.1221936, n=474)
[DEBUG, 1509186285.1483665]: ImageMessage(t=1509186285.14836, n=475)
[DEBUG, 1509186285.1787453]: ImageMessage(t=1509186285.1787348, n=476)
[DEBUG, 1509186285.2124119]: ImageMessage(t=1509186285.2124007, n=477)
[DEBUG, 1509186285.2445567]: ImageMessage(t=1509186285.2445455, n=478)
[DEBUG, 1509186285.3035128]: ImageMessage(t=1509186285.3035016, n=479)
[DEBUG, 1509186285.3530903]: ImageMessage(t=1509186285.3530848, n=480)
[DEBUG, 1509186285.359524]: ImageMessage(t=1509186285.3595195, n=481)
[DEBUG, 1509186285.3860145]: ImageMessage(t=1509186285.3860085, n=482)
[DEBUG, 1509186285.4078584]: ImageMessage(t=1509186285.407852, n=483)
[DEBUG, 1509186285.4447641]: ImageMessage(t=1509186285.4447594, n=484)
[DEBUG, 1509186285.4765296]: ImageMessage(t=1509186285.476521, n=485)
[DEBUG, 1509186285.516991]: ImageMessage(t=1509186285.516981, n=486)
[DEBUG, 1509186285.5462215]: ImageMessage(t=1509186285.5462115, n=487)
[DEBUG, 1509186285.582792]: ImageMessage(t=1509186285.5827832, n=488)
[DEBUG, 1509186285.6177957]: ImageMessage(t=1509186285.6177874, n=489)
[DEBUG, 1509186285.6433668]: ImageMessage(t=1509186285.6433563, n=490)
[DEBUG, 1509186285.6853955]: ImageMessage(t=1509186285.6853905, n=491)
[DEBUG, 1509186285.7081885]: ImageMessage(t=1509186285.7081823, n=492)
[DEBUG, 1509186285.7400599]: ImageMessage(t=1509186285.740053, n=493)
[DEBUG, 1509186285.7815933]: ImageMessage(t=1509186285.7815843, n=494)
[DEBUG, 1509186285.81565]: ImageMessage(t=1509186285.8156393, n=495)
[DEBUG, 1509186285.8452682]: ImageMessage(t=1509186285.8452573, n=496)
[DEBUG, 1509186285.87564]: ImageMessage(t=1509186285.8756337, n=497)
[DEBUG, 1509186285.9094658]: ImageMessage(t=1509186285.9094603, n=498)
[DEBUG, 1509186285.9406407]: ImageMessage(t=1509186285.9406319, n=499)
[DEBUG, 1509186285.9785738]: ImageMessage(t=1509186285.9785633, n=500)
[DEBUG, 1509186286.0123367]: ImageMessage(t=1509186286.012327, n=501)
[DEBUG, 1509186286.0444405]: ImageMessage(t=1509186286.0444293, n=502)
[DEBUG, 1509186286.0763605]: ImageMessage(t=1509186286.0763507, n=503)
[DEBUG, 1509186286.111143]: ImageMessage(t=1509186286.1111379, n=504)
[DEBUG, 1509186286.1456754]: ImageMessage(t=1509186286.1456702, n=505)
[DEBUG, 1509186286.171058]: ImageMessage(t=1509186286.1710513, n=506)
[DEBUG, 1509186286.2105074]: ImageMessage(t=1509186286.2104976, n=507)
[DEBUG, 1509186286.2456021]: ImageMessage(t=1509186286.2455924, n=508)
[DEBUG, 1509186286.2750309]: ImageMessage(t=1509186286.2750201, n=509)
[DEBUG, 1509186286.305095]: ImageMessage(t=1509186286.3050885, n=510)
[DEBUG, 1509186286.3464637]: ImageMessage(t=1509186286.3464537, n=511)
[DEBUG, 1509186286.3992145]: ImageMessage(t=1509186286.3991656, n=512)
[DEBUG, 1509186286.4067113]: ImageMessage(t=1509186286.4067063, n=513)
[DEBUG, 1509186286.4388633]: ImageMessage(t=1509186286.4388568, n=514)
[DEBUG, 1509186286.47424]: ImageMessage(t=1509186286.4742303, n=515)
[DEBUG, 1509186286.5238762]: ImageMessage(t=1509186286.5238707, n=516)
[DEBUG, 1509186286.538657]: ImageMessage(t=1509186286.5386512, n=517)
[DEBUG, 1509186286.573033]: ImageMessage(t=1509186286.5730233, n=518)
[DEBUG, 1509186286.6079066]: ImageMessage(t=1509186286.6078951, n=519)
[DEBUG, 1509186286.6437423]: ImageMessage(t=1509186286.6437316, n=520)
[DEBUG, 1509186286.69375]: ImageMessage(t=1509186286.6937382, n=521)
[DEBUG, 1509186286.7054517]: ImageMessage(t=1509186286.705444, n=522)
[DEBUG, 1509186286.751731]: ImageMessage(t=1509186286.751726, n=523)
[DEBUG, 1509186286.7774947]: ImageMessage(t=1509186286.7774882, n=524)
[DEBUG, 1509186286.80759]: ImageMessage(t=1509186286.807582, n=525)
[DEBUG, 1509186286.846954]: ImageMessage(t=1509186286.8469424, n=526)
[DEBUG, 1509186286.878944]: ImageMessage(t=1509186286.8789327, n=527)
[DEBUG, 1509186286.9287026]: ImageMessage(t=1509186286.9286952, n=528)
[DEBUG, 1509186286.9667869]: ImageMessage(t=1509186286.9667816, n=529)
[DEBUG, 1509186286.9730232]: ImageMessage(t=1509186286.9730186, n=530)
[DEBUG, 1509186287.0030477]: ImageMessage(t=1509186287.0030415, n=531)
[DEBUG, 1509186287.0433414]: ImageMessage(t=1509186287.0433323, n=532)
[DEBUG, 1509186287.0746176]: ImageMessage(t=1509186287.0746055, n=533)
[DEBUG, 1509186287.1023629]: ImageMessage(t=1509186287.1023567, n=534)
[DEBUG, 1509186287.1437817]: ImageMessage(t=1509186287.14377, n=535)
[DEBUG, 1509186287.180681]: ImageMessage(t=1509186287.1806743, n=536)
[DEBUG, 1509186287.209126]: ImageMessage(t=1509186287.2091146, n=537)
[DEBUG, 1509186287.268409]: ImageMessage(t=1509186287.2683997, n=538)
[DEBUG, 1509186287.2809641]: ImageMessage(t=1509186287.2809565, n=539)
[DEBUG, 1509186287.31176]: ImageMessage(t=1509186287.3117487, n=540)
[DEBUG, 1509186287.3529096]: ImageMessage(t=1509186287.3529007, n=541)
[DEBUG, 1509186287.3771276]: ImageMessage(t=1509186287.377118, n=542)
[DEBUG, 1509186287.4263887]: ImageMessage(t=1509186287.426383, n=543)
[DEBUG, 1509186287.4392102]: ImageMessage(t=1509186287.4392042, n=544)
[DEBUG, 1509186287.4699225]: ImageMessage(t=1509186287.4699168, n=545)
[DEBUG, 1509186287.5051982]: ImageMessage(t=1509186287.5051894, n=546)
[DEBUG, 1509186287.552285]: ImageMessage(t=1509186287.5522738, n=547)
[DEBUG, 1509186287.595483]: ImageMessage(t=1509186287.5954711, n=548)
[DEBUG, 1509186287.6475718]: ImageMessage(t=1509186287.6475644, n=549)
[DEBUG, 1509186287.6953115]: ImageMessage(t=1509186287.6953068, n=550)
[DEBUG, 1509186287.7116818]: ImageMessage(t=1509186287.7116754, n=551)
[DEBUG, 1509186287.759105]: ImageMessage(t=1509186287.7590952, n=552)
[DEBUG, 1509186287.8036635]: ImageMessage(t=1509186287.8036513, n=553)
[DEBUG, 1509186287.8570063]: ImageMessage(t=1509186287.8570013, n=554)
[DEBUG, 1509186287.8877025]: ImageMessage(t=1509186287.8876965, n=555)
[DEBUG, 1509186287.9244566]: ImageMessage(t=1509186287.9244466, n=556)
[DEBUG, 1509186287.9698446]: ImageMessage(t=1509186287.969834, n=557)
[DEBUG, 1509186288.0123453]: ImageMessage(t=1509186288.0123358, n=558)
[DEBUG, 1509186288.0700386]: ImageMessage(t=1509186288.0700283, n=559)
[DEBUG, 1509186288.1004965]: ImageMessage(t=1509186288.1004908, n=560)
[DEBUG, 1509186288.1305838]: ImageMessage(t=1509186288.1305752, n=561)
[DEBUG, 1509186288.1774275]: ImageMessage(t=1509186288.1774182, n=562)
[DEBUG, 1509186288.2203798]: ImageMessage(t=1509186288.2203708, n=563)
[DEBUG, 1509186288.272703]: ImageMessage(t=1509186288.2726982, n=564)
[DEBUG, 1509186288.3022583]: ImageMessage(t=1509186288.3022516, n=565)
[DEBUG, 1509186288.3457422]: ImageMessage(t=1509186288.3457325, n=566)
[DEBUG, 1509186288.3884585]: ImageMessage(t=1509186288.388449, n=567)
[DEBUG, 1509186288.4347136]: ImageMessage(t=1509186288.4347026, n=568)
[DEBUG, 1509186288.500434]: ImageMessage(t=1509186288.5004249, n=569)
[DEBUG, 1509186288.550658]: ImageMessage(t=1509186288.5506048, n=570)
[DEBUG, 1509186288.5590029]: ImageMessage(t=1509186288.5589979, n=571)
[DEBUG, 1509186288.5908237]: ImageMessage(t=1509186288.590817, n=572)
[DEBUG, 1509186288.6375518]: ImageMessage(t=1509186288.637542, n=573)
[DEBUG, 1509186288.69261]: ImageMessage(t=1509186288.6926048, n=574)
[DEBUG, 1509186288.711833]: ImageMessage(t=1509186288.711773, n=575)
[DEBUG, 1509186288.7594743]: ImageMessage(t=1509186288.7594645, n=576)
[DEBUG, 1509186288.8036845]: ImageMessage(t=1509186288.803673, n=577)
[DEBUG, 1509186288.8411953]: ImageMessage(t=1509186288.841184, n=578)
[DEBUG, 1509186288.8857212]: ImageMessage(t=1509186288.88571, n=579)
[DEBUG, 1509186288.9269094]: ImageMessage(t=1509186288.9268994, n=580)
[DEBUG, 1509186288.9773316]: ImageMessage(t=1509186288.9773262, n=581)
[DEBUG, 1509186289.0083668]: ImageMessage(t=1509186289.0083573, n=582)
[DEBUG, 1509186289.0470295]: ImageMessage(t=1509186289.0470188, n=583)
[DEBUG, 1509186289.0960376]: ImageMessage(t=1509186289.096032, n=584)
[DEBUG, 1509186289.1312711]: ImageMessage(t=1509186289.1312597, n=585)
[DEBUG, 1509186289.1859927]: ImageMessage(t=1509186289.1859822, n=586)
[DEBUG, 1509186289.2174685]: ImageMessage(t=1509186289.2174184, n=587)
[DEBUG, 1509186289.2565231]: ImageMessage(t=1509186289.2565117, n=588)
[DEBUG, 1509186289.2957563]: ImageMessage(t=1509186289.2957473, n=589)
[DEBUG, 1509186289.3423526]: ImageMessage(t=1509186289.342341, n=590)
[DEBUG, 1509186289.3867981]: ImageMessage(t=1509186289.386793, n=591)
[DEBUG, 1509186289.4251673]: ImageMessage(t=1509186289.4251578, n=592)
[DEBUG, 1509186289.4731975]: ImageMessage(t=1509186289.4731867, n=593)
[DEBUG, 1509186289.505807]: ImageMessage(t=1509186289.505797, n=594)
[DEBUG, 1509186289.5547352]: ImageMessage(t=1509186289.55473, n=595)
[DEBUG, 1509186289.5824773]: ImageMessage(t=1509186289.5824707, n=596)
[DEBUG, 1509186289.6264064]: ImageMessage(t=1509186289.6263962, n=597)
[DEBUG, 1509186289.6711211]: ImageMessage(t=1509186289.67111, n=598)
[DEBUG, 1509186289.7112477]: ImageMessage(t=1509186289.711236, n=599)
[DEBUG, 1509186289.7559996]: ImageMessage(t=1509186289.7559896, n=600)
[DEBUG, 1509186289.7971056]: ImageMessage(t=1509186289.7971, n=601)
[DEBUG, 1509186289.8332074]: ImageMessage(t=1509186289.833197, n=602)
[DEBUG, 1509186289.8790374]: ImageMessage(t=1509186289.8790286, n=603)
[DEBUG, 1509186289.9217339]: ImageMessage(t=1509186289.9217238, n=604)
[DEBUG, 1509186289.9653776]: ImageMessage(t=1509186289.9653723, n=605)
[DEBUG, 1509186290.0005183]: ImageMessage(t=1509186290.0005085, n=606)
[DEBUG, 1509186290.0432835]: ImageMessage(t=1509186290.0432723, n=607)
[DEBUG, 1509186290.0872228]: ImageMessage(t=1509186290.087212, n=608)
[DEBUG, 1509186290.1258495]: ImageMessage(t=1509186290.1258395, n=609)
[DEBUG, 1509186290.169658]: ImageMessage(t=1509186290.1696482, n=610)
[DEBUG, 1509186290.220453]: ImageMessage(t=1509186290.2204475, n=611)
[DEBUG, 1509186290.2495992]: ImageMessage(t=1509186290.2495914, n=612)
[DEBUG, 1509186290.291658]: ImageMessage(t=1509186290.2916484, n=613)
[DEBUG, 1509186290.336432]: ImageMessage(t=1509186290.3364213, n=614)
[DEBUG, 1509186290.3899376]: ImageMessage(t=1509186290.3899324, n=615)
[DEBUG, 1509186290.4178667]: ImageMessage(t=1509186290.4178581, n=616)
[DEBUG, 1509186290.460433]: ImageMessage(t=1509186290.4604259, n=617)
[DEBUG, 1509186290.5059772]: ImageMessage(t=1509186290.5059667, n=618)
[DEBUG, 1509186290.5441086]: ImageMessage(t=1509186290.5440967, n=619)
[DEBUG, 1509186290.5862825]: ImageMessage(t=1509186290.5862725, n=620)
[DEBUG, 1509186290.6329777]: ImageMessage(t=1509186290.632969, n=621)
[DEBUG, 1509186290.6640809]: ImageMessage(t=1509186290.6640756, n=622)
[DEBUG, 1509186290.7113576]: ImageMessage(t=1509186290.7113476, n=623)
[DEBUG, 1509186290.7538445]: ImageMessage(t=1509186290.7538354, n=624)
[DEBUG, 1509186290.795577]: ImageMessage(t=1509186290.7955663, n=625)
[DEBUG, 1509186290.840795]: ImageMessage(t=1509186290.84079, n=626)
[DEBUG, 1509186290.8750339]: ImageMessage(t=1509186290.875025, n=627)
[DEBUG, 1509186290.9223404]: ImageMessage(t=1509186290.92233, n=628)
[DEBUG, 1509186290.940718]: ImageMessage(t=1509186290.9407098, n=629)
[DEBUG, 1509186290.9757717]: ImageMessage(t=1509186290.9757602, n=630)
[DEBUG, 1509186291.011877]: ImageMessage(t=1509186291.011867, n=631)
[DEBUG, 1509186291.0701334]: ImageMessage(t=1509186291.0701241, n=632)
[DEBUG, 1509186291.106859]: ImageMessage(t=1509186291.1068535, n=633)
[DEBUG, 1509186291.114135]: ImageMessage(t=1509186291.1141295, n=634)
[DEBUG, 1509186291.14116]: ImageMessage(t=1509186291.1411016, n=635)
[DEBUG, 1509186291.1751]: ImageMessage(t=1509186291.175091, n=636)
[DEBUG, 1509186291.21448]: ImageMessage(t=1509186291.214474, n=637)
[DEBUG, 1509186291.2389774]: ImageMessage(t=1509186291.238971, n=638)
[DEBUG, 1509186291.281797]: ImageMessage(t=1509186291.2817862, n=639)
[DEBUG, 1509186291.3117602]: ImageMessage(t=1509186291.311749, n=640)
[DEBUG, 1509186291.3439481]: ImageMessage(t=1509186291.3439374, n=641)
[DEBUG, 1509186291.3756104]: ImageMessage(t=1509186291.3756003, n=642)
[DEBUG, 1509186291.4348009]: ImageMessage(t=1509186291.4347897, n=643)
[DEBUG, 1509186291.4815543]: ImageMessage(t=1509186291.4815485, n=644)
[DEBUG, 1509186291.487656]: ImageMessage(t=1509186291.4876509, n=645)
[DEBUG, 1509186291.518113]: ImageMessage(t=1509186291.5181038, n=646)
[DEBUG, 1509186291.5411909]: ImageMessage(t=1509186291.5411818, n=647)
[DEBUG, 1509186291.5775394]: ImageMessage(t=1509186291.5775309, n=648)
[DEBUG, 1509186291.6123252]: ImageMessage(t=1509186291.6123154, n=649)
[DEBUG, 1509186291.6778436]: ImageMessage(t=1509186291.6778324, n=650)
[DEBUG, 1509186291.7287633]: ImageMessage(t=1509186291.728758, n=651)
[DEBUG, 1509186291.7362118]: ImageMessage(t=1509186291.7362065, n=652)
[DEBUG, 1509186291.7604477]: ImageMessage(t=1509186291.7604418, n=653)
[DEBUG, 1509186291.7710078]: ImageMessage(t=1509186291.7710018, n=654)
[DEBUG, 1509186291.8100939]: ImageMessage(t=1509186291.8100853, n=655)
[DEBUG, 1509186291.8453813]: ImageMessage(t=1509186291.8453717, n=656)
[DEBUG, 1509186291.8814156]: ImageMessage(t=1509186291.8814075, n=657)
[DEBUG, 1509186291.9202452]: ImageMessage(t=1509186291.92024, n=658)
[DEBUG, 1509186291.9386559]: ImageMessage(t=1509186291.938649, n=659)
[DEBUG, 1509186291.9736035]: ImageMessage(t=1509186291.973595, n=660)
[DEBUG, 1509186292.0126817]: ImageMessage(t=1509186292.012672, n=661)
[DEBUG, 1509186292.0431972]: ImageMessage(t=1509186292.0431852, n=662)
[DEBUG, 1509186292.0789542]: ImageMessage(t=1509186292.0789435, n=663)
[DEBUG, 1509186292.1104264]: ImageMessage(t=1509186292.1104176, n=664)
[DEBUG, 1509186292.1499417]: ImageMessage(t=1509186292.1499367, n=665)
[DEBUG, 1509186292.1710606]: ImageMessage(t=1509186292.1710544, n=666)
[DEBUG, 1509186292.2091484]: ImageMessage(t=1509186292.2091389, n=667)
[DEBUG, 1509186292.2442682]: ImageMessage(t=1509186292.2442565, n=668)
[DEBUG, 1509186292.2873423]: ImageMessage(t=1509186292.2873368, n=669)
[DEBUG, 1509186292.3154256]: ImageMessage(t=1509186292.315417, n=670)
[DEBUG, 1509186292.3425786]: ImageMessage(t=1509186292.3425684, n=671)
[DEBUG, 1509186292.3774981]: ImageMessage(t=1509186292.377489, n=672)
[DEBUG, 1509186292.4154916]: ImageMessage(t=1509186292.41548, n=673)
[DEBUG, 1509186292.455472]: ImageMessage(t=1509186292.455466, n=674)
[DEBUG, 1509186292.4787033]: ImageMessage(t=1509186292.4786985, n=675)
[DEBUG, 1509186292.5101397]: ImageMessage(t=1509186292.5101304, n=676)
[DEBUG, 1509186292.5427122]: ImageMessage(t=1509186292.5427058, n=677)
[DEBUG, 1509186292.5795693]: ImageMessage(t=1509186292.579558, n=678)
[DEBUG, 1509186292.6142936]: ImageMessage(t=1509186292.614284, n=679)
[DEBUG, 1509186292.643881]: ImageMessage(t=1509186292.6438708, n=680)
[DEBUG, 1509186292.6756907]: ImageMessage(t=1509186292.6756842, n=681)
[DEBUG, 1509186292.709999]: ImageMessage(t=1509186292.7099938, n=682)
[DEBUG, 1509186292.7402055]: ImageMessage(t=1509186292.7401967, n=683)
[DEBUG, 1509186292.7740169]: ImageMessage(t=1509186292.7740054, n=684)
[DEBUG, 1509186292.8133304]: ImageMessage(t=1509186292.8133204, n=685)
[DEBUG, 1509186292.847368]: ImageMessage(t=1509186292.8473577, n=686)
[DEBUG, 1509186292.8893557]: ImageMessage(t=1509186292.8893456, n=687)
[DEBUG, 1509186292.9149935]: ImageMessage(t=1509186292.9149828, n=688)
[DEBUG, 1509186292.9628866]: ImageMessage(t=1509186292.9628816, n=689)
[DEBUG, 1509186292.9703674]: ImageMessage(t=1509186292.970362, n=690)
[DEBUG, 1509186293.0082235]: ImageMessage(t=1509186293.0082169, n=691)
[DEBUG, 1509186293.0417452]: ImageMessage(t=1509186293.041736, n=692)
[DEBUG, 1509186293.0760884]: ImageMessage(t=1509186293.0760782, n=693)
[DEBUG, 1509186293.1119878]: ImageMessage(t=1509186293.1119814, n=694)
[DEBUG, 1509186293.144315]: ImageMessage(t=1509186293.1443048, n=695)
[DEBUG, 1509186293.1864302]: ImageMessage(t=1509186293.1864243, n=696)
[DEBUG, 1509186293.2101986]: ImageMessage(t=1509186293.2101898, n=697)
[DEBUG, 1509186293.2489765]: ImageMessage(t=1509186293.2489667, n=698)
[DEBUG, 1509186293.2759955]: ImageMessage(t=1509186293.275984, n=699)
[log buffer end]
[OpenCVCamera @ node.py:81][DEBUG] 2017-10-28 06:24:53,277: logging message buffer (len=16451)
[OpenCVCamera @ node.py:71][INFO] 2017-10-28 06:24:53,488: received 88 messages in 3 seconds. 706 received in total (avg=22.7 messages/sec)
[OpenCVCamera @ node.py:71][INFO] 2017-10-28 06:24:56,508: received 91 messages in 3 seconds. 797 received in total (avg=23.4 messages/sec)
[OpenCVCamera @ node.py:71][INFO] 2017-10-28 06:24:59,539: received 81 messages in 3 seconds. 878 received in total (avg=23.6 messages/sec)
[OpenCVCamera @ node.py:79][DEBUG] 2017-10-28 06:25:02,581: [log buffer start]
[DEBUG, 1509186293.31185]: ImageMessage(t=1509186293.3118393, n=700)
[DEBUG, 1509186293.3472178]: ImageMessage(t=1509186293.3472056, n=701)
[DEBUG, 1509186293.3862565]: ImageMessage(t=1509186293.3862503, n=702)
[DEBUG, 1509186293.4109077]: ImageMessage(t=1509186293.4109025, n=703)
[DEBUG, 1509186293.4435694]: ImageMessage(t=1509186293.4435604, n=704)
[DEBUG, 1509186293.4879797]: ImageMessage(t=1509186293.4879704, n=705)
[DEBUG, 1509186293.5089045]: ImageMessage(t=1509186293.5088937, n=706)
[DEBUG, 1509186293.546218]: ImageMessage(t=1509186293.5462062, n=707)
[DEBUG, 1509186293.5812442]: ImageMessage(t=1509186293.5812352, n=708)
[DEBUG, 1509186293.6090875]: ImageMessage(t=1509186293.609076, n=709)
[DEBUG, 1509186293.666091]: ImageMessage(t=1509186293.6660855, n=710)
[DEBUG, 1509186293.6734622]: ImageMessage(t=1509186293.6734576, n=711)
[DEBUG, 1509186293.703253]: ImageMessage(t=1509186293.703185, n=712)
[DEBUG, 1509186293.7428453]: ImageMessage(t=1509186293.7428346, n=713)
[DEBUG, 1509186293.7920442]: ImageMessage(t=1509186293.7920384, n=714)
[DEBUG, 1509186293.8028553]: ImageMessage(t=1509186293.80285, n=715)
[DEBUG, 1509186293.8400261]: ImageMessage(t=1509186293.840018, n=716)
[DEBUG, 1509186293.875844]: ImageMessage(t=1509186293.8758328, n=717)
[DEBUG, 1509186293.9078264]: ImageMessage(t=1509186293.9078152, n=718)
[DEBUG, 1509186293.9410164]: ImageMessage(t=1509186293.9410086, n=719)
[DEBUG, 1509186293.9789574]: ImageMessage(t=1509186293.9789472, n=720)
[DEBUG, 1509186294.0342968]: ImageMessage(t=1509186294.0342913, n=721)
[DEBUG, 1509186294.0424116]: ImageMessage(t=1509186294.0424063, n=722)
[DEBUG, 1509186294.0689182]: ImageMessage(t=1509186294.0689127, n=723)
[DEBUG, 1509186294.105987]: ImageMessage(t=1509186294.1059778, n=724)
[DEBUG, 1509186294.144918]: ImageMessage(t=1509186294.1449077, n=725)
[DEBUG, 1509186294.1771977]: ImageMessage(t=1509186294.177185, n=726)
[DEBUG, 1509186294.2098181]: ImageMessage(t=1509186294.2098122, n=727)
[DEBUG, 1509186294.2438815]: ImageMessage(t=1509186294.2438762, n=728)
[DEBUG, 1509186294.270524]: ImageMessage(t=1509186294.2705176, n=729)
[DEBUG, 1509186294.3048267]: ImageMessage(t=1509186294.3048165, n=730)
[DEBUG, 1509186294.3451777]: ImageMessage(t=1509186294.3451674, n=731)
[DEBUG, 1509186294.3766193]: ImageMessage(t=1509186294.3766093, n=732)
[DEBUG, 1509186294.40455]: ImageMessage(t=1509186294.4045413, n=733)
[DEBUG, 1509186294.4438405]: ImageMessage(t=1509186294.443829, n=734)
[DEBUG, 1509186294.491112]: ImageMessage(t=1509186294.4911063, n=735)
[DEBUG, 1509186294.5018957]: ImageMessage(t=1509186294.5018911, n=736)
[DEBUG, 1509186294.5402763]: ImageMessage(t=1509186294.5402665, n=737)
[DEBUG, 1509186294.5771556]: ImageMessage(t=1509186294.5771458, n=738)
[DEBUG, 1509186294.6097538]: ImageMessage(t=1509186294.609743, n=739)
[DEBUG, 1509186294.6518488]: ImageMessage(t=1509186294.651839, n=740)
[DEBUG, 1509186294.6741948]: ImageMessage(t=1509186294.674184, n=741)
[DEBUG, 1509186294.7219532]: ImageMessage(t=1509186294.721948, n=742)
[DEBUG, 1509186294.7384589]: ImageMessage(t=1509186294.7384534, n=743)
[DEBUG, 1509186294.773087]: ImageMessage(t=1509186294.773077, n=744)
[DEBUG, 1509186294.8072143]: ImageMessage(t=1509186294.8072047, n=745)
[DEBUG, 1509186294.8469334]: ImageMessage(t=1509186294.8469284, n=746)
[DEBUG, 1509186294.8766778]: ImageMessage(t=1509186294.876669, n=747)
[DEBUG, 1509186294.9063118]: ImageMessage(t=1509186294.9063013, n=748)
[DEBUG, 1509186294.9437878]: ImageMessage(t=1509186294.943776, n=749)
[DEBUG, 1509186294.9759786]: ImageMessage(t=1509186294.9759681, n=750)
[DEBUG, 1509186295.0232124]: ImageMessage(t=1509186295.0232034, n=751)
[DEBUG, 1509186295.066991]: ImageMessage(t=1509186295.066986, n=752)
[DEBUG, 1509186295.0730846]: ImageMessage(t=1509186295.0730798, n=753)
[DEBUG, 1509186295.1024857]: ImageMessage(t=1509186295.1024804, n=754)
[DEBUG, 1509186295.1393595]: ImageMessage(t=1509186295.1393514, n=755)
[DEBUG, 1509186295.179184]: ImageMessage(t=1509186295.1791053, n=756)
[DEBUG, 1509186295.2105205]: ImageMessage(t=1509186295.21051, n=757)
[DEBUG, 1509186295.244935]: ImageMessage(t=1509186295.2449274, n=758)
[DEBUG, 1509186295.2719474]: ImageMessage(t=1509186295.2719421, n=759)
[DEBUG, 1509186295.3051207]: ImageMessage(t=1509186295.3051116, n=760)
[DEBUG, 1509186295.3368397]: ImageMessage(t=1509186295.3368313, n=761)
[DEBUG, 1509186295.3780715]: ImageMessage(t=1509186295.3780596, n=762)
[DEBUG, 1509186295.4135625]: ImageMessage(t=1509186295.4135518, n=763)
[DEBUG, 1509186295.442483]: ImageMessage(t=1509186295.4424715, n=764)
[DEBUG, 1509186295.500422]: ImageMessage(t=1509186295.5004117, n=765)
[DEBUG, 1509186295.548681]: ImageMessage(t=1509186295.548676, n=766)
[DEBUG, 1509186295.5549188]: ImageMessage(t=1509186295.5549142, n=767)
[DEBUG, 1509186295.585351]: ImageMessage(t=1509186295.5853446, n=768)
[DEBUG, 1509186295.6041222]: ImageMessage(t=1509186295.604113, n=769)
[DEBUG, 1509186295.6393952]: ImageMessage(t=1509186295.639385, n=770)
[DEBUG, 1509186295.6744006]: ImageMessage(t=1509186295.6743917, n=771)
[DEBUG, 1509186295.7350428]: ImageMessage(t=1509186295.7350328, n=772)
[DEBUG, 1509186295.7793624]: ImageMessage(t=1509186295.779357, n=773)
[DEBUG, 1509186295.7865849]: ImageMessage(t=1509186295.7865798, n=774)
[DEBUG, 1509186295.8127546]: ImageMessage(t=1509186295.8127491, n=775)
[DEBUG, 1509186295.8387258]: ImageMessage(t=1509186295.8387165, n=776)
[DEBUG, 1509186295.8749614]: ImageMessage(t=1509186295.8749514, n=777)
[DEBUG, 1509186295.9077837]: ImageMessage(t=1509186295.9077725, n=778)
[DEBUG, 1509186295.952682]: ImageMessage(t=1509186295.9526725, n=779)
[DEBUG, 1509186295.9869556]: ImageMessage(t=1509186295.9869504, n=780)
[DEBUG, 1509186296.003341]: ImageMessage(t=1509186296.003335, n=781)
[DEBUG, 1509186296.0363085]: ImageMessage(t=1509186296.0362992, n=782)
[DEBUG, 1509186296.0716832]: ImageMessage(t=1509186296.0716722, n=783)
[DEBUG, 1509186296.1068096]: ImageMessage(t=1509186296.1068, n=784)
[DEBUG, 1509186296.1361198]: ImageMessage(t=1509186296.136113, n=785)
[DEBUG, 1509186296.1727364]: ImageMessage(t=1509186296.172726, n=786)
[DEBUG, 1509186296.2240353]: ImageMessage(t=1509186296.2240298, n=787)
[DEBUG, 1509186296.2347627]: ImageMessage(t=1509186296.234757, n=788)
[DEBUG, 1509186296.266005]: ImageMessage(t=1509186296.2659988, n=789)
[DEBUG, 1509186296.304792]: ImageMessage(t=1509186296.304783, n=790)
[DEBUG, 1509186296.3478806]: ImageMessage(t=1509186296.3478749, n=791)
[DEBUG, 1509186296.3668575]: ImageMessage(t=1509186296.3668516, n=792)
[DEBUG, 1509186296.403679]: ImageMessage(t=1509186296.403672, n=793)
[DEBUG, 1509186296.439248]: ImageMessage(t=1509186296.4392378, n=794)
[DEBUG, 1509186296.474046]: ImageMessage(t=1509186296.4740362, n=795)
[DEBUG, 1509186296.5086684]: ImageMessage(t=1509186296.5086594, n=796)
[DEBUG, 1509186296.539355]: ImageMessage(t=1509186296.5393438, n=797)
[DEBUG, 1509186296.587846]: ImageMessage(t=1509186296.5878396, n=798)
[DEBUG, 1509186296.6019542]: ImageMessage(t=1509186296.6019485, n=799)
[DEBUG, 1509186296.6367838]: ImageMessage(t=1509186296.636774, n=800)
[DEBUG, 1509186296.6709065]: ImageMessage(t=1509186296.670896, n=801)
[DEBUG, 1509186296.7066214]: ImageMessage(t=1509186296.7066112, n=802)
[DEBUG, 1509186296.7411199]: ImageMessage(t=1509186296.7411134, n=803)
[DEBUG, 1509186296.771256]: ImageMessage(t=1509186296.7712452, n=804)
[DEBUG, 1509186296.8083284]: ImageMessage(t=1509186296.8083234, n=805)
[DEBUG, 1509186296.8372498]: ImageMessage(t=1509186296.8372397, n=806)
[DEBUG, 1509186296.868749]: ImageMessage(t=1509186296.868742, n=807)
[DEBUG, 1509186296.9017978]: ImageMessage(t=1509186296.9017875, n=808)
[DEBUG, 1509186296.9401143]: ImageMessage(t=1509186296.9401026, n=809)
[DEBUG, 1509186296.9741588]: ImageMessage(t=1509186296.9741488, n=810)
[DEBUG, 1509186297.016719]: ImageMessage(t=1509186297.016707, n=811)
[DEBUG, 1509186297.0608726]: ImageMessage(t=1509186297.0608675, n=812)
[DEBUG, 1509186297.0666242]: ImageMessage(t=1509186297.0666194, n=813)
[DEBUG, 1509186297.0998018]: ImageMessage(t=1509186297.099795, n=814)
[DEBUG, 1509186297.1388693]: ImageMessage(t=1509186297.1388578, n=815)
[DEBUG, 1509186297.1707153]: ImageMessage(t=1509186297.1707036, n=816)
[DEBUG, 1509186297.2026794]: ImageMessage(t=1509186297.2026699, n=817)
[DEBUG, 1509186297.2346518]: ImageMessage(t=1509186297.234642, n=818)
[DEBUG, 1509186297.269737]: ImageMessage(t=1509186297.2697315, n=819)
[DEBUG, 1509186297.3031533]: ImageMessage(t=1509186297.3031425, n=820)
[DEBUG, 1509186297.3546073]: ImageMessage(t=1509186297.3545966, n=821)
[DEBUG, 1509186297.3714862]: ImageMessage(t=1509186297.3714755, n=822)
[DEBUG, 1509186297.4190102]: ImageMessage(t=1509186297.4190044, n=823)
[DEBUG, 1509186297.4393556]: ImageMessage(t=1509186297.4393501, n=824)
[DEBUG, 1509186297.4679651]: ImageMessage(t=1509186297.4679565, n=825)
[DEBUG, 1509186297.5027568]: ImageMessage(t=1509186297.5027454, n=826)
[DEBUG, 1509186297.5347428]: ImageMessage(t=1509186297.5347319, n=827)
[DEBUG, 1509186297.5820262]: ImageMessage(t=1509186297.582018, n=828)
[DEBUG, 1509186297.6228905]: ImageMessage(t=1509186297.6228857, n=829)
[DEBUG, 1509186297.6286285]: ImageMessage(t=1509186297.628623, n=830)
[DEBUG, 1509186297.6680696]: ImageMessage(t=1509186297.6680634, n=831)
[DEBUG, 1509186297.701466]: ImageMessage(t=1509186297.7014563, n=832)
[DEBUG, 1509186297.738149]: ImageMessage(t=1509186297.7381396, n=833)
[DEBUG, 1509186297.7698777]: ImageMessage(t=1509186297.769869, n=834)
[DEBUG, 1509186297.8031266]: ImageMessage(t=1509186297.803116, n=835)
[DEBUG, 1509186297.8490317]: ImageMessage(t=1509186297.8490264, n=836)
[DEBUG, 1509186297.8657234]: ImageMessage(t=1509186297.8657176, n=837)
[DEBUG, 1509186297.8978372]: ImageMessage(t=1509186297.8978312, n=838)
[DEBUG, 1509186297.9327395]: ImageMessage(t=1509186297.9327304, n=839)
[DEBUG, 1509186297.9715395]: ImageMessage(t=1509186297.971528, n=840)
[DEBUG, 1509186298.0049088]: ImageMessage(t=1509186298.0048976, n=841)
[DEBUG, 1509186298.0402734]: ImageMessage(t=1509186298.040262, n=842)
[DEBUG, 1509186298.0756166]: ImageMessage(t=1509186298.0756116, n=843)
[DEBUG, 1509186298.1167912]: ImageMessage(t=1509186298.116783, n=844)
[DEBUG, 1509186298.1552162]: ImageMessage(t=1509186298.1552045, n=845)
[DEBUG, 1509186298.1991518]: ImageMessage(t=1509186298.1991403, n=846)
[DEBUG, 1509186298.242747]: ImageMessage(t=1509186298.242735, n=847)
[DEBUG, 1509186298.2818964]: ImageMessage(t=1509186298.2818851, n=848)
[DEBUG, 1509186298.3233695]: ImageMessage(t=1509186298.3233597, n=849)
[DEBUG, 1509186298.3603785]: ImageMessage(t=1509186298.3603702, n=850)
[DEBUG, 1509186298.4073446]: ImageMessage(t=1509186298.407335, n=851)
[DEBUG, 1509186298.4457269]: ImageMessage(t=1509186298.4457176, n=852)
[DEBUG, 1509186298.4930062]: ImageMessage(t=1509186298.4929953, n=853)
[DEBUG, 1509186298.5483441]: ImageMessage(t=1509186298.5483382, n=854)
[DEBUG, 1509186298.5762775]: ImageMessage(t=1509186298.5762708, n=855)
[DEBUG, 1509186298.6129048]: ImageMessage(t=1509186298.612897, n=856)
[DEBUG, 1509186298.655901]: ImageMessage(t=1509186298.6558907, n=857)
[DEBUG, 1509186298.696247]: ImageMessage(t=1509186298.696234, n=858)
[DEBUG, 1509186298.7510736]: ImageMessage(t=1509186298.751063, n=859)
[DEBUG, 1509186298.7836936]: ImageMessage(t=1509186298.7836885, n=860)
[DEBUG, 1509186298.8239582]: ImageMessage(t=1509186298.8239477, n=861)
[DEBUG, 1509186298.861257]: ImageMessage(t=1509186298.861251, n=862)
[DEBUG, 1509186298.911257]: ImageMessage(t=1509186298.9112473, n=863)
[DEBUG, 1509186298.9591675]: ImageMessage(t=1509186298.9591622, n=864)
[DEBUG, 1509186298.9856079]: ImageMessage(t=1509186298.9856012, n=865)
[DEBUG, 1509186299.0273974]: ImageMessage(t=1509186299.0273895, n=866)
[DEBUG, 1509186299.0722222]: ImageMessage(t=1509186299.0722108, n=867)
[DEBUG, 1509186299.1108184]: ImageMessage(t=1509186299.1108124, n=868)
[DEBUG, 1509186299.1530163]: ImageMessage(t=1509186299.15301, n=869)
[DEBUG, 1509186299.19898]: ImageMessage(t=1509186299.1989686, n=870)
[DEBUG, 1509186299.244066]: ImageMessage(t=1509186299.2440526, n=871)
[DEBUG, 1509186299.2775738]: ImageMessage(t=1509186299.2775643, n=872)
[DEBUG, 1509186299.3243704]: ImageMessage(t=1509186299.3243604, n=873)
[DEBUG, 1509186299.3672662]: ImageMessage(t=1509186299.367261, n=874)
[DEBUG, 1509186299.4057496]: ImageMessage(t=1509186299.40574, n=875)
[DEBUG, 1509186299.4747488]: ImageMessage(t=1509186299.4747376, n=876)
[DEBUG, 1509186299.5388834]: ImageMessage(t=1509186299.5388012, n=877)
[DEBUG, 1509186299.5983534]: ImageMessage(t=1509186299.5983484, n=878)
[DEBUG, 1509186299.6759448]: ImageMessage(t=1509186299.6759322, n=879)
[DEBUG, 1509186299.7391627]: ImageMessage(t=1509186299.7391517, n=880)
[DEBUG, 1509186299.8057158]: ImageMessage(t=1509186299.8057063, n=881)
[DEBUG, 1509186299.8743174]: ImageMessage(t=1509186299.8743072, n=882)
[DEBUG, 1509186299.9360209]: ImageMessage(t=1509186299.9358299, n=883)
[DEBUG, 1509186300.0020375]: ImageMessage(t=1509186300.0020292, n=884)
[DEBUG, 1509186300.075182]: ImageMessage(t=1509186300.07517, n=885)
[DEBUG, 1509186300.1373446]: ImageMessage(t=1509186300.137333, n=886)
[DEBUG, 1509186300.2032719]: ImageMessage(t=1509186300.2032614, n=887)
[DEBUG, 1509186300.2677429]: ImageMessage(t=1509186300.267732, n=888)
[DEBUG, 1509186300.338801]: ImageMessage(t=1509186300.3387897, n=889)
[DEBUG, 1509186300.4068966]: ImageMessage(t=1509186300.406885, n=890)
[DEBUG, 1509186300.467841]: ImageMessage(t=1509186300.4678302, n=891)
[DEBUG, 1509186300.5359485]: ImageMessage(t=1509186300.5359366, n=892)
[DEBUG, 1509186300.6009548]: ImageMessage(t=1509186300.6009448, n=893)
[DEBUG, 1509186300.6655083]: ImageMessage(t=1509186300.6655004, n=894)
[DEBUG, 1509186300.7395167]: ImageMessage(t=1509186300.739503, n=895)
[DEBUG, 1509186300.8027358]: ImageMessage(t=1509186300.802723, n=896)
[DEBUG, 1509186300.8705826]: ImageMessage(t=1509186300.8705738, n=897)
[DEBUG, 1509186300.9303293]: ImageMessage(t=1509186300.930324, n=898)
[DEBUG, 1509186301.0009332]: ImageMessage(t=1509186301.0009224, n=899)
[DEBUG, 1509186301.0716534]: ImageMessage(t=1509186301.071642, n=900)
[DEBUG, 1509186301.1386838]: ImageMessage(t=1509186301.1386743, n=901)
[DEBUG, 1509186301.1951303]: ImageMessage(t=1509186301.195124, n=902)
[DEBUG, 1509186301.2725623]: ImageMessage(t=1509186301.2725527, n=903)
[DEBUG, 1509186301.3391519]: ImageMessage(t=1509186301.3391407, n=904)
[DEBUG, 1509186301.398119]: ImageMessage(t=1509186301.3981133, n=905)
[DEBUG, 1509186301.4713435]: ImageMessage(t=1509186301.471332, n=906)
[DEBUG, 1509186301.511295]: ImageMessage(t=1509186301.5112834, n=907)
[DEBUG, 1509186301.5750897]: ImageMessage(t=1509186301.575083, n=908)
[DEBUG, 1509186301.5942478]: ImageMessage(t=1509186301.5942423, n=909)
[DEBUG, 1509186301.6292076]: ImageMessage(t=1509186301.629198, n=910)
[DEBUG, 1509186301.6765378]: ImageMessage(t=1509186301.6765325, n=911)
[DEBUG, 1509186301.7154384]: ImageMessage(t=1509186301.7154276, n=912)
[DEBUG, 1509186301.7715917]: ImageMessage(t=1509186301.7715816, n=913)
[DEBUG, 1509186301.8032098]: ImageMessage(t=1509186301.8031983, n=914)
[DEBUG, 1509186301.8400047]: ImageMessage(t=1509186301.8399932, n=915)
[DEBUG, 1509186301.8859646]: ImageMessage(t=1509186301.885954, n=916)
[DEBUG, 1509186301.9265518]: ImageMessage(t=1509186301.9265404, n=917)
[DEBUG, 1509186301.9724927]: ImageMessage(t=1509186301.9724872, n=918)
[DEBUG, 1509186302.0028362]: ImageMessage(t=1509186302.0028296, n=919)
[DEBUG, 1509186302.049881]: ImageMessage(t=1509186302.049871, n=920)
[DEBUG, 1509186302.0954921]: ImageMessage(t=1509186302.0954814, n=921)
[DEBUG, 1509186302.135471]: ImageMessage(t=1509186302.1354604, n=922)
[DEBUG, 1509186302.179423]: ImageMessage(t=1509186302.1794167, n=923)
[DEBUG, 1509186302.2167053]: ImageMessage(t=1509186302.2166984, n=924)
[DEBUG, 1509186302.254787]: ImageMessage(t=1509186302.2547781, n=925)
[DEBUG, 1509186302.2998474]: ImageMessage(t=1509186302.299836, n=926)
[DEBUG, 1509186302.3405788]: ImageMessage(t=1509186302.3405683, n=927)
[DEBUG, 1509186302.3808527]: ImageMessage(t=1509186302.3808472, n=928)
[DEBUG, 1509186302.424663]: ImageMessage(t=1509186302.424652, n=929)
[DEBUG, 1509186302.4645994]: ImageMessage(t=1509186302.464589, n=930)
[DEBUG, 1509186302.5054514]: ImageMessage(t=1509186302.5054433, n=931)
[DEBUG, 1509186302.580795]: ImageMessage(t=1509186302.5807865, n=932)
[log buffer end]
[OpenCVCamera @ node.py:81][DEBUG] 2017-10-28 06:25:02,581: logging message buffer (len=16452)
[OpenCVCamera @ node.py:71][INFO] 2017-10-28 06:25:02,582: received 55 messages in 3 seconds. 933 received in total (avg=23.2 messages/sec)
[OpenCVCamera @ node.py:71][INFO] 2017-10-28 06:25:05,586: received 90 messages in 3 seconds. 1023 received in total (avg=23.7 messages/sec)
[OpenCVCamera @ node.py:71][INFO] 2017-10-28 06:25:08,606: received 91 messages in 3 seconds. 1114 received in total (avg=24.1 messages/sec)
[OpenCVCamera @ node.py:79][DEBUG] 2017-10-28 06:25:10,242: [log buffer start]
[DEBUG, 1509186302.5934584]: ImageMessage(t=1509186302.59345, n=933)
[DEBUG, 1509186302.6382496]: ImageMessage(t=1509186302.6382442, n=934)
[DEBUG, 1509186302.6678183]: ImageMessage(t=1509186302.6678092, n=935)
[DEBUG, 1509186302.7166378]: ImageMessage(t=1509186302.7166266, n=936)
[DEBUG, 1509186302.765068]: ImageMessage(t=1509186302.7650628, n=937)
[DEBUG, 1509186302.7744062]: ImageMessage(t=1509186302.7744005, n=938)
[DEBUG, 1509186302.813267]: ImageMessage(t=1509186302.8132572, n=939)
[DEBUG, 1509186302.8479142]: ImageMessage(t=1509186302.847904, n=940)
[DEBUG, 1509186302.8805163]: ImageMessage(t=1509186302.880505, n=941)
[DEBUG, 1509186302.9170053]: ImageMessage(t=1509186302.9169943, n=942)
[DEBUG, 1509186302.9582033]: ImageMessage(t=1509186302.958194, n=943)
[DEBUG, 1509186303.0010543]: ImageMessage(t=1509186303.0010486, n=944)
[DEBUG, 1509186303.009333]: ImageMessage(t=1509186303.009328, n=945)
[DEBUG, 1509186303.0433586]: ImageMessage(t=1509186303.0433517, n=946)
[DEBUG, 1509186303.0788107]: ImageMessage(t=1509186303.0788014, n=947)
[DEBUG, 1509186303.1193826]: ImageMessage(t=1509186303.119372, n=948)
[DEBUG, 1509186303.1541295]: ImageMessage(t=1509186303.1541212, n=949)
[DEBUG, 1509186303.1824467]: ImageMessage(t=1509186303.182437, n=950)
[DEBUG, 1509186303.2378175]: ImageMessage(t=1509186303.2377596, n=951)
[DEBUG, 1509186303.2461321]: ImageMessage(t=1509186303.2460837, n=952)
[DEBUG, 1509186303.2777383]: ImageMessage(t=1509186303.277733, n=953)
[DEBUG, 1509186303.3160322]: ImageMessage(t=1509186303.3160243, n=954)
[DEBUG, 1509186303.3493953]: ImageMessage(t=1509186303.3493838, n=955)
[DEBUG, 1509186303.3825836]: ImageMessage(t=1509186303.3825736, n=956)
[DEBUG, 1509186303.4407704]: ImageMessage(t=1509186303.440761, n=957)
[DEBUG, 1509186303.4865675]: ImageMessage(t=1509186303.486562, n=958)
[DEBUG, 1509186303.495226]: ImageMessage(t=1509186303.4952207, n=959)
[DEBUG, 1509186303.524804]: ImageMessage(t=1509186303.5247967, n=960)
[DEBUG, 1509186303.5450294]: ImageMessage(t=1509186303.5450213, n=961)
[DEBUG, 1509186303.585295]: ImageMessage(t=1509186303.58529, n=962)
[DEBUG, 1509186303.6126406]: ImageMessage(t=1509186303.6126347, n=963)
[DEBUG, 1509186303.656952]: ImageMessage(t=1509186303.6569433, n=964)
[DEBUG, 1509186303.6813917]: ImageMessage(t=1509186303.681381, n=965)
[DEBUG, 1509186303.7195537]: ImageMessage(t=1509186303.7195432, n=966)
[DEBUG, 1509186303.7515917]: ImageMessage(t=1509186303.7515802, n=967)
[DEBUG, 1509186303.7957819]: ImageMessage(t=1509186303.7957728, n=968)
[DEBUG, 1509186303.8228831]: ImageMessage(t=1509186303.8228776, n=969)
[DEBUG, 1509186303.8449252]: ImageMessage(t=1509186303.844918, n=970)
[DEBUG, 1509186303.8848782]: ImageMessage(t=1509186303.884869, n=971)
[DEBUG, 1509186303.9186175]: ImageMessage(t=1509186303.918609, n=972)
[DEBUG, 1509186303.9471982]: ImageMessage(t=1509186303.947188, n=973)
[DEBUG, 1509186303.9910839]: ImageMessage(t=1509186303.9910743, n=974)
[DEBUG, 1509186304.0161135]: ImageMessage(t=1509186304.016103, n=975)
[DEBUG, 1509186304.0633895]: ImageMessage(t=1509186304.063384, n=976)
[DEBUG, 1509186304.0753593]: ImageMessage(t=1509186304.0753543, n=977)
[DEBUG, 1509186304.1117454]: ImageMessage(t=1509186304.111739, n=978)
[DEBUG, 1509186304.1472776]: ImageMessage(t=1509186304.147268, n=979)
[DEBUG, 1509186304.1822534]: ImageMessage(t=1509186304.182242, n=980)
[DEBUG, 1509186304.2193816]: ImageMessage(t=1509186304.2193708, n=981)
[DEBUG, 1509186304.2650464]: ImageMessage(t=1509186304.2650378, n=982)
[DEBUG, 1509186304.306664]: ImageMessage(t=1509186304.3066592, n=983)
[DEBUG, 1509186304.3132007]: ImageMessage(t=1509186304.3131957, n=984)
[DEBUG, 1509186304.343286]: ImageMessage(t=1509186304.343278, n=985)
[DEBUG, 1509186304.3803046]: ImageMessage(t=1509186304.3802955, n=986)
[DEBUG, 1509186304.4166167]: ImageMessage(t=1509186304.4166048, n=987)
[DEBUG, 1509186304.4482327]: ImageMessage(t=1509186304.4482183, n=988)
[DEBUG, 1509186304.5029106]: ImageMessage(t=1509186304.5029018, n=989)
[DEBUG, 1509186304.535555]: ImageMessage(t=1509186304.5355499, n=990)
[DEBUG, 1509186304.5421033]: ImageMessage(t=1509186304.5420973, n=991)
[DEBUG, 1509186304.5776966]: ImageMessage(t=1509186304.5776875, n=992)
[DEBUG, 1509186304.6166894]: ImageMessage(t=1509186304.6166792, n=993)
[DEBUG, 1509186304.669369]: ImageMessage(t=1509186304.6693635, n=994)
[DEBUG, 1509186304.6971195]: ImageMessage(t=1509186304.6971138, n=995)
[DEBUG, 1509186304.712247]: ImageMessage(t=1509186304.7122407, n=996)
[DEBUG, 1509186304.7480195]: ImageMessage(t=1509186304.747959, n=997)
[DEBUG, 1509186304.7825108]: ImageMessage(t=1509186304.7825, n=998)
[DEBUG, 1509186304.828576]: ImageMessage(t=1509186304.8285677, n=999)
[DEBUG, 1509186304.8549733]: ImageMessage(t=1509186304.8549674, n=1000)
[DEBUG, 1509186304.877908]: ImageMessage(t=1509186304.8779013, n=1001)
[DEBUG, 1509186304.9081154]: ImageMessage(t=1509186304.9081094, n=1002)
[DEBUG, 1509186304.9482794]: ImageMessage(t=1509186304.9482706, n=1003)
[DEBUG, 1509186304.9827685]: ImageMessage(t=1509186304.9827595, n=1004)
[DEBUG, 1509186305.0196576]: ImageMessage(t=1509186305.0196478, n=1005)
[DEBUG, 1509186305.0597818]: ImageMessage(t=1509186305.0597754, n=1006)
[DEBUG, 1509186305.0906332]: ImageMessage(t=1509186305.0906277, n=1007)
[DEBUG, 1509186305.1131563]: ImageMessage(t=1509186305.1131487, n=1008)
[DEBUG, 1509186305.1452]: ImageMessage(t=1509186305.1451905, n=1009)
[DEBUG, 1509186305.1809933]: ImageMessage(t=1509186305.1809828, n=1010)
[DEBUG, 1509186305.2170835]: ImageMessage(t=1509186305.217071, n=1011)
[DEBUG, 1509186305.2693875]: ImageMessage(t=1509186305.2693784, n=1012)
[DEBUG, 1509186305.280575]: ImageMessage(t=1509186305.2805667, n=1013)
[DEBUG, 1509186305.3093166]: ImageMessage(t=1509186305.3093119, n=1014)
[DEBUG, 1509186305.3444407]: ImageMessage(t=1509186305.3444347, n=1015)
[DEBUG, 1509186305.3807194]: ImageMessage(t=1509186305.380709, n=1016)
[DEBUG, 1509186305.417]: ImageMessage(t=1509186305.41699, n=1017)
[DEBUG, 1509186305.45277]: ImageMessage(t=1509186305.4527593, n=1018)
[DEBUG, 1509186305.5048375]: ImageMessage(t=1509186305.5048275, n=1019)
[DEBUG, 1509186305.5540066]: ImageMessage(t=1509186305.5540018, n=1020)
[DEBUG, 1509186305.5605497]: ImageMessage(t=1509186305.5605447, n=1021)
[DEBUG, 1509186305.586405]: ImageMessage(t=1509186305.5863984, n=1022)
[DEBUG, 1509186305.609867]: ImageMessage(t=1509186305.6098607, n=1023)
[DEBUG, 1509186305.6500072]: ImageMessage(t=1509186305.6499963, n=1024)
[DEBUG, 1509186305.6835017]: ImageMessage(t=1509186305.6834908, n=1025)
[DEBUG, 1509186305.7353055]: ImageMessage(t=1509186305.7352948, n=1026)
[DEBUG, 1509186305.779073]: ImageMessage(t=1509186305.7790678, n=1027)
[DEBUG, 1509186305.7857702]: ImageMessage(t=1509186305.7857652, n=1028)
[DEBUG, 1509186305.817333]: ImageMessage(t=1509186305.8173273, n=1029)
[DEBUG, 1509186305.84829]: ImageMessage(t=1509186305.8482792, n=1030)
[DEBUG, 1509186305.8825898]: ImageMessage(t=1509186305.8825784, n=1031)
[DEBUG, 1509186305.9134555]: ImageMessage(t=1509186305.9134445, n=1032)
[DEBUG, 1509186305.9662347]: ImageMessage(t=1509186305.9662256, n=1033)
[DEBUG, 1509186306.0124044]: ImageMessage(t=1509186306.0123994, n=1034)
[DEBUG, 1509186306.0188289]: ImageMessage(t=1509186306.0188243, n=1035)
[DEBUG, 1509186306.0466647]: ImageMessage(t=1509186306.0466583, n=1036)
[DEBUG, 1509186306.079294]: ImageMessage(t=1509186306.0792842, n=1037)
[DEBUG, 1509186306.1127846]: ImageMessage(t=1509186306.112775, n=1038)
[DEBUG, 1509186306.1489651]: ImageMessage(t=1509186306.1489544, n=1039)
[DEBUG, 1509186306.1857722]: ImageMessage(t=1509186306.1857657, n=1040)
[DEBUG, 1509186306.2183163]: ImageMessage(t=1509186306.2183108, n=1041)
[DEBUG, 1509186306.2456954]: ImageMessage(t=1509186306.245689, n=1042)
[DEBUG, 1509186306.285875]: ImageMessage(t=1509186306.2858665, n=1043)
[DEBUG, 1509186306.314719]: ImageMessage(t=1509186306.3147094, n=1044)
[DEBUG, 1509186306.3505507]: ImageMessage(t=1509186306.350541, n=1045)
[DEBUG, 1509186306.3847148]: ImageMessage(t=1509186306.3847058, n=1046)
[DEBUG, 1509186306.42205]: ImageMessage(t=1509186306.4220436, n=1047)
[DEBUG, 1509186306.4550586]: ImageMessage(t=1509186306.4550536, n=1048)
[DEBUG, 1509186306.4745443]: ImageMessage(t=1509186306.4745383, n=1049)
[DEBUG, 1509186306.5074646]: ImageMessage(t=1509186306.5074587, n=1050)
[DEBUG, 1509186306.547065]: ImageMessage(t=1509186306.5470543, n=1051)
[DEBUG, 1509186306.5890286]: ImageMessage(t=1509186306.5890234, n=1052)
[DEBUG, 1509186306.6085842]: ImageMessage(t=1509186306.6085782, n=1053)
[DEBUG, 1509186306.6457005]: ImageMessage(t=1509186306.645692, n=1054)
[DEBUG, 1509186306.6804142]: ImageMessage(t=1509186306.6804051, n=1055)
[DEBUG, 1509186306.7131724]: ImageMessage(t=1509186306.71316, n=1056)
[DEBUG, 1509186306.7628531]: ImageMessage(t=1509186306.7628436, n=1057)
[DEBUG, 1509186306.8075502]: ImageMessage(t=1509186306.8075447, n=1058)
[DEBUG, 1509186306.814159]: ImageMessage(t=1509186306.814154, n=1059)
[DEBUG, 1509186306.844698]: ImageMessage(t=1509186306.844689, n=1060)
[DEBUG, 1509186306.880562]: ImageMessage(t=1509186306.8805513, n=1061)
[DEBUG, 1509186306.9148283]: ImageMessage(t=1509186306.914818, n=1062)
[DEBUG, 1509186306.9514735]: ImageMessage(t=1509186306.9514625, n=1063)
[DEBUG, 1509186306.9909506]: ImageMessage(t=1509186306.9909434, n=1064)
[DEBUG, 1509186307.0304112]: ImageMessage(t=1509186307.030406, n=1065)
[DEBUG, 1509186307.0427973]: ImageMessage(t=1509186307.042792, n=1066)
[DEBUG, 1509186307.0782678]: ImageMessage(t=1509186307.0782616, n=1067)
[DEBUG, 1509186307.113985]: ImageMessage(t=1509186307.113976, n=1068)
[DEBUG, 1509186307.1529012]: ImageMessage(t=1509186307.1528902, n=1069)
[DEBUG, 1509186307.1900525]: ImageMessage(t=1509186307.1900432, n=1070)
[DEBUG, 1509186307.2113805]: ImageMessage(t=1509186307.2113705, n=1071)
[DEBUG, 1509186307.2524047]: ImageMessage(t=1509186307.2523994, n=1072)
[DEBUG, 1509186307.2786422]: ImageMessage(t=1509186307.2786357, n=1073)
[DEBUG, 1509186307.3204322]: ImageMessage(t=1509186307.3204238, n=1074)
[DEBUG, 1509186307.34687]: ImageMessage(t=1509186307.3468604, n=1075)
[DEBUG, 1509186307.3820105]: ImageMessage(t=1509186307.3820002, n=1076)
[DEBUG, 1509186307.4128168]: ImageMessage(t=1509186307.4128065, n=1077)
[DEBUG, 1509186307.4522336]: ImageMessage(t=1509186307.4522283, n=1078)
[DEBUG, 1509186307.477324]: ImageMessage(t=1509186307.4773185, n=1079)
[DEBUG, 1509186307.5057259]: ImageMessage(t=1509186307.5057197, n=1080)
[DEBUG, 1509186307.5417287]: ImageMessage(t=1509186307.5417225, n=1081)
[DEBUG, 1509186307.5824456]: ImageMessage(t=1509186307.5824368, n=1082)
[DEBUG, 1509186307.6131237]: ImageMessage(t=1509186307.6131134, n=1083)
[DEBUG, 1509186307.641944]: ImageMessage(t=1509186307.6419373, n=1084)
[DEBUG, 1509186307.6808138]: ImageMessage(t=1509186307.6808026, n=1085)
[DEBUG, 1509186307.7275836]: ImageMessage(t=1509186307.7275784, n=1086)
[DEBUG, 1509186307.7386546]: ImageMessage(t=1509186307.7386487, n=1087)
[DEBUG, 1509186307.776571]: ImageMessage(t=1509186307.7765632, n=1088)
[DEBUG, 1509186307.8133554]: ImageMessage(t=1509186307.8133466, n=1089)
[DEBUG, 1509186307.8495114]: ImageMessage(t=1509186307.8494582, n=1090)
[DEBUG, 1509186307.8785467]: ImageMessage(t=1509186307.8785403, n=1091)
[DEBUG, 1509186307.9138956]: ImageMessage(t=1509186307.9138856, n=1092)
[DEBUG, 1509186307.944856]: ImageMessage(t=1509186307.944845, n=1093)
[DEBUG, 1509186307.9808195]: ImageMessage(t=1509186307.980809, n=1094)
[DEBUG, 1509186308.012958]: ImageMessage(t=1509186308.0129478, n=1095)
[DEBUG, 1509186308.0628603]: ImageMessage(t=1509186308.062853, n=1096)
[DEBUG, 1509186308.1008275]: ImageMessage(t=1509186308.1008224, n=1097)
[DEBUG, 1509186308.1073577]: ImageMessage(t=1509186308.1073527, n=1098)
[DEBUG, 1509186308.1381488]: ImageMessage(t=1509186308.138143, n=1099)
[DEBUG, 1509186308.1808722]: ImageMessage(t=1509186308.180863, n=1100)
[DEBUG, 1509186308.2148428]: ImageMessage(t=1509186308.214835, n=1101)
[DEBUG, 1509186308.2587185]: ImageMessage(t=1509186308.258709, n=1102)
[DEBUG, 1509186308.28311]: ImageMessage(t=1509186308.2830334, n=1103)
[DEBUG, 1509186308.3399236]: ImageMessage(t=1509186308.3399177, n=1104)
[DEBUG, 1509186308.3475242]: ImageMessage(t=1509186308.3475192, n=1105)
[DEBUG, 1509186308.3771605]: ImageMessage(t=1509186308.377155, n=1106)
[DEBUG, 1509186308.4090824]: ImageMessage(t=1509186308.409073, n=1107)
[DEBUG, 1509186308.4438062]: ImageMessage(t=1509186308.443796, n=1108)
[DEBUG, 1509186308.4808347]: ImageMessage(t=1509186308.480824, n=1109)
[DEBUG, 1509186308.5245485]: ImageMessage(t=1509186308.5245388, n=1110)
[DEBUG, 1509186308.5721993]: ImageMessage(t=1509186308.5721934, n=1111)
[DEBUG, 1509186308.5787628]: ImageMessage(t=1509186308.5787578, n=1112)
[DEBUG, 1509186308.606273]: ImageMessage(t=1509186308.6062672, n=1113)
[DEBUG, 1509186308.641544]: ImageMessage(t=1509186308.6415346, n=1114)
[DEBUG, 1509186308.6768422]: ImageMessage(t=1509186308.6768308, n=1115)
[DEBUG, 1509186308.7169719]: ImageMessage(t=1509186308.7169635, n=1116)
[DEBUG, 1509186308.7446306]: ImageMessage(t=1509186308.7446203, n=1117)
[DEBUG, 1509186308.7850063]: ImageMessage(t=1509186308.7850008, n=1118)
[DEBUG, 1509186308.809731]: ImageMessage(t=1509186308.8097215, n=1119)
[DEBUG, 1509186308.857609]: ImageMessage(t=1509186308.8575995, n=1120)
[DEBUG, 1509186308.8714643]: ImageMessage(t=1509186308.8714578, n=1121)
[DEBUG, 1509186308.9108782]: ImageMessage(t=1509186308.910868, n=1122)
[DEBUG, 1509186308.9446063]: ImageMessage(t=1509186308.9445958, n=1123)
[DEBUG, 1509186308.9932652]: ImageMessage(t=1509186308.9932554, n=1124)
[DEBUG, 1509186309.0452206]: ImageMessage(t=1509186309.0452154, n=1125)
[DEBUG, 1509186309.0514963]: ImageMessage(t=1509186309.0514908, n=1126)
[DEBUG, 1509186309.0771189]: ImageMessage(t=1509186309.0771132, n=1127)
[DEBUG, 1509186309.1053238]: ImageMessage(t=1509186309.1053157, n=1128)
[DEBUG, 1509186309.142046]: ImageMessage(t=1509186309.1420407, n=1129)
[DEBUG, 1509186309.1700892]: ImageMessage(t=1509186309.1700842, n=1130)
[DEBUG, 1509186309.2019203]: ImageMessage(t=1509186309.2019143, n=1131)
[DEBUG, 1509186309.2426589]: ImageMessage(t=1509186309.242649, n=1132)
[DEBUG, 1509186309.276345]: ImageMessage(t=1509186309.276334, n=1133)
[DEBUG, 1509186309.3145206]: ImageMessage(t=1509186309.3145106, n=1134)
[DEBUG, 1509186309.3495114]: ImageMessage(t=1509186309.349505, n=1135)
[DEBUG, 1509186309.3840568]: ImageMessage(t=1509186309.3840516, n=1136)
[DEBUG, 1509186309.4076428]: ImageMessage(t=1509186309.4076364, n=1137)
[DEBUG, 1509186309.4436734]: ImageMessage(t=1509186309.4436646, n=1138)
[DEBUG, 1509186309.476709]: ImageMessage(t=1509186309.4766984, n=1139)
[DEBUG, 1509186309.5127125]: ImageMessage(t=1509186309.5127022, n=1140)
[DEBUG, 1509186309.5474973]: ImageMessage(t=1509186309.547485, n=1141)
[DEBUG, 1509186309.59489]: ImageMessage(t=1509186309.5948784, n=1142)
[DEBUG, 1509186309.6410973]: ImageMessage(t=1509186309.6410916, n=1143)
[DEBUG, 1509186309.6474607]: ImageMessage(t=1509186309.6474557, n=1144)
[DEBUG, 1509186309.6777856]: ImageMessage(t=1509186309.6777768, n=1145)
[DEBUG, 1509186309.7068326]: ImageMessage(t=1509186309.7068224, n=1146)
[DEBUG, 1509186309.7444055]: ImageMessage(t=1509186309.7443938, n=1147)
[DEBUG, 1509186309.7762651]: ImageMessage(t=1509186309.7762537, n=1148)
[DEBUG, 1509186309.8248527]: ImageMessage(t=1509186309.824844, n=1149)
[DEBUG, 1509186309.8633711]: ImageMessage(t=1509186309.8633661, n=1150)
[DEBUG, 1509186309.869764]: ImageMessage(t=1509186309.8697593, n=1151)
[DEBUG, 1509186309.9045515]: ImageMessage(t=1509186309.9045413, n=1152)
[DEBUG, 1509186309.9445562]: ImageMessage(t=1509186309.9445462, n=1153)
[DEBUG, 1509186309.9768295]: ImageMessage(t=1509186309.9768186, n=1154)
[DEBUG, 1509186310.0101318]: ImageMessage(t=1509186310.0101233, n=1155)
[DEBUG, 1509186310.043984]: ImageMessage(t=1509186310.0439737, n=1156)
[DEBUG, 1509186310.088797]: ImageMessage(t=1509186310.0887916, n=1157)
[DEBUG, 1509186310.1024656]: ImageMessage(t=1509186310.1024604, n=1158)
[DEBUG, 1509186310.1391432]: ImageMessage(t=1509186310.1391366, n=1159)
[DEBUG, 1509186310.1748116]: ImageMessage(t=1509186310.1748018, n=1160)
[DEBUG, 1509186310.2243006]: ImageMessage(t=1509186310.224295, n=1161)
[DEBUG, 1509186310.242074]: ImageMessage(t=1509186310.242069, n=1162)
[log buffer end]
[OpenCVCamera @ node.py:81][DEBUG] 2017-10-28 06:25:10,242: logging message buffer (len=16403)
[OpenCVCamera @ node.py:71][INFO] 2017-10-28 06:25:11,609: received 89 messages in 3 seconds. 1203 received in total (avg=24.5 messages/sec)
[OpenCVCamera @ node.py:79][DEBUG] 2017-10-28 06:25:12,599: [log buffer start]
[DEBUG, 1509186310.2726688]: ImageMessage(t=1509186310.2726598, n=1163)
[DEBUG, 1509186310.3072636]: ImageMessage(t=1509186310.3072531, n=1164)
[DEBUG, 1509186310.3447266]: ImageMessage(t=1509186310.344716, n=1165)
[DEBUG, 1509186310.387373]: ImageMessage(t=1509186310.3873668, n=1166)
[DEBUG, 1509186310.421014]: ImageMessage(t=1509186310.4210095, n=1167)
[DEBUG, 1509186310.438911]: ImageMessage(t=1509186310.438905, n=1168)
[DEBUG, 1509186310.473601]: ImageMessage(t=1509186310.4735913, n=1169)
[DEBUG, 1509186310.5089188]: ImageMessage(t=1509186310.5089083, n=1170)
[DEBUG, 1509186310.5444121]: ImageMessage(t=1509186310.5444024, n=1171)
[DEBUG, 1509186310.5766406]: ImageMessage(t=1509186310.5766296, n=1172)
[DEBUG, 1509186310.630067]: ImageMessage(t=1509186310.630057, n=1173)
[DEBUG, 1509186310.6721995]: ImageMessage(t=1509186310.6721942, n=1174)
[DEBUG, 1509186310.678624]: ImageMessage(t=1509186310.6786194, n=1175)
[DEBUG, 1509186310.7020576]: ImageMessage(t=1509186310.702052, n=1176)
[DEBUG, 1509186310.7429519]: ImageMessage(t=1509186310.742942, n=1177)
[DEBUG, 1509186310.7767704]: ImageMessage(t=1509186310.7767599, n=1178)
[DEBUG, 1509186310.8082619]: ImageMessage(t=1509186310.8082495, n=1179)
[DEBUG, 1509186310.8523808]: ImageMessage(t=1509186310.852372, n=1180)
[DEBUG, 1509186310.8773668]: ImageMessage(t=1509186310.877362, n=1181)
[DEBUG, 1509186310.90583]: ImageMessage(t=1509186310.9058213, n=1182)
[DEBUG, 1509186310.9493897]: ImageMessage(t=1509186310.9493802, n=1183)
[DEBUG, 1509186310.976057]: ImageMessage(t=1509186310.9760468, n=1184)
[DEBUG, 1509186311.0086534]: ImageMessage(t=1509186311.0086422, n=1185)
[DEBUG, 1509186311.0446684]: ImageMessage(t=1509186311.0446582, n=1186)
[DEBUG, 1509186311.0873594]: ImageMessage(t=1509186311.0873508, n=1187)
[DEBUG, 1509186311.1324646]: ImageMessage(t=1509186311.1324596, n=1188)
[DEBUG, 1509186311.1389685]: ImageMessage(t=1509186311.138964, n=1189)
[DEBUG, 1509186311.1742742]: ImageMessage(t=1509186311.1742654, n=1190)
[DEBUG, 1509186311.2101812]: ImageMessage(t=1509186311.2101707, n=1191)
[DEBUG, 1509186311.2443378]: ImageMessage(t=1509186311.2443283, n=1192)
[DEBUG, 1509186311.273265]: ImageMessage(t=1509186311.2732563, n=1193)
[DEBUG, 1509186311.3087733]: ImageMessage(t=1509186311.3087626, n=1194)
[DEBUG, 1509186311.3398216]: ImageMessage(t=1509186311.3398137, n=1195)
[DEBUG, 1509186311.3765156]: ImageMessage(t=1509186311.3765047, n=1196)
[DEBUG, 1509186311.4256425]: ImageMessage(t=1509186311.4256346, n=1197)
[DEBUG, 1509186311.4370406]: ImageMessage(t=1509186311.4370313, n=1198)
[DEBUG, 1509186311.4733207]: ImageMessage(t=1509186311.4733124, n=1199)
[DEBUG, 1509186311.5087655]: ImageMessage(t=1509186311.5087543, n=1200)
[DEBUG, 1509186311.5719101]: ImageMessage(t=1509186311.5719, n=1201)
[DEBUG, 1509186311.6092193]: ImageMessage(t=1509186311.6092134, n=1202)
[DEBUG, 1509186311.6177423]: ImageMessage(t=1509186311.6177368, n=1203)
[DEBUG, 1509186311.6471314]: ImageMessage(t=1509186311.6471252, n=1204)
[DEBUG, 1509186311.67427]: ImageMessage(t=1509186311.6742609, n=1205)
[DEBUG, 1509186311.7030838]: ImageMessage(t=1509186311.703078, n=1206)
[DEBUG, 1509186311.7357302]: ImageMessage(t=1509186311.735723, n=1207)
[DEBUG, 1509186311.775076]: ImageMessage(t=1509186311.775066, n=1208)
[DEBUG, 1509186311.8089156]: ImageMessage(t=1509186311.8089037, n=1209)
[DEBUG, 1509186311.8403172]: ImageMessage(t=1509186311.8403075, n=1210)
[DEBUG, 1509186311.8767781]: ImageMessage(t=1509186311.8767674, n=1211)
[DEBUG, 1509186311.9226074]: ImageMessage(t=1509186311.9225976, n=1212)
[DEBUG, 1509186311.952683]: ImageMessage(t=1509186311.952677, n=1213)
[DEBUG, 1509186311.9730074]: ImageMessage(t=1509186311.9729998, n=1214)
[DEBUG, 1509186312.011501]: ImageMessage(t=1509186312.0114918, n=1215)
[DEBUG, 1509186312.0404105]: ImageMessage(t=1509186312.0404017, n=1216)
[DEBUG, 1509186312.0804508]: ImageMessage(t=1509186312.080442, n=1217)
[DEBUG, 1509186312.1101415]: ImageMessage(t=1509186312.1101289, n=1218)
[DEBUG, 1509186312.141494]: ImageMessage(t=1509186312.1414883, n=1219)
[DEBUG, 1509186312.1716535]: ImageMessage(t=1509186312.1716466, n=1220)
[DEBUG, 1509186312.2093813]: ImageMessage(t=1509186312.2093723, n=1221)
[DEBUG, 1509186312.2483454]: ImageMessage(t=1509186312.2483377, n=1222)
[DEBUG, 1509186312.2797449]: ImageMessage(t=1509186312.2797344, n=1223)
[DEBUG, 1509186312.3102624]: ImageMessage(t=1509186312.3102503, n=1224)
[DEBUG, 1509186312.3443487]: ImageMessage(t=1509186312.344338, n=1225)
[DEBUG, 1509186312.4023836]: ImageMessage(t=1509186312.4023738, n=1226)
[DEBUG, 1509186312.4301157]: ImageMessage(t=1509186312.4301105, n=1227)
[DEBUG, 1509186312.4370022]: ImageMessage(t=1509186312.4369972, n=1228)
[DEBUG, 1509186312.4695034]: ImageMessage(t=1509186312.469494, n=1229)
[DEBUG, 1509186312.5083115]: ImageMessage(t=1509186312.5083013, n=1230)
[DEBUG, 1509186312.5400193]: ImageMessage(t=1509186312.5400085, n=1231)
[DEBUG, 1509186312.5724313]: ImageMessage(t=1509186312.5724204, n=1232)
[log buffer end]
[OpenCVCamera @ node.py:81][DEBUG] 2017-10-28 06:25:12,599: logging message buffer (len=5041)
[OpenCVCamera @ node.py:102][INFO] 2017-10-28 06:25:12,599: Node took 50.18902111053467s to run
