[BabyBuggy @ factory.py:85][DEBUG] 2017-10-28 06:24:22,330: Logging to: logs/2017_Oct_28/BabyBuggy/06_24_22.log
[BabyBuggy @ orchestrator.py:244][INFO] 2017-10-28 06:24:22,412: 'Slam' is subscribing to 'LMS200' with the tag 'lms'
[BabyBuggy @ orchestrator.py:244][INFO] 2017-10-28 06:24:22,413: 'OpenCVRecorder' is subscribing to 'OpenCVCamera' with the tag 'capture'
[BabyBuggy @ orchestrator.py:108][DEBUG] 2017-10-28 06:24:22,413: Adding setup tasks. Apply subscriptions
[BabyBuggy @ orchestrator.py:114][DEBUG] 2017-10-28 06:24:22,414: Running set up tasks (7). [<babybuggy.bno055.BNO055 object at 0x7fab989b70>, <babybuggy.adafruit_gps.AdafruitGPS object at 0x7f8ac83c88>, <lms200.lms200.LMS200 object at 0x7f8ac8e748>, <atlasbuggy.opencv.camera.OpenCVCamera object at 0x7f8aca9ac8>, <atlasbuggy.opencv.recorder.OpenCVRecorder object at 0x7f8aca9c50>, <lms200.slam.Slam object at 0x7f8aca96d8>] and orchestrator setup
[BabyBuggy @ orchestrator.py:68][INFO] 2017-10-28 06:24:22,415: setup
[BabyBuggy @ orchestrator.py:143][DEBUG] 2017-10-28 06:24:29,277: Cancelling <Task finished coro=<Orchestrator.setup() done, defined at /usr/lib/python3.5/asyncio/coroutines.py:204> result=None>: False
[BabyBuggy @ orchestrator.py:143][DEBUG] 2017-10-28 06:24:29,278: Cancelling <Task finished coro=<Arduino.setup() done, defined at /usr/local/lib/python3.5/dist-packages/atlasbuggy/device/arduino.py:52> result=None>: False
[BabyBuggy @ orchestrator.py:143][DEBUG] 2017-10-28 06:24:29,279: Cancelling <Task finished coro=<Arduino.setup() done, defined at /usr/local/lib/python3.5/dist-packages/atlasbuggy/device/arduino.py:52> result=None>: False
[BabyBuggy @ orchestrator.py:143][DEBUG] 2017-10-28 06:24:29,279: Cancelling <Task finished coro=<LMS200.setup() done, defined at /usr/local/lib/python3.5/dist-packages/lms200/lms200.py:70> result=None>: False
[BabyBuggy @ orchestrator.py:143][DEBUG] 2017-10-28 06:24:29,280: Cancelling <Task finished coro=<OpenCVCamera.setup() done, defined at /usr/lib/python3.5/asyncio/coroutines.py:204> result=None>: False
[BabyBuggy @ orchestrator.py:143][DEBUG] 2017-10-28 06:24:29,280: Cancelling <Task finished coro=<OpenCVRecorder.setup() done, defined at /usr/lib/python3.5/asyncio/coroutines.py:204> result=None>: False
[BabyBuggy @ orchestrator.py:143][DEBUG] 2017-10-28 06:24:29,281: Cancelling <Task finished coro=<Node.setup() done, defined at /usr/lib/python3.5/asyncio/coroutines.py:204> result=None>: False
[BabyBuggy @ orchestrator.py:132][DEBUG] 2017-10-28 06:24:29,281: Adding loop tasks
[BabyBuggy @ orchestrator.py:138][DEBUG] 2017-10-28 06:24:29,282: Running loop tasks (7)
[BabyBuggy @ orchestrator.py:161][DEBUG] 2017-10-28 06:25:12,572: 7 tasks to cancel
[BabyBuggy @ orchestrator.py:143][DEBUG] 2017-10-28 06:25:12,574: Cancelling <Task pending coro=<Orchestrator.loop() running at /usr/local/lib/python3.5/dist-packages/atlasbuggy/orchestrator.py:73> wait_for=<Future cancelled> cb=[_wait.<locals>._on_completion() at /usr/lib/python3.5/asyncio/tasks.py:414]>: True
[BabyBuggy @ orchestrator.py:143][DEBUG] 2017-10-28 06:25:12,575: Cancelling <Task cancelling coro=<BNO055.loop() running at /media/nvidia/JetsonSSD/code/TestBed/babybuggy/bno055.py:133> cb=[_wait.<locals>._on_completion() at /usr/lib/python3.5/asyncio/tasks.py:414]>: True
[BabyBuggy @ orchestrator.py:143][DEBUG] 2017-10-28 06:25:12,575: Cancelling <Task cancelling coro=<AdafruitGPS.loop() running at /media/nvidia/JetsonSSD/code/TestBed/babybuggy/adafruit_gps.py:98> cb=[_wait.<locals>._on_completion() at /usr/lib/python3.5/asyncio/tasks.py:414]>: True
[BabyBuggy @ orchestrator.py:143][DEBUG] 2017-10-28 06:25:12,576: Cancelling <Task pending coro=<LMS200.loop() running at /usr/local/lib/python3.5/dist-packages/lms200/lms200.py:135> wait_for=<Future cancelled> cb=[_wait.<locals>._on_completion() at /usr/lib/python3.5/asyncio/tasks.py:414]>: True
[BabyBuggy @ orchestrator.py:143][DEBUG] 2017-10-28 06:25:12,576: Cancelling <Task cancelling coro=<OpenCVCamera.loop() running at /usr/local/lib/python3.5/dist-packages/atlasbuggy/opencv/camera.py:247> cb=[_wait.<locals>._on_completion() at /usr/lib/python3.5/asyncio/tasks.py:414]>: True
[BabyBuggy @ orchestrator.py:143][DEBUG] 2017-10-28 06:25:12,577: Cancelling <Task cancelling coro=<OpenCVRecorder.loop() running at /usr/local/lib/python3.5/dist-packages/atlasbuggy/opencv/recorder.py:162> wait_for=<Future finished result=None> cb=[_wait.<locals>._on_completion() at /usr/lib/python3.5/asyncio/tasks.py:414]>: True
[BabyBuggy @ orchestrator.py:143][DEBUG] 2017-10-28 06:25:12,578: Cancelling <Task pending coro=<Slam.loop() running at /usr/local/lib/python3.5/dist-packages/lms200/slam.py:130> wait_for=<Future cancelled> cb=[_wait.<locals>._on_completion() at /usr/lib/python3.5/asyncio/tasks.py:414]>: True
[BabyBuggy @ orchestrator.py:161][DEBUG] 2017-10-28 06:25:12,578: 7 tasks to cancel
[BabyBuggy @ orchestrator.py:143][DEBUG] 2017-10-28 06:25:12,578: Cancelling <Task cancelling coro=<Orchestrator.loop() running at /usr/local/lib/python3.5/dist-packages/atlasbuggy/orchestrator.py:73> wait_for=<Future cancelled> cb=[_wait.<locals>._on_completion() at /usr/lib/python3.5/asyncio/tasks.py:414]>: True
[BabyBuggy @ orchestrator.py:143][DEBUG] 2017-10-28 06:25:12,579: Cancelling <Task cancelling coro=<BNO055.loop() running at /media/nvidia/JetsonSSD/code/TestBed/babybuggy/bno055.py:133> cb=[_wait.<locals>._on_completion() at /usr/lib/python3.5/asyncio/tasks.py:414]>: True
[BabyBuggy @ orchestrator.py:143][DEBUG] 2017-10-28 06:25:12,579: Cancelling <Task cancelling coro=<AdafruitGPS.loop() running at /media/nvidia/JetsonSSD/code/TestBed/babybuggy/adafruit_gps.py:98> cb=[_wait.<locals>._on_completion() at /usr/lib/python3.5/asyncio/tasks.py:414]>: True
[BabyBuggy @ orchestrator.py:143][DEBUG] 2017-10-28 06:25:12,580: Cancelling <Task cancelling coro=<LMS200.loop() running at /usr/local/lib/python3.5/dist-packages/lms200/lms200.py:135> wait_for=<Future cancelled> cb=[_wait.<locals>._on_completion() at /usr/lib/python3.5/asyncio/tasks.py:414]>: True
[BabyBuggy @ orchestrator.py:143][DEBUG] 2017-10-28 06:25:12,580: Cancelling <Task cancelling coro=<OpenCVCamera.loop() running at /usr/local/lib/python3.5/dist-packages/atlasbuggy/opencv/camera.py:247> cb=[_wait.<locals>._on_completion() at /usr/lib/python3.5/asyncio/tasks.py:414]>: True
[BabyBuggy @ orchestrator.py:143][DEBUG] 2017-10-28 06:25:12,581: Cancelling <Task cancelling coro=<OpenCVRecorder.loop() running at /usr/local/lib/python3.5/dist-packages/atlasbuggy/opencv/recorder.py:162> wait_for=<Future finished result=None> cb=[_wait.<locals>._on_completion() at /usr/lib/python3.5/asyncio/tasks.py:414]>: True
[BabyBuggy @ orchestrator.py:143][DEBUG] 2017-10-28 06:25:12,581: Cancelling <Task cancelling coro=<Slam.loop() running at /usr/local/lib/python3.5/dist-packages/lms200/slam.py:130> wait_for=<Future cancelled> cb=[_wait.<locals>._on_completion() at /usr/lib/python3.5/asyncio/tasks.py:414]>: True
[BabyBuggy @ orchestrator.py:161][DEBUG] 2017-10-28 06:25:12,581: 7 tasks to cancel
[BabyBuggy @ orchestrator.py:143][DEBUG] 2017-10-28 06:25:12,582: Cancelling <Task cancelling coro=<Orchestrator.loop() running at /usr/local/lib/python3.5/dist-packages/atlasbuggy/orchestrator.py:73> wait_for=<Future cancelled> cb=[_wait.<locals>._on_completion() at /usr/lib/python3.5/asyncio/tasks.py:414]>: True
[BabyBuggy @ orchestrator.py:143][DEBUG] 2017-10-28 06:25:12,582: Cancelling <Task cancelling coro=<BNO055.loop() running at /media/nvidia/JetsonSSD/code/TestBed/babybuggy/bno055.py:133> cb=[_wait.<locals>._on_completion() at /usr/lib/python3.5/asyncio/tasks.py:414]>: True
[BabyBuggy @ orchestrator.py:143][DEBUG] 2017-10-28 06:25:12,583: Cancelling <Task cancelling coro=<AdafruitGPS.loop() running at /media/nvidia/JetsonSSD/code/TestBed/babybuggy/adafruit_gps.py:98> cb=[_wait.<locals>._on_completion() at /usr/lib/python3.5/asyncio/tasks.py:414]>: True
[BabyBuggy @ orchestrator.py:143][DEBUG] 2017-10-28 06:25:12,583: Cancelling <Task cancelling coro=<LMS200.loop() running at /usr/local/lib/python3.5/dist-packages/lms200/lms200.py:135> wait_for=<Future cancelled> cb=[_wait.<locals>._on_completion() at /usr/lib/python3.5/asyncio/tasks.py:414]>: True
[BabyBuggy @ orchestrator.py:143][DEBUG] 2017-10-28 06:25:12,584: Cancelling <Task cancelling coro=<OpenCVCamera.loop() running at /usr/local/lib/python3.5/dist-packages/atlasbuggy/opencv/camera.py:247> cb=[_wait.<locals>._on_completion() at /usr/lib/python3.5/asyncio/tasks.py:414]>: True
[BabyBuggy @ orchestrator.py:143][DEBUG] 2017-10-28 06:25:12,584: Cancelling <Task cancelling coro=<OpenCVRecorder.loop() running at /usr/local/lib/python3.5/dist-packages/atlasbuggy/opencv/recorder.py:162> wait_for=<Future finished result=None> cb=[_wait.<locals>._on_completion() at /usr/lib/python3.5/asyncio/tasks.py:414]>: True
[BabyBuggy @ orchestrator.py:143][DEBUG] 2017-10-28 06:25:12,584: Cancelling <Task cancelling coro=<Slam.loop() running at /usr/local/lib/python3.5/dist-packages/lms200/slam.py:130> wait_for=<Future cancelled> cb=[_wait.<locals>._on_completion() at /usr/lib/python3.5/asyncio/tasks.py:414]>: True
[BabyBuggy @ orchestrator.py:161][DEBUG] 2017-10-28 06:25:12,585: 7 tasks to cancel
[BabyBuggy @ orchestrator.py:143][DEBUG] 2017-10-28 06:25:12,585: Cancelling <Task cancelling coro=<Orchestrator.loop() running at /usr/local/lib/python3.5/dist-packages/atlasbuggy/orchestrator.py:73> wait_for=<Future cancelled> cb=[_wait.<locals>._on_completion() at /usr/lib/python3.5/asyncio/tasks.py:414]>: True
[BabyBuggy @ orchestrator.py:143][DEBUG] 2017-10-28 06:25:12,585: Cancelling <Task cancelling coro=<BNO055.loop() running at /media/nvidia/JetsonSSD/code/TestBed/babybuggy/bno055.py:133> cb=[_wait.<locals>._on_completion() at /usr/lib/python3.5/asyncio/tasks.py:414]>: True
[BabyBuggy @ orchestrator.py:143][DEBUG] 2017-10-28 06:25:12,586: Cancelling <Task cancelling coro=<AdafruitGPS.loop() running at /media/nvidia/JetsonSSD/code/TestBed/babybuggy/adafruit_gps.py:98> cb=[_wait.<locals>._on_completion() at /usr/lib/python3.5/asyncio/tasks.py:414]>: True
[BabyBuggy @ orchestrator.py:143][DEBUG] 2017-10-28 06:25:12,586: Cancelling <Task cancelling coro=<LMS200.loop() running at /usr/local/lib/python3.5/dist-packages/lms200/lms200.py:135> wait_for=<Future cancelled> cb=[_wait.<locals>._on_completion() at /usr/lib/python3.5/asyncio/tasks.py:414]>: True
[BabyBuggy @ orchestrator.py:143][DEBUG] 2017-10-28 06:25:12,586: Cancelling <Task cancelling coro=<OpenCVCamera.loop() running at /usr/local/lib/python3.5/dist-packages/atlasbuggy/opencv/camera.py:247> cb=[_wait.<locals>._on_completion() at /usr/lib/python3.5/asyncio/tasks.py:414]>: True
[BabyBuggy @ orchestrator.py:143][DEBUG] 2017-10-28 06:25:12,587: Cancelling <Task cancelling coro=<OpenCVRecorder.loop() running at /usr/local/lib/python3.5/dist-packages/atlasbuggy/opencv/recorder.py:162> wait_for=<Future finished result=None> cb=[_wait.<locals>._on_completion() at /usr/lib/python3.5/asyncio/tasks.py:414]>: True
[BabyBuggy @ orchestrator.py:143][DEBUG] 2017-10-28 06:25:12,587: Cancelling <Task cancelling coro=<Slam.loop() running at /usr/local/lib/python3.5/dist-packages/lms200/slam.py:130> wait_for=<Future cancelled> cb=[_wait.<locals>._on_completion() at /usr/lib/python3.5/asyncio/tasks.py:414]>: True
[BabyBuggy @ orchestrator.py:161][DEBUG] 2017-10-28 06:25:12,587: 7 tasks to cancel
[BabyBuggy @ orchestrator.py:143][DEBUG] 2017-10-28 06:25:12,588: Cancelling <Task cancelling coro=<Orchestrator.loop() running at /usr/local/lib/python3.5/dist-packages/atlasbuggy/orchestrator.py:73> wait_for=<Future cancelled> cb=[_wait.<locals>._on_completion() at /usr/lib/python3.5/asyncio/tasks.py:414]>: True
[BabyBuggy @ orchestrator.py:143][DEBUG] 2017-10-28 06:25:12,588: Cancelling <Task cancelling coro=<BNO055.loop() running at /media/nvidia/JetsonSSD/code/TestBed/babybuggy/bno055.py:133> cb=[_wait.<locals>._on_completion() at /usr/lib/python3.5/asyncio/tasks.py:414]>: True
[BabyBuggy @ orchestrator.py:143][DEBUG] 2017-10-28 06:25:12,588: Cancelling <Task cancelling coro=<AdafruitGPS.loop() running at /media/nvidia/JetsonSSD/code/TestBed/babybuggy/adafruit_gps.py:98> cb=[_wait.<locals>._on_completion() at /usr/lib/python3.5/asyncio/tasks.py:414]>: True
[BabyBuggy @ orchestrator.py:143][DEBUG] 2017-10-28 06:25:12,589: Cancelling <Task cancelling coro=<LMS200.loop() running at /usr/local/lib/python3.5/dist-packages/lms200/lms200.py:135> wait_for=<Future cancelled> cb=[_wait.<locals>._on_completion() at /usr/lib/python3.5/asyncio/tasks.py:414]>: True
[BabyBuggy @ orchestrator.py:143][DEBUG] 2017-10-28 06:25:12,589: Cancelling <Task cancelling coro=<OpenCVCamera.loop() running at /usr/local/lib/python3.5/dist-packages/atlasbuggy/opencv/camera.py:247> cb=[_wait.<locals>._on_completion() at /usr/lib/python3.5/asyncio/tasks.py:414]>: True
[BabyBuggy @ orchestrator.py:143][DEBUG] 2017-10-28 06:25:12,589: Cancelling <Task cancelling coro=<OpenCVRecorder.loop() running at /usr/local/lib/python3.5/dist-packages/atlasbuggy/opencv/recorder.py:162> wait_for=<Future finished result=None> cb=[_wait.<locals>._on_completion() at /usr/lib/python3.5/asyncio/tasks.py:414]>: True
[BabyBuggy @ orchestrator.py:143][DEBUG] 2017-10-28 06:25:12,590: Cancelling <Task cancelling coro=<Slam.loop() running at /usr/local/lib/python3.5/dist-packages/lms200/slam.py:130> wait_for=<Future cancelled> cb=[_wait.<locals>._on_completion() at /usr/lib/python3.5/asyncio/tasks.py:414]>: True
[BabyBuggy @ orchestrator.py:263][INFO] 2017-10-28 06:25:12,591: loop finished
[BabyBuggy @ orchestrator.py:267][INFO] 2017-10-28 06:25:12,591: closing orchestrator
[BabyBuggy @ orchestrator.py:161][DEBUG] 2017-10-28 06:25:12,592: 7 tasks to cancel
[BabyBuggy @ orchestrator.py:143][DEBUG] 2017-10-28 06:25:12,592: Cancelling <Task cancelled coro=<Orchestrator.loop() done, defined at /usr/local/lib/python3.5/dist-packages/atlasbuggy/orchestrator.py:70>>: False
[BabyBuggy @ orchestrator.py:147][DEBUG] 2017-10-28 06:25:12,592: Task '<Task cancelled coro=<Orchestrator.loop() done, defined at /usr/local/lib/python3.5/dist-packages/atlasbuggy/orchestrator.py:70>>' was cancelled
[BabyBuggy @ orchestrator.py:143][DEBUG] 2017-10-28 06:25:12,593: Cancelling <Task cancelled coro=<BNO055.loop() done, defined at /media/nvidia/JetsonSSD/code/TestBed/babybuggy/bno055.py:124>>: False
[BabyBuggy @ orchestrator.py:147][DEBUG] 2017-10-28 06:25:12,593: Task '<Task cancelled coro=<BNO055.loop() done, defined at /media/nvidia/JetsonSSD/code/TestBed/babybuggy/bno055.py:124>>' was cancelled
[BabyBuggy @ orchestrator.py:143][DEBUG] 2017-10-28 06:25:12,593: Cancelling <Task cancelled coro=<AdafruitGPS.loop() done, defined at /media/nvidia/JetsonSSD/code/TestBed/babybuggy/adafruit_gps.py:86>>: False
[BabyBuggy @ orchestrator.py:147][DEBUG] 2017-10-28 06:25:12,594: Task '<Task cancelled coro=<AdafruitGPS.loop() done, defined at /media/nvidia/JetsonSSD/code/TestBed/babybuggy/adafruit_gps.py:86>>' was cancelled
[BabyBuggy @ orchestrator.py:143][DEBUG] 2017-10-28 06:25:12,594: Cancelling <Task cancelled coro=<LMS200.loop() done, defined at /usr/local/lib/python3.5/dist-packages/lms200/lms200.py:111>>: False
[BabyBuggy @ orchestrator.py:147][DEBUG] 2017-10-28 06:25:12,594: Task '<Task cancelled coro=<LMS200.loop() done, defined at /usr/local/lib/python3.5/dist-packages/lms200/lms200.py:111>>' was cancelled
[BabyBuggy @ orchestrator.py:143][DEBUG] 2017-10-28 06:25:12,594: Cancelling <Task cancelled coro=<OpenCVCamera.loop() done, defined at /usr/local/lib/python3.5/dist-packages/atlasbuggy/opencv/camera.py:228>>: False
[BabyBuggy @ orchestrator.py:147][DEBUG] 2017-10-28 06:25:12,595: Task '<Task cancelled coro=<OpenCVCamera.loop() done, defined at /usr/local/lib/python3.5/dist-packages/atlasbuggy/opencv/camera.py:228>>' was cancelled
[BabyBuggy @ orchestrator.py:143][DEBUG] 2017-10-28 06:25:12,595: Cancelling <Task cancelled coro=<OpenCVRecorder.loop() done, defined at /usr/local/lib/python3.5/dist-packages/atlasbuggy/opencv/recorder.py:152>>: False
[BabyBuggy @ orchestrator.py:147][DEBUG] 2017-10-28 06:25:12,595: Task '<Task cancelled coro=<OpenCVRecorder.loop() done, defined at /usr/local/lib/python3.5/dist-packages/atlasbuggy/opencv/recorder.py:152>>' was cancelled
[BabyBuggy @ orchestrator.py:143][DEBUG] 2017-10-28 06:25:12,595: Cancelling <Task cancelled coro=<Slam.loop() done, defined at /usr/local/lib/python3.5/dist-packages/lms200/slam.py:96>>: False
[BabyBuggy @ orchestrator.py:147][DEBUG] 2017-10-28 06:25:12,596: Task '<Task cancelled coro=<Slam.loop() done, defined at /usr/local/lib/python3.5/dist-packages/lms200/slam.py:96>>' was cancelled
[BabyBuggy @ orchestrator.py:89][INFO] 2017-10-28 06:25:12,596: halting
[BabyBuggy @ orchestrator.py:92][INFO] 2017-10-28 06:25:12,596: Session took 50.264755964279175s to complete
[BabyBuggy @ orchestrator.py:78][INFO] 2017-10-28 06:25:12,601: teardown
