[BabyBuggy @ factory.py:85][DEBUG] 2017-10-28 06:59:43,661: Logging to: logs/2017_Oct_28/BabyBuggy/06_59_43.log
[BabyBuggy @ orchestrator.py:218][INFO] 2017-10-28 06:59:43,699: Consumer 'Slam' isn't enabled! Ignoring subscription to producer 'LMS200'
[BabyBuggy @ orchestrator.py:244][INFO] 2017-10-28 06:59:43,700: 'OpenCVRecorder' is subscribing to 'OpenCVCamera' with the tag 'capture'
[BabyBuggy @ orchestrator.py:108][DEBUG] 2017-10-28 06:59:43,701: Adding setup tasks. Apply subscriptions
[BabyBuggy @ orchestrator.py:114][DEBUG] 2017-10-28 06:59:43,702: Running set up tasks (6). [<babybuggy.bno055.BNO055 object at 0x7f7ad41ba8>, <babybuggy.adafruit_gps.AdafruitGPS object at 0x7f5a03bcc0>, <lms200.lms200.LMS200 object at 0x7f5a046780>, <atlasbuggy.opencv.camera.OpenCVCamera object at 0x7f5a061a90>, <atlasbuggy.opencv.recorder.OpenCVRecorder object at 0x7f5a061c18>] and orchestrator setup
[BabyBuggy @ orchestrator.py:68][INFO] 2017-10-28 06:59:43,702: setup
[BabyBuggy @ orchestrator.py:143][DEBUG] 2017-10-28 06:59:50,995: Cancelling <Task finished coro=<Orchestrator.setup() done, defined at /usr/lib/python3.5/asyncio/coroutines.py:204> result=None>: False
[BabyBuggy @ orchestrator.py:143][DEBUG] 2017-10-28 06:59:50,995: Cancelling <Task finished coro=<Arduino.setup() done, defined at /usr/local/lib/python3.5/dist-packages/atlasbuggy/device/arduino.py:52> result=None>: False
[BabyBuggy @ orchestrator.py:143][DEBUG] 2017-10-28 06:59:50,996: Cancelling <Task finished coro=<Arduino.setup() done, defined at /usr/local/lib/python3.5/dist-packages/atlasbuggy/device/arduino.py:52> exception=KeyError('Adafruit-GPS',)>: False
[BabyBuggy @ orchestrator.py:155][ERROR] 2017-10-28 06:59:50,999: Traceback (most recent call last):
  File "/usr/local/lib/python3.5/dist-packages/atlasbuggy/orchestrator.py", line 150, in check_task_result
    raise task.exception()
  File "/usr/lib/python3.5/asyncio/tasks.py", line 239, in _step
    result = coro.send(None)
  File "/usr/local/lib/python3.5/dist-packages/atlasbuggy/device/arduino.py", line 54, in setup
    self.configure_device()
  File "/usr/local/lib/python3.5/dist-packages/atlasbuggy/device/arduino.py", line 88, in configure_device
    device_port_info = Arduino.ports[self.whoiam]
KeyError: 'Adafruit-GPS'

[BabyBuggy @ orchestrator.py:143][DEBUG] 2017-10-28 06:59:51,000: Cancelling <Task finished coro=<LMS200.setup() done, defined at /usr/local/lib/python3.5/dist-packages/lms200/lms200.py:70> result=None>: False
[BabyBuggy @ orchestrator.py:143][DEBUG] 2017-10-28 06:59:51,001: Cancelling <Task finished coro=<OpenCVCamera.setup() done, defined at /usr/lib/python3.5/asyncio/coroutines.py:204> result=None>: False
[BabyBuggy @ orchestrator.py:143][DEBUG] 2017-10-28 06:59:51,001: Cancelling <Task finished coro=<OpenCVRecorder.setup() done, defined at /usr/lib/python3.5/asyncio/coroutines.py:204> result=None>: False
[BabyBuggy @ orchestrator.py:122][ERROR] 2017-10-28 06:59:51,001: Shutting down. Encountered an error!
[BabyBuggy @ orchestrator.py:161][DEBUG] 2017-10-28 06:59:51,002: 0 tasks to cancel
[BabyBuggy @ orchestrator.py:89][INFO] 2017-10-28 06:59:51,002: halting
[BabyBuggy @ orchestrator.py:92][INFO] 2017-10-28 06:59:51,002: Session took 7.3406822681427s to complete
[BabyBuggy @ orchestrator.py:78][INFO] 2017-10-28 06:59:51,006: teardown
[BabyBuggy @ orchestrator.py:143][DEBUG] 2017-10-28 06:59:51,463: Cancelling <Task finished coro=<Orchestrator.teardown() done, defined at /usr/lib/python3.5/asyncio/coroutines.py:204> result=None>: False
[BabyBuggy @ orchestrator.py:143][DEBUG] 2017-10-28 06:59:51,464: Cancelling <Task finished coro=<Arduino.teardown() done, defined at /usr/local/lib/python3.5/dist-packages/atlasbuggy/device/arduino.py:230> result=None>: False
[BabyBuggy @ orchestrator.py:143][DEBUG] 2017-10-28 06:59:51,464: Cancelling <Task finished coro=<Arduino.teardown() done, defined at /usr/local/lib/python3.5/dist-packages/atlasbuggy/device/arduino.py:230> exception=AttributeError("'NoneType' object has no attribute 'device'",)>: False
[BabyBuggy @ orchestrator.py:155][ERROR] 2017-10-28 06:59:51,465: Traceback (most recent call last):
  File "/usr/local/lib/python3.5/dist-packages/atlasbuggy/orchestrator.py", line 150, in check_task_result
    raise task.exception()
  File "/usr/lib/python3.5/asyncio/tasks.py", line 239, in _step
    result = coro.send(None)
  File "/usr/local/lib/python3.5/dist-packages/atlasbuggy/device/arduino.py", line 233, in teardown
    self.device_port.device.close()
AttributeError: 'NoneType' object has no attribute 'device'

[BabyBuggy @ orchestrator.py:128][ERROR] 2017-10-28 06:59:51,466: Encountered an error while tearing down! What a mess...
[BabyBuggy @ orchestrator.py:143][DEBUG] 2017-10-28 06:59:51,466: Cancelling <Task finished coro=<LMS200.teardown() done, defined at /usr/local/lib/python3.5/dist-packages/lms200/lms200.py:138> result=None>: False
[BabyBuggy @ orchestrator.py:143][DEBUG] 2017-10-28 06:59:51,467: Cancelling <Task finished coro=<OpenCVCamera.teardown() done, defined at /usr/lib/python3.5/asyncio/coroutines.py:204> result=None>: False
[BabyBuggy @ orchestrator.py:143][DEBUG] 2017-10-28 06:59:51,467: Cancelling <Task finished coro=<OpenCVRecorder.teardown() done, defined at /usr/lib/python3.5/asyncio/coroutines.py:204> result=None>: False
[BabyBuggy @ orchestrator.py:267][INFO] 2017-10-28 06:59:51,468: closing orchestrator
