[BabyBuggy @ factory.py:85][DEBUG] 2017-10-28 06:51:48,516: Logging to: logs/2017_Oct_28/BabyBuggy/06_51_48.log
[BabyBuggy @ orchestrator.py:218][INFO] 2017-10-28 06:51:48,557: Consumer 'Slam' isn't enabled! Ignoring subscription to producer 'LMS200'
[BabyBuggy @ orchestrator.py:244][INFO] 2017-10-28 06:51:48,557: 'OpenCVRecorder' is subscribing to 'OpenCVCamera' with the tag 'capture'
[BabyBuggy @ orchestrator.py:108][DEBUG] 2017-10-28 06:51:48,558: Adding setup tasks. Apply subscriptions
[BabyBuggy @ orchestrator.py:114][DEBUG] 2017-10-28 06:51:48,559: Running set up tasks (6). [<babybuggy.bno055.BNO055 object at 0x7fa93a9b70>, <babybuggy.adafruit_gps.AdafruitGPS object at 0x7fa8396898>, <lms200.lms200.LMS200 object at 0x7f886ae898>, <atlasbuggy.opencv.camera.OpenCVCamera object at 0x7f886c9ac8>, <atlasbuggy.opencv.recorder.OpenCVRecorder object at 0x7f886c9c50>] and orchestrator setup
[BabyBuggy @ orchestrator.py:68][INFO] 2017-10-28 06:51:48,560: setup
[BabyBuggy @ orchestrator.py:143][DEBUG] 2017-10-28 06:51:56,150: Cancelling <Task finished coro=<Orchestrator.setup() done, defined at /usr/lib/python3.5/asyncio/coroutines.py:204> result=None>: False
[BabyBuggy @ orchestrator.py:143][DEBUG] 2017-10-28 06:51:56,151: Cancelling <Task finished coro=<Arduino.setup() done, defined at /usr/local/lib/python3.5/dist-packages/atlasbuggy/device/arduino.py:52> result=None>: False
[BabyBuggy @ orchestrator.py:143][DEBUG] 2017-10-28 06:51:56,152: Cancelling <Task finished coro=<Arduino.setup() done, defined at /usr/local/lib/python3.5/dist-packages/atlasbuggy/device/arduino.py:52> result=None>: False
[BabyBuggy @ orchestrator.py:143][DEBUG] 2017-10-28 06:51:56,153: Cancelling <Task finished coro=<LMS200.setup() done, defined at /usr/local/lib/python3.5/dist-packages/lms200/lms200.py:70> result=None>: False
[BabyBuggy @ orchestrator.py:143][DEBUG] 2017-10-28 06:51:56,153: Cancelling <Task finished coro=<OpenCVCamera.setup() done, defined at /usr/lib/python3.5/asyncio/coroutines.py:204> result=None>: False
[BabyBuggy @ orchestrator.py:143][DEBUG] 2017-10-28 06:51:56,153: Cancelling <Task finished coro=<OpenCVRecorder.setup() done, defined at /usr/lib/python3.5/asyncio/coroutines.py:204> result=None>: False
[BabyBuggy @ orchestrator.py:132][DEBUG] 2017-10-28 06:51:56,154: Adding loop tasks
[BabyBuggy @ orchestrator.py:138][DEBUG] 2017-10-28 06:51:56,155: Running loop tasks (6)
[BabyBuggy @ orchestrator.py:161][DEBUG] 2017-10-28 06:58:15,829: 6 tasks to cancel
[BabyBuggy @ orchestrator.py:143][DEBUG] 2017-10-28 06:58:15,831: Cancelling <Task pending coro=<Orchestrator.loop() running at /usr/local/lib/python3.5/dist-packages/atlasbuggy/orchestrator.py:73> wait_for=<Future cancelled> cb=[_wait.<locals>._on_completion() at /usr/lib/python3.5/asyncio/tasks.py:414]>: True
[BabyBuggy @ orchestrator.py:143][DEBUG] 2017-10-28 06:58:15,832: Cancelling <Task cancelling coro=<BNO055.loop() running at /media/nvidia/JetsonSSD/code/TestBed/babybuggy/bno055.py:133> cb=[_wait.<locals>._on_completion() at /usr/lib/python3.5/asyncio/tasks.py:414]>: True
[BabyBuggy @ orchestrator.py:143][DEBUG] 2017-10-28 06:58:15,833: Cancelling <Task cancelling coro=<AdafruitGPS.loop() running at /media/nvidia/JetsonSSD/code/TestBed/babybuggy/adafruit_gps.py:98> cb=[_wait.<locals>._on_completion() at /usr/lib/python3.5/asyncio/tasks.py:414]>: True
[BabyBuggy @ orchestrator.py:143][DEBUG] 2017-10-28 06:58:15,833: Cancelling <Task cancelling coro=<LMS200.loop() running at /usr/local/lib/python3.5/dist-packages/lms200/lms200.py:135> wait_for=<Future finished result=None> cb=[_wait.<locals>._on_completion() at /usr/lib/python3.5/asyncio/tasks.py:414]>: True
[BabyBuggy @ orchestrator.py:143][DEBUG] 2017-10-28 06:58:15,834: Cancelling <Task cancelling coro=<OpenCVCamera.loop() running at /usr/local/lib/python3.5/dist-packages/atlasbuggy/opencv/camera.py:247> cb=[_wait.<locals>._on_completion() at /usr/lib/python3.5/asyncio/tasks.py:414]>: True
[BabyBuggy @ orchestrator.py:143][DEBUG] 2017-10-28 06:58:15,834: Cancelling <Task pending coro=<OpenCVRecorder.loop() running at /usr/local/lib/python3.5/dist-packages/atlasbuggy/opencv/recorder.py:162> wait_for=<Future cancelled> cb=[_wait.<locals>._on_completion() at /usr/lib/python3.5/asyncio/tasks.py:414]>: True
[BabyBuggy @ orchestrator.py:161][DEBUG] 2017-10-28 06:58:15,835: 6 tasks to cancel
[BabyBuggy @ orchestrator.py:143][DEBUG] 2017-10-28 06:58:15,835: Cancelling <Task cancelling coro=<Orchestrator.loop() running at /usr/local/lib/python3.5/dist-packages/atlasbuggy/orchestrator.py:73> wait_for=<Future cancelled> cb=[_wait.<locals>._on_completion() at /usr/lib/python3.5/asyncio/tasks.py:414]>: True
[BabyBuggy @ orchestrator.py:143][DEBUG] 2017-10-28 06:58:15,836: Cancelling <Task cancelling coro=<BNO055.loop() running at /media/nvidia/JetsonSSD/code/TestBed/babybuggy/bno055.py:133> cb=[_wait.<locals>._on_completion() at /usr/lib/python3.5/asyncio/tasks.py:414]>: True
[BabyBuggy @ orchestrator.py:143][DEBUG] 2017-10-28 06:58:15,836: Cancelling <Task cancelling coro=<AdafruitGPS.loop() running at /media/nvidia/JetsonSSD/code/TestBed/babybuggy/adafruit_gps.py:98> cb=[_wait.<locals>._on_completion() at /usr/lib/python3.5/asyncio/tasks.py:414]>: True
[BabyBuggy @ orchestrator.py:143][DEBUG] 2017-10-28 06:58:15,837: Cancelling <Task cancelling coro=<LMS200.loop() running at /usr/local/lib/python3.5/dist-packages/lms200/lms200.py:135> wait_for=<Future finished result=None> cb=[_wait.<locals>._on_completion() at /usr/lib/python3.5/asyncio/tasks.py:414]>: True
[BabyBuggy @ orchestrator.py:143][DEBUG] 2017-10-28 06:58:15,838: Cancelling <Task cancelling coro=<OpenCVCamera.loop() running at /usr/local/lib/python3.5/dist-packages/atlasbuggy/opencv/camera.py:247> cb=[_wait.<locals>._on_completion() at /usr/lib/python3.5/asyncio/tasks.py:414]>: True
[BabyBuggy @ orchestrator.py:143][DEBUG] 2017-10-28 06:58:15,838: Cancelling <Task cancelling coro=<OpenCVRecorder.loop() running at /usr/local/lib/python3.5/dist-packages/atlasbuggy/opencv/recorder.py:162> wait_for=<Future cancelled> cb=[_wait.<locals>._on_completion() at /usr/lib/python3.5/asyncio/tasks.py:414]>: True
[BabyBuggy @ orchestrator.py:161][DEBUG] 2017-10-28 06:58:15,838: 6 tasks to cancel
[BabyBuggy @ orchestrator.py:143][DEBUG] 2017-10-28 06:58:15,839: Cancelling <Task cancelling coro=<Orchestrator.loop() running at /usr/local/lib/python3.5/dist-packages/atlasbuggy/orchestrator.py:73> wait_for=<Future cancelled> cb=[_wait.<locals>._on_completion() at /usr/lib/python3.5/asyncio/tasks.py:414]>: True
[BabyBuggy @ orchestrator.py:143][DEBUG] 2017-10-28 06:58:15,839: Cancelling <Task cancelling coro=<BNO055.loop() running at /media/nvidia/JetsonSSD/code/TestBed/babybuggy/bno055.py:133> cb=[_wait.<locals>._on_completion() at /usr/lib/python3.5/asyncio/tasks.py:414]>: True
[BabyBuggy @ orchestrator.py:143][DEBUG] 2017-10-28 06:58:15,840: Cancelling <Task cancelling coro=<AdafruitGPS.loop() running at /media/nvidia/JetsonSSD/code/TestBed/babybuggy/adafruit_gps.py:98> cb=[_wait.<locals>._on_completion() at /usr/lib/python3.5/asyncio/tasks.py:414]>: True
[BabyBuggy @ orchestrator.py:143][DEBUG] 2017-10-28 06:58:15,840: Cancelling <Task cancelling coro=<LMS200.loop() running at /usr/local/lib/python3.5/dist-packages/lms200/lms200.py:135> wait_for=<Future finished result=None> cb=[_wait.<locals>._on_completion() at /usr/lib/python3.5/asyncio/tasks.py:414]>: True
[BabyBuggy @ orchestrator.py:143][DEBUG] 2017-10-28 06:58:15,841: Cancelling <Task cancelling coro=<OpenCVCamera.loop() running at /usr/local/lib/python3.5/dist-packages/atlasbuggy/opencv/camera.py:247> cb=[_wait.<locals>._on_completion() at /usr/lib/python3.5/asyncio/tasks.py:414]>: True
[BabyBuggy @ orchestrator.py:143][DEBUG] 2017-10-28 06:58:15,841: Cancelling <Task cancelling coro=<OpenCVRecorder.loop() running at /usr/local/lib/python3.5/dist-packages/atlasbuggy/opencv/recorder.py:162> wait_for=<Future cancelled> cb=[_wait.<locals>._on_completion() at /usr/lib/python3.5/asyncio/tasks.py:414]>: True
[BabyBuggy @ orchestrator.py:161][DEBUG] 2017-10-28 06:58:15,841: 6 tasks to cancel
[BabyBuggy @ orchestrator.py:143][DEBUG] 2017-10-28 06:58:15,842: Cancelling <Task cancelling coro=<Orchestrator.loop() running at /usr/local/lib/python3.5/dist-packages/atlasbuggy/orchestrator.py:73> wait_for=<Future cancelled> cb=[_wait.<locals>._on_completion() at /usr/lib/python3.5/asyncio/tasks.py:414]>: True
[BabyBuggy @ orchestrator.py:143][DEBUG] 2017-10-28 06:58:15,842: Cancelling <Task cancelling coro=<BNO055.loop() running at /media/nvidia/JetsonSSD/code/TestBed/babybuggy/bno055.py:133> cb=[_wait.<locals>._on_completion() at /usr/lib/python3.5/asyncio/tasks.py:414]>: True
[BabyBuggy @ orchestrator.py:143][DEBUG] 2017-10-28 06:58:15,843: Cancelling <Task cancelling coro=<AdafruitGPS.loop() running at /media/nvidia/JetsonSSD/code/TestBed/babybuggy/adafruit_gps.py:98> cb=[_wait.<locals>._on_completion() at /usr/lib/python3.5/asyncio/tasks.py:414]>: True
[BabyBuggy @ orchestrator.py:143][DEBUG] 2017-10-28 06:58:15,843: Cancelling <Task cancelling coro=<LMS200.loop() running at /usr/local/lib/python3.5/dist-packages/lms200/lms200.py:135> wait_for=<Future finished result=None> cb=[_wait.<locals>._on_completion() at /usr/lib/python3.5/asyncio/tasks.py:414]>: True
[BabyBuggy @ orchestrator.py:143][DEBUG] 2017-10-28 06:58:15,843: Cancelling <Task cancelling coro=<OpenCVCamera.loop() running at /usr/local/lib/python3.5/dist-packages/atlasbuggy/opencv/camera.py:247> cb=[_wait.<locals>._on_completion() at /usr/lib/python3.5/asyncio/tasks.py:414]>: True
[BabyBuggy @ orchestrator.py:143][DEBUG] 2017-10-28 06:58:15,844: Cancelling <Task cancelling coro=<OpenCVRecorder.loop() running at /usr/local/lib/python3.5/dist-packages/atlasbuggy/opencv/recorder.py:162> wait_for=<Future cancelled> cb=[_wait.<locals>._on_completion() at /usr/lib/python3.5/asyncio/tasks.py:414]>: True
[BabyBuggy @ orchestrator.py:161][DEBUG] 2017-10-28 06:58:15,844: 6 tasks to cancel
[BabyBuggy @ orchestrator.py:143][DEBUG] 2017-10-28 06:58:15,844: Cancelling <Task cancelling coro=<Orchestrator.loop() running at /usr/local/lib/python3.5/dist-packages/atlasbuggy/orchestrator.py:73> wait_for=<Future cancelled> cb=[_wait.<locals>._on_completion() at /usr/lib/python3.5/asyncio/tasks.py:414]>: True
[BabyBuggy @ orchestrator.py:143][DEBUG] 2017-10-28 06:58:15,845: Cancelling <Task cancelling coro=<BNO055.loop() running at /media/nvidia/JetsonSSD/code/TestBed/babybuggy/bno055.py:133> cb=[_wait.<locals>._on_completion() at /usr/lib/python3.5/asyncio/tasks.py:414]>: True
[BabyBuggy @ orchestrator.py:143][DEBUG] 2017-10-28 06:58:15,845: Cancelling <Task cancelling coro=<AdafruitGPS.loop() running at /media/nvidia/JetsonSSD/code/TestBed/babybuggy/adafruit_gps.py:98> cb=[_wait.<locals>._on_completion() at /usr/lib/python3.5/asyncio/tasks.py:414]>: True
[BabyBuggy @ orchestrator.py:143][DEBUG] 2017-10-28 06:58:15,845: Cancelling <Task cancelling coro=<LMS200.loop() running at /usr/local/lib/python3.5/dist-packages/lms200/lms200.py:135> wait_for=<Future finished result=None> cb=[_wait.<locals>._on_completion() at /usr/lib/python3.5/asyncio/tasks.py:414]>: True
[BabyBuggy @ orchestrator.py:143][DEBUG] 2017-10-28 06:58:15,846: Cancelling <Task cancelling coro=<OpenCVCamera.loop() running at /usr/local/lib/python3.5/dist-packages/atlasbuggy/opencv/camera.py:247> cb=[_wait.<locals>._on_completion() at /usr/lib/python3.5/asyncio/tasks.py:414]>: True
[BabyBuggy @ orchestrator.py:143][DEBUG] 2017-10-28 06:58:15,846: Cancelling <Task cancelling coro=<OpenCVRecorder.loop() running at /usr/local/lib/python3.5/dist-packages/atlasbuggy/opencv/recorder.py:162> wait_for=<Future cancelled> cb=[_wait.<locals>._on_completion() at /usr/lib/python3.5/asyncio/tasks.py:414]>: True
[BabyBuggy @ orchestrator.py:263][INFO] 2017-10-28 06:58:15,847: loop finished
[BabyBuggy @ orchestrator.py:267][INFO] 2017-10-28 06:58:15,848: closing orchestrator
[BabyBuggy @ orchestrator.py:161][DEBUG] 2017-10-28 06:58:15,849: 6 tasks to cancel
[BabyBuggy @ orchestrator.py:143][DEBUG] 2017-10-28 06:58:15,850: Cancelling <Task cancelled coro=<Orchestrator.loop() done, defined at /usr/local/lib/python3.5/dist-packages/atlasbuggy/orchestrator.py:70>>: False
[BabyBuggy @ orchestrator.py:147][DEBUG] 2017-10-28 06:58:15,850: Task '<Task cancelled coro=<Orchestrator.loop() done, defined at /usr/local/lib/python3.5/dist-packages/atlasbuggy/orchestrator.py:70>>' was cancelled
[BabyBuggy @ orchestrator.py:143][DEBUG] 2017-10-28 06:58:15,850: Cancelling <Task cancelled coro=<BNO055.loop() done, defined at /media/nvidia/JetsonSSD/code/TestBed/babybuggy/bno055.py:124>>: False
[BabyBuggy @ orchestrator.py:147][DEBUG] 2017-10-28 06:58:15,850: Task '<Task cancelled coro=<BNO055.loop() done, defined at /media/nvidia/JetsonSSD/code/TestBed/babybuggy/bno055.py:124>>' was cancelled
[BabyBuggy @ orchestrator.py:143][DEBUG] 2017-10-28 06:58:15,851: Cancelling <Task cancelled coro=<AdafruitGPS.loop() done, defined at /media/nvidia/JetsonSSD/code/TestBed/babybuggy/adafruit_gps.py:86>>: False
[BabyBuggy @ orchestrator.py:147][DEBUG] 2017-10-28 06:58:15,851: Task '<Task cancelled coro=<AdafruitGPS.loop() done, defined at /media/nvidia/JetsonSSD/code/TestBed/babybuggy/adafruit_gps.py:86>>' was cancelled
[BabyBuggy @ orchestrator.py:143][DEBUG] 2017-10-28 06:58:15,851: Cancelling <Task cancelled coro=<LMS200.loop() done, defined at /usr/local/lib/python3.5/dist-packages/lms200/lms200.py:111>>: False
[BabyBuggy @ orchestrator.py:147][DEBUG] 2017-10-28 06:58:15,851: Task '<Task cancelled coro=<LMS200.loop() done, defined at /usr/local/lib/python3.5/dist-packages/lms200/lms200.py:111>>' was cancelled
[BabyBuggy @ orchestrator.py:143][DEBUG] 2017-10-28 06:58:15,852: Cancelling <Task cancelled coro=<OpenCVCamera.loop() done, defined at /usr/local/lib/python3.5/dist-packages/atlasbuggy/opencv/camera.py:228>>: False
[BabyBuggy @ orchestrator.py:147][DEBUG] 2017-10-28 06:58:15,852: Task '<Task cancelled coro=<OpenCVCamera.loop() done, defined at /usr/local/lib/python3.5/dist-packages/atlasbuggy/opencv/camera.py:228>>' was cancelled
[BabyBuggy @ orchestrator.py:143][DEBUG] 2017-10-28 06:58:15,852: Cancelling <Task cancelled coro=<OpenCVRecorder.loop() done, defined at /usr/local/lib/python3.5/dist-packages/atlasbuggy/opencv/recorder.py:152>>: False
[BabyBuggy @ orchestrator.py:147][DEBUG] 2017-10-28 06:58:15,852: Task '<Task cancelled coro=<OpenCVRecorder.loop() done, defined at /usr/local/lib/python3.5/dist-packages/atlasbuggy/opencv/recorder.py:152>>' was cancelled
[BabyBuggy @ orchestrator.py:89][INFO] 2017-10-28 06:58:15,852: halting
[BabyBuggy @ orchestrator.py:92][INFO] 2017-10-28 06:58:15,853: Session took 387.33653450012207s to complete
[BabyBuggy @ orchestrator.py:78][INFO] 2017-10-28 06:58:15,858: teardown
