[BabyBuggy @ factory.py:85][DEBUG] 2017-10-28 07:00:06,178: Logging to: logs/2017_Oct_28/BabyBuggy/07_00_06.log
[BabyBuggy @ orchestrator.py:218][INFO] 2017-10-28 07:00:06,216: Consumer 'Slam' isn't enabled! Ignoring subscription to producer 'LMS200'
[BabyBuggy @ orchestrator.py:244][INFO] 2017-10-28 07:00:06,218: 'OpenCVRecorder' is subscribing to 'OpenCVCamera' with the tag 'capture'
[BabyBuggy @ orchestrator.py:108][DEBUG] 2017-10-28 07:00:06,219: Adding setup tasks. Apply subscriptions
[BabyBuggy @ orchestrator.py:114][DEBUG] 2017-10-28 07:00:06,220: Running set up tasks (6). [<babybuggy.bno055.BNO055 object at 0x7fa385eba8>, <babybuggy.adafruit_gps.AdafruitGPS object at 0x7f82b58d68>, <lms200.lms200.LMS200 object at 0x7f82b62828>, <atlasbuggy.opencv.camera.OpenCVCamera object at 0x7f82b7ea58>, <atlasbuggy.opencv.recorder.OpenCVRecorder object at 0x7f82b7ebe0>] and orchestrator setup
[BabyBuggy @ orchestrator.py:68][INFO] 2017-10-28 07:00:06,220: setup
[BabyBuggy @ orchestrator.py:143][DEBUG] 2017-10-28 07:00:13,223: Cancelling <Task finished coro=<Orchestrator.setup() done, defined at /usr/lib/python3.5/asyncio/coroutines.py:204> result=None>: False
[BabyBuggy @ orchestrator.py:143][DEBUG] 2017-10-28 07:00:13,224: Cancelling <Task finished coro=<Arduino.setup() done, defined at /usr/local/lib/python3.5/dist-packages/atlasbuggy/device/arduino.py:52> result=None>: False
[BabyBuggy @ orchestrator.py:143][DEBUG] 2017-10-28 07:00:13,225: Cancelling <Task finished coro=<Arduino.setup() done, defined at /usr/local/lib/python3.5/dist-packages/atlasbuggy/device/arduino.py:52> result=None>: False
[BabyBuggy @ orchestrator.py:143][DEBUG] 2017-10-28 07:00:13,225: Cancelling <Task finished coro=<LMS200.setup() done, defined at /usr/local/lib/python3.5/dist-packages/lms200/lms200.py:70> result=None>: False
[BabyBuggy @ orchestrator.py:143][DEBUG] 2017-10-28 07:00:13,225: Cancelling <Task finished coro=<OpenCVCamera.setup() done, defined at /usr/lib/python3.5/asyncio/coroutines.py:204> result=None>: False
[BabyBuggy @ orchestrator.py:143][DEBUG] 2017-10-28 07:00:13,226: Cancelling <Task finished coro=<OpenCVRecorder.setup() done, defined at /usr/lib/python3.5/asyncio/coroutines.py:204> result=None>: False
[BabyBuggy @ orchestrator.py:132][DEBUG] 2017-10-28 07:00:13,226: Adding loop tasks
[BabyBuggy @ orchestrator.py:138][DEBUG] 2017-10-28 07:00:13,227: Running loop tasks (6)
[BabyBuggy @ orchestrator.py:161][DEBUG] 2017-10-28 07:10:37,669: 6 tasks to cancel
[BabyBuggy @ orchestrator.py:143][DEBUG] 2017-10-28 07:10:37,670: Cancelling <Task pending coro=<Orchestrator.loop() running at /usr/local/lib/python3.5/dist-packages/atlasbuggy/orchestrator.py:73> wait_for=<Future cancelled> cb=[_wait.<locals>._on_completion() at /usr/lib/python3.5/asyncio/tasks.py:414]>: True
[BabyBuggy @ orchestrator.py:143][DEBUG] 2017-10-28 07:10:37,671: Cancelling <Task cancelling coro=<BNO055.loop() running at /media/nvidia/JetsonSSD/code/TestBed/babybuggy/bno055.py:133> cb=[_wait.<locals>._on_completion() at /usr/lib/python3.5/asyncio/tasks.py:414]>: True
[BabyBuggy @ orchestrator.py:143][DEBUG] 2017-10-28 07:10:37,672: Cancelling <Task cancelling coro=<AdafruitGPS.loop() running at /media/nvidia/JetsonSSD/code/TestBed/babybuggy/adafruit_gps.py:95> cb=[_wait.<locals>._on_completion() at /usr/lib/python3.5/asyncio/tasks.py:414]>: True
[BabyBuggy @ orchestrator.py:143][DEBUG] 2017-10-28 07:10:37,673: Cancelling <Task pending coro=<LMS200.loop() running at /usr/local/lib/python3.5/dist-packages/lms200/lms200.py:135> wait_for=<Future cancelled> cb=[_wait.<locals>._on_completion() at /usr/lib/python3.5/asyncio/tasks.py:414]>: True
[BabyBuggy @ orchestrator.py:143][DEBUG] 2017-10-28 07:10:37,673: Cancelling <Task cancelling coro=<OpenCVCamera.loop() running at /usr/local/lib/python3.5/dist-packages/atlasbuggy/opencv/camera.py:247> cb=[_wait.<locals>._on_completion() at /usr/lib/python3.5/asyncio/tasks.py:414]>: True
[BabyBuggy @ orchestrator.py:143][DEBUG] 2017-10-28 07:10:37,674: Cancelling <Task cancelling coro=<OpenCVRecorder.loop() running at /usr/local/lib/python3.5/dist-packages/atlasbuggy/opencv/recorder.py:162> wait_for=<Future finished result=None> cb=[_wait.<locals>._on_completion() at /usr/lib/python3.5/asyncio/tasks.py:414]>: True
[BabyBuggy @ orchestrator.py:161][DEBUG] 2017-10-28 07:10:37,674: 6 tasks to cancel
[BabyBuggy @ orchestrator.py:143][DEBUG] 2017-10-28 07:10:37,675: Cancelling <Task cancelling coro=<Orchestrator.loop() running at /usr/local/lib/python3.5/dist-packages/atlasbuggy/orchestrator.py:73> wait_for=<Future cancelled> cb=[_wait.<locals>._on_completion() at /usr/lib/python3.5/asyncio/tasks.py:414]>: True
[BabyBuggy @ orchestrator.py:143][DEBUG] 2017-10-28 07:10:37,675: Cancelling <Task cancelling coro=<BNO055.loop() running at /media/nvidia/JetsonSSD/code/TestBed/babybuggy/bno055.py:133> cb=[_wait.<locals>._on_completion() at /usr/lib/python3.5/asyncio/tasks.py:414]>: True
[BabyBuggy @ orchestrator.py:143][DEBUG] 2017-10-28 07:10:37,675: Cancelling <Task cancelling coro=<AdafruitGPS.loop() running at /media/nvidia/JetsonSSD/code/TestBed/babybuggy/adafruit_gps.py:95> cb=[_wait.<locals>._on_completion() at /usr/lib/python3.5/asyncio/tasks.py:414]>: True
[BabyBuggy @ orchestrator.py:143][DEBUG] 2017-10-28 07:10:37,676: Cancelling <Task cancelling coro=<LMS200.loop() running at /usr/local/lib/python3.5/dist-packages/lms200/lms200.py:135> wait_for=<Future cancelled> cb=[_wait.<locals>._on_completion() at /usr/lib/python3.5/asyncio/tasks.py:414]>: True
[BabyBuggy @ orchestrator.py:143][DEBUG] 2017-10-28 07:10:37,676: Cancelling <Task cancelling coro=<OpenCVCamera.loop() running at /usr/local/lib/python3.5/dist-packages/atlasbuggy/opencv/camera.py:247> cb=[_wait.<locals>._on_completion() at /usr/lib/python3.5/asyncio/tasks.py:414]>: True
[BabyBuggy @ orchestrator.py:143][DEBUG] 2017-10-28 07:10:37,677: Cancelling <Task cancelling coro=<OpenCVRecorder.loop() running at /usr/local/lib/python3.5/dist-packages/atlasbuggy/opencv/recorder.py:162> wait_for=<Future finished result=None> cb=[_wait.<locals>._on_completion() at /usr/lib/python3.5/asyncio/tasks.py:414]>: True
[BabyBuggy @ orchestrator.py:161][DEBUG] 2017-10-28 07:10:37,677: 6 tasks to cancel
[BabyBuggy @ orchestrator.py:143][DEBUG] 2017-10-28 07:10:37,677: Cancelling <Task cancelling coro=<Orchestrator.loop() running at /usr/local/lib/python3.5/dist-packages/atlasbuggy/orchestrator.py:73> wait_for=<Future cancelled> cb=[_wait.<locals>._on_completion() at /usr/lib/python3.5/asyncio/tasks.py:414]>: True
[BabyBuggy @ orchestrator.py:143][DEBUG] 2017-10-28 07:10:37,678: Cancelling <Task cancelling coro=<BNO055.loop() running at /media/nvidia/JetsonSSD/code/TestBed/babybuggy/bno055.py:133> cb=[_wait.<locals>._on_completion() at /usr/lib/python3.5/asyncio/tasks.py:414]>: True
[BabyBuggy @ orchestrator.py:143][DEBUG] 2017-10-28 07:10:37,678: Cancelling <Task cancelling coro=<AdafruitGPS.loop() running at /media/nvidia/JetsonSSD/code/TestBed/babybuggy/adafruit_gps.py:95> cb=[_wait.<locals>._on_completion() at /usr/lib/python3.5/asyncio/tasks.py:414]>: True
[BabyBuggy @ orchestrator.py:143][DEBUG] 2017-10-28 07:10:37,679: Cancelling <Task cancelling coro=<LMS200.loop() running at /usr/local/lib/python3.5/dist-packages/lms200/lms200.py:135> wait_for=<Future cancelled> cb=[_wait.<locals>._on_completion() at /usr/lib/python3.5/asyncio/tasks.py:414]>: True
[BabyBuggy @ orchestrator.py:143][DEBUG] 2017-10-28 07:10:37,679: Cancelling <Task cancelling coro=<OpenCVCamera.loop() running at /usr/local/lib/python3.5/dist-packages/atlasbuggy/opencv/camera.py:247> cb=[_wait.<locals>._on_completion() at /usr/lib/python3.5/asyncio/tasks.py:414]>: True
[BabyBuggy @ orchestrator.py:143][DEBUG] 2017-10-28 07:10:37,679: Cancelling <Task cancelling coro=<OpenCVRecorder.loop() running at /usr/local/lib/python3.5/dist-packages/atlasbuggy/opencv/recorder.py:162> wait_for=<Future finished result=None> cb=[_wait.<locals>._on_completion() at /usr/lib/python3.5/asyncio/tasks.py:414]>: True
[BabyBuggy @ orchestrator.py:161][DEBUG] 2017-10-28 07:10:37,680: 6 tasks to cancel
[BabyBuggy @ orchestrator.py:143][DEBUG] 2017-10-28 07:10:37,680: Cancelling <Task cancelling coro=<Orchestrator.loop() running at /usr/local/lib/python3.5/dist-packages/atlasbuggy/orchestrator.py:73> wait_for=<Future cancelled> cb=[_wait.<locals>._on_completion() at /usr/lib/python3.5/asyncio/tasks.py:414]>: True
[BabyBuggy @ orchestrator.py:143][DEBUG] 2017-10-28 07:10:37,680: Cancelling <Task cancelling coro=<BNO055.loop() running at /media/nvidia/JetsonSSD/code/TestBed/babybuggy/bno055.py:133> cb=[_wait.<locals>._on_completion() at /usr/lib/python3.5/asyncio/tasks.py:414]>: True
[BabyBuggy @ orchestrator.py:143][DEBUG] 2017-10-28 07:10:37,681: Cancelling <Task cancelling coro=<AdafruitGPS.loop() running at /media/nvidia/JetsonSSD/code/TestBed/babybuggy/adafruit_gps.py:95> cb=[_wait.<locals>._on_completion() at /usr/lib/python3.5/asyncio/tasks.py:414]>: True
[BabyBuggy @ orchestrator.py:143][DEBUG] 2017-10-28 07:10:37,681: Cancelling <Task cancelling coro=<LMS200.loop() running at /usr/local/lib/python3.5/dist-packages/lms200/lms200.py:135> wait_for=<Future cancelled> cb=[_wait.<locals>._on_completion() at /usr/lib/python3.5/asyncio/tasks.py:414]>: True
[BabyBuggy @ orchestrator.py:143][DEBUG] 2017-10-28 07:10:37,681: Cancelling <Task cancelling coro=<OpenCVCamera.loop() running at /usr/local/lib/python3.5/dist-packages/atlasbuggy/opencv/camera.py:247> cb=[_wait.<locals>._on_completion() at /usr/lib/python3.5/asyncio/tasks.py:414]>: True
[BabyBuggy @ orchestrator.py:143][DEBUG] 2017-10-28 07:10:37,682: Cancelling <Task cancelling coro=<OpenCVRecorder.loop() running at /usr/local/lib/python3.5/dist-packages/atlasbuggy/opencv/recorder.py:162> wait_for=<Future finished result=None> cb=[_wait.<locals>._on_completion() at /usr/lib/python3.5/asyncio/tasks.py:414]>: True
[BabyBuggy @ orchestrator.py:161][DEBUG] 2017-10-28 07:10:37,682: 6 tasks to cancel
[BabyBuggy @ orchestrator.py:143][DEBUG] 2017-10-28 07:10:37,682: Cancelling <Task cancelling coro=<Orchestrator.loop() running at /usr/local/lib/python3.5/dist-packages/atlasbuggy/orchestrator.py:73> wait_for=<Future cancelled> cb=[_wait.<locals>._on_completion() at /usr/lib/python3.5/asyncio/tasks.py:414]>: True
[BabyBuggy @ orchestrator.py:143][DEBUG] 2017-10-28 07:10:37,683: Cancelling <Task cancelling coro=<BNO055.loop() running at /media/nvidia/JetsonSSD/code/TestBed/babybuggy/bno055.py:133> cb=[_wait.<locals>._on_completion() at /usr/lib/python3.5/asyncio/tasks.py:414]>: True
[BabyBuggy @ orchestrator.py:143][DEBUG] 2017-10-28 07:10:37,683: Cancelling <Task cancelling coro=<AdafruitGPS.loop() running at /media/nvidia/JetsonSSD/code/TestBed/babybuggy/adafruit_gps.py:95> cb=[_wait.<locals>._on_completion() at /usr/lib/python3.5/asyncio/tasks.py:414]>: True
[BabyBuggy @ orchestrator.py:143][DEBUG] 2017-10-28 07:10:37,683: Cancelling <Task cancelling coro=<LMS200.loop() running at /usr/local/lib/python3.5/dist-packages/lms200/lms200.py:135> wait_for=<Future cancelled> cb=[_wait.<locals>._on_completion() at /usr/lib/python3.5/asyncio/tasks.py:414]>: True
[BabyBuggy @ orchestrator.py:143][DEBUG] 2017-10-28 07:10:37,684: Cancelling <Task cancelling coro=<OpenCVCamera.loop() running at /usr/local/lib/python3.5/dist-packages/atlasbuggy/opencv/camera.py:247> cb=[_wait.<locals>._on_completion() at /usr/lib/python3.5/asyncio/tasks.py:414]>: True
[BabyBuggy @ orchestrator.py:143][DEBUG] 2017-10-28 07:10:37,684: Cancelling <Task cancelling coro=<OpenCVRecorder.loop() running at /usr/local/lib/python3.5/dist-packages/atlasbuggy/opencv/recorder.py:162> wait_for=<Future finished result=None> cb=[_wait.<locals>._on_completion() at /usr/lib/python3.5/asyncio/tasks.py:414]>: True
[BabyBuggy @ orchestrator.py:263][INFO] 2017-10-28 07:10:37,686: loop finished
[BabyBuggy @ orchestrator.py:267][INFO] 2017-10-28 07:10:37,686: closing orchestrator
[BabyBuggy @ orchestrator.py:161][DEBUG] 2017-10-28 07:10:37,686: 6 tasks to cancel
[BabyBuggy @ orchestrator.py:143][DEBUG] 2017-10-28 07:10:37,687: Cancelling <Task cancelled coro=<Orchestrator.loop() done, defined at /usr/local/lib/python3.5/dist-packages/atlasbuggy/orchestrator.py:70>>: False
[BabyBuggy @ orchestrator.py:147][DEBUG] 2017-10-28 07:10:37,687: Task '<Task cancelled coro=<Orchestrator.loop() done, defined at /usr/local/lib/python3.5/dist-packages/atlasbuggy/orchestrator.py:70>>' was cancelled
[BabyBuggy @ orchestrator.py:143][DEBUG] 2017-10-28 07:10:37,687: Cancelling <Task cancelled coro=<BNO055.loop() done, defined at /media/nvidia/JetsonSSD/code/TestBed/babybuggy/bno055.py:124>>: False
[BabyBuggy @ orchestrator.py:147][DEBUG] 2017-10-28 07:10:37,688: Task '<Task cancelled coro=<BNO055.loop() done, defined at /media/nvidia/JetsonSSD/code/TestBed/babybuggy/bno055.py:124>>' was cancelled
[BabyBuggy @ orchestrator.py:143][DEBUG] 2017-10-28 07:10:37,688: Cancelling <Task cancelled coro=<AdafruitGPS.loop() done, defined at /media/nvidia/JetsonSSD/code/TestBed/babybuggy/adafruit_gps.py:86>>: False
[BabyBuggy @ orchestrator.py:147][DEBUG] 2017-10-28 07:10:37,688: Task '<Task cancelled coro=<AdafruitGPS.loop() done, defined at /media/nvidia/JetsonSSD/code/TestBed/babybuggy/adafruit_gps.py:86>>' was cancelled
[BabyBuggy @ orchestrator.py:143][DEBUG] 2017-10-28 07:10:37,689: Cancelling <Task cancelled coro=<LMS200.loop() done, defined at /usr/local/lib/python3.5/dist-packages/lms200/lms200.py:111>>: False
[BabyBuggy @ orchestrator.py:147][DEBUG] 2017-10-28 07:10:37,689: Task '<Task cancelled coro=<LMS200.loop() done, defined at /usr/local/lib/python3.5/dist-packages/lms200/lms200.py:111>>' was cancelled
[BabyBuggy @ orchestrator.py:143][DEBUG] 2017-10-28 07:10:37,689: Cancelling <Task cancelled coro=<OpenCVCamera.loop() done, defined at /usr/local/lib/python3.5/dist-packages/atlasbuggy/opencv/camera.py:228>>: False
[BabyBuggy @ orchestrator.py:147][DEBUG] 2017-10-28 07:10:37,689: Task '<Task cancelled coro=<OpenCVCamera.loop() done, defined at /usr/local/lib/python3.5/dist-packages/atlasbuggy/opencv/camera.py:228>>' was cancelled
[BabyBuggy @ orchestrator.py:143][DEBUG] 2017-10-28 07:10:37,690: Cancelling <Task cancelled coro=<OpenCVRecorder.loop() done, defined at /usr/local/lib/python3.5/dist-packages/atlasbuggy/opencv/recorder.py:152>>: False
[BabyBuggy @ orchestrator.py:147][DEBUG] 2017-10-28 07:10:37,690: Task '<Task cancelled coro=<OpenCVRecorder.loop() done, defined at /usr/local/lib/python3.5/dist-packages/atlasbuggy/opencv/recorder.py:152>>' was cancelled
[BabyBuggy @ orchestrator.py:89][INFO] 2017-10-28 07:10:37,690: halting
[BabyBuggy @ orchestrator.py:92][INFO] 2017-10-28 07:10:37,690: Session took 631.5119009017944s to complete
[BabyBuggy @ orchestrator.py:78][INFO] 2017-10-28 07:10:37,695: teardown
