[BabyBuggy @ factory.py:85][DEBUG] 2017-10-28 07:11:12,473: Logging to: logs/2017_Oct_28/BabyBuggy/07_11_12.log
[BabyBuggy @ orchestrator.py:218][INFO] 2017-10-28 07:11:12,513: Consumer 'Slam' isn't enabled! Ignoring subscription to producer 'LMS200'
[BabyBuggy @ orchestrator.py:244][INFO] 2017-10-28 07:11:12,513: 'OpenCVRecorder' is subscribing to 'OpenCVCamera' with the tag 'capture'
[BabyBuggy @ orchestrator.py:108][DEBUG] 2017-10-28 07:11:12,514: Adding setup tasks. Apply subscriptions
[BabyBuggy @ orchestrator.py:114][DEBUG] 2017-10-28 07:11:12,515: Running set up tasks (6). [<babybuggy.bno055.BNO055 object at 0x7f87b33ba8>, <babybuggy.adafruit_gps.AdafruitGPS object at 0x7f66e2de80>, <lms200.lms200.LMS200 object at 0x7f66e37940>, <atlasbuggy.opencv.camera.OpenCVCamera object at 0x7f66e53c50>, <atlasbuggy.opencv.recorder.OpenCVRecorder object at 0x7f66e53dd8>] and orchestrator setup
[BabyBuggy @ orchestrator.py:68][INFO] 2017-10-28 07:11:12,516: setup
[BabyBuggy @ orchestrator.py:143][DEBUG] 2017-10-28 07:11:20,680: Cancelling <Task finished coro=<Orchestrator.setup() done, defined at /usr/lib/python3.5/asyncio/coroutines.py:204> result=None>: False
[BabyBuggy @ orchestrator.py:143][DEBUG] 2017-10-28 07:11:20,681: Cancelling <Task finished coro=<Arduino.setup() done, defined at /usr/local/lib/python3.5/dist-packages/atlasbuggy/device/arduino.py:52> result=None>: False
[BabyBuggy @ orchestrator.py:143][DEBUG] 2017-10-28 07:11:20,682: Cancelling <Task finished coro=<Arduino.setup() done, defined at /usr/local/lib/python3.5/dist-packages/atlasbuggy/device/arduino.py:52> exception=KeyError('Adafruit-GPS',)>: False
[BabyBuggy @ orchestrator.py:155][ERROR] 2017-10-28 07:11:20,686: Traceback (most recent call last):
  File "/usr/local/lib/python3.5/dist-packages/atlasbuggy/orchestrator.py", line 150, in check_task_result
    raise task.exception()
  File "/usr/lib/python3.5/asyncio/tasks.py", line 239, in _step
    result = coro.send(None)
  File "/usr/local/lib/python3.5/dist-packages/atlasbuggy/device/arduino.py", line 54, in setup
    self.configure_device()
  File "/usr/local/lib/python3.5/dist-packages/atlasbuggy/device/arduino.py", line 88, in configure_device
    device_port_info = Arduino.ports[self.whoiam]
KeyError: 'Adafruit-GPS'

[BabyBuggy @ orchestrator.py:143][DEBUG] 2017-10-28 07:11:20,687: Cancelling <Task finished coro=<LMS200.setup() done, defined at /usr/local/lib/python3.5/dist-packages/lms200/lms200.py:70> result=None>: False
[BabyBuggy @ orchestrator.py:143][DEBUG] 2017-10-28 07:11:20,687: Cancelling <Task finished coro=<OpenCVCamera.setup() done, defined at /usr/lib/python3.5/asyncio/coroutines.py:204> result=None>: False
[BabyBuggy @ orchestrator.py:143][DEBUG] 2017-10-28 07:11:20,687: Cancelling <Task finished coro=<OpenCVRecorder.setup() done, defined at /usr/lib/python3.5/asyncio/coroutines.py:204> result=None>: False
[BabyBuggy @ orchestrator.py:122][ERROR] 2017-10-28 07:11:20,688: Shutting down. Encountered an error!
[BabyBuggy @ orchestrator.py:161][DEBUG] 2017-10-28 07:11:20,688: 0 tasks to cancel
[BabyBuggy @ orchestrator.py:89][INFO] 2017-10-28 07:11:20,689: halting
[BabyBuggy @ orchestrator.py:92][INFO] 2017-10-28 07:11:20,689: Session took 8.215286016464233s to complete
[BabyBuggy @ orchestrator.py:78][INFO] 2017-10-28 07:11:20,693: teardown
[BabyBuggy @ orchestrator.py:143][DEBUG] 2017-10-28 07:11:21,262: Cancelling <Task finished coro=<Orchestrator.teardown() done, defined at /usr/lib/python3.5/asyncio/coroutines.py:204> result=None>: False
[BabyBuggy @ orchestrator.py:143][DEBUG] 2017-10-28 07:11:21,263: Cancelling <Task finished coro=<Arduino.teardown() done, defined at /usr/local/lib/python3.5/dist-packages/atlasbuggy/device/arduino.py:230> result=None>: False
[BabyBuggy @ orchestrator.py:143][DEBUG] 2017-10-28 07:11:21,265: Cancelling <Task finished coro=<Arduino.teardown() done, defined at /usr/local/lib/python3.5/dist-packages/atlasbuggy/device/arduino.py:230> exception=AttributeError("'NoneType' object has no attribute 'device'",)>: False
[BabyBuggy @ orchestrator.py:155][ERROR] 2017-10-28 07:11:21,266: Traceback (most recent call last):
  File "/usr/local/lib/python3.5/dist-packages/atlasbuggy/orchestrator.py", line 150, in check_task_result
    raise task.exception()
  File "/usr/lib/python3.5/asyncio/tasks.py", line 239, in _step
    result = coro.send(None)
  File "/usr/local/lib/python3.5/dist-packages/atlasbuggy/device/arduino.py", line 233, in teardown
    self.device_port.device.close()
AttributeError: 'NoneType' object has no attribute 'device'

[BabyBuggy @ orchestrator.py:128][ERROR] 2017-10-28 07:11:21,266: Encountered an error while tearing down! What a mess...
[BabyBuggy @ orchestrator.py:143][DEBUG] 2017-10-28 07:11:21,267: Cancelling <Task finished coro=<LMS200.teardown() done, defined at /usr/local/lib/python3.5/dist-packages/lms200/lms200.py:127> result=None>: False
[BabyBuggy @ orchestrator.py:143][DEBUG] 2017-10-28 07:11:21,268: Cancelling <Task finished coro=<OpenCVCamera.teardown() done, defined at /usr/lib/python3.5/asyncio/coroutines.py:204> result=None>: False
[BabyBuggy @ orchestrator.py:143][DEBUG] 2017-10-28 07:11:21,268: Cancelling <Task finished coro=<OpenCVRecorder.teardown() done, defined at /usr/lib/python3.5/asyncio/coroutines.py:204> result=None>: False
[BabyBuggy @ orchestrator.py:267][INFO] 2017-10-28 07:11:21,268: closing orchestrator
