[AdafruitGPS @ factory.py:85][DEBUG] 2017-11-08 18:37:23,027: Logging to: logs/2017_Nov_08/AdafruitGPS/18_37_23.log
[AdafruitGPS @ arduino.py:88][INFO] 2017-11-08 18:37:27,801: configuring done. Finding whoiam=Adafruit-GPS
[AdafruitGPS @ arduino.py:55][INFO] 2017-11-08 18:37:27,803: Adafruit-GPS's setup complete
[AdafruitGPS @ arduino.py:149][INFO] 2017-11-08 18:37:29,074: Device named 'Adafruit-GPS' at '/dev/ttyUSB0' is now at baud rate '9600'
[AdafruitGPS @ arduino.py:159][INFO] 2017-11-08 18:37:29,076: Device has started!
[AdafruitGPS @ arduino.py:160][INFO] 2017-11-08 18:37:29,076: init packet: 5
[AdafruitGPS @ adafruit_gps.py:144][WARNING] 2017-11-08 18:37:29,393: Invalid message 'AdafruitGPSMessage(fix: False, quality: 0, satellites: 0; time: 0:0.0 0/0/200; timestamp: 1510184249.392457'
month must be in 1..12
[AdafruitGPS @ adafruit_gps.py:144][WARNING] 2017-11-08 18:37:29,597: Invalid message 'AdafruitGPSMessage(fix: False, quality: 0, satellites: 0; time: 0:0.0 0/0/200; timestamp: 1510184249.5965579'
month must be in 1..12
[AdafruitGPS @ adafruit_gps.py:144][WARNING] 2017-11-08 18:37:29,790: Invalid message 'AdafruitGPSMessage(fix: False, quality: 0, satellites: 0; time: 0:0.0 0/0/200; timestamp: 1510184249.789862'
month must be in 1..12
[AdafruitGPS @ adafruit_gps.py:144][WARNING] 2017-11-08 18:37:29,993: Invalid message 'AdafruitGPSMessage(fix: False, quality: 0, satellites: 0; time: 0:0.0 0/0/200; timestamp: 1510184249.9933856'
month must be in 1..12
[AdafruitGPS @ arduino.py:188][INFO] 2017-11-08 18:37:32,213: found 15 packets in 3s (avg=5.0 packets/sec). 15 received in total (avg=4.8 packets/sec)
[AdafruitGPS @ arduino.py:188][INFO] 2017-11-08 18:37:35,229: found 15 packets in 3s (avg=5.0 packets/sec). 30 received in total (avg=4.9 packets/sec)
[AdafruitGPS @ arduino.py:188][INFO] 2017-11-08 18:37:38,248: found 15 packets in 3s (avg=5.0 packets/sec). 45 received in total (avg=4.9 packets/sec)
[AdafruitGPS @ arduino.py:188][INFO] 2017-11-08 18:37:41,263: found 15 packets in 3s (avg=5.0 packets/sec). 60 received in total (avg=4.9 packets/sec)
[AdafruitGPS @ arduino.py:188][INFO] 2017-11-08 18:37:44,279: found 15 packets in 3s (avg=5.0 packets/sec). 75 received in total (avg=4.9 packets/sec)
[AdafruitGPS @ arduino.py:188][INFO] 2017-11-08 18:37:47,295: found 15 packets in 3s (avg=5.0 packets/sec). 90 received in total (avg=4.9 packets/sec)
[AdafruitGPS @ arduino.py:188][INFO] 2017-11-08 18:37:50,302: found 15 packets in 3s (avg=5.0 packets/sec). 105 received in total (avg=4.9 packets/sec)
[AdafruitGPS @ arduino.py:188][INFO] 2017-11-08 18:37:53,327: found 15 packets in 3s (avg=5.0 packets/sec). 120 received in total (avg=4.9 packets/sec)
[AdafruitGPS @ node.py:79][DEBUG] 2017-11-08 18:37:53,329: [log buffer start]
[DEBUG, 1510184249.392457]: AdafruitGPSMessage(fix: False, quality: 0, satellites: 0; time: 0:0.0 0/0/200; timestamp: 1510184249.392457
[DEBUG, 1510184249.5965579]: AdafruitGPSMessage(fix: False, quality: 0, satellites: 0; time: 0:0.0 0/0/200; timestamp: 1510184249.5965579
[DEBUG, 1510184249.789862]: AdafruitGPSMessage(fix: False, quality: 0, satellites: 0; time: 0:0.0 0/0/200; timestamp: 1510184249.789862
[DEBUG, 1510184249.9933856]: AdafruitGPSMessage(fix: False, quality: 0, satellites: 0; time: 0:0.0 0/0/200; timestamp: 1510184249.9933856
[DEBUG, 1510184250.196882]: AdafruitGPSMessage(fix: False, quality: 0, satellites: 0; time: 23:59.42 5/1/2080; timestamp: 3471742782.796
[DEBUG, 1510184250.400422]: AdafruitGPSMessage(fix: False, quality: 0, satellites: 0; time: 23:59.43 5/1/2080; timestamp: 3471742783.0
[DEBUG, 1510184250.6039612]: AdafruitGPSMessage(fix: False, quality: 0, satellites: 0; time: 23:59.43 5/1/2080; timestamp: 3471742783.203
[DEBUG, 1510184250.8077857]: AdafruitGPSMessage(fix: False, quality: 0, satellites: 0; time: 23:59.43 5/1/2080; timestamp: 3471742783.375
[DEBUG, 1510184251.001063]: AdafruitGPSMessage(fix: False, quality: 0, satellites: 0; time: 23:59.43 5/1/2080; timestamp: 3471742783.609
[DEBUG, 1510184251.204869]: AdafruitGPSMessage(fix: False, quality: 0, satellites: 0; time: 23:59.43 5/1/2080; timestamp: 3471742783.796
[DEBUG, 1510184251.4084313]: AdafruitGPSMessage(fix: False, quality: 0, satellites: 0; time: 23:59.44 5/1/2080; timestamp: 3471742784.0
[DEBUG, 1510184251.612014]: AdafruitGPSMessage(fix: False, quality: 0, satellites: 0; time: 23:59.44 5/1/2080; timestamp: 3471742784.171
[DEBUG, 1510184251.805563]: AdafruitGPSMessage(fix: False, quality: 0, satellites: 0; time: 23:59.44 5/1/2080; timestamp: 3471742784.406
[DEBUG, 1510184252.0094604]: AdafruitGPSMessage(fix: False, quality: 0, satellites: 0; time: 23:59.44 5/1/2080; timestamp: 3471742784.609
[DEBUG, 1510184252.2133944]: AdafruitGPSMessage(fix: False, quality: 0, satellites: 0; time: 23:59.44 5/1/2080; timestamp: 3471742784.796
[DEBUG, 1510184252.4176922]: AdafruitGPSMessage(fix: False, quality: 0, satellites: 0; time: 23:59.44 5/1/2080; timestamp: 3471742784.984
[DEBUG, 1510184252.6111202]: AdafruitGPSMessage(fix: False, quality: 0, satellites: 0; time: 23:59.45 5/1/2080; timestamp: 3471742785.203
[DEBUG, 1510184252.8150945]: AdafruitGPSMessage(fix: False, quality: 0, satellites: 0; time: 23:59.45 5/1/2080; timestamp: 3471742785.375
[DEBUG, 1510184253.0187678]: AdafruitGPSMessage(fix: False, quality: 0, satellites: 0; time: 23:59.45 5/1/2080; timestamp: 3471742785.609
[DEBUG, 1510184253.2123766]: AdafruitGPSMessage(fix: False, quality: 0, satellites: 0; time: 23:59.45 5/1/2080; timestamp: 3471742785.781
[DEBUG, 1510184253.4160898]: AdafruitGPSMessage(fix: False, quality: 0, satellites: 0; time: 23:59.46 5/1/2080; timestamp: 3471742786.0
[DEBUG, 1510184253.6199427]: AdafruitGPSMessage(fix: False, quality: 0, satellites: 0; time: 23:59.46 5/1/2080; timestamp: 3471742786.203
[DEBUG, 1510184253.823642]: AdafruitGPSMessage(fix: False, quality: 0, satellites: 0; time: 23:59.46 5/1/2080; timestamp: 3471742786.406
[DEBUG, 1510184254.0170178]: AdafruitGPSMessage(fix: False, quality: 0, satellites: 0; time: 23:59.46 5/1/2080; timestamp: 3471742786.578
[DEBUG, 1510184254.2207332]: AdafruitGPSMessage(fix: False, quality: 0, satellites: 0; time: 23:59.46 5/1/2080; timestamp: 3471742786.796
[DEBUG, 1510184254.424335]: AdafruitGPSMessage(fix: False, quality: 0, satellites: 0; time: 23:59.47 5/1/2080; timestamp: 3471742787.0
[DEBUG, 1510184254.6278641]: AdafruitGPSMessage(fix: False, quality: 0, satellites: 0; time: 23:59.47 5/1/2080; timestamp: 3471742787.203
[DEBUG, 1510184254.8215106]: AdafruitGPSMessage(fix: False, quality: 0, satellites: 0; time: 23:59.47 5/1/2080; timestamp: 3471742787.375
[DEBUG, 1510184255.0252583]: AdafruitGPSMessage(fix: False, quality: 0, satellites: 0; time: 23:59.47 5/1/2080; timestamp: 3471742787.609
[DEBUG, 1510184255.2289484]: AdafruitGPSMessage(fix: False, quality: 0, satellites: 0; time: 23:59.47 5/1/2080; timestamp: 3471742787.781
[DEBUG, 1510184255.4227595]: AdafruitGPSMessage(fix: False, quality: 0, satellites: 0; time: 23:59.48 5/1/2080; timestamp: 3471742788.0
[DEBUG, 1510184255.6267877]: AdafruitGPSMessage(fix: False, quality: 0, satellites: 0; time: 23:59.48 5/1/2080; timestamp: 3471742788.171
[DEBUG, 1510184255.8309216]: AdafruitGPSMessage(fix: False, quality: 0, satellites: 0; time: 23:59.48 5/1/2080; timestamp: 3471742788.406
[DEBUG, 1510184256.0346456]: AdafruitGPSMessage(fix: False, quality: 0, satellites: 0; time: 23:59.48 5/1/2080; timestamp: 3471742788.578
[DEBUG, 1510184256.228075]: AdafruitGPSMessage(fix: False, quality: 0, satellites: 0; time: 23:59.48 5/1/2080; timestamp: 3471742788.796
[DEBUG, 1510184256.4319723]: AdafruitGPSMessage(fix: False, quality: 0, satellites: 0; time: 23:59.48 5/1/2080; timestamp: 3471742788.984
[DEBUG, 1510184256.6380138]: AdafruitGPSMessage(fix: False, quality: 0, satellites: 0; time: 23:59.49 5/1/2080; timestamp: 3471742789.203
[DEBUG, 1510184256.832675]: AdafruitGPSMessage(fix: False, quality: 0, satellites: 0; time: 23:59.49 5/1/2080; timestamp: 3471742789.406
[DEBUG, 1510184257.0363991]: AdafruitGPSMessage(fix: False, quality: 0, satellites: 0; time: 23:59.49 5/1/2080; timestamp: 3471742789.609
[DEBUG, 1510184257.2401137]: AdafruitGPSMessage(fix: False, quality: 0, satellites: 0; time: 23:59.49 5/1/2080; timestamp: 3471742789.781
[DEBUG, 1510184257.4335046]: AdafruitGPSMessage(fix: False, quality: 0, satellites: 0; time: 23:59.50 5/1/2080; timestamp: 3471742790.0
[DEBUG, 1510184257.6373]: AdafruitGPSMessage(fix: False, quality: 0, satellites: 0; time: 23:59.50 5/1/2080; timestamp: 3471742790.171
[DEBUG, 1510184257.8409936]: AdafruitGPSMessage(fix: False, quality: 0, satellites: 0; time: 23:59.50 5/1/2080; timestamp: 3471742790.406
[DEBUG, 1510184258.0447674]: AdafruitGPSMessage(fix: False, quality: 0, satellites: 0; time: 23:59.50 5/1/2080; timestamp: 3471742790.578
[DEBUG, 1510184258.248547]: AdafruitGPSMessage(fix: False, quality: 0, satellites: 0; time: 23:59.50 5/1/2080; timestamp: 3471742790.796
[DEBUG, 1510184258.4425209]: AdafruitGPSMessage(fix: False, quality: 0, satellites: 0; time: 23:59.51 5/1/2080; timestamp: 3471742791.0
[DEBUG, 1510184258.6461499]: AdafruitGPSMessage(fix: False, quality: 0, satellites: 0; time: 23:59.51 5/1/2080; timestamp: 3471742791.203
[DEBUG, 1510184258.849894]: AdafruitGPSMessage(fix: False, quality: 0, satellites: 0; time: 23:59.51 5/1/2080; timestamp: 3471742791.375
[DEBUG, 1510184259.0434043]: AdafruitGPSMessage(fix: False, quality: 0, satellites: 0; time: 23:59.51 5/1/2080; timestamp: 3471742791.609
[DEBUG, 1510184259.2471485]: AdafruitGPSMessage(fix: False, quality: 0, satellites: 0; time: 23:59.51 5/1/2080; timestamp: 3471742791.796
[DEBUG, 1510184259.4507449]: AdafruitGPSMessage(fix: False, quality: 0, satellites: 0; time: 23:59.52 5/1/2080; timestamp: 3471742792.0
[DEBUG, 1510184259.654452]: AdafruitGPSMessage(fix: False, quality: 0, satellites: 0; time: 23:59.52 5/1/2080; timestamp: 3471742792.171
[DEBUG, 1510184259.8478508]: AdafruitGPSMessage(fix: False, quality: 0, satellites: 0; time: 23:59.52 5/1/2080; timestamp: 3471742792.406
[DEBUG, 1510184260.0513957]: AdafruitGPSMessage(fix: False, quality: 0, satellites: 0; time: 23:59.52 5/1/2080; timestamp: 3471742792.578
[DEBUG, 1510184260.2549899]: AdafruitGPSMessage(fix: False, quality: 0, satellites: 0; time: 23:59.52 5/1/2080; timestamp: 3471742792.796
[DEBUG, 1510184260.4584992]: AdafruitGPSMessage(fix: False, quality: 0, satellites: 0; time: 23:59.52 5/1/2080; timestamp: 3471742792.984
[DEBUG, 1510184260.6518953]: AdafruitGPSMessage(fix: False, quality: 0, satellites: 0; time: 23:59.53 5/1/2080; timestamp: 3471742793.203
[DEBUG, 1510184260.855769]: AdafruitGPSMessage(fix: False, quality: 0, satellites: 0; time: 23:59.53 5/1/2080; timestamp: 3471742793.406
[DEBUG, 1510184261.0595913]: AdafruitGPSMessage(fix: False, quality: 0, satellites: 0; time: 23:59.53 5/1/2080; timestamp: 3471742793.609
[DEBUG, 1510184261.2633586]: AdafruitGPSMessage(fix: False, quality: 0, satellites: 0; time: 23:59.53 5/1/2080; timestamp: 3471742793.781
[DEBUG, 1510184261.4575007]: AdafruitGPSMessage(fix: False, quality: 0, satellites: 0; time: 23:59.54 5/1/2080; timestamp: 3471742794.0
[DEBUG, 1510184261.661178]: AdafruitGPSMessage(fix: False, quality: 0, satellites: 0; time: 23:59.54 5/1/2080; timestamp: 3471742794.171
[DEBUG, 1510184261.865174]: AdafruitGPSMessage(fix: False, quality: 0, satellites: 0; time: 23:59.54 5/1/2080; timestamp: 3471742794.406
[DEBUG, 1510184262.0690017]: AdafruitGPSMessage(fix: False, quality: 0, satellites: 0; time: 23:59.54 5/1/2080; timestamp: 3471742794.578
[DEBUG, 1510184262.2627068]: AdafruitGPSMessage(fix: False, quality: 0, satellites: 0; time: 23:59.54 5/1/2080; timestamp: 3471742794.796
[DEBUG, 1510184262.4666417]: AdafruitGPSMessage(fix: False, quality: 0, satellites: 0; time: 23:59.55 5/1/2080; timestamp: 3471742795.0
[DEBUG, 1510184262.6701972]: AdafruitGPSMessage(fix: False, quality: 0, satellites: 0; time: 23:59.55 5/1/2080; timestamp: 3471742795.203
[DEBUG, 1510184262.8638377]: AdafruitGPSMessage(fix: False, quality: 0, satellites: 0; time: 23:59.55 5/1/2080; timestamp: 3471742795.375
[DEBUG, 1510184263.0676768]: AdafruitGPSMessage(fix: False, quality: 0, satellites: 0; time: 23:59.55 5/1/2080; timestamp: 3471742795.609
[DEBUG, 1510184263.2715461]: AdafruitGPSMessage(fix: False, quality: 0, satellites: 0; time: 23:59.55 5/1/2080; timestamp: 3471742795.796
[DEBUG, 1510184263.4649227]: AdafruitGPSMessage(fix: False, quality: 0, satellites: 0; time: 23:59.56 5/1/2080; timestamp: 3471742796.0
[DEBUG, 1510184263.6685252]: AdafruitGPSMessage(fix: False, quality: 0, satellites: 0; time: 23:59.56 5/1/2080; timestamp: 3471742796.171
[DEBUG, 1510184263.872157]: AdafruitGPSMessage(fix: False, quality: 0, satellites: 0; time: 23:59.56 5/1/2080; timestamp: 3471742796.406
[DEBUG, 1510184264.0757608]: AdafruitGPSMessage(fix: False, quality: 0, satellites: 0; time: 23:59.56 5/1/2080; timestamp: 3471742796.578
[DEBUG, 1510184264.2795002]: AdafruitGPSMessage(fix: False, quality: 0, satellites: 0; time: 23:59.56 5/1/2080; timestamp: 3471742796.796
[DEBUG, 1510184264.4733899]: AdafruitGPSMessage(fix: False, quality: 0, satellites: 0; time: 23:59.56 5/1/2080; timestamp: 3471742796.984
[DEBUG, 1510184264.6769512]: AdafruitGPSMessage(fix: False, quality: 0, satellites: 0; time: 23:59.57 5/1/2080; timestamp: 3471742797.203
[DEBUG, 1510184264.8808622]: AdafruitGPSMessage(fix: False, quality: 0, satellites: 0; time: 23:59.57 5/1/2080; timestamp: 3471742797.406
[DEBUG, 1510184265.0846796]: AdafruitGPSMessage(fix: False, quality: 0, satellites: 0; time: 23:59.57 5/1/2080; timestamp: 3471742797.609
[DEBUG, 1510184265.2782872]: AdafruitGPSMessage(fix: False, quality: 0, satellites: 0; time: 23:59.57 5/1/2080; timestamp: 3471742797.781
[DEBUG, 1510184265.4818993]: AdafruitGPSMessage(fix: False, quality: 0, satellites: 0; time: 23:59.58 5/1/2080; timestamp: 3471742798.0
[DEBUG, 1510184265.6856909]: AdafruitGPSMessage(fix: False, quality: 0, satellites: 0; time: 23:59.58 5/1/2080; timestamp: 3471742798.171
[DEBUG, 1510184265.8897412]: AdafruitGPSMessage(fix: False, quality: 0, satellites: 0; time: 23:59.58 5/1/2080; timestamp: 3471742798.406
[DEBUG, 1510184266.083251]: AdafruitGPSMessage(fix: False, quality: 0, satellites: 0; time: 23:59.58 5/1/2080; timestamp: 3471742798.578
[DEBUG, 1510184266.2870855]: AdafruitGPSMessage(fix: False, quality: 0, satellites: 0; time: 23:59.58 5/1/2080; timestamp: 3471742798.796
[DEBUG, 1510184266.4907885]: AdafruitGPSMessage(fix: False, quality: 0, satellites: 0; time: 23:59.59 5/1/2080; timestamp: 3471742799.0
[DEBUG, 1510184266.6842606]: AdafruitGPSMessage(fix: False, quality: 0, satellites: 0; time: 23:59.59 5/1/2080; timestamp: 3471742799.203
[DEBUG, 1510184266.8880463]: AdafruitGPSMessage(fix: False, quality: 0, satellites: 0; time: 23:59.59 5/1/2080; timestamp: 3471742799.375
[DEBUG, 1510184267.0916576]: AdafruitGPSMessage(fix: False, quality: 0, satellites: 0; time: 23:59.59 5/1/2080; timestamp: 3471742799.609
[DEBUG, 1510184267.295567]: AdafruitGPSMessage(fix: False, quality: 0, satellites: 0; time: 23:59.59 5/1/2080; timestamp: 3471742799.796
[DEBUG, 1510184267.490942]: AdafruitGPSMessage(fix: False, quality: 0, satellites: 0; time: 0:0.0 6/1/2080; timestamp: 3471742800.0
[DEBUG, 1510184267.694692]: AdafruitGPSMessage(fix: False, quality: 0, satellites: 0; time: 0:0.0 6/1/2080; timestamp: 3471742800.199
[DEBUG, 1510184267.8885033]: AdafruitGPSMessage(fix: False, quality: 0, satellites: 0; time: 0:0.0 6/1/2080; timestamp: 3471742800.399
[DEBUG, 1510184268.0920446]: AdafruitGPSMessage(fix: False, quality: 0, satellites: 0; time: 0:0.0 6/1/2080; timestamp: 3471742800.6
[DEBUG, 1510184268.295677]: AdafruitGPSMessage(fix: False, quality: 0, satellites: 0; time: 0:0.0 6/1/2080; timestamp: 3471742800.8
[DEBUG, 1510184268.4890506]: AdafruitGPSMessage(fix: False, quality: 0, satellites: 0; time: 0:0.1 6/1/2080; timestamp: 3471742801.0
[DEBUG, 1510184268.6929095]: AdafruitGPSMessage(fix: False, quality: 0, satellites: 0; time: 0:0.1 6/1/2080; timestamp: 3471742801.199
[DEBUG, 1510184268.896882]: AdafruitGPSMessage(fix: False, quality: 0, satellites: 0; time: 0:0.1 6/1/2080; timestamp: 3471742801.399
[DEBUG, 1510184269.1006362]: AdafruitGPSMessage(fix: False, quality: 0, satellites: 0; time: 0:0.1 6/1/2080; timestamp: 3471742801.6
[DEBUG, 1510184269.2941542]: AdafruitGPSMessage(fix: False, quality: 0, satellites: 0; time: 0:0.1 6/1/2080; timestamp: 3471742801.8
[DEBUG, 1510184269.4977057]: AdafruitGPSMessage(fix: False, quality: 0, satellites: 0; time: 0:0.2 6/1/2080; timestamp: 3471742802.0
[DEBUG, 1510184269.7014053]: AdafruitGPSMessage(fix: False, quality: 0, satellites: 0; time: 0:0.2 6/1/2080; timestamp: 3471742802.199
[DEBUG, 1510184269.9052124]: AdafruitGPSMessage(fix: False, quality: 0, satellites: 0; time: 0:0.2 6/1/2080; timestamp: 3471742802.398
[DEBUG, 1510184270.0986748]: AdafruitGPSMessage(fix: False, quality: 0, satellites: 0; time: 0:0.2 6/1/2080; timestamp: 3471742802.6
[DEBUG, 1510184270.3023844]: AdafruitGPSMessage(fix: False, quality: 0, satellites: 0; time: 0:0.2 6/1/2080; timestamp: 3471742802.799
[DEBUG, 1510184270.5065258]: AdafruitGPSMessage(fix: False, quality: 0, satellites: 0; time: 0:0.3 6/1/2080; timestamp: 3471742803.0
[DEBUG, 1510184270.7101965]: AdafruitGPSMessage(fix: False, quality: 0, satellites: 0; time: 0:0.3 6/1/2080; timestamp: 3471742803.199
[DEBUG, 1510184270.903996]: AdafruitGPSMessage(fix: False, quality: 0, satellites: 0; time: 0:0.3 6/1/2080; timestamp: 3471742803.398
[DEBUG, 1510184271.107578]: AdafruitGPSMessage(fix: False, quality: 0, satellites: 0; time: 0:0.3 6/1/2080; timestamp: 3471742803.6
[DEBUG, 1510184271.3113213]: AdafruitGPSMessage(fix: False, quality: 0, satellites: 0; time: 0:0.3 6/1/2080; timestamp: 3471742803.799
[DEBUG, 1510184271.504743]: AdafruitGPSMessage(fix: False, quality: 0, satellites: 0; time: 0:0.4 6/1/2080; timestamp: 3471742804.0
[DEBUG, 1510184271.708357]: AdafruitGPSMessage(fix: False, quality: 0, satellites: 0; time: 0:0.4 6/1/2080; timestamp: 3471742804.198
[DEBUG, 1510184271.9119952]: AdafruitGPSMessage(fix: False, quality: 0, satellites: 0; time: 0:0.4 6/1/2080; timestamp: 3471742804.398
[DEBUG, 1510184272.1158302]: AdafruitGPSMessage(fix: False, quality: 0, satellites: 0; time: 0:0.4 6/1/2080; timestamp: 3471742804.8
[DEBUG, 1510184272.319448]: AdafruitGPSMessage(fix: False, quality: 0, satellites: 0; time: 0:0.5 6/1/2080; timestamp: 3471742805.0
[DEBUG, 1510184272.5230556]: AdafruitGPSMessage(fix: False, quality: 0, satellites: 0; time: 0:0.5 6/1/2080; timestamp: 3471742805.198
[DEBUG, 1510184272.726788]: AdafruitGPSMessage(fix: False, quality: 0, satellites: 0; time: 0:0.5 6/1/2080; timestamp: 3471742805.398
[DEBUG, 1510184272.9202147]: AdafruitGPSMessage(fix: False, quality: 0, satellites: 0; time: 0:0.5 6/1/2080; timestamp: 3471742805.599
[DEBUG, 1510184273.1238313]: AdafruitGPSMessage(fix: False, quality: 0, satellites: 0; time: 0:0.5 6/1/2080; timestamp: 3471742805.8
[DEBUG, 1510184273.3277216]: AdafruitGPSMessage(fix: False, quality: 0, satellites: 0; time: 0:0.6 6/1/2080; timestamp: 3471742806.0
[log buffer end]
[AdafruitGPS @ node.py:81][DEBUG] 2017-11-08 18:37:53,329: logging message buffer (len=16413)
[AdafruitGPS @ arduino.py:188][INFO] 2017-11-08 18:37:56,343: found 15 packets in 3s (avg=5.0 packets/sec). 135 received in total (avg=5.0 packets/sec)
[AdafruitGPS @ arduino.py:188][INFO] 2017-11-08 18:37:59,358: found 15 packets in 3s (avg=5.0 packets/sec). 150 received in total (avg=5.0 packets/sec)
[AdafruitGPS @ arduino.py:188][INFO] 2017-11-08 18:38:02,374: found 15 packets in 3s (avg=5.0 packets/sec). 165 received in total (avg=5.0 packets/sec)
[AdafruitGPS @ arduino.py:188][INFO] 2017-11-08 18:38:05,389: found 15 packets in 3s (avg=5.0 packets/sec). 180 received in total (avg=5.0 packets/sec)
[AdafruitGPS @ arduino.py:188][INFO] 2017-11-08 18:38:08,405: found 15 packets in 3s (avg=5.0 packets/sec). 195 received in total (avg=5.0 packets/sec)
[AdafruitGPS @ arduino.py:188][INFO] 2017-11-08 18:38:11,421: found 15 packets in 3s (avg=5.0 packets/sec). 210 received in total (avg=5.0 packets/sec)
[AdafruitGPS @ node.py:79][DEBUG] 2017-11-08 18:38:14,258: [log buffer start]
[DEBUG, 1510184273.5218742]: AdafruitGPSMessage(fix: False, quality: 0, satellites: 0; time: 0:0.6 6/1/2080; timestamp: 3471742806.198
[DEBUG, 1510184273.7255201]: AdafruitGPSMessage(fix: False, quality: 0, satellites: 0; time: 0:0.6 6/1/2080; timestamp: 3471742806.398
[DEBUG, 1510184273.9296558]: AdafruitGPSMessage(fix: False, quality: 0, satellites: 0; time: 0:0.6 6/1/2080; timestamp: 3471742806.599
[DEBUG, 1510184274.1334758]: AdafruitGPSMessage(fix: False, quality: 0, satellites: 0; time: 0:0.6 6/1/2080; timestamp: 3471742806.8
[DEBUG, 1510184274.3268874]: AdafruitGPSMessage(fix: False, quality: 0, satellites: 0; time: 0:0.7 6/1/2080; timestamp: 3471742807.0
[DEBUG, 1510184274.5303986]: AdafruitGPSMessage(fix: False, quality: 0, satellites: 0; time: 0:0.7 6/1/2080; timestamp: 3471742807.198
[DEBUG, 1510184274.7340865]: AdafruitGPSMessage(fix: False, quality: 0, satellites: 0; time: 0:0.7 6/1/2080; timestamp: 3471742807.398
[DEBUG, 1510184274.937746]: AdafruitGPSMessage(fix: False, quality: 0, satellites: 0; time: 0:0.7 6/1/2080; timestamp: 3471742807.599
[DEBUG, 1510184275.131227]: AdafruitGPSMessage(fix: False, quality: 0, satellites: 0; time: 0:0.7 6/1/2080; timestamp: 3471742807.8
[DEBUG, 1510184275.3350608]: AdafruitGPSMessage(fix: False, quality: 0, satellites: 0; time: 0:0.8 6/1/2080; timestamp: 3471742808.0
[DEBUG, 1510184275.538775]: AdafruitGPSMessage(fix: False, quality: 0, satellites: 0; time: 0:0.8 6/1/2080; timestamp: 3471742808.199
[DEBUG, 1510184275.7423556]: AdafruitGPSMessage(fix: False, quality: 0, satellites: 0; time: 0:0.8 6/1/2080; timestamp: 3471742808.399
[DEBUG, 1510184275.9361937]: AdafruitGPSMessage(fix: False, quality: 0, satellites: 0; time: 0:0.8 6/1/2080; timestamp: 3471742808.6
[DEBUG, 1510184276.139928]: AdafruitGPSMessage(fix: False, quality: 0, satellites: 0; time: 0:0.8 6/1/2080; timestamp: 3471742808.8
[DEBUG, 1510184276.3437326]: AdafruitGPSMessage(fix: False, quality: 0, satellites: 0; time: 0:0.9 6/1/2080; timestamp: 3471742809.0
[DEBUG, 1510184276.5374994]: AdafruitGPSMessage(fix: False, quality: 0, satellites: 0; time: 0:0.9 6/1/2080; timestamp: 3471742809.199
[DEBUG, 1510184276.741004]: AdafruitGPSMessage(fix: False, quality: 0, satellites: 0; time: 0:0.9 6/1/2080; timestamp: 3471742809.399
[DEBUG, 1510184276.9446018]: AdafruitGPSMessage(fix: False, quality: 0, satellites: 0; time: 0:0.9 6/1/2080; timestamp: 3471742809.6
[DEBUG, 1510184277.148323]: AdafruitGPSMessage(fix: False, quality: 0, satellites: 0; time: 0:0.9 6/1/2080; timestamp: 3471742809.8
[DEBUG, 1510184277.3418512]: AdafruitGPSMessage(fix: False, quality: 0, satellites: 0; time: 0:0.10 6/1/2080; timestamp: 3471742810.0
[DEBUG, 1510184277.5453994]: AdafruitGPSMessage(fix: False, quality: 0, satellites: 0; time: 0:0.10 6/1/2080; timestamp: 3471742810.199
[DEBUG, 1510184277.7493322]: AdafruitGPSMessage(fix: False, quality: 0, satellites: 0; time: 0:0.10 6/1/2080; timestamp: 3471742810.399
[DEBUG, 1510184277.953104]: AdafruitGPSMessage(fix: False, quality: 0, satellites: 0; time: 0:0.10 6/1/2080; timestamp: 3471742810.6
[DEBUG, 1510184278.1568532]: AdafruitGPSMessage(fix: False, quality: 0, satellites: 0; time: 0:0.10 6/1/2080; timestamp: 3471742810.8
[DEBUG, 1510184278.350262]: AdafruitGPSMessage(fix: False, quality: 0, satellites: 0; time: 0:0.11 6/1/2080; timestamp: 3471742811.0
[DEBUG, 1510184278.5540068]: AdafruitGPSMessage(fix: False, quality: 0, satellites: 0; time: 0:0.11 6/1/2080; timestamp: 3471742811.199
[DEBUG, 1510184278.7576618]: AdafruitGPSMessage(fix: False, quality: 0, satellites: 0; time: 0:0.11 6/1/2080; timestamp: 3471742811.399
[DEBUG, 1510184278.9614584]: AdafruitGPSMessage(fix: False, quality: 0, satellites: 0; time: 0:0.11 6/1/2080; timestamp: 3471742811.6
[DEBUG, 1510184279.1549861]: AdafruitGPSMessage(fix: False, quality: 0, satellites: 0; time: 0:0.11 6/1/2080; timestamp: 3471742811.8
[DEBUG, 1510184279.3588808]: AdafruitGPSMessage(fix: False, quality: 0, satellites: 0; time: 0:0.12 6/1/2080; timestamp: 3471742812.0
[DEBUG, 1510184279.563062]: AdafruitGPSMessage(fix: False, quality: 0, satellites: 0; time: 0:0.12 6/1/2080; timestamp: 3471742812.199
[DEBUG, 1510184279.7567596]: AdafruitGPSMessage(fix: False, quality: 0, satellites: 0; time: 0:0.12 6/1/2080; timestamp: 3471742812.399
[DEBUG, 1510184279.9606223]: AdafruitGPSMessage(fix: False, quality: 0, satellites: 0; time: 0:0.12 6/1/2080; timestamp: 3471742812.6
[DEBUG, 1510184280.1645567]: AdafruitGPSMessage(fix: False, quality: 0, satellites: 0; time: 0:0.12 6/1/2080; timestamp: 3471742812.8
[DEBUG, 1510184280.3580325]: AdafruitGPSMessage(fix: False, quality: 0, satellites: 0; time: 0:0.13 6/1/2080; timestamp: 3471742813.0
[DEBUG, 1510184280.5616589]: AdafruitGPSMessage(fix: False, quality: 0, satellites: 0; time: 0:0.13 6/1/2080; timestamp: 3471742813.198
[DEBUG, 1510184280.765282]: AdafruitGPSMessage(fix: False, quality: 0, satellites: 0; time: 0:0.13 6/1/2080; timestamp: 3471742813.398
[DEBUG, 1510184280.9691246]: AdafruitGPSMessage(fix: False, quality: 0, satellites: 0; time: 0:0.13 6/1/2080; timestamp: 3471742813.6
[DEBUG, 1510184281.1627204]: AdafruitGPSMessage(fix: False, quality: 0, satellites: 0; time: 0:0.13 6/1/2080; timestamp: 3471742813.8
[DEBUG, 1510184281.3661904]: AdafruitGPSMessage(fix: False, quality: 0, satellites: 0; time: 0:0.14 6/1/2080; timestamp: 3471742814.0
[DEBUG, 1510184281.5698495]: AdafruitGPSMessage(fix: False, quality: 0, satellites: 0; time: 0:0.14 6/1/2080; timestamp: 3471742814.199
[DEBUG, 1510184281.773561]: AdafruitGPSMessage(fix: False, quality: 0, satellites: 0; time: 0:0.14 6/1/2080; timestamp: 3471742814.398
[DEBUG, 1510184281.966912]: AdafruitGPSMessage(fix: False, quality: 0, satellites: 0; time: 0:0.14 6/1/2080; timestamp: 3471742814.6
[DEBUG, 1510184282.1706958]: AdafruitGPSMessage(fix: False, quality: 0, satellites: 0; time: 0:0.14 6/1/2080; timestamp: 3471742814.798
[DEBUG, 1510184282.3746698]: AdafruitGPSMessage(fix: False, quality: 0, satellites: 0; time: 0:0.15 6/1/2080; timestamp: 3471742815.0
[DEBUG, 1510184282.578841]: AdafruitGPSMessage(fix: False, quality: 0, satellites: 0; time: 0:0.15 6/1/2080; timestamp: 3471742815.199
[DEBUG, 1510184282.7722268]: AdafruitGPSMessage(fix: False, quality: 0, satellites: 0; time: 0:0.15 6/1/2080; timestamp: 3471742815.398
[DEBUG, 1510184282.9758801]: AdafruitGPSMessage(fix: False, quality: 0, satellites: 0; time: 0:0.15 6/1/2080; timestamp: 3471742815.6
[DEBUG, 1510184283.1795545]: AdafruitGPSMessage(fix: False, quality: 0, satellites: 0; time: 0:0.15 6/1/2080; timestamp: 3471742815.798
[DEBUG, 1510184283.372914]: AdafruitGPSMessage(fix: False, quality: 0, satellites: 0; time: 0:0.16 6/1/2080; timestamp: 3471742816.0
[DEBUG, 1510184283.5765676]: AdafruitGPSMessage(fix: False, quality: 0, satellites: 0; time: 0:0.16 6/1/2080; timestamp: 3471742816.2
[DEBUG, 1510184283.7801049]: AdafruitGPSMessage(fix: False, quality: 0, satellites: 0; time: 0:0.16 6/1/2080; timestamp: 3471742816.399
[DEBUG, 1510184283.983692]: AdafruitGPSMessage(fix: False, quality: 0, satellites: 0; time: 0:0.16 6/1/2080; timestamp: 3471742816.6
[DEBUG, 1510184284.187338]: AdafruitGPSMessage(fix: False, quality: 0, satellites: 0; time: 0:0.16 6/1/2080; timestamp: 3471742816.798
[DEBUG, 1510184284.3812]: AdafruitGPSMessage(fix: False, quality: 0, satellites: 0; time: 0:0.17 6/1/2080; timestamp: 3471742817.0
[DEBUG, 1510184284.585017]: AdafruitGPSMessage(fix: False, quality: 0, satellites: 0; time: 0:0.17 6/1/2080; timestamp: 3471742817.2
[DEBUG, 1510184284.7887218]: AdafruitGPSMessage(fix: False, quality: 0, satellites: 0; time: 0:0.17 6/1/2080; timestamp: 3471742817.399
[DEBUG, 1510184284.9923096]: AdafruitGPSMessage(fix: False, quality: 0, satellites: 0; time: 0:0.17 6/1/2080; timestamp: 3471742817.6
[DEBUG, 1510184285.1857438]: AdafruitGPSMessage(fix: False, quality: 0, satellites: 0; time: 0:0.17 6/1/2080; timestamp: 3471742817.798
[DEBUG, 1510184285.389489]: AdafruitGPSMessage(fix: False, quality: 0, satellites: 0; time: 0:0.18 6/1/2080; timestamp: 3471742818.0
[DEBUG, 1510184285.5938718]: AdafruitGPSMessage(fix: False, quality: 0, satellites: 0; time: 0:0.18 6/1/2080; timestamp: 3471742818.2
[DEBUG, 1510184285.7879062]: AdafruitGPSMessage(fix: False, quality: 0, satellites: 0; time: 0:0.18 6/1/2080; timestamp: 3471742818.399
[DEBUG, 1510184285.9917238]: AdafruitGPSMessage(fix: False, quality: 0, satellites: 0; time: 0:0.18 6/1/2080; timestamp: 3471742818.6
[DEBUG, 1510184286.1953425]: AdafruitGPSMessage(fix: False, quality: 0, satellites: 0; time: 0:0.18 6/1/2080; timestamp: 3471742818.798
[DEBUG, 1510184286.3887477]: AdafruitGPSMessage(fix: False, quality: 0, satellites: 0; time: 0:0.19 6/1/2080; timestamp: 3471742819.0
[DEBUG, 1510184286.592602]: AdafruitGPSMessage(fix: False, quality: 0, satellites: 0; time: 0:0.19 6/1/2080; timestamp: 3471742819.2
[DEBUG, 1510184286.7962165]: AdafruitGPSMessage(fix: False, quality: 0, satellites: 0; time: 0:0.19 6/1/2080; timestamp: 3471742819.399
[DEBUG, 1510184286.9999652]: AdafruitGPSMessage(fix: False, quality: 0, satellites: 0; time: 0:0.19 6/1/2080; timestamp: 3471742819.6
[DEBUG, 1510184287.2034745]: AdafruitGPSMessage(fix: False, quality: 0, satellites: 0; time: 0:0.19 6/1/2080; timestamp: 3471742819.798
[DEBUG, 1510184287.3969305]: AdafruitGPSMessage(fix: False, quality: 0, satellites: 0; time: 0:0.20 6/1/2080; timestamp: 3471742820.0
[DEBUG, 1510184287.6005094]: AdafruitGPSMessage(fix: False, quality: 0, satellites: 0; time: 0:0.20 6/1/2080; timestamp: 3471742820.2
[DEBUG, 1510184287.804265]: AdafruitGPSMessage(fix: False, quality: 0, satellites: 0; time: 0:0.20 6/1/2080; timestamp: 3471742820.399
[DEBUG, 1510184288.0079498]: AdafruitGPSMessage(fix: False, quality: 0, satellites: 0; time: 0:0.20 6/1/2080; timestamp: 3471742820.6
[DEBUG, 1510184288.201447]: AdafruitGPSMessage(fix: False, quality: 0, satellites: 0; time: 0:0.20 6/1/2080; timestamp: 3471742820.798
[DEBUG, 1510184288.4052286]: AdafruitGPSMessage(fix: False, quality: 0, satellites: 0; time: 0:0.21 6/1/2080; timestamp: 3471742821.0
[DEBUG, 1510184288.609404]: AdafruitGPSMessage(fix: False, quality: 0, satellites: 0; time: 0:0.21 6/1/2080; timestamp: 3471742821.2
[DEBUG, 1510184288.802794]: AdafruitGPSMessage(fix: False, quality: 0, satellites: 0; time: 0:0.21 6/1/2080; timestamp: 3471742821.399
[DEBUG, 1510184289.0064485]: AdafruitGPSMessage(fix: False, quality: 0, satellites: 0; time: 0:0.21 6/1/2080; timestamp: 3471742821.6
[DEBUG, 1510184289.2102625]: AdafruitGPSMessage(fix: False, quality: 0, satellites: 0; time: 0:0.21 6/1/2080; timestamp: 3471742821.798
[DEBUG, 1510184289.4038513]: AdafruitGPSMessage(fix: False, quality: 0, satellites: 0; time: 0:0.22 6/1/2080; timestamp: 3471742822.0
[DEBUG, 1510184289.607706]: AdafruitGPSMessage(fix: False, quality: 0, satellites: 0; time: 0:0.22 6/1/2080; timestamp: 3471742822.2
[DEBUG, 1510184289.8114016]: AdafruitGPSMessage(fix: False, quality: 0, satellites: 0; time: 0:0.22 6/1/2080; timestamp: 3471742822.399
[DEBUG, 1510184290.0152903]: AdafruitGPSMessage(fix: False, quality: 0, satellites: 0; time: 0:0.22 6/1/2080; timestamp: 3471742822.6
[DEBUG, 1510184290.2188897]: AdafruitGPSMessage(fix: False, quality: 0, satellites: 0; time: 0:0.22 6/1/2080; timestamp: 3471742822.798
[DEBUG, 1510184290.4121764]: AdafruitGPSMessage(fix: False, quality: 0, satellites: 0; time: 0:0.23 6/1/2080; timestamp: 3471742823.0
[DEBUG, 1510184290.6160073]: AdafruitGPSMessage(fix: False, quality: 0, satellites: 0; time: 0:0.23 6/1/2080; timestamp: 3471742823.2
[DEBUG, 1510184290.8198388]: AdafruitGPSMessage(fix: False, quality: 0, satellites: 0; time: 0:0.23 6/1/2080; timestamp: 3471742823.399
[DEBUG, 1510184291.0233865]: AdafruitGPSMessage(fix: False, quality: 0, satellites: 0; time: 0:0.23 6/1/2080; timestamp: 3471742823.6
[DEBUG, 1510184291.2171986]: AdafruitGPSMessage(fix: False, quality: 0, satellites: 0; time: 0:0.23 6/1/2080; timestamp: 3471742823.798
[DEBUG, 1510184291.4210544]: AdafruitGPSMessage(fix: False, quality: 0, satellites: 0; time: 0:0.24 6/1/2080; timestamp: 3471742824.0
[DEBUG, 1510184291.6254401]: AdafruitGPSMessage(fix: False, quality: 0, satellites: 0; time: 0:0.24 6/1/2080; timestamp: 3471742824.2
[DEBUG, 1510184291.8191245]: AdafruitGPSMessage(fix: False, quality: 0, satellites: 0; time: 0:0.24 6/1/2080; timestamp: 3471742824.399
[DEBUG, 1510184292.0225708]: AdafruitGPSMessage(fix: False, quality: 0, satellites: 0; time: 0:0.24 6/1/2080; timestamp: 3471742824.6
[DEBUG, 1510184292.2260628]: AdafruitGPSMessage(fix: False, quality: 0, satellites: 0; time: 0:0.24 6/1/2080; timestamp: 3471742824.798
[DEBUG, 1510184292.419415]: AdafruitGPSMessage(fix: False, quality: 0, satellites: 0; time: 0:0.25 6/1/2080; timestamp: 3471742825.0
[DEBUG, 1510184292.6227186]: AdafruitGPSMessage(fix: False, quality: 0, satellites: 0; time: 0:0.25 6/1/2080; timestamp: 3471742825.2
[DEBUG, 1510184292.8261032]: AdafruitGPSMessage(fix: False, quality: 0, satellites: 0; time: 0:0.25 6/1/2080; timestamp: 3471742825.399
[DEBUG, 1510184293.0295382]: AdafruitGPSMessage(fix: False, quality: 0, satellites: 0; time: 0:0.25 6/1/2080; timestamp: 3471742825.6
[DEBUG, 1510184293.2328863]: AdafruitGPSMessage(fix: False, quality: 0, satellites: 0; time: 0:0.25 6/1/2080; timestamp: 3471742825.798
[DEBUG, 1510184293.4261324]: AdafruitGPSMessage(fix: False, quality: 0, satellites: 0; time: 0:0.26 6/1/2080; timestamp: 3471742826.0
[DEBUG, 1510184293.629346]: AdafruitGPSMessage(fix: False, quality: 0, satellites: 0; time: 0:0.26 6/1/2080; timestamp: 3471742826.2
[DEBUG, 1510184293.832576]: AdafruitGPSMessage(fix: False, quality: 0, satellites: 0; time: 0:0.26 6/1/2080; timestamp: 3471742826.399
[DEBUG, 1510184294.035974]: AdafruitGPSMessage(fix: False, quality: 0, satellites: 0; time: 0:0.26 6/1/2080; timestamp: 3471742826.6
[DEBUG, 1510184294.2394981]: AdafruitGPSMessage(fix: False, quality: 0, satellites: 0; time: 0:0.26 6/1/2080; timestamp: 3471742826.798
[log buffer end]
[AdafruitGPS @ node.py:81][DEBUG] 2017-11-08 18:38:14,258: logging message buffer (len=14013)
[AdafruitGPS @ node.py:102][INFO] 2017-11-08 18:38:14,258: Node took 48.13919115066528s to run
[AdafruitGPS @ generic.py:69][INFO] 2017-11-08 18:38:14,260: Tearing down device
[AdafruitGPS @ arduino.py:214][INFO] 2017-11-08 18:38:14,271: Closing down device port
[AdafruitGPS @ arduino.py:217][INFO] 2017-11-08 18:38:14,271: Device process stopped
