[AdafruitGPS @ factory.py:85][DEBUG] 2017-11-08 20:57:38,448: Logging to: logs/2017_Nov_08/AdafruitGPS/20_57_38.log
[AdafruitGPS @ arduino.py:88][INFO] 2017-11-08 20:57:43,210: configuring done. Finding whoiam=Adafruit-GPS
[AdafruitGPS @ arduino.py:55][INFO] 2017-11-08 20:57:43,211: Adafruit-GPS's setup complete
[AdafruitGPS @ arduino.py:149][INFO] 2017-11-08 20:57:44,539: Device named 'Adafruit-GPS' at '/dev/ttyUSB0' is now at baud rate '9600'
[AdafruitGPS @ arduino.py:159][INFO] 2017-11-08 20:57:44,542: Device has started!
[AdafruitGPS @ arduino.py:160][INFO] 2017-11-08 20:57:44,542: init packet: 5
[AdafruitGPS @ adafruit_gps.py:144][WARNING] 2017-11-08 20:57:44,869: Invalid message 'AdafruitGPSMessage(fix: False, quality: 0, satellites: 0; time: 0:0.0 0/0/200; timestamp: 1510192664.8681543'
month must be in 1..12
[AdafruitGPS @ adafruit_gps.py:144][WARNING] 2017-11-08 20:57:45,072: Invalid message 'AdafruitGPSMessage(fix: False, quality: 0, satellites: 0; time: 0:0.0 0/0/200; timestamp: 1510192665.0721638'
month must be in 1..12
[AdafruitGPS @ adafruit_gps.py:144][WARNING] 2017-11-08 20:57:45,276: Invalid message 'AdafruitGPSMessage(fix: False, quality: 0, satellites: 0; time: 0:0.0 0/0/200; timestamp: 1510192665.275613'
month must be in 1..12
[AdafruitGPS @ adafruit_gps.py:144][WARNING] 2017-11-08 20:57:45,469: Invalid message 'AdafruitGPSMessage(fix: False, quality: 0, satellites: 0; time: 0:0.0 0/0/200; timestamp: 1510192665.4690351'
month must be in 1..12
[AdafruitGPS @ adafruit_gps.py:144][WARNING] 2017-11-08 20:57:45,683: Invalid message 'AdafruitGPSMessage(fix: False, quality: 0, satellites: 0; time: 23:59.42 0/0/200; timestamp: 1510192665.6826224'
month must be in 1..12
[AdafruitGPS @ arduino.py:188][INFO] 2017-11-08 20:57:47,696: found 15 packets in 3s (avg=5.0 packets/sec). 15 received in total (avg=4.8 packets/sec)
[AdafruitGPS @ arduino.py:188][INFO] 2017-11-08 20:57:50,712: found 15 packets in 3s (avg=5.0 packets/sec). 30 received in total (avg=4.9 packets/sec)
[AdafruitGPS @ arduino.py:188][INFO] 2017-11-08 20:57:53,727: found 15 packets in 3s (avg=5.0 packets/sec). 45 received in total (avg=4.9 packets/sec)
[AdafruitGPS @ arduino.py:188][INFO] 2017-11-08 20:57:56,733: found 15 packets in 3s (avg=5.0 packets/sec). 60 received in total (avg=4.9 packets/sec)
[AdafruitGPS @ arduino.py:188][INFO] 2017-11-08 20:57:59,749: found 15 packets in 3s (avg=5.0 packets/sec). 75 received in total (avg=4.9 packets/sec)
[AdafruitGPS @ arduino.py:188][INFO] 2017-11-08 20:58:02,765: found 15 packets in 3s (avg=5.0 packets/sec). 90 received in total (avg=4.9 packets/sec)
[AdafruitGPS @ arduino.py:188][INFO] 2017-11-08 20:58:05,773: found 15 packets in 3s (avg=5.0 packets/sec). 105 received in total (avg=4.9 packets/sec)
[AdafruitGPS @ arduino.py:188][INFO] 2017-11-08 20:58:08,788: found 15 packets in 3s (avg=5.0 packets/sec). 120 received in total (avg=4.9 packets/sec)
[AdafruitGPS @ node.py:79][DEBUG] 2017-11-08 20:58:08,790: [log buffer start]
[DEBUG, 1510192664.8681543]: AdafruitGPSMessage(fix: False, quality: 0, satellites: 0; time: 0:0.0 0/0/200; timestamp: 1510192664.8681543
[DEBUG, 1510192665.0721638]: AdafruitGPSMessage(fix: False, quality: 0, satellites: 0; time: 0:0.0 0/0/200; timestamp: 1510192665.0721638
[DEBUG, 1510192665.275613]: AdafruitGPSMessage(fix: False, quality: 0, satellites: 0; time: 0:0.0 0/0/200; timestamp: 1510192665.275613
[DEBUG, 1510192665.4690351]: AdafruitGPSMessage(fix: False, quality: 0, satellites: 0; time: 0:0.0 0/0/200; timestamp: 1510192665.4690351
[DEBUG, 1510192665.6826224]: AdafruitGPSMessage(fix: False, quality: 0, satellites: 0; time: 23:59.42 0/0/200; timestamp: 1510192665.6826224
[DEBUG, 1510192665.876063]: AdafruitGPSMessage(fix: False, quality: 0, satellites: 0; time: 23:59.42 5/1/2080; timestamp: 3471742782.796
[DEBUG, 1510192666.0795355]: AdafruitGPSMessage(fix: False, quality: 0, satellites: 0; time: 23:59.42 5/1/2080; timestamp: 3471742782.796
[DEBUG, 1510192666.2828727]: AdafruitGPSMessage(fix: False, quality: 0, satellites: 0; time: 23:59.42 5/1/2080; timestamp: 3471742782.796
[DEBUG, 1510192666.486211]: AdafruitGPSMessage(fix: False, quality: 0, satellites: 0; time: 23:59.42 5/1/2080; timestamp: 3471742782.796
[DEBUG, 1510192666.6895618]: AdafruitGPSMessage(fix: False, quality: 0, satellites: 0; time: 23:59.43 5/1/2080; timestamp: 3471742783.796
[DEBUG, 1510192666.8828423]: AdafruitGPSMessage(fix: False, quality: 0, satellites: 0; time: 23:59.43 5/1/2080; timestamp: 3471742783.796
[DEBUG, 1510192667.0863638]: AdafruitGPSMessage(fix: False, quality: 0, satellites: 0; time: 23:59.43 5/1/2080; timestamp: 3471742783.796
[DEBUG, 1510192667.2896476]: AdafruitGPSMessage(fix: False, quality: 0, satellites: 0; time: 23:59.43 5/1/2080; timestamp: 3471742783.796
[DEBUG, 1510192667.4827905]: AdafruitGPSMessage(fix: False, quality: 0, satellites: 0; time: 23:59.43 5/1/2080; timestamp: 3471742783.796
[DEBUG, 1510192667.6964545]: AdafruitGPSMessage(fix: False, quality: 0, satellites: 0; time: 23:59.44 5/1/2080; timestamp: 3471742784.796
[DEBUG, 1510192667.9006789]: AdafruitGPSMessage(fix: False, quality: 0, satellites: 0; time: 23:59.44 5/1/2080; timestamp: 3471742784.796
[DEBUG, 1510192668.1044555]: AdafruitGPSMessage(fix: False, quality: 0, satellites: 0; time: 23:59.44 5/1/2080; timestamp: 3471742784.796
[DEBUG, 1510192668.297943]: AdafruitGPSMessage(fix: False, quality: 0, satellites: 0; time: 23:59.44 5/1/2080; timestamp: 3471742784.796
[DEBUG, 1510192668.5014758]: AdafruitGPSMessage(fix: False, quality: 0, satellites: 0; time: 23:59.44 5/1/2080; timestamp: 3471742784.796
[DEBUG, 1510192668.7051175]: AdafruitGPSMessage(fix: False, quality: 0, satellites: 0; time: 23:59.45 5/1/2080; timestamp: 3471742785.781
[DEBUG, 1510192668.898516]: AdafruitGPSMessage(fix: False, quality: 0, satellites: 0; time: 23:59.45 5/1/2080; timestamp: 3471742785.781
[DEBUG, 1510192669.1024015]: AdafruitGPSMessage(fix: False, quality: 0, satellites: 0; time: 23:59.45 5/1/2080; timestamp: 3471742785.781
[DEBUG, 1510192669.3060076]: AdafruitGPSMessage(fix: False, quality: 0, satellites: 0; time: 23:59.45 5/1/2080; timestamp: 3471742785.781
[DEBUG, 1510192669.509848]: AdafruitGPSMessage(fix: False, quality: 0, satellites: 0; time: 23:59.45 5/1/2080; timestamp: 3471742785.781
[DEBUG, 1510192669.7033298]: AdafruitGPSMessage(fix: False, quality: 0, satellites: 0; time: 23:59.46 5/1/2080; timestamp: 3471742786.796
[DEBUG, 1510192669.9071145]: AdafruitGPSMessage(fix: False, quality: 0, satellites: 0; time: 23:59.46 5/1/2080; timestamp: 3471742786.796
[DEBUG, 1510192670.1107552]: AdafruitGPSMessage(fix: False, quality: 0, satellites: 0; time: 23:59.46 5/1/2080; timestamp: 3471742786.796
[DEBUG, 1510192670.3043518]: AdafruitGPSMessage(fix: False, quality: 0, satellites: 0; time: 23:59.46 5/1/2080; timestamp: 3471742786.796
[DEBUG, 1510192670.508121]: AdafruitGPSMessage(fix: False, quality: 0, satellites: 0; time: 23:59.46 5/1/2080; timestamp: 3471742786.796
[DEBUG, 1510192670.712006]: AdafruitGPSMessage(fix: False, quality: 0, satellites: 0; time: 23:59.47 5/1/2080; timestamp: 3471742787.781
[DEBUG, 1510192670.9162414]: AdafruitGPSMessage(fix: False, quality: 0, satellites: 0; time: 23:59.47 5/1/2080; timestamp: 3471742787.781
[DEBUG, 1510192671.1100128]: AdafruitGPSMessage(fix: False, quality: 0, satellites: 0; time: 23:59.47 5/1/2080; timestamp: 3471742787.781
[DEBUG, 1510192671.3136835]: AdafruitGPSMessage(fix: False, quality: 0, satellites: 0; time: 23:59.47 5/1/2080; timestamp: 3471742787.781
[DEBUG, 1510192671.517293]: AdafruitGPSMessage(fix: False, quality: 0, satellites: 0; time: 23:59.47 5/1/2080; timestamp: 3471742787.781
[DEBUG, 1510192671.7211075]: AdafruitGPSMessage(fix: False, quality: 0, satellites: 0; time: 23:59.48 5/1/2080; timestamp: 3471742788.796
[DEBUG, 1510192671.9146237]: AdafruitGPSMessage(fix: False, quality: 0, satellites: 0; time: 23:59.48 5/1/2080; timestamp: 3471742788.796
[DEBUG, 1510192672.1182885]: AdafruitGPSMessage(fix: False, quality: 0, satellites: 0; time: 23:59.48 5/1/2080; timestamp: 3471742788.796
[DEBUG, 1510192672.3220773]: AdafruitGPSMessage(fix: False, quality: 0, satellites: 0; time: 23:59.48 5/1/2080; timestamp: 3471742788.796
[DEBUG, 1510192672.5155811]: AdafruitGPSMessage(fix: False, quality: 0, satellites: 0; time: 23:59.48 5/1/2080; timestamp: 3471742788.796
[DEBUG, 1510192672.7193267]: AdafruitGPSMessage(fix: False, quality: 0, satellites: 0; time: 23:59.49 5/1/2080; timestamp: 3471742789.781
[DEBUG, 1510192672.9231477]: AdafruitGPSMessage(fix: False, quality: 0, satellites: 0; time: 23:59.49 5/1/2080; timestamp: 3471742789.781
[DEBUG, 1510192673.1164985]: AdafruitGPSMessage(fix: False, quality: 0, satellites: 0; time: 23:59.49 5/1/2080; timestamp: 3471742789.781
[DEBUG, 1510192673.3199184]: AdafruitGPSMessage(fix: False, quality: 0, satellites: 0; time: 23:59.49 5/1/2080; timestamp: 3471742789.781
[DEBUG, 1510192673.5236626]: AdafruitGPSMessage(fix: False, quality: 0, satellites: 0; time: 23:59.49 5/1/2080; timestamp: 3471742789.781
[DEBUG, 1510192673.7274768]: AdafruitGPSMessage(fix: False, quality: 0, satellites: 0; time: 23:59.50 5/1/2080; timestamp: 3471742790.796
[DEBUG, 1510192673.9220243]: AdafruitGPSMessage(fix: False, quality: 0, satellites: 0; time: 23:59.50 5/1/2080; timestamp: 3471742790.796
[DEBUG, 1510192674.1260467]: AdafruitGPSMessage(fix: False, quality: 0, satellites: 0; time: 23:59.50 5/1/2080; timestamp: 3471742790.796
[DEBUG, 1510192674.329681]: AdafruitGPSMessage(fix: False, quality: 0, satellites: 0; time: 23:59.50 5/1/2080; timestamp: 3471742790.796
[DEBUG, 1510192674.5232136]: AdafruitGPSMessage(fix: False, quality: 0, satellites: 0; time: 23:59.50 5/1/2080; timestamp: 3471742790.796
[DEBUG, 1510192674.7268908]: AdafruitGPSMessage(fix: False, quality: 0, satellites: 0; time: 23:59.51 5/1/2080; timestamp: 3471742791.796
[DEBUG, 1510192674.9305582]: AdafruitGPSMessage(fix: False, quality: 0, satellites: 0; time: 23:59.51 5/1/2080; timestamp: 3471742791.796
[DEBUG, 1510192675.1341362]: AdafruitGPSMessage(fix: False, quality: 0, satellites: 0; time: 23:59.51 5/1/2080; timestamp: 3471742791.796
[DEBUG, 1510192675.3274834]: AdafruitGPSMessage(fix: False, quality: 0, satellites: 0; time: 23:59.51 5/1/2080; timestamp: 3471742791.796
[DEBUG, 1510192675.5311997]: AdafruitGPSMessage(fix: False, quality: 0, satellites: 0; time: 23:59.51 5/1/2080; timestamp: 3471742791.796
[DEBUG, 1510192675.7347653]: AdafruitGPSMessage(fix: False, quality: 0, satellites: 0; time: 23:59.52 5/1/2080; timestamp: 3471742792.796
[DEBUG, 1510192675.928182]: AdafruitGPSMessage(fix: False, quality: 0, satellites: 0; time: 23:59.52 5/1/2080; timestamp: 3471742792.796
[DEBUG, 1510192676.131841]: AdafruitGPSMessage(fix: False, quality: 0, satellites: 0; time: 23:59.52 5/1/2080; timestamp: 3471742792.796
[DEBUG, 1510192676.3355355]: AdafruitGPSMessage(fix: False, quality: 0, satellites: 0; time: 23:59.52 5/1/2080; timestamp: 3471742792.796
[DEBUG, 1510192676.539168]: AdafruitGPSMessage(fix: False, quality: 0, satellites: 0; time: 23:59.52 5/1/2080; timestamp: 3471742792.796
[DEBUG, 1510192676.732906]: AdafruitGPSMessage(fix: False, quality: 0, satellites: 0; time: 23:59.53 5/1/2080; timestamp: 3471742793.781
[DEBUG, 1510192676.9374835]: AdafruitGPSMessage(fix: False, quality: 0, satellites: 0; time: 23:59.53 5/1/2080; timestamp: 3471742793.781
[DEBUG, 1510192677.141385]: AdafruitGPSMessage(fix: False, quality: 0, satellites: 0; time: 23:59.53 5/1/2080; timestamp: 3471742793.781
[DEBUG, 1510192677.3349843]: AdafruitGPSMessage(fix: False, quality: 0, satellites: 0; time: 23:59.53 5/1/2080; timestamp: 3471742793.781
[DEBUG, 1510192677.5387292]: AdafruitGPSMessage(fix: False, quality: 0, satellites: 0; time: 23:59.53 5/1/2080; timestamp: 3471742793.781
[DEBUG, 1510192677.7425594]: AdafruitGPSMessage(fix: False, quality: 0, satellites: 0; time: 23:59.54 5/1/2080; timestamp: 3471742794.796
[DEBUG, 1510192677.9462528]: AdafruitGPSMessage(fix: False, quality: 0, satellites: 0; time: 23:59.54 5/1/2080; timestamp: 3471742794.796
[DEBUG, 1510192678.1396892]: AdafruitGPSMessage(fix: False, quality: 0, satellites: 0; time: 23:59.54 5/1/2080; timestamp: 3471742794.796
[DEBUG, 1510192678.3436034]: AdafruitGPSMessage(fix: False, quality: 0, satellites: 0; time: 23:59.54 5/1/2080; timestamp: 3471742794.796
[DEBUG, 1510192678.5472116]: AdafruitGPSMessage(fix: False, quality: 0, satellites: 0; time: 23:59.54 5/1/2080; timestamp: 3471742794.796
[DEBUG, 1510192678.751012]: AdafruitGPSMessage(fix: False, quality: 0, satellites: 0; time: 23:59.55 5/1/2080; timestamp: 3471742795.796
[DEBUG, 1510192678.9449005]: AdafruitGPSMessage(fix: False, quality: 0, satellites: 0; time: 23:59.55 5/1/2080; timestamp: 3471742795.796
[DEBUG, 1510192679.1486342]: AdafruitGPSMessage(fix: False, quality: 0, satellites: 0; time: 23:59.55 5/1/2080; timestamp: 3471742795.796
[DEBUG, 1510192679.3524158]: AdafruitGPSMessage(fix: False, quality: 0, satellites: 0; time: 23:59.55 5/1/2080; timestamp: 3471742795.796
[DEBUG, 1510192679.5561647]: AdafruitGPSMessage(fix: False, quality: 0, satellites: 0; time: 23:59.55 5/1/2080; timestamp: 3471742795.796
[DEBUG, 1510192679.7497497]: AdafruitGPSMessage(fix: False, quality: 0, satellites: 0; time: 23:59.56 5/1/2080; timestamp: 3471742796.796
[DEBUG, 1510192679.953983]: AdafruitGPSMessage(fix: False, quality: 0, satellites: 0; time: 23:59.56 5/1/2080; timestamp: 3471742796.796
[DEBUG, 1510192680.1578531]: AdafruitGPSMessage(fix: False, quality: 0, satellites: 0; time: 23:59.56 5/1/2080; timestamp: 3471742796.796
[DEBUG, 1510192680.3512154]: AdafruitGPSMessage(fix: False, quality: 0, satellites: 0; time: 23:59.56 5/1/2080; timestamp: 3471742796.796
[DEBUG, 1510192680.5549734]: AdafruitGPSMessage(fix: False, quality: 0, satellites: 0; time: 23:59.56 5/1/2080; timestamp: 3471742796.796
[DEBUG, 1510192680.7586372]: AdafruitGPSMessage(fix: False, quality: 0, satellites: 0; time: 23:59.57 5/1/2080; timestamp: 3471742797.781
[DEBUG, 1510192680.952095]: AdafruitGPSMessage(fix: False, quality: 0, satellites: 0; time: 23:59.57 5/1/2080; timestamp: 3471742797.781
[DEBUG, 1510192681.1557362]: AdafruitGPSMessage(fix: False, quality: 0, satellites: 0; time: 23:59.57 5/1/2080; timestamp: 3471742797.781
[DEBUG, 1510192681.3593893]: AdafruitGPSMessage(fix: False, quality: 0, satellites: 0; time: 23:59.57 5/1/2080; timestamp: 3471742797.781
[DEBUG, 1510192681.5630069]: AdafruitGPSMessage(fix: False, quality: 0, satellites: 0; time: 23:59.57 5/1/2080; timestamp: 3471742797.781
[DEBUG, 1510192681.7565644]: AdafruitGPSMessage(fix: False, quality: 0, satellites: 0; time: 23:59.58 5/1/2080; timestamp: 3471742798.796
[DEBUG, 1510192681.9602098]: AdafruitGPSMessage(fix: False, quality: 0, satellites: 0; time: 23:59.58 5/1/2080; timestamp: 3471742798.796
[DEBUG, 1510192682.1638706]: AdafruitGPSMessage(fix: False, quality: 0, satellites: 0; time: 23:59.58 5/1/2080; timestamp: 3471742798.796
[DEBUG, 1510192682.367555]: AdafruitGPSMessage(fix: False, quality: 0, satellites: 0; time: 23:59.58 5/1/2080; timestamp: 3471742798.796
[DEBUG, 1510192682.5609956]: AdafruitGPSMessage(fix: False, quality: 0, satellites: 0; time: 23:59.58 5/1/2080; timestamp: 3471742798.796
[DEBUG, 1510192682.7649136]: AdafruitGPSMessage(fix: False, quality: 0, satellites: 0; time: 23:59.59 5/1/2080; timestamp: 3471742799.796
[DEBUG, 1510192682.9701743]: AdafruitGPSMessage(fix: False, quality: 0, satellites: 0; time: 23:59.59 5/1/2080; timestamp: 3471742799.796
[DEBUG, 1510192683.1638086]: AdafruitGPSMessage(fix: False, quality: 0, satellites: 0; time: 23:59.59 5/1/2080; timestamp: 3471742799.796
[DEBUG, 1510192683.367637]: AdafruitGPSMessage(fix: False, quality: 0, satellites: 0; time: 23:59.59 5/1/2080; timestamp: 3471742799.796
[DEBUG, 1510192683.5714447]: AdafruitGPSMessage(fix: False, quality: 0, satellites: 0; time: 23:59.59 5/1/2080; timestamp: 3471742799.796
[DEBUG, 1510192683.7648299]: AdafruitGPSMessage(fix: False, quality: 0, satellites: 0; time: 0:0.0 6/1/2080; timestamp: 3471742800.8
[DEBUG, 1510192683.9688284]: AdafruitGPSMessage(fix: False, quality: 0, satellites: 0; time: 0:0.0 6/1/2080; timestamp: 3471742800.8
[DEBUG, 1510192684.172917]: AdafruitGPSMessage(fix: False, quality: 0, satellites: 0; time: 0:0.0 6/1/2080; timestamp: 3471742800.8
[DEBUG, 1510192684.3664355]: AdafruitGPSMessage(fix: False, quality: 0, satellites: 0; time: 0:0.0 6/1/2080; timestamp: 3471742800.8
[DEBUG, 1510192684.5699196]: AdafruitGPSMessage(fix: False, quality: 0, satellites: 0; time: 0:0.0 6/1/2080; timestamp: 3471742800.8
[DEBUG, 1510192684.7736251]: AdafruitGPSMessage(fix: False, quality: 0, satellites: 0; time: 0:0.1 6/1/2080; timestamp: 3471742801.8
[DEBUG, 1510192684.9772367]: AdafruitGPSMessage(fix: False, quality: 0, satellites: 0; time: 0:0.1 6/1/2080; timestamp: 3471742801.8
[DEBUG, 1510192685.170667]: AdafruitGPSMessage(fix: False, quality: 0, satellites: 0; time: 0:0.1 6/1/2080; timestamp: 3471742801.8
[DEBUG, 1510192685.3753457]: AdafruitGPSMessage(fix: False, quality: 0, satellites: 0; time: 0:0.1 6/1/2080; timestamp: 3471742801.8
[DEBUG, 1510192685.5798728]: AdafruitGPSMessage(fix: False, quality: 0, satellites: 0; time: 0:0.1 6/1/2080; timestamp: 3471742801.8
[DEBUG, 1510192685.773508]: AdafruitGPSMessage(fix: False, quality: 0, satellites: 0; time: 0:0.2 6/1/2080; timestamp: 3471742802.799
[DEBUG, 1510192685.9778125]: AdafruitGPSMessage(fix: False, quality: 0, satellites: 0; time: 0:0.2 6/1/2080; timestamp: 3471742802.799
[DEBUG, 1510192686.181445]: AdafruitGPSMessage(fix: False, quality: 0, satellites: 0; time: 0:0.2 6/1/2080; timestamp: 3471742802.799
[DEBUG, 1510192686.385029]: AdafruitGPSMessage(fix: False, quality: 0, satellites: 0; time: 0:0.2 6/1/2080; timestamp: 3471742802.799
[DEBUG, 1510192686.5784]: AdafruitGPSMessage(fix: False, quality: 0, satellites: 0; time: 0:0.2 6/1/2080; timestamp: 3471742802.799
[DEBUG, 1510192686.781865]: AdafruitGPSMessage(fix: False, quality: 0, satellites: 0; time: 0:0.3 6/1/2080; timestamp: 3471742803.799
[DEBUG, 1510192686.9853954]: AdafruitGPSMessage(fix: False, quality: 0, satellites: 0; time: 0:0.3 6/1/2080; timestamp: 3471742803.799
[DEBUG, 1510192687.1891613]: AdafruitGPSMessage(fix: False, quality: 0, satellites: 0; time: 0:0.3 6/1/2080; timestamp: 3471742803.799
[DEBUG, 1510192687.3826482]: AdafruitGPSMessage(fix: False, quality: 0, satellites: 0; time: 0:0.3 6/1/2080; timestamp: 3471742803.799
[DEBUG, 1510192687.5861866]: AdafruitGPSMessage(fix: False, quality: 0, satellites: 0; time: 0:0.3 6/1/2080; timestamp: 3471742803.799
[DEBUG, 1510192687.789884]: AdafruitGPSMessage(fix: False, quality: 0, satellites: 0; time: 0:0.4 6/1/2080; timestamp: 3471742804.8
[DEBUG, 1510192687.9936533]: AdafruitGPSMessage(fix: False, quality: 0, satellites: 0; time: 0:0.4 6/1/2080; timestamp: 3471742804.8
[DEBUG, 1510192688.1871374]: AdafruitGPSMessage(fix: False, quality: 0, satellites: 0; time: 0:0.4 6/1/2080; timestamp: 3471742804.8
[DEBUG, 1510192688.390856]: AdafruitGPSMessage(fix: False, quality: 0, satellites: 0; time: 0:0.4 6/1/2080; timestamp: 3471742804.8
[DEBUG, 1510192688.5944653]: AdafruitGPSMessage(fix: False, quality: 0, satellites: 0; time: 0:0.4 6/1/2080; timestamp: 3471742804.8
[DEBUG, 1510192688.7880387]: AdafruitGPSMessage(fix: False, quality: 0, satellites: 0; time: 0:0.5 6/1/2080; timestamp: 3471742805.8
[log buffer end]
[AdafruitGPS @ node.py:81][DEBUG] 2017-11-08 20:58:08,790: logging message buffer (len=16456)
[AdafruitGPS @ arduino.py:188][INFO] 2017-11-08 20:58:11,815: found 15 packets in 3s (avg=5.0 packets/sec). 135 received in total (avg=4.9 packets/sec)
[AdafruitGPS @ arduino.py:188][INFO] 2017-11-08 20:58:14,821: found 15 packets in 3s (avg=5.0 packets/sec). 150 received in total (avg=5.0 packets/sec)
[AdafruitGPS @ arduino.py:188][INFO] 2017-11-08 20:58:17,836: found 15 packets in 3s (avg=5.0 packets/sec). 165 received in total (avg=5.0 packets/sec)
[AdafruitGPS @ arduino.py:188][INFO] 2017-11-08 20:58:20,852: found 15 packets in 3s (avg=5.0 packets/sec). 180 received in total (avg=5.0 packets/sec)
[AdafruitGPS @ arduino.py:188][INFO] 2017-11-08 20:58:23,867: found 15 packets in 3s (avg=5.0 packets/sec). 195 received in total (avg=5.0 packets/sec)
[AdafruitGPS @ arduino.py:188][INFO] 2017-11-08 20:58:26,882: found 15 packets in 3s (avg=5.0 packets/sec). 210 received in total (avg=5.0 packets/sec)
[AdafruitGPS @ arduino.py:188][INFO] 2017-11-08 20:58:29,907: found 15 packets in 3s (avg=5.0 packets/sec). 225 received in total (avg=5.0 packets/sec)
[AdafruitGPS @ arduino.py:188][INFO] 2017-11-08 20:58:32,921: found 15 packets in 3s (avg=5.0 packets/sec). 240 received in total (avg=5.0 packets/sec)
[AdafruitGPS @ node.py:79][DEBUG] 2017-11-08 20:58:33,320: [log buffer start]
[DEBUG, 1510192688.9938323]: AdafruitGPSMessage(fix: False, quality: 0, satellites: 0; time: 0:0.5 6/1/2080; timestamp: 3471742805.8
[DEBUG, 1510192689.1977396]: AdafruitGPSMessage(fix: False, quality: 0, satellites: 0; time: 0:0.5 6/1/2080; timestamp: 3471742805.8
[DEBUG, 1510192689.3913286]: AdafruitGPSMessage(fix: False, quality: 0, satellites: 0; time: 0:0.5 6/1/2080; timestamp: 3471742805.8
[DEBUG, 1510192689.5948422]: AdafruitGPSMessage(fix: False, quality: 0, satellites: 0; time: 0:0.5 6/1/2080; timestamp: 3471742805.8
[DEBUG, 1510192689.7983944]: AdafruitGPSMessage(fix: False, quality: 0, satellites: 0; time: 0:0.6 6/1/2080; timestamp: 3471742806.8
[DEBUG, 1510192690.0020351]: AdafruitGPSMessage(fix: False, quality: 0, satellites: 0; time: 0:0.6 6/1/2080; timestamp: 3471742806.8
[DEBUG, 1510192690.1954195]: AdafruitGPSMessage(fix: False, quality: 0, satellites: 0; time: 0:0.6 6/1/2080; timestamp: 3471742806.8
[DEBUG, 1510192690.39936]: AdafruitGPSMessage(fix: False, quality: 0, satellites: 0; time: 0:0.6 6/1/2080; timestamp: 3471742806.8
[DEBUG, 1510192690.60307]: AdafruitGPSMessage(fix: False, quality: 0, satellites: 0; time: 0:0.7 6/1/2080; timestamp: 3471742807.8
[DEBUG, 1510192690.8066788]: AdafruitGPSMessage(fix: False, quality: 0, satellites: 0; time: 0:0.7 6/1/2080; timestamp: 3471742807.8
[DEBUG, 1510192691.010337]: AdafruitGPSMessage(fix: False, quality: 0, satellites: 0; time: 0:0.7 6/1/2080; timestamp: 3471742807.8
[DEBUG, 1510192691.2037978]: AdafruitGPSMessage(fix: False, quality: 0, satellites: 0; time: 0:0.7 6/1/2080; timestamp: 3471742807.8
[DEBUG, 1510192691.4074686]: AdafruitGPSMessage(fix: False, quality: 0, satellites: 0; time: 0:0.7 6/1/2080; timestamp: 3471742807.8
[DEBUG, 1510192691.611252]: AdafruitGPSMessage(fix: False, quality: 0, satellites: 0; time: 0:0.8 6/1/2080; timestamp: 3471742808.8
[DEBUG, 1510192691.815452]: AdafruitGPSMessage(fix: False, quality: 0, satellites: 0; time: 0:0.8 6/1/2080; timestamp: 3471742808.8
[DEBUG, 1510192692.010999]: AdafruitGPSMessage(fix: False, quality: 0, satellites: 0; time: 0:0.8 6/1/2080; timestamp: 3471742808.8
[DEBUG, 1510192692.2145965]: AdafruitGPSMessage(fix: False, quality: 0, satellites: 0; time: 0:0.8 6/1/2080; timestamp: 3471742808.8
[DEBUG, 1510192692.4182298]: AdafruitGPSMessage(fix: False, quality: 0, satellites: 0; time: 0:0.8 6/1/2080; timestamp: 3471742808.8
[DEBUG, 1510192692.6114955]: AdafruitGPSMessage(fix: False, quality: 0, satellites: 0; time: 0:0.9 6/1/2080; timestamp: 3471742809.8
[DEBUG, 1510192692.815205]: AdafruitGPSMessage(fix: False, quality: 0, satellites: 0; time: 0:0.9 6/1/2080; timestamp: 3471742809.8
[DEBUG, 1510192693.0190978]: AdafruitGPSMessage(fix: False, quality: 0, satellites: 0; time: 0:0.9 6/1/2080; timestamp: 3471742809.8
[DEBUG, 1510192693.2127712]: AdafruitGPSMessage(fix: False, quality: 0, satellites: 0; time: 0:0.9 6/1/2080; timestamp: 3471742809.8
[DEBUG, 1510192693.4163747]: AdafruitGPSMessage(fix: False, quality: 0, satellites: 0; time: 0:0.9 6/1/2080; timestamp: 3471742809.8
[DEBUG, 1510192693.620139]: AdafruitGPSMessage(fix: False, quality: 0, satellites: 0; time: 0:0.10 6/1/2080; timestamp: 3471742810.8
[DEBUG, 1510192693.8237808]: AdafruitGPSMessage(fix: False, quality: 0, satellites: 0; time: 0:0.10 6/1/2080; timestamp: 3471742810.8
[DEBUG, 1510192694.0173886]: AdafruitGPSMessage(fix: False, quality: 0, satellites: 0; time: 0:0.10 6/1/2080; timestamp: 3471742810.8
[DEBUG, 1510192694.2209554]: AdafruitGPSMessage(fix: False, quality: 0, satellites: 0; time: 0:0.10 6/1/2080; timestamp: 3471742810.8
[DEBUG, 1510192694.4247317]: AdafruitGPSMessage(fix: False, quality: 0, satellites: 0; time: 0:0.10 6/1/2080; timestamp: 3471742810.8
[DEBUG, 1510192694.628279]: AdafruitGPSMessage(fix: False, quality: 0, satellites: 0; time: 0:0.11 6/1/2080; timestamp: 3471742811.8
[DEBUG, 1510192694.821776]: AdafruitGPSMessage(fix: False, quality: 0, satellites: 0; time: 0:0.11 6/1/2080; timestamp: 3471742811.8
[DEBUG, 1510192695.0258667]: AdafruitGPSMessage(fix: False, quality: 0, satellites: 0; time: 0:0.11 6/1/2080; timestamp: 3471742811.8
[DEBUG, 1510192695.229649]: AdafruitGPSMessage(fix: False, quality: 0, satellites: 0; time: 0:0.11 6/1/2080; timestamp: 3471742811.8
[DEBUG, 1510192695.4230802]: AdafruitGPSMessage(fix: False, quality: 0, satellites: 0; time: 0:0.11 6/1/2080; timestamp: 3471742811.8
[DEBUG, 1510192695.6265237]: AdafruitGPSMessage(fix: False, quality: 0, satellites: 0; time: 0:0.12 6/1/2080; timestamp: 3471742812.8
[DEBUG, 1510192695.8302205]: AdafruitGPSMessage(fix: False, quality: 0, satellites: 0; time: 0:0.12 6/1/2080; timestamp: 3471742812.8
[DEBUG, 1510192696.0338216]: AdafruitGPSMessage(fix: False, quality: 0, satellites: 0; time: 0:0.12 6/1/2080; timestamp: 3471742812.8
[DEBUG, 1510192696.227396]: AdafruitGPSMessage(fix: False, quality: 0, satellites: 0; time: 0:0.12 6/1/2080; timestamp: 3471742812.8
[DEBUG, 1510192696.4310832]: AdafruitGPSMessage(fix: False, quality: 0, satellites: 0; time: 0:0.12 6/1/2080; timestamp: 3471742812.8
[DEBUG, 1510192696.6349416]: AdafruitGPSMessage(fix: False, quality: 0, satellites: 0; time: 0:0.13 6/1/2080; timestamp: 3471742813.8
[DEBUG, 1510192696.8386397]: AdafruitGPSMessage(fix: False, quality: 0, satellites: 0; time: 0:0.13 6/1/2080; timestamp: 3471742813.8
[DEBUG, 1510192697.0322635]: AdafruitGPSMessage(fix: False, quality: 0, satellites: 0; time: 0:0.13 6/1/2080; timestamp: 3471742813.8
[DEBUG, 1510192697.2362154]: AdafruitGPSMessage(fix: False, quality: 0, satellites: 0; time: 0:0.13 6/1/2080; timestamp: 3471742813.8
[DEBUG, 1510192697.4397566]: AdafruitGPSMessage(fix: False, quality: 0, satellites: 0; time: 0:0.13 6/1/2080; timestamp: 3471742813.8
[DEBUG, 1510192697.6433072]: AdafruitGPSMessage(fix: False, quality: 0, satellites: 0; time: 0:0.14 6/1/2080; timestamp: 3471742814.798
[DEBUG, 1510192697.8367813]: AdafruitGPSMessage(fix: False, quality: 0, satellites: 0; time: 0:0.14 6/1/2080; timestamp: 3471742814.798
[DEBUG, 1510192698.0409772]: AdafruitGPSMessage(fix: False, quality: 0, satellites: 0; time: 0:0.14 6/1/2080; timestamp: 3471742814.798
[DEBUG, 1510192698.2445793]: AdafruitGPSMessage(fix: False, quality: 0, satellites: 0; time: 0:0.14 6/1/2080; timestamp: 3471742814.798
[DEBUG, 1510192698.437941]: AdafruitGPSMessage(fix: False, quality: 0, satellites: 0; time: 0:0.14 6/1/2080; timestamp: 3471742814.798
[DEBUG, 1510192698.6416616]: AdafruitGPSMessage(fix: False, quality: 0, satellites: 0; time: 0:0.15 6/1/2080; timestamp: 3471742815.798
[DEBUG, 1510192698.8453555]: AdafruitGPSMessage(fix: False, quality: 0, satellites: 0; time: 0:0.15 6/1/2080; timestamp: 3471742815.798
[DEBUG, 1510192699.0492966]: AdafruitGPSMessage(fix: False, quality: 0, satellites: 0; time: 0:0.15 6/1/2080; timestamp: 3471742815.798
[DEBUG, 1510192699.2426784]: AdafruitGPSMessage(fix: False, quality: 0, satellites: 0; time: 0:0.15 6/1/2080; timestamp: 3471742815.798
[DEBUG, 1510192699.4464736]: AdafruitGPSMessage(fix: False, quality: 0, satellites: 0; time: 0:0.15 6/1/2080; timestamp: 3471742815.798
[DEBUG, 1510192699.6500866]: AdafruitGPSMessage(fix: False, quality: 0, satellites: 0; time: 0:0.16 6/1/2080; timestamp: 3471742816.798
[DEBUG, 1510192699.843449]: AdafruitGPSMessage(fix: False, quality: 0, satellites: 0; time: 0:0.16 6/1/2080; timestamp: 3471742816.798
[DEBUG, 1510192700.0469074]: AdafruitGPSMessage(fix: False, quality: 0, satellites: 0; time: 0:0.16 6/1/2080; timestamp: 3471742816.798
[DEBUG, 1510192700.250693]: AdafruitGPSMessage(fix: False, quality: 0, satellites: 0; time: 0:0.16 6/1/2080; timestamp: 3471742816.798
[DEBUG, 1510192700.454626]: AdafruitGPSMessage(fix: False, quality: 0, satellites: 0; time: 0:0.16 6/1/2080; timestamp: 3471742816.798
[DEBUG, 1510192700.65859]: AdafruitGPSMessage(fix: False, quality: 0, satellites: 0; time: 0:0.17 6/1/2080; timestamp: 3471742817.798
[DEBUG, 1510192700.852184]: AdafruitGPSMessage(fix: False, quality: 0, satellites: 0; time: 0:0.17 6/1/2080; timestamp: 3471742817.798
[DEBUG, 1510192701.0563197]: AdafruitGPSMessage(fix: False, quality: 0, satellites: 0; time: 0:0.17 6/1/2080; timestamp: 3471742817.798
[DEBUG, 1510192701.2599213]: AdafruitGPSMessage(fix: False, quality: 0, satellites: 0; time: 0:0.17 6/1/2080; timestamp: 3471742817.798
[DEBUG, 1510192701.4533863]: AdafruitGPSMessage(fix: False, quality: 0, satellites: 0; time: 0:0.17 6/1/2080; timestamp: 3471742817.798
[DEBUG, 1510192701.6570916]: AdafruitGPSMessage(fix: False, quality: 0, satellites: 0; time: 0:0.18 6/1/2080; timestamp: 3471742818.798
[DEBUG, 1510192701.8608088]: AdafruitGPSMessage(fix: False, quality: 0, satellites: 0; time: 0:0.18 6/1/2080; timestamp: 3471742818.798
[DEBUG, 1510192702.0644848]: AdafruitGPSMessage(fix: False, quality: 0, satellites: 0; time: 0:0.18 6/1/2080; timestamp: 3471742818.798
[DEBUG, 1510192702.2578793]: AdafruitGPSMessage(fix: False, quality: 0, satellites: 0; time: 0:0.18 6/1/2080; timestamp: 3471742818.798
[DEBUG, 1510192702.4614289]: AdafruitGPSMessage(fix: False, quality: 0, satellites: 0; time: 0:0.18 6/1/2080; timestamp: 3471742818.798
[DEBUG, 1510192702.665145]: AdafruitGPSMessage(fix: False, quality: 0, satellites: 0; time: 0:0.19 6/1/2080; timestamp: 3471742819.798
[DEBUG, 1510192702.8585699]: AdafruitGPSMessage(fix: False, quality: 0, satellites: 0; time: 0:0.19 6/1/2080; timestamp: 3471742819.798
[DEBUG, 1510192703.0621]: AdafruitGPSMessage(fix: False, quality: 0, satellites: 0; time: 0:0.19 6/1/2080; timestamp: 3471742819.798
[DEBUG, 1510192703.265716]: AdafruitGPSMessage(fix: False, quality: 0, satellites: 0; time: 0:0.19 6/1/2080; timestamp: 3471742819.798
[DEBUG, 1510192703.4695582]: AdafruitGPSMessage(fix: False, quality: 0, satellites: 0; time: 0:0.19 6/1/2080; timestamp: 3471742819.798
[DEBUG, 1510192703.6630511]: AdafruitGPSMessage(fix: False, quality: 0, satellites: 0; time: 0:0.20 6/1/2080; timestamp: 3471742820.798
[DEBUG, 1510192703.8669257]: AdafruitGPSMessage(fix: False, quality: 0, satellites: 0; time: 0:0.20 6/1/2080; timestamp: 3471742820.798
[DEBUG, 1510192704.0715864]: AdafruitGPSMessage(fix: False, quality: 0, satellites: 0; time: 0:0.20 6/1/2080; timestamp: 3471742820.798
[DEBUG, 1510192704.275232]: AdafruitGPSMessage(fix: False, quality: 0, satellites: 0; time: 0:0.20 6/1/2080; timestamp: 3471742820.798
[DEBUG, 1510192704.468833]: AdafruitGPSMessage(fix: False, quality: 0, satellites: 0; time: 0:0.20 6/1/2080; timestamp: 3471742820.798
[DEBUG, 1510192704.6723433]: AdafruitGPSMessage(fix: False, quality: 0, satellites: 0; time: 0:0.21 6/1/2080; timestamp: 3471742821.798
[DEBUG, 1510192704.876054]: AdafruitGPSMessage(fix: False, quality: 0, satellites: 0; time: 0:0.21 6/1/2080; timestamp: 3471742821.798
[DEBUG, 1510192705.0696347]: AdafruitGPSMessage(fix: False, quality: 0, satellites: 0; time: 0:0.21 6/1/2080; timestamp: 3471742821.798
[DEBUG, 1510192705.2734396]: AdafruitGPSMessage(fix: False, quality: 0, satellites: 0; time: 0:0.21 6/1/2080; timestamp: 3471742821.798
[DEBUG, 1510192705.4775014]: AdafruitGPSMessage(fix: False, quality: 0, satellites: 0; time: 0:0.21 6/1/2080; timestamp: 3471742821.798
[DEBUG, 1510192705.681346]: AdafruitGPSMessage(fix: False, quality: 0, satellites: 0; time: 0:0.22 6/1/2080; timestamp: 3471742822.798
[DEBUG, 1510192705.8748496]: AdafruitGPSMessage(fix: False, quality: 0, satellites: 0; time: 0:0.22 6/1/2080; timestamp: 3471742822.798
[DEBUG, 1510192706.0784674]: AdafruitGPSMessage(fix: False, quality: 0, satellites: 0; time: 0:0.22 6/1/2080; timestamp: 3471742822.798
[DEBUG, 1510192706.2820306]: AdafruitGPSMessage(fix: False, quality: 0, satellites: 0; time: 0:0.22 6/1/2080; timestamp: 3471742822.798
[DEBUG, 1510192706.4856646]: AdafruitGPSMessage(fix: False, quality: 0, satellites: 0; time: 0:0.22 6/1/2080; timestamp: 3471742822.798
[DEBUG, 1510192706.6790035]: AdafruitGPSMessage(fix: False, quality: 0, satellites: 0; time: 0:0.23 6/1/2080; timestamp: 3471742823.798
[DEBUG, 1510192706.8826342]: AdafruitGPSMessage(fix: False, quality: 0, satellites: 0; time: 0:0.23 6/1/2080; timestamp: 3471742823.798
[DEBUG, 1510192707.0869126]: AdafruitGPSMessage(fix: False, quality: 0, satellites: 0; time: 0:0.23 6/1/2080; timestamp: 3471742823.798
[DEBUG, 1510192707.2905357]: AdafruitGPSMessage(fix: False, quality: 0, satellites: 0; time: 0:0.23 6/1/2080; timestamp: 3471742823.798
[DEBUG, 1510192707.4839468]: AdafruitGPSMessage(fix: False, quality: 0, satellites: 0; time: 0:0.23 6/1/2080; timestamp: 3471742823.798
[DEBUG, 1510192707.6976821]: AdafruitGPSMessage(fix: False, quality: 0, satellites: 0; time: 0:0.24 6/1/2080; timestamp: 3471742824.798
[DEBUG, 1510192707.9012437]: AdafruitGPSMessage(fix: False, quality: 0, satellites: 0; time: 0:0.24 6/1/2080; timestamp: 3471742824.798
[DEBUG, 1510192708.0946565]: AdafruitGPSMessage(fix: False, quality: 0, satellites: 0; time: 0:0.24 6/1/2080; timestamp: 3471742824.798
[DEBUG, 1510192708.2982976]: AdafruitGPSMessage(fix: False, quality: 0, satellites: 0; time: 0:0.24 6/1/2080; timestamp: 3471742824.798
[DEBUG, 1510192708.5019338]: AdafruitGPSMessage(fix: False, quality: 0, satellites: 0; time: 0:0.24 6/1/2080; timestamp: 3471742824.798
[DEBUG, 1510192708.7054715]: AdafruitGPSMessage(fix: False, quality: 0, satellites: 0; time: 0:0.25 6/1/2080; timestamp: 3471742825.798
[DEBUG, 1510192708.8987098]: AdafruitGPSMessage(fix: False, quality: 0, satellites: 0; time: 0:0.25 6/1/2080; timestamp: 3471742825.798
[DEBUG, 1510192709.1025624]: AdafruitGPSMessage(fix: False, quality: 0, satellites: 0; time: 0:0.25 6/1/2080; timestamp: 3471742825.798
[DEBUG, 1510192709.30621]: AdafruitGPSMessage(fix: False, quality: 0, satellites: 0; time: 0:0.25 6/1/2080; timestamp: 3471742825.798
[DEBUG, 1510192709.5101852]: AdafruitGPSMessage(fix: False, quality: 0, satellites: 0; time: 0:0.25 6/1/2080; timestamp: 3471742825.798
[DEBUG, 1510192709.7034929]: AdafruitGPSMessage(fix: False, quality: 0, satellites: 0; time: 0:0.26 6/1/2080; timestamp: 3471742826.798
[DEBUG, 1510192709.9075127]: AdafruitGPSMessage(fix: False, quality: 0, satellites: 0; time: 0:0.26 6/1/2080; timestamp: 3471742826.798
[DEBUG, 1510192710.1118715]: AdafruitGPSMessage(fix: False, quality: 0, satellites: 0; time: 0:0.26 6/1/2080; timestamp: 3471742826.798
[DEBUG, 1510192710.3053563]: AdafruitGPSMessage(fix: False, quality: 0, satellites: 0; time: 0:0.26 6/1/2080; timestamp: 3471742826.798
[DEBUG, 1510192710.5089417]: AdafruitGPSMessage(fix: False, quality: 0, satellites: 0; time: 0:0.26 6/1/2080; timestamp: 3471742826.798
[DEBUG, 1510192710.7125885]: AdafruitGPSMessage(fix: False, quality: 0, satellites: 0; time: 0:0.27 6/1/2080; timestamp: 3471742827.798
[DEBUG, 1510192710.916207]: AdafruitGPSMessage(fix: False, quality: 0, satellites: 0; time: 0:0.27 6/1/2080; timestamp: 3471742827.798
[DEBUG, 1510192711.1095595]: AdafruitGPSMessage(fix: False, quality: 0, satellites: 0; time: 0:0.27 6/1/2080; timestamp: 3471742827.798
[DEBUG, 1510192711.3130941]: AdafruitGPSMessage(fix: False, quality: 0, satellites: 0; time: 0:0.27 6/1/2080; timestamp: 3471742827.798
[DEBUG, 1510192711.5166414]: AdafruitGPSMessage(fix: False, quality: 0, satellites: 0; time: 0:0.27 6/1/2080; timestamp: 3471742827.798
[DEBUG, 1510192711.7202606]: AdafruitGPSMessage(fix: False, quality: 0, satellites: 0; time: 0:0.28 6/1/2080; timestamp: 3471742828.798
[DEBUG, 1510192711.913624]: AdafruitGPSMessage(fix: False, quality: 0, satellites: 0; time: 0:0.28 6/1/2080; timestamp: 3471742828.798
[DEBUG, 1510192712.1173465]: AdafruitGPSMessage(fix: False, quality: 0, satellites: 0; time: 0:0.28 6/1/2080; timestamp: 3471742828.798
[DEBUG, 1510192712.3209782]: AdafruitGPSMessage(fix: False, quality: 0, satellites: 0; time: 0:0.28 6/1/2080; timestamp: 3471742828.798
[DEBUG, 1510192712.514356]: AdafruitGPSMessage(fix: False, quality: 0, satellites: 0; time: 0:0.28 6/1/2080; timestamp: 3471742828.798
[DEBUG, 1510192712.7178547]: AdafruitGPSMessage(fix: False, quality: 0, satellites: 0; time: 0:0.29 6/1/2080; timestamp: 3471742829.798
[DEBUG, 1510192712.9216402]: AdafruitGPSMessage(fix: False, quality: 0, satellites: 0; time: 0:0.29 6/1/2080; timestamp: 3471742829.798
[DEBUG, 1510192713.125819]: AdafruitGPSMessage(fix: False, quality: 0, satellites: 0; time: 0:0.29 6/1/2080; timestamp: 3471742829.798
[DEBUG, 1510192713.3192797]: AdafruitGPSMessage(fix: False, quality: 0, satellites: 0; time: 0:0.29 6/1/2080; timestamp: 3471742829.798
[log buffer end]
[AdafruitGPS @ node.py:81][DEBUG] 2017-11-08 20:58:33,320: logging message buffer (len=16482)
[AdafruitGPS @ arduino.py:188][INFO] 2017-11-08 20:58:35,937: found 15 packets in 3s (avg=5.0 packets/sec). 255 received in total (avg=5.0 packets/sec)
[AdafruitGPS @ arduino.py:188][INFO] 2017-11-08 20:58:38,952: found 15 packets in 3s (avg=5.0 packets/sec). 270 received in total (avg=5.0 packets/sec)
[AdafruitGPS @ arduino.py:188][INFO] 2017-11-08 20:58:41,967: found 15 packets in 3s (avg=5.0 packets/sec). 285 received in total (avg=5.0 packets/sec)
[AdafruitGPS @ arduino.py:188][INFO] 2017-11-08 20:58:44,981: found 15 packets in 3s (avg=5.0 packets/sec). 300 received in total (avg=5.0 packets/sec)
[AdafruitGPS @ arduino.py:188][INFO] 2017-11-08 20:58:47,996: found 15 packets in 3s (avg=5.0 packets/sec). 315 received in total (avg=5.0 packets/sec)
[AdafruitGPS @ arduino.py:188][INFO] 2017-11-08 20:58:51,010: found 15 packets in 3s (avg=5.0 packets/sec). 330 received in total (avg=5.0 packets/sec)
[AdafruitGPS @ arduino.py:188][INFO] 2017-11-08 20:58:54,025: found 15 packets in 3s (avg=5.0 packets/sec). 345 received in total (avg=5.0 packets/sec)
[AdafruitGPS @ arduino.py:188][INFO] 2017-11-08 20:58:57,039: found 15 packets in 3s (avg=5.0 packets/sec). 360 received in total (avg=5.0 packets/sec)
[AdafruitGPS @ node.py:79][DEBUG] 2017-11-08 20:58:57,641: [log buffer start]
[DEBUG, 1510192713.522835]: AdafruitGPSMessage(fix: False, quality: 0, satellites: 0; time: 0:0.29 6/1/2080; timestamp: 3471742829.798
[DEBUG, 1510192713.7264426]: AdafruitGPSMessage(fix: False, quality: 0, satellites: 0; time: 0:0.30 6/1/2080; timestamp: 3471742830.798
[DEBUG, 1510192713.930444]: AdafruitGPSMessage(fix: False, quality: 0, satellites: 0; time: 0:0.30 6/1/2080; timestamp: 3471742830.798
[DEBUG, 1510192714.1238728]: AdafruitGPSMessage(fix: False, quality: 0, satellites: 0; time: 0:0.30 6/1/2080; timestamp: 3471742830.798
[DEBUG, 1510192714.3274548]: AdafruitGPSMessage(fix: False, quality: 0, satellites: 0; time: 0:0.30 6/1/2080; timestamp: 3471742830.798
[DEBUG, 1510192714.5312693]: AdafruitGPSMessage(fix: False, quality: 0, satellites: 0; time: 0:0.30 6/1/2080; timestamp: 3471742830.798
[DEBUG, 1510192714.7248619]: AdafruitGPSMessage(fix: False, quality: 0, satellites: 0; time: 0:0.31 6/1/2080; timestamp: 3471742831.798
[DEBUG, 1510192714.9287238]: AdafruitGPSMessage(fix: False, quality: 0, satellites: 0; time: 0:0.31 6/1/2080; timestamp: 3471742831.798
[DEBUG, 1510192715.1323018]: AdafruitGPSMessage(fix: False, quality: 0, satellites: 0; time: 0:0.31 6/1/2080; timestamp: 3471742831.798
[DEBUG, 1510192715.3360193]: AdafruitGPSMessage(fix: False, quality: 0, satellites: 0; time: 0:0.31 6/1/2080; timestamp: 3471742831.798
[DEBUG, 1510192715.5293884]: AdafruitGPSMessage(fix: False, quality: 0, satellites: 0; time: 0:0.31 6/1/2080; timestamp: 3471742831.798
[DEBUG, 1510192715.7330952]: AdafruitGPSMessage(fix: False, quality: 0, satellites: 0; time: 0:0.32 6/1/2080; timestamp: 3471742832.798
[DEBUG, 1510192715.936891]: AdafruitGPSMessage(fix: False, quality: 0, satellites: 0; time: 0:0.32 6/1/2080; timestamp: 3471742832.798
[DEBUG, 1510192716.1410882]: AdafruitGPSMessage(fix: False, quality: 0, satellites: 0; time: 0:0.32 6/1/2080; timestamp: 3471742832.798
[DEBUG, 1510192716.3346474]: AdafruitGPSMessage(fix: False, quality: 0, satellites: 0; time: 0:0.32 6/1/2080; timestamp: 3471742832.798
[DEBUG, 1510192716.5382502]: AdafruitGPSMessage(fix: False, quality: 0, satellites: 0; time: 0:0.32 6/1/2080; timestamp: 3471742832.798
[DEBUG, 1510192716.741936]: AdafruitGPSMessage(fix: False, quality: 0, satellites: 0; time: 0:0.33 6/1/2080; timestamp: 3471742833.798
[DEBUG, 1510192716.9456086]: AdafruitGPSMessage(fix: False, quality: 0, satellites: 0; time: 0:0.33 6/1/2080; timestamp: 3471742833.798
[DEBUG, 1510192717.1389592]: AdafruitGPSMessage(fix: False, quality: 0, satellites: 0; time: 0:0.33 6/1/2080; timestamp: 3471742833.798
[DEBUG, 1510192717.3427422]: AdafruitGPSMessage(fix: False, quality: 0, satellites: 0; time: 0:0.33 6/1/2080; timestamp: 3471742833.798
[DEBUG, 1510192717.5465186]: AdafruitGPSMessage(fix: False, quality: 0, satellites: 0; time: 0:0.33 6/1/2080; timestamp: 3471742833.798
[DEBUG, 1510192717.7399266]: AdafruitGPSMessage(fix: False, quality: 0, satellites: 0; time: 0:0.34 6/1/2080; timestamp: 3471742834.798
[DEBUG, 1510192717.9436407]: AdafruitGPSMessage(fix: False, quality: 0, satellites: 0; time: 0:0.34 6/1/2080; timestamp: 3471742834.798
[DEBUG, 1510192718.1472428]: AdafruitGPSMessage(fix: False, quality: 0, satellites: 0; time: 0:0.34 6/1/2080; timestamp: 3471742834.798
[DEBUG, 1510192718.35098]: AdafruitGPSMessage(fix: False, quality: 0, satellites: 0; time: 0:0.34 6/1/2080; timestamp: 3471742834.798
[DEBUG, 1510192718.5443835]: AdafruitGPSMessage(fix: False, quality: 0, satellites: 0; time: 0:0.34 6/1/2080; timestamp: 3471742834.798
[DEBUG, 1510192718.7480361]: AdafruitGPSMessage(fix: False, quality: 0, satellites: 0; time: 0:0.35 6/1/2080; timestamp: 3471742835.798
[DEBUG, 1510192718.9520679]: AdafruitGPSMessage(fix: False, quality: 0, satellites: 0; time: 0:0.35 6/1/2080; timestamp: 3471742835.798
[DEBUG, 1510192719.1463742]: AdafruitGPSMessage(fix: False, quality: 0, satellites: 0; time: 0:0.35 6/1/2080; timestamp: 3471742835.798
[DEBUG, 1510192719.349936]: AdafruitGPSMessage(fix: False, quality: 0, satellites: 0; time: 0:0.35 6/1/2080; timestamp: 3471742835.798
[DEBUG, 1510192719.5536911]: AdafruitGPSMessage(fix: False, quality: 0, satellites: 0; time: 0:0.35 6/1/2080; timestamp: 3471742835.798
[DEBUG, 1510192719.7572224]: AdafruitGPSMessage(fix: False, quality: 0, satellites: 0; time: 0:0.36 6/1/2080; timestamp: 3471742836.798
[DEBUG, 1510192719.950717]: AdafruitGPSMessage(fix: False, quality: 0, satellites: 0; time: 0:0.36 6/1/2080; timestamp: 3471742836.798
[DEBUG, 1510192720.1543334]: AdafruitGPSMessage(fix: False, quality: 0, satellites: 0; time: 0:0.36 6/1/2080; timestamp: 3471742836.798
[DEBUG, 1510192720.357961]: AdafruitGPSMessage(fix: False, quality: 0, satellites: 0; time: 0:0.36 6/1/2080; timestamp: 3471742836.798
[DEBUG, 1510192720.5615852]: AdafruitGPSMessage(fix: False, quality: 0, satellites: 0; time: 0:0.36 6/1/2080; timestamp: 3471742836.798
[DEBUG, 1510192720.7550023]: AdafruitGPSMessage(fix: False, quality: 0, satellites: 0; time: 0:0.37 6/1/2080; timestamp: 3471742837.798
[DEBUG, 1510192720.9587686]: AdafruitGPSMessage(fix: False, quality: 0, satellites: 0; time: 0:0.37 6/1/2080; timestamp: 3471742837.798
[DEBUG, 1510192721.1625683]: AdafruitGPSMessage(fix: False, quality: 0, satellites: 0; time: 0:0.37 6/1/2080; timestamp: 3471742837.798
[DEBUG, 1510192721.3660831]: AdafruitGPSMessage(fix: False, quality: 0, satellites: 0; time: 0:0.37 6/1/2080; timestamp: 3471742837.798
[DEBUG, 1510192721.559702]: AdafruitGPSMessage(fix: False, quality: 0, satellites: 0; time: 0:0.37 6/1/2080; timestamp: 3471742837.798
[DEBUG, 1510192721.763458]: AdafruitGPSMessage(fix: False, quality: 0, satellites: 0; time: 0:0.38 6/1/2080; timestamp: 3471742838.798
[DEBUG, 1510192721.9673865]: AdafruitGPSMessage(fix: False, quality: 0, satellites: 0; time: 0:0.38 6/1/2080; timestamp: 3471742838.798
[DEBUG, 1510192722.1714652]: AdafruitGPSMessage(fix: False, quality: 0, satellites: 0; time: 0:0.38 6/1/2080; timestamp: 3471742838.798
[DEBUG, 1510192722.3650486]: AdafruitGPSMessage(fix: False, quality: 0, satellites: 0; time: 0:0.38 6/1/2080; timestamp: 3471742838.798
[DEBUG, 1510192722.5688674]: AdafruitGPSMessage(fix: False, quality: 0, satellites: 0; time: 0:0.38 6/1/2080; timestamp: 3471742838.798
[DEBUG, 1510192722.772452]: AdafruitGPSMessage(fix: False, quality: 0, satellites: 0; time: 0:0.39 6/1/2080; timestamp: 3471742839.798
[DEBUG, 1510192722.9660652]: AdafruitGPSMessage(fix: False, quality: 0, satellites: 0; time: 0:0.39 6/1/2080; timestamp: 3471742839.798
[DEBUG, 1510192723.169725]: AdafruitGPSMessage(fix: False, quality: 0, satellites: 0; time: 0:0.39 6/1/2080; timestamp: 3471742839.798
[DEBUG, 1510192723.3734314]: AdafruitGPSMessage(fix: False, quality: 0, satellites: 0; time: 0:0.39 6/1/2080; timestamp: 3471742839.798
[DEBUG, 1510192723.5771523]: AdafruitGPSMessage(fix: False, quality: 0, satellites: 0; time: 0:0.39 6/1/2080; timestamp: 3471742839.798
[DEBUG, 1510192723.7704573]: AdafruitGPSMessage(fix: False, quality: 0, satellites: 0; time: 0:0.40 6/1/2080; timestamp: 3471742840.798
[DEBUG, 1510192723.9743395]: AdafruitGPSMessage(fix: False, quality: 0, satellites: 0; time: 0:0.40 6/1/2080; timestamp: 3471742840.798
[DEBUG, 1510192724.1779532]: AdafruitGPSMessage(fix: False, quality: 0, satellites: 0; time: 0:0.40 6/1/2080; timestamp: 3471742840.798
[DEBUG, 1510192724.381176]: AdafruitGPSMessage(fix: False, quality: 0, satellites: 0; time: 0:0.40 6/1/2080; timestamp: 3471742840.798
[DEBUG, 1510192724.5743098]: AdafruitGPSMessage(fix: False, quality: 0, satellites: 0; time: 0:0.40 6/1/2080; timestamp: 3471742840.798
[DEBUG, 1510192724.777591]: AdafruitGPSMessage(fix: False, quality: 0, satellites: 0; time: 0:0.41 6/1/2080; timestamp: 3471742841.798
[DEBUG, 1510192724.9809961]: AdafruitGPSMessage(fix: False, quality: 0, satellites: 0; time: 0:0.41 6/1/2080; timestamp: 3471742841.798
[DEBUG, 1510192725.1850464]: AdafruitGPSMessage(fix: False, quality: 0, satellites: 0; time: 0:0.41 6/1/2080; timestamp: 3471742841.798
[DEBUG, 1510192725.3786752]: AdafruitGPSMessage(fix: False, quality: 0, satellites: 0; time: 0:0.41 6/1/2080; timestamp: 3471742841.798
[DEBUG, 1510192725.5824053]: AdafruitGPSMessage(fix: False, quality: 0, satellites: 0; time: 0:0.41 6/1/2080; timestamp: 3471742841.798
[DEBUG, 1510192725.7861135]: AdafruitGPSMessage(fix: False, quality: 0, satellites: 0; time: 0:0.42 6/1/2080; timestamp: 3471742842.798
[DEBUG, 1510192725.9896188]: AdafruitGPSMessage(fix: False, quality: 0, satellites: 0; time: 0:0.42 6/1/2080; timestamp: 3471742842.798
[DEBUG, 1510192726.1830413]: AdafruitGPSMessage(fix: False, quality: 0, satellites: 0; time: 0:0.42 6/1/2080; timestamp: 3471742842.798
[DEBUG, 1510192726.3867302]: AdafruitGPSMessage(fix: False, quality: 0, satellites: 0; time: 0:0.42 6/1/2080; timestamp: 3471742842.798
[DEBUG, 1510192726.590461]: AdafruitGPSMessage(fix: False, quality: 0, satellites: 0; time: 0:0.42 6/1/2080; timestamp: 3471742842.798
[DEBUG, 1510192726.7941964]: AdafruitGPSMessage(fix: False, quality: 0, satellites: 0; time: 0:0.43 6/1/2080; timestamp: 3471742843.798
[DEBUG, 1510192726.987751]: AdafruitGPSMessage(fix: False, quality: 0, satellites: 0; time: 0:0.43 6/1/2080; timestamp: 3471742843.798
[DEBUG, 1510192727.191291]: AdafruitGPSMessage(fix: False, quality: 0, satellites: 0; time: 0:0.43 6/1/2080; timestamp: 3471742843.798
[DEBUG, 1510192727.3948934]: AdafruitGPSMessage(fix: False, quality: 0, satellites: 0; time: 0:0.43 6/1/2080; timestamp: 3471742843.798
[DEBUG, 1510192727.5881824]: AdafruitGPSMessage(fix: False, quality: 0, satellites: 0; time: 0:0.43 6/1/2080; timestamp: 3471742843.798
[DEBUG, 1510192727.791744]: AdafruitGPSMessage(fix: False, quality: 0, satellites: 0; time: 0:0.44 6/1/2080; timestamp: 3471742844.798
[DEBUG, 1510192727.9958777]: AdafruitGPSMessage(fix: False, quality: 0, satellites: 0; time: 0:0.44 6/1/2080; timestamp: 3471742844.798
[DEBUG, 1510192728.2001657]: AdafruitGPSMessage(fix: False, quality: 0, satellites: 0; time: 0:0.44 6/1/2080; timestamp: 3471742844.798
[DEBUG, 1510192728.3935678]: AdafruitGPSMessage(fix: False, quality: 0, satellites: 0; time: 0:0.44 6/1/2080; timestamp: 3471742844.798
[DEBUG, 1510192728.5970602]: AdafruitGPSMessage(fix: False, quality: 0, satellites: 0; time: 0:0.44 6/1/2080; timestamp: 3471742844.798
[DEBUG, 1510192728.8005884]: AdafruitGPSMessage(fix: False, quality: 0, satellites: 0; time: 0:0.45 6/1/2080; timestamp: 3471742845.798
[DEBUG, 1510192729.004602]: AdafruitGPSMessage(fix: False, quality: 0, satellites: 0; time: 0:0.45 6/1/2080; timestamp: 3471742845.798
[DEBUG, 1510192729.1980448]: AdafruitGPSMessage(fix: False, quality: 0, satellites: 0; time: 0:0.45 6/1/2080; timestamp: 3471742845.798
[DEBUG, 1510192729.4015348]: AdafruitGPSMessage(fix: False, quality: 0, satellites: 0; time: 0:0.45 6/1/2080; timestamp: 3471742845.798
[DEBUG, 1510192729.6052332]: AdafruitGPSMessage(fix: False, quality: 0, satellites: 0; time: 0:0.45 6/1/2080; timestamp: 3471742845.798
[DEBUG, 1510192729.8088603]: AdafruitGPSMessage(fix: False, quality: 0, satellites: 0; time: 0:0.46 6/1/2080; timestamp: 3471742846.798
[DEBUG, 1510192730.0021217]: AdafruitGPSMessage(fix: False, quality: 0, satellites: 0; time: 0:0.46 6/1/2080; timestamp: 3471742846.798
[DEBUG, 1510192730.2056267]: AdafruitGPSMessage(fix: False, quality: 0, satellites: 0; time: 0:0.46 6/1/2080; timestamp: 3471742846.798
[DEBUG, 1510192730.409293]: AdafruitGPSMessage(fix: False, quality: 0, satellites: 0; time: 0:0.46 6/1/2080; timestamp: 3471742846.798
[DEBUG, 1510192730.6128325]: AdafruitGPSMessage(fix: False, quality: 0, satellites: 0; time: 0:0.47 6/1/2080; timestamp: 3471742847.798
[DEBUG, 1510192730.816522]: AdafruitGPSMessage(fix: False, quality: 0, satellites: 0; time: 0:0.47 6/1/2080; timestamp: 3471742847.798
[DEBUG, 1510192731.0100532]: AdafruitGPSMessage(fix: False, quality: 0, satellites: 0; time: 0:0.47 6/1/2080; timestamp: 3471742847.798
[DEBUG, 1510192731.2143683]: AdafruitGPSMessage(fix: False, quality: 0, satellites: 0; time: 0:0.47 6/1/2080; timestamp: 3471742847.798
[DEBUG, 1510192731.4183476]: AdafruitGPSMessage(fix: False, quality: 0, satellites: 0; time: 0:0.47 6/1/2080; timestamp: 3471742847.798
[DEBUG, 1510192731.6219049]: AdafruitGPSMessage(fix: False, quality: 0, satellites: 0; time: 0:0.48 6/1/2080; timestamp: 3471742848.798
[DEBUG, 1510192731.8152328]: AdafruitGPSMessage(fix: False, quality: 0, satellites: 0; time: 0:0.48 6/1/2080; timestamp: 3471742848.798
[DEBUG, 1510192732.0188158]: AdafruitGPSMessage(fix: False, quality: 0, satellites: 0; time: 0:0.48 6/1/2080; timestamp: 3471742848.798
[DEBUG, 1510192732.2225266]: AdafruitGPSMessage(fix: False, quality: 0, satellites: 0; time: 0:0.48 6/1/2080; timestamp: 3471742848.798
[DEBUG, 1510192732.4158812]: AdafruitGPSMessage(fix: False, quality: 0, satellites: 0; time: 0:0.48 6/1/2080; timestamp: 3471742848.798
[DEBUG, 1510192732.6195347]: AdafruitGPSMessage(fix: False, quality: 0, satellites: 0; time: 0:0.49 6/1/2080; timestamp: 3471742849.798
[DEBUG, 1510192732.8231723]: AdafruitGPSMessage(fix: False, quality: 0, satellites: 0; time: 0:0.49 6/1/2080; timestamp: 3471742849.798
[DEBUG, 1510192733.026882]: AdafruitGPSMessage(fix: False, quality: 0, satellites: 0; time: 0:0.49 6/1/2080; timestamp: 3471742849.798
[DEBUG, 1510192733.220222]: AdafruitGPSMessage(fix: False, quality: 0, satellites: 0; time: 0:0.49 6/1/2080; timestamp: 3471742849.798
[DEBUG, 1510192733.423688]: AdafruitGPSMessage(fix: False, quality: 0, satellites: 0; time: 0:0.49 6/1/2080; timestamp: 3471742849.798
[DEBUG, 1510192733.6274586]: AdafruitGPSMessage(fix: False, quality: 0, satellites: 0; time: 0:0.50 6/1/2080; timestamp: 3471742850.798
[DEBUG, 1510192733.8208973]: AdafruitGPSMessage(fix: False, quality: 0, satellites: 0; time: 0:0.50 6/1/2080; timestamp: 3471742850.798
[DEBUG, 1510192734.0249696]: AdafruitGPSMessage(fix: False, quality: 0, satellites: 0; time: 0:0.50 6/1/2080; timestamp: 3471742850.798
[DEBUG, 1510192734.2294376]: AdafruitGPSMessage(fix: False, quality: 0, satellites: 0; time: 0:0.50 6/1/2080; timestamp: 3471742850.798
[DEBUG, 1510192734.433032]: AdafruitGPSMessage(fix: False, quality: 0, satellites: 0; time: 0:0.50 6/1/2080; timestamp: 3471742850.798
[DEBUG, 1510192734.6267574]: AdafruitGPSMessage(fix: False, quality: 0, satellites: 0; time: 0:0.51 6/1/2080; timestamp: 3471742851.798
[DEBUG, 1510192734.8304625]: AdafruitGPSMessage(fix: False, quality: 0, satellites: 0; time: 0:0.51 6/1/2080; timestamp: 3471742851.798
[DEBUG, 1510192735.0339317]: AdafruitGPSMessage(fix: False, quality: 0, satellites: 0; time: 0:0.51 6/1/2080; timestamp: 3471742851.798
[DEBUG, 1510192735.227376]: AdafruitGPSMessage(fix: False, quality: 0, satellites: 0; time: 0:0.51 6/1/2080; timestamp: 3471742851.798
[DEBUG, 1510192735.4311757]: AdafruitGPSMessage(fix: False, quality: 0, satellites: 0; time: 0:0.51 6/1/2080; timestamp: 3471742851.798
[DEBUG, 1510192735.6351137]: AdafruitGPSMessage(fix: False, quality: 0, satellites: 0; time: 0:0.52 6/1/2080; timestamp: 3471742852.798
[DEBUG, 1510192735.8385684]: AdafruitGPSMessage(fix: False, quality: 0, satellites: 0; time: 0:0.52 6/1/2080; timestamp: 3471742852.798
[DEBUG, 1510192736.0319405]: AdafruitGPSMessage(fix: False, quality: 0, satellites: 0; time: 0:0.52 6/1/2080; timestamp: 3471742852.798
[DEBUG, 1510192736.2355075]: AdafruitGPSMessage(fix: False, quality: 0, satellites: 0; time: 0:0.52 6/1/2080; timestamp: 3471742852.798
[DEBUG, 1510192736.4390454]: AdafruitGPSMessage(fix: False, quality: 0, satellites: 0; time: 0:0.52 6/1/2080; timestamp: 3471742852.798
[DEBUG, 1510192736.6427052]: AdafruitGPSMessage(fix: False, quality: 0, satellites: 0; time: 0:0.53 6/1/2080; timestamp: 3471742853.798
[DEBUG, 1510192736.8360078]: AdafruitGPSMessage(fix: False, quality: 0, satellites: 0; time: 0:0.53 6/1/2080; timestamp: 3471742853.798
[DEBUG, 1510192737.03974]: AdafruitGPSMessage(fix: False, quality: 0, satellites: 0; time: 0:0.53 6/1/2080; timestamp: 3471742853.798
[DEBUG, 1510192737.2439878]: AdafruitGPSMessage(fix: False, quality: 0, satellites: 0; time: 0:0.53 6/1/2080; timestamp: 3471742853.798
[DEBUG, 1510192737.4373388]: AdafruitGPSMessage(fix: False, quality: 0, satellites: 0; time: 0:0.53 6/1/2080; timestamp: 3471742853.798
[DEBUG, 1510192737.6409914]: AdafruitGPSMessage(fix: False, quality: 0, satellites: 0; time: 0:0.54 6/1/2080; timestamp: 3471742854.798
[log buffer end]
[AdafruitGPS @ node.py:81][DEBUG] 2017-11-08 20:58:57,642: logging message buffer (len=16462)
[AdafruitGPS @ arduino.py:188][INFO] 2017-11-08 20:59:00,055: found 15 packets in 3s (avg=5.0 packets/sec). 375 received in total (avg=5.0 packets/sec)
[AdafruitGPS @ arduino.py:188][INFO] 2017-11-08 20:59:03,069: found 15 packets in 3s (avg=5.0 packets/sec). 390 received in total (avg=5.0 packets/sec)
[AdafruitGPS @ arduino.py:188][INFO] 2017-11-08 20:59:06,084: found 15 packets in 3s (avg=5.0 packets/sec). 405 received in total (avg=5.0 packets/sec)
[AdafruitGPS @ arduino.py:188][INFO] 2017-11-08 20:59:09,110: found 15 packets in 3s (avg=5.0 packets/sec). 420 received in total (avg=5.0 packets/sec)
[AdafruitGPS @ node.py:79][DEBUG] 2017-11-08 20:59:12,096: [log buffer start]
[DEBUG, 1510192737.844713]: AdafruitGPSMessage(fix: False, quality: 0, satellites: 0; time: 0:0.54 6/1/2080; timestamp: 3471742854.798
[DEBUG, 1510192738.048314]: AdafruitGPSMessage(fix: False, quality: 0, satellites: 0; time: 0:0.54 6/1/2080; timestamp: 3471742854.798
[DEBUG, 1510192738.2417035]: AdafruitGPSMessage(fix: False, quality: 0, satellites: 0; time: 0:0.54 6/1/2080; timestamp: 3471742854.798
[DEBUG, 1510192738.4453666]: AdafruitGPSMessage(fix: False, quality: 0, satellites: 0; time: 0:0.54 6/1/2080; timestamp: 3471742854.798
[DEBUG, 1510192738.6490226]: AdafruitGPSMessage(fix: False, quality: 0, satellites: 0; time: 0:0.55 6/1/2080; timestamp: 3471742855.798
[DEBUG, 1510192738.8525357]: AdafruitGPSMessage(fix: False, quality: 0, satellites: 0; time: 0:0.55 6/1/2080; timestamp: 3471742855.798
[DEBUG, 1510192739.0463293]: AdafruitGPSMessage(fix: False, quality: 0, satellites: 0; time: 0:0.55 6/1/2080; timestamp: 3471742855.798
[DEBUG, 1510192739.250056]: AdafruitGPSMessage(fix: False, quality: 0, satellites: 0; time: 0:0.55 6/1/2080; timestamp: 3471742855.798
[DEBUG, 1510192739.4536753]: AdafruitGPSMessage(fix: False, quality: 0, satellites: 0; time: 0:0.55 6/1/2080; timestamp: 3471742855.798
[DEBUG, 1510192739.6575906]: AdafruitGPSMessage(fix: False, quality: 0, satellites: 0; time: 0:0.56 6/1/2080; timestamp: 3471742856.798
[DEBUG, 1510192739.8509922]: AdafruitGPSMessage(fix: False, quality: 0, satellites: 0; time: 0:0.56 6/1/2080; timestamp: 3471742856.798
[DEBUG, 1510192740.0549083]: AdafruitGPSMessage(fix: False, quality: 0, satellites: 0; time: 0:0.56 6/1/2080; timestamp: 3471742856.798
[DEBUG, 1510192740.259136]: AdafruitGPSMessage(fix: False, quality: 0, satellites: 0; time: 0:0.56 6/1/2080; timestamp: 3471742856.798
[DEBUG, 1510192740.4627707]: AdafruitGPSMessage(fix: False, quality: 0, satellites: 0; time: 0:0.56 6/1/2080; timestamp: 3471742856.798
[DEBUG, 1510192740.6563509]: AdafruitGPSMessage(fix: False, quality: 0, satellites: 0; time: 0:0.57 6/1/2080; timestamp: 3471742857.798
[DEBUG, 1510192740.860288]: AdafruitGPSMessage(fix: False, quality: 0, satellites: 0; time: 0:0.57 6/1/2080; timestamp: 3471742857.798
[DEBUG, 1510192741.0639057]: AdafruitGPSMessage(fix: False, quality: 0, satellites: 0; time: 0:0.57 6/1/2080; timestamp: 3471742857.798
[DEBUG, 1510192741.257284]: AdafruitGPSMessage(fix: False, quality: 0, satellites: 0; time: 0:0.57 6/1/2080; timestamp: 3471742857.798
[DEBUG, 1510192741.4610312]: AdafruitGPSMessage(fix: False, quality: 0, satellites: 0; time: 0:0.57 6/1/2080; timestamp: 3471742857.798
[DEBUG, 1510192741.6648016]: AdafruitGPSMessage(fix: False, quality: 0, satellites: 0; time: 0:0.58 6/1/2080; timestamp: 3471742858.798
[DEBUG, 1510192741.8686275]: AdafruitGPSMessage(fix: False, quality: 0, satellites: 0; time: 0:0.58 6/1/2080; timestamp: 3471742858.798
[DEBUG, 1510192742.0620859]: AdafruitGPSMessage(fix: False, quality: 0, satellites: 0; time: 0:0.58 6/1/2080; timestamp: 3471742858.798
[DEBUG, 1510192742.2656965]: AdafruitGPSMessage(fix: False, quality: 0, satellites: 0; time: 0:0.58 6/1/2080; timestamp: 3471742858.798
[DEBUG, 1510192742.4691951]: AdafruitGPSMessage(fix: False, quality: 0, satellites: 0; time: 0:0.58 6/1/2080; timestamp: 3471742858.798
[DEBUG, 1510192742.672599]: AdafruitGPSMessage(fix: False, quality: 0, satellites: 0; time: 0:0.59 6/1/2080; timestamp: 3471742859.798
[DEBUG, 1510192742.866056]: AdafruitGPSMessage(fix: False, quality: 0, satellites: 0; time: 0:0.59 6/1/2080; timestamp: 3471742859.798
[DEBUG, 1510192743.0697114]: AdafruitGPSMessage(fix: False, quality: 0, satellites: 0; time: 0:0.59 6/1/2080; timestamp: 3471742859.798
[DEBUG, 1510192743.2739348]: AdafruitGPSMessage(fix: False, quality: 0, satellites: 0; time: 0:0.59 6/1/2080; timestamp: 3471742859.798
[DEBUG, 1510192743.477564]: AdafruitGPSMessage(fix: False, quality: 0, satellites: 0; time: 0:0.59 6/1/2080; timestamp: 3471742859.798
[DEBUG, 1510192743.6710134]: AdafruitGPSMessage(fix: False, quality: 0, satellites: 0; time: 0:1.0 6/1/2080; timestamp: 3471742860.799
[DEBUG, 1510192743.8746147]: AdafruitGPSMessage(fix: False, quality: 0, satellites: 0; time: 0:1.0 6/1/2080; timestamp: 3471742860.799
[DEBUG, 1510192744.078497]: AdafruitGPSMessage(fix: False, quality: 0, satellites: 0; time: 0:1.0 6/1/2080; timestamp: 3471742860.799
[DEBUG, 1510192744.2715983]: AdafruitGPSMessage(fix: False, quality: 0, satellites: 0; time: 0:1.0 6/1/2080; timestamp: 3471742860.799
[DEBUG, 1510192744.47517]: AdafruitGPSMessage(fix: False, quality: 0, satellites: 0; time: 0:1.0 6/1/2080; timestamp: 3471742860.799
[DEBUG, 1510192744.6788826]: AdafruitGPSMessage(fix: False, quality: 0, satellites: 0; time: 0:1.1 6/1/2080; timestamp: 3471742861.799
[DEBUG, 1510192744.8824449]: AdafruitGPSMessage(fix: False, quality: 0, satellites: 0; time: 0:1.1 6/1/2080; timestamp: 3471742861.799
[DEBUG, 1510192745.0758228]: AdafruitGPSMessage(fix: False, quality: 0, satellites: 0; time: 0:1.1 6/1/2080; timestamp: 3471742861.799
[DEBUG, 1510192745.2793953]: AdafruitGPSMessage(fix: False, quality: 0, satellites: 0; time: 0:1.1 6/1/2080; timestamp: 3471742861.799
[DEBUG, 1510192745.4829729]: AdafruitGPSMessage(fix: False, quality: 0, satellites: 0; time: 0:1.1 6/1/2080; timestamp: 3471742861.799
[DEBUG, 1510192745.6867146]: AdafruitGPSMessage(fix: False, quality: 0, satellites: 0; time: 0:1.2 6/1/2080; timestamp: 3471742862.799
[DEBUG, 1510192745.8801405]: AdafruitGPSMessage(fix: False, quality: 0, satellites: 0; time: 0:1.2 6/1/2080; timestamp: 3471742862.799
[DEBUG, 1510192746.0840359]: AdafruitGPSMessage(fix: False, quality: 0, satellites: 0; time: 0:1.2 6/1/2080; timestamp: 3471742862.799
[DEBUG, 1510192746.2883248]: AdafruitGPSMessage(fix: False, quality: 0, satellites: 0; time: 0:1.2 6/1/2080; timestamp: 3471742862.799
[DEBUG, 1510192746.4819217]: AdafruitGPSMessage(fix: False, quality: 0, satellites: 0; time: 0:1.2 6/1/2080; timestamp: 3471742862.799
[DEBUG, 1510192746.6857345]: AdafruitGPSMessage(fix: False, quality: 0, satellites: 0; time: 0:1.3 6/1/2080; timestamp: 3471742863.799
[DEBUG, 1510192746.889838]: AdafruitGPSMessage(fix: False, quality: 0, satellites: 0; time: 0:1.3 6/1/2080; timestamp: 3471742863.799
[DEBUG, 1510192747.093398]: AdafruitGPSMessage(fix: False, quality: 0, satellites: 0; time: 0:1.3 6/1/2080; timestamp: 3471742863.799
[DEBUG, 1510192747.286872]: AdafruitGPSMessage(fix: False, quality: 0, satellites: 0; time: 0:1.3 6/1/2080; timestamp: 3471742863.799
[DEBUG, 1510192747.490536]: AdafruitGPSMessage(fix: False, quality: 0, satellites: 0; time: 0:1.3 6/1/2080; timestamp: 3471742863.799
[DEBUG, 1510192747.704435]: AdafruitGPSMessage(fix: False, quality: 0, satellites: 0; time: 0:1.4 6/1/2080; timestamp: 3471742864.799
[DEBUG, 1510192747.8977866]: AdafruitGPSMessage(fix: False, quality: 0, satellites: 0; time: 0:1.4 6/1/2080; timestamp: 3471742864.799
[DEBUG, 1510192748.1015189]: AdafruitGPSMessage(fix: False, quality: 0, satellites: 0; time: 0:1.4 6/1/2080; timestamp: 3471742864.799
[DEBUG, 1510192748.3053331]: AdafruitGPSMessage(fix: False, quality: 0, satellites: 0; time: 0:1.4 6/1/2080; timestamp: 3471742864.799
[DEBUG, 1510192748.498723]: AdafruitGPSMessage(fix: False, quality: 0, satellites: 0; time: 0:1.4 6/1/2080; timestamp: 3471742864.799
[DEBUG, 1510192748.7022452]: AdafruitGPSMessage(fix: False, quality: 0, satellites: 0; time: 0:1.5 6/1/2080; timestamp: 3471742865.799
[DEBUG, 1510192748.906069]: AdafruitGPSMessage(fix: False, quality: 0, satellites: 0; time: 0:1.5 6/1/2080; timestamp: 3471742865.799
[DEBUG, 1510192749.110034]: AdafruitGPSMessage(fix: False, quality: 0, satellites: 0; time: 0:1.5 6/1/2080; timestamp: 3471742865.799
[DEBUG, 1510192749.3040009]: AdafruitGPSMessage(fix: False, quality: 0, satellites: 0; time: 0:1.5 6/1/2080; timestamp: 3471742865.799
[DEBUG, 1510192749.5077438]: AdafruitGPSMessage(fix: False, quality: 0, satellites: 0; time: 0:1.5 6/1/2080; timestamp: 3471742865.799
[DEBUG, 1510192749.7114363]: AdafruitGPSMessage(fix: False, quality: 0, satellites: 0; time: 0:1.6 6/1/2080; timestamp: 3471742866.799
[DEBUG, 1510192749.904861]: AdafruitGPSMessage(fix: False, quality: 0, satellites: 0; time: 0:1.6 6/1/2080; timestamp: 3471742866.799
[DEBUG, 1510192750.1083736]: AdafruitGPSMessage(fix: False, quality: 0, satellites: 0; time: 0:1.6 6/1/2080; timestamp: 3471742866.799
[DEBUG, 1510192750.3119807]: AdafruitGPSMessage(fix: False, quality: 0, satellites: 0; time: 0:1.6 6/1/2080; timestamp: 3471742866.799
[DEBUG, 1510192750.5159068]: AdafruitGPSMessage(fix: False, quality: 0, satellites: 0; time: 0:1.6 6/1/2080; timestamp: 3471742866.799
[DEBUG, 1510192750.7093172]: AdafruitGPSMessage(fix: False, quality: 0, satellites: 0; time: 0:1.7 6/1/2080; timestamp: 3471742867.799
[DEBUG, 1510192750.912719]: AdafruitGPSMessage(fix: False, quality: 0, satellites: 0; time: 0:1.7 6/1/2080; timestamp: 3471742867.799
[DEBUG, 1510192751.1161377]: AdafruitGPSMessage(fix: False, quality: 0, satellites: 0; time: 0:1.7 6/1/2080; timestamp: 3471742867.799
[DEBUG, 1510192751.3197644]: AdafruitGPSMessage(fix: False, quality: 0, satellites: 0; time: 0:1.7 6/1/2080; timestamp: 3471742867.799
[DEBUG, 1510192751.512933]: AdafruitGPSMessage(fix: False, quality: 0, satellites: 0; time: 0:1.7 6/1/2080; timestamp: 3471742867.799
[DEBUG, 1510192751.71635]: AdafruitGPSMessage(fix: False, quality: 0, satellites: 0; time: 0:1.8 6/1/2080; timestamp: 3471742868.799
[DEBUG, 1510192751.9198878]: AdafruitGPSMessage(fix: False, quality: 0, satellites: 0; time: 0:1.8 6/1/2080; timestamp: 3471742868.799
[log buffer end]
[AdafruitGPS @ node.py:81][DEBUG] 2017-11-08 20:59:12,097: logging message buffer (len=9624)
[AdafruitGPS @ node.py:102][INFO] 2017-11-08 20:59:12,097: Node took 90.37974858283997s to run
[AdafruitGPS @ generic.py:69][INFO] 2017-11-08 20:59:12,098: Tearing down device
[AdafruitGPS @ arduino.py:214][INFO] 2017-11-08 20:59:12,103: Closing down device port
[AdafruitGPS @ arduino.py:217][INFO] 2017-11-08 20:59:12,103: Device process stopped
