[Slam @ factory.py:85][DEBUG] 2017-10-28 06:24:22,407: Logging to: logs/2017_Oct_28/Slam/06_24_22.log
[Slam @ node.py:89][INFO] 2017-10-28 06:24:29,273: setup
[Slam @ slam.py:94][INFO] 2017-10-28 06:24:29,737: SLAM initialized! scan_size=361 | scan_rate=5.000 hz | detection_angle=180.000 deg | distance_no_detection= 1.0000 mm | detection_margin=0 | offset=0.0000 m
[Slam @ slam.py:126][INFO] 2017-10-28 06:24:29,953: PoseMessage(t=1509186269.953052, n=0, x=25000.0, y=25000.0, th=0.0)
[Slam @ slam.py:126][INFO] 2017-10-28 06:24:30,180: PoseMessage(t=1509186270.1801805, n=1, x=25000.0, y=25000.0, th=0.0)
[Slam @ slam.py:126][INFO] 2017-10-28 06:24:30,383: PoseMessage(t=1509186270.3835711, n=2, x=25000.0, y=25000.0, th=0.0)
[Slam @ slam.py:126][INFO] 2017-10-28 06:24:30,514: PoseMessage(t=1509186270.514442, n=3, x=25000.0, y=25000.0, th=0.0)
[Slam @ slam.py:126][INFO] 2017-10-28 06:24:30,713: PoseMessage(t=1509186270.7136824, n=4, x=25000.0, y=25000.0, th=0.0)
[Slam @ slam.py:126][INFO] 2017-10-28 06:24:30,950: PoseMessage(t=1509186270.9502702, n=5, x=25000.0, y=25000.0, th=0.0)
[Slam @ slam.py:126][INFO] 2017-10-28 06:24:31,167: PoseMessage(t=1509186271.1676288, n=6, x=25000.0, y=25000.0, th=0.0)
[Slam @ slam.py:126][INFO] 2017-10-28 06:24:31,414: PoseMessage(t=1509186271.4148178, n=7, x=25000.0, y=25000.0, th=0.0)
[Slam @ slam.py:126][INFO] 2017-10-28 06:24:31,644: PoseMessage(t=1509186271.644361, n=8, x=25000.0, y=25000.0, th=0.0)
[Slam @ slam.py:126][INFO] 2017-10-28 06:24:31,775: PoseMessage(t=1509186271.7755694, n=9, x=25000.0, y=25000.0, th=0.0)
[Slam @ slam.py:126][INFO] 2017-10-28 06:24:32,008: PoseMessage(t=1509186272.0082054, n=10, x=25000.0, y=25000.0, th=0.0)
[Slam @ slam.py:126][INFO] 2017-10-28 06:24:32,265: PoseMessage(t=1509186272.2654028, n=11, x=25000.0, y=25000.0, th=0.0)
[Slam @ slam.py:126][INFO] 2017-10-28 06:24:32,501: PoseMessage(t=1509186272.5013452, n=12, x=25000.0, y=25000.0, th=0.0)
[Slam @ slam.py:126][INFO] 2017-10-28 06:24:32,741: PoseMessage(t=1509186272.7412694, n=13, x=25000.0, y=25000.0, th=0.0)
[Slam @ slam.py:126][INFO] 2017-10-28 06:24:32,847: PoseMessage(t=1509186272.8471642, n=14, x=25000.0, y=25000.0, th=0.0)
[Slam @ slam.py:126][INFO] 2017-10-28 06:24:33,097: PoseMessage(t=1509186273.0975542, n=15, x=25000.0, y=25000.0, th=0.0)
[Slam @ slam.py:126][INFO] 2017-10-28 06:24:33,306: PoseMessage(t=1509186273.3058994, n=16, x=25000.0, y=25000.0, th=0.0)
[Slam @ slam.py:126][INFO] 2017-10-28 06:24:33,553: PoseMessage(t=1509186273.5529869, n=17, x=25000.0, y=25000.0, th=0.0)
[Slam @ slam.py:126][INFO] 2017-10-28 06:24:33,779: PoseMessage(t=1509186273.7792094, n=18, x=25000.0, y=25000.0, th=0.0)
[Slam @ slam.py:126][INFO] 2017-10-28 06:24:33,910: PoseMessage(t=1509186273.9107277, n=19, x=25000.0, y=25000.0, th=0.0)
[Slam @ slam.py:126][INFO] 2017-10-28 06:24:34,142: PoseMessage(t=1509186274.1426394, n=20, x=25000.0, y=25000.0, th=0.0)
[Slam @ slam.py:126][INFO] 2017-10-28 06:24:34,339: PoseMessage(t=1509186274.3391562, n=21, x=25000.0, y=25000.0, th=0.0)
[Slam @ slam.py:126][INFO] 2017-10-28 06:24:34,570: PoseMessage(t=1509186274.570245, n=22, x=25000.0, y=25000.0, th=0.0)
[Slam @ slam.py:126][INFO] 2017-10-28 06:24:34,810: PoseMessage(t=1509186274.810727, n=23, x=25000.0, y=25000.0, th=0.0)
[Slam @ slam.py:126][INFO] 2017-10-28 06:24:35,074: PoseMessage(t=1509186275.0745049, n=24, x=25000.0, y=25000.0, th=0.0)
[Slam @ slam.py:126][INFO] 2017-10-28 06:24:35,283: PoseMessage(t=1509186275.2832692, n=25, x=25000.0, y=25000.0, th=0.0)
[Slam @ slam.py:126][INFO] 2017-10-28 06:24:35,411: PoseMessage(t=1509186275.4111266, n=26, x=25000.0, y=25000.0, th=0.0)
[Slam @ slam.py:126][INFO] 2017-10-28 06:24:35,653: PoseMessage(t=1509186275.653883, n=27, x=25000.0, y=25000.0, th=0.0)
[Slam @ slam.py:126][INFO] 2017-10-28 06:24:35,863: PoseMessage(t=1509186275.8635058, n=28, x=25000.0, y=25000.0, th=0.0)
[Slam @ slam.py:126][INFO] 2017-10-28 06:24:36,133: PoseMessage(t=1509186276.133209, n=29, x=25000.0, y=25000.0, th=0.0)
[Slam @ slam.py:126][INFO] 2017-10-28 06:24:36,383: PoseMessage(t=1509186276.383111, n=30, x=25000.0, y=25000.0, th=0.0)
[Slam @ slam.py:126][INFO] 2017-10-28 06:24:36,461: PoseMessage(t=1509186276.4614816, n=31, x=25000.0, y=25000.0, th=0.0)
[Slam @ slam.py:126][INFO] 2017-10-28 06:24:36,724: PoseMessage(t=1509186276.724443, n=32, x=25000.0, y=25000.0, th=0.0)
[Slam @ slam.py:126][INFO] 2017-10-28 06:24:36,946: PoseMessage(t=1509186276.9466918, n=33, x=25000.0, y=25000.0, th=0.0)
[Slam @ slam.py:126][INFO] 2017-10-28 06:24:37,176: PoseMessage(t=1509186277.175978, n=34, x=25000.0, y=25000.0, th=0.0)
[Slam @ slam.py:126][INFO] 2017-10-28 06:24:37,408: PoseMessage(t=1509186277.4079142, n=35, x=25000.0, y=25000.0, th=0.0)
[Slam @ slam.py:126][INFO] 2017-10-28 06:24:37,539: PoseMessage(t=1509186277.5392437, n=36, x=25000.0, y=25000.0, th=0.0)
[Slam @ slam.py:126][INFO] 2017-10-28 06:24:37,787: PoseMessage(t=1509186277.7878246, n=37, x=25000.0, y=25000.0, th=0.0)
[Slam @ slam.py:126][INFO] 2017-10-28 06:24:38,005: PoseMessage(t=1509186278.0049877, n=38, x=25000.0, y=25000.0, th=0.0)
[Slam @ slam.py:126][INFO] 2017-10-28 06:24:38,242: PoseMessage(t=1509186278.2424886, n=39, x=25000.0, y=25000.0, th=0.0)
[Slam @ slam.py:126][INFO] 2017-10-28 06:24:38,439: PoseMessage(t=1509186278.4394543, n=40, x=25000.0, y=25000.0, th=0.0)
[Slam @ slam.py:126][INFO] 2017-10-28 06:24:38,632: PoseMessage(t=1509186278.6320279, n=41, x=25000.0, y=25000.0, th=0.0)
[Slam @ slam.py:126][INFO] 2017-10-28 06:24:38,911: PoseMessage(t=1509186278.911274, n=42, x=24986.501470318763, y=24998.304989583266, th=1.2920944263169076)
[Slam @ slam.py:126][INFO] 2017-10-28 06:24:39,120: PoseMessage(t=1509186279.1208282, n=43, x=24945.467933191685, y=25018.98586407624, th=4.984566479542991)
[Slam @ slam.py:126][INFO] 2017-10-28 06:24:39,365: PoseMessage(t=1509186279.3655908, n=44, x=24888.27784580062, y=25056.68821150757, th=10.520079581619939)
[Slam @ slam.py:126][INFO] 2017-10-28 06:24:39,485: PoseMessage(t=1509186279.4853172, n=45, x=24824.999153305544, y=25098.60474611778, th=17.180230505327927)
[Slam @ slam.py:126][INFO] 2017-10-28 06:24:39,725: PoseMessage(t=1509186279.725282, n=46, x=24743.145490565985, y=25132.53058372211, th=25.32142602995009)
[Slam @ slam.py:126][INFO] 2017-10-28 06:24:39,938: PoseMessage(t=1509186279.9380014, n=47, x=24681.67700780341, y=25169.893684891576, th=33.982643963936425)
[Slam @ slam.py:126][INFO] 2017-10-28 06:24:40,191: PoseMessage(t=1509186280.1910346, n=48, x=24621.149537025667, y=25182.15281060111, th=40.898129357192374)
[Slam @ slam.py:126][INFO] 2017-10-28 06:24:40,417: PoseMessage(t=1509186280.4173763, n=49, x=24604.749827890373, y=25195.074662544357, th=44.310542548009835)
[Slam @ slam.py:126][INFO] 2017-10-28 06:24:40,542: PoseMessage(t=1509186280.5420394, n=50, x=24622.434154083203, y=25213.534827974217, th=43.46819605543715)
[Slam @ slam.py:126][INFO] 2017-10-28 06:24:40,797: PoseMessage(t=1509186280.797642, n=51, x=24670.15331008024, y=25223.216731126013, th=40.67849259892682)
[Slam @ slam.py:126][INFO] 2017-10-28 06:24:41,025: PoseMessage(t=1509186281.0256953, n=52, x=24716.429864643032, y=25243.978527235595, th=39.18083114262117)
[Slam @ slam.py:126][INFO] 2017-10-28 06:24:41,237: PoseMessage(t=1509186281.2377408, n=53, x=24742.227208828444, y=25277.976008551923, th=40.461101068103744)
[Slam @ slam.py:126][INFO] 2017-10-28 06:24:41,486: PoseMessage(t=1509186281.4863098, n=54, x=24780.87643895724, y=25334.37697237896, th=42.43185750401608)
[Slam @ slam.py:126][INFO] 2017-10-28 06:24:41,617: PoseMessage(t=1509186281.6176462, n=55, x=24814.045922475816, y=25402.724205185223, th=43.90239809665218)
[Slam @ slam.py:126][INFO] 2017-10-28 06:24:41,843: PoseMessage(t=1509186281.843805, n=56, x=24853.760864789547, y=25443.146640941995, th=45.271043541542895)
[Slam @ slam.py:126][INFO] 2017-10-28 06:24:42,077: PoseMessage(t=1509186282.07717, n=57, x=24885.417616505765, y=25490.831725986936, th=46.62667829175916)
[Slam @ slam.py:126][INFO] 2017-10-28 06:24:42,348: PoseMessage(t=1509186282.3486984, n=58, x=24913.235489044928, y=25523.523731949535, th=47.71742642256868)
[Slam @ slam.py:126][INFO] 2017-10-28 06:24:42,571: PoseMessage(t=1509186282.571095, n=59, x=24927.88452529494, y=25557.708966865903, th=48.54947893360077)
[Slam @ slam.py:126][INFO] 2017-10-28 06:24:42,678: PoseMessage(t=1509186282.6781294, n=60, x=24947.011942877725, y=25582.648159874952, th=49.1748184249127)
[Slam @ slam.py:126][INFO] 2017-10-28 06:24:42,882: PoseMessage(t=1509186282.8823805, n=61, x=24979.390129017702, y=25574.37060949669, th=49.90376334648772)
[Slam @ slam.py:126][INFO] 2017-10-28 06:24:43,123: PoseMessage(t=1509186283.1230233, n=62, x=24977.47503839819, y=25609.75915916715, th=50.113637617182576)
[Slam @ slam.py:126][INFO] 2017-10-28 06:24:43,343: PoseMessage(t=1509186283.3438306, n=63, x=24993.735209200895, y=25634.196510552283, th=50.83966078739195)
[Slam @ slam.py:126][INFO] 2017-10-28 06:24:43,588: PoseMessage(t=1509186283.5880752, n=64, x=25008.83310871468, y=25658.84604934472, th=51.67417859076977)
[Slam @ slam.py:126][INFO] 2017-10-28 06:24:43,815: PoseMessage(t=1509186283.8154597, n=65, x=25028.70020414157, y=25694.478787681146, th=52.4070129328004)
[Slam @ slam.py:126][INFO] 2017-10-28 06:24:43,942: PoseMessage(t=1509186283.942352, n=66, x=25057.71955457203, y=25747.74217262311, th=53.69455555510399)
[Slam @ slam.py:126][INFO] 2017-10-28 06:24:44,165: PoseMessage(t=1509186284.165366, n=67, x=25087.613844318912, y=25835.98653330846, th=55.26811681744334)
[Slam @ slam.py:126][INFO] 2017-10-28 06:24:44,405: PoseMessage(t=1509186284.4053545, n=68, x=25102.60523326615, y=25903.859412528982, th=57.15645803406119)
[Slam @ slam.py:126][INFO] 2017-10-28 06:24:44,610: PoseMessage(t=1509186284.610747, n=69, x=25162.518430938144, y=25959.859144069196, th=58.564934803727056)
[Slam @ slam.py:126][INFO] 2017-10-28 06:24:44,849: PoseMessage(t=1509186284.8491652, n=70, x=25209.29115453, y=26047.007989474514, th=58.6510960607859)
[Slam @ slam.py:126][INFO] 2017-10-28 06:24:45,108: PoseMessage(t=1509186285.108675, n=71, x=25267.126693063983, y=26143.925718891842, th=58.46873475216967)
[Slam @ slam.py:126][INFO] 2017-10-28 06:24:45,346: PoseMessage(t=1509186285.346206, n=72, x=25332.22522246797, y=26241.053782186646, th=58.35780753070253)
[Slam @ slam.py:126][INFO] 2017-10-28 06:24:45,438: PoseMessage(t=1509186285.437989, n=73, x=25391.251526165797, y=26341.906153449963, th=58.181993473918965)
[Slam @ slam.py:126][INFO] 2017-10-28 06:24:45,678: PoseMessage(t=1509186285.6785104, n=74, x=25449.981631453193, y=26439.866199727112, th=57.94633020421429)
[Slam @ slam.py:126][INFO] 2017-10-28 06:24:45,902: PoseMessage(t=1509186285.9028637, n=75, x=25510.018739585576, y=26542.12346175773, th=57.83589466314993)
[Slam @ slam.py:126][INFO] 2017-10-28 06:24:46,139: PoseMessage(t=1509186286.139218, n=76, x=25552.850568681242, y=26625.653513452562, th=58.04862715933382)
[Slam @ slam.py:126][INFO] 2017-10-28 06:24:46,389: PoseMessage(t=1509186286.3898435, n=77, x=25605.783382002483, y=26698.719234473538, th=58.42705073802904)
[Slam @ slam.py:126][INFO] 2017-10-28 06:24:46,517: PoseMessage(t=1509186286.5172668, n=78, x=25636.895377109977, y=26772.581422748044, th=60.393729952121475)
[Slam @ slam.py:126][INFO] 2017-10-28 06:24:46,744: PoseMessage(t=1509186286.7442708, n=79, x=25644.48514306241, y=26848.79362076026, th=63.45107490466148)
[Slam @ slam.py:126][INFO] 2017-10-28 06:24:46,960: PoseMessage(t=1509186286.9603536, n=80, x=25651.0702148571, y=26912.86285744718, th=66.62388281966855)
[Slam @ slam.py:126][INFO] 2017-10-28 06:24:47,173: PoseMessage(t=1509186287.1735563, n=81, x=25663.53392009878, y=26997.57437446824, th=69.36553847464097)
[Slam @ slam.py:126][INFO] 2017-10-28 06:24:47,418: PoseMessage(t=1509186287.4185944, n=82, x=25668.270192705313, y=27076.44897273276, th=72.55555818975267)
[Slam @ slam.py:126][INFO] 2017-10-28 06:24:47,686: PoseMessage(t=1509186287.6865854, n=83, x=25660.360112689887, y=27163.205056707375, th=75.8623352413008)
[Slam @ slam.py:126][INFO] 2017-10-28 06:24:47,848: PoseMessage(t=1509186287.8487644, n=84, x=25655.52016987167, y=27269.556198851205, th=79.68310667422543)
[Slam @ slam.py:126][INFO] 2017-10-28 06:24:48,093: PoseMessage(t=1509186288.093106, n=85, x=25644.03992338739, y=27365.108708874322, th=83.6778055153502)
[Slam @ slam.py:126][INFO] 2017-10-28 06:24:48,264: PoseMessage(t=1509186288.2640257, n=86, x=25617.64820210483, y=27486.988918353745, th=88.01810081317512)
[Slam @ slam.py:126][INFO] 2017-10-28 06:24:48,540: PoseMessage(t=1509186288.5405238, n=87, x=25579.416336852955, y=27613.636836936348, th=92.64490910944573)
[Slam @ slam.py:126][INFO] 2017-10-28 06:24:48,682: PoseMessage(t=1509186288.6825826, n=88, x=25549.591986464293, y=27735.100630216766, th=95.70203870968385)
[Slam @ slam.py:126][INFO] 2017-10-28 06:24:48,967: PoseMessage(t=1509186288.9675584, n=89, x=25537.470641897016, y=27868.82637339877, th=94.21043519844375)
[Slam @ slam.py:126][INFO] 2017-10-28 06:24:49,087: PoseMessage(t=1509186289.087789, n=90, x=25581.190347478332, y=28012.30977201485, th=87.51830872796404)
[Slam @ slam.py:126][INFO] 2017-10-28 06:24:49,378: PoseMessage(t=1509186289.3787923, n=91, x=25671.188693486693, y=28149.630914494628, th=77.8814635810761)
[Slam @ slam.py:126][INFO] 2017-10-28 06:24:49,545: PoseMessage(t=1509186289.5454605, n=92, x=25786.871785601033, y=28256.922715116525, th=67.61704972349094)
[Slam @ slam.py:126][INFO] 2017-10-28 06:24:49,789: PoseMessage(t=1509186289.7895415, n=93, x=25923.19086522366, y=28343.050610279897, th=56.71511106411913)
[Slam @ slam.py:126][INFO] 2017-10-28 06:24:49,958: PoseMessage(t=1509186289.9579403, n=94, x=26072.849035892068, y=28411.347085033776, th=45.39748805240947)
[Slam @ slam.py:126][INFO] 2017-10-28 06:24:50,213: PoseMessage(t=1509186290.2130682, n=95, x=26229.813335229483, y=28448.492045463354, th=35.53693942751693)
[Slam @ slam.py:126][INFO] 2017-10-28 06:24:50,382: PoseMessage(t=1509186290.3824978, n=96, x=26384.931569412947, y=28464.02710069233, th=26.27195374003918)
[Slam @ slam.py:126][INFO] 2017-10-28 06:24:50,657: PoseMessage(t=1509186290.657483, n=97, x=26531.538157450632, y=28452.777034587052, th=18.31475727620841)
[Slam @ slam.py:126][INFO] 2017-10-28 06:24:50,833: PoseMessage(t=1509186290.83358, n=98, x=26673.49208859705, y=28441.101708127826, th=11.498874013456089)
[Slam @ slam.py:126][INFO] 2017-10-28 06:24:51,099: PoseMessage(t=1509186291.0992637, n=99, x=26813.990668635597, y=28423.154049417644, th=7.10147762231486)
[Slam @ slam.py:126][INFO] 2017-10-28 06:24:51,206: PoseMessage(t=1509186291.206492, n=100, x=26952.21346203216, y=28416.39893255633, th=4.245119144003411)
[Slam @ slam.py:126][INFO] 2017-10-28 06:24:51,474: PoseMessage(t=1509186291.4742043, n=101, x=27097.52871300916, y=28417.77210645232, th=3.559292928176774)
[Slam @ slam.py:126][INFO] 2017-10-28 06:24:51,721: PoseMessage(t=1509186291.7209415, n=102, x=27246.37811960456, y=28422.53820506012, th=2.815265547170611)
[Slam @ slam.py:126][INFO] 2017-10-28 06:24:51,913: PoseMessage(t=1509186291.913845, n=103, x=27403.57857785457, y=28417.867090603977, th=1.9334885920318357)
[Slam @ slam.py:126][INFO] 2017-10-28 06:24:52,143: PoseMessage(t=1509186292.1435184, n=104, x=27540.46517235729, y=28413.47353905003, th=0.9893813476730884)
[Slam @ slam.py:126][INFO] 2017-10-28 06:24:52,280: PoseMessage(t=1509186292.2800512, n=105, x=27672.386972140885, y=28407.12885909743, th=-0.0013250982090085017)
[Slam @ slam.py:126][INFO] 2017-10-28 06:24:52,471: PoseMessage(t=1509186292.4711254, n=106, x=27791.538302135086, y=28386.48723416991, th=-0.6976722305341809)
[Slam @ slam.py:126][INFO] 2017-10-28 06:24:52,703: PoseMessage(t=1509186292.7035308, n=107, x=27896.454740735135, y=28380.90967565222, th=-1.5220552036123536)
[Slam @ slam.py:126][INFO] 2017-10-28 06:24:52,955: PoseMessage(t=1509186292.9550607, n=108, x=27994.96119716241, y=28367.176938445482, th=-2.358603237379384)
[Slam @ slam.py:126][INFO] 2017-10-28 06:24:53,179: PoseMessage(t=1509186293.1792774, n=109, x=28088.474891335136, y=28358.586243281025, th=-3.0233348422996187)
[Slam @ slam.py:126][INFO] 2017-10-28 06:24:53,403: PoseMessage(t=1509186293.4036536, n=110, x=28166.00519791282, y=28347.459406146663, th=-3.584261190270581)
[Slam @ slam.py:126][INFO] 2017-10-28 06:24:53,657: PoseMessage(t=1509186293.6578312, n=111, x=28233.071366564764, y=28343.822361619095, th=-4.225390884092803)
[Slam @ slam.py:126][INFO] 2017-10-28 06:24:53,784: PoseMessage(t=1509186293.7840743, n=112, x=28304.22789719705, y=28329.259688136517, th=-4.0472268990419025)
[Slam @ slam.py:126][INFO] 2017-10-28 06:24:54,024: PoseMessage(t=1509186294.0239906, n=113, x=28395.915624672125, y=28327.292321479763, th=-2.765193591316688)
[Slam @ slam.py:126][INFO] 2017-10-28 06:24:54,237: PoseMessage(t=1509186294.2374077, n=114, x=28492.152512362736, y=28335.25374842866, th=-1.3442593200164765)
[Slam @ slam.py:126][INFO] 2017-10-28 06:24:54,484: PoseMessage(t=1509186294.4839568, n=115, x=28608.938564399068, y=28342.609455922502, th=-0.13340150077453927)
[Slam @ slam.py:126][INFO] 2017-10-28 06:24:54,715: PoseMessage(t=1509186294.714996, n=116, x=28735.463420208907, y=28348.362747955252, th=1.3709801876490246)
[Slam @ slam.py:126][INFO] 2017-10-28 06:24:54,839: PoseMessage(t=1509186294.8398871, n=117, x=28856.52710432223, y=28359.86036559043, th=2.564243201496197)
[Slam @ slam.py:126][INFO] 2017-10-28 06:24:55,060: PoseMessage(t=1509186295.0603843, n=118, x=28984.433387313402, y=28382.0158876566, th=3.520270167219337)
[Slam @ slam.py:126][INFO] 2017-10-28 06:24:55,265: PoseMessage(t=1509186295.2652118, n=119, x=29123.158118222273, y=28394.183637210517, th=4.5381731077310405)
[Slam @ slam.py:126][INFO] 2017-10-28 06:24:55,541: PoseMessage(t=1509186295.5418122, n=120, x=29265.67954196107, y=28414.044306366122, th=5.405152645044495)
[Slam @ slam.py:126][INFO] 2017-10-28 06:24:55,771: PoseMessage(t=1509186295.7717924, n=121, x=29423.001335849767, y=28432.918376201997, th=6.260622118507513)
[Slam @ slam.py:126][INFO] 2017-10-28 06:24:55,980: PoseMessage(t=1509186295.9805732, n=122, x=29572.74078234077, y=28450.759244622895, th=6.582112283295487)
[Slam @ slam.py:126][INFO] 2017-10-28 06:24:56,215: PoseMessage(t=1509186296.2156456, n=123, x=29721.58906529985, y=28471.195793291554, th=6.068644324487309)
[Slam @ slam.py:126][INFO] 2017-10-28 06:24:56,341: PoseMessage(t=1509186296.3415165, n=124, x=29851.35854785658, y=28475.643774319906, th=4.44990349494276)
[Slam @ slam.py:126][INFO] 2017-10-28 06:24:56,581: PoseMessage(t=1509186296.5815537, n=125, x=30000.715663172377, y=28462.016632921586, th=1.9082648175850636)
[Slam @ slam.py:126][INFO] 2017-10-28 06:24:56,802: PoseMessage(t=1509186296.8019438, n=126, x=30157.470010854377, y=28447.424250982294, th=-0.9863032624974721)
[Slam @ slam.py:126][INFO] 2017-10-28 06:24:57,054: PoseMessage(t=1509186297.054594, n=127, x=30318.450234893317, y=28412.516288664483, th=-4.882120267893129)
[Slam @ slam.py:126][INFO] 2017-10-28 06:24:57,262: PoseMessage(t=1509186297.262539, n=128, x=30477.39335602855, y=28356.46519271686, th=-10.58681230194395)
[Slam @ slam.py:126][INFO] 2017-10-28 06:24:57,412: PoseMessage(t=1509186297.4119103, n=129, x=30620.070211652273, y=28251.280226414383, th=-18.856655607914377)
[Slam @ slam.py:126][INFO] 2017-10-28 06:24:57,617: PoseMessage(t=1509186297.616932, n=130, x=30724.887996528196, y=28132.812298642602, th=-30.429922458160377)
[Slam @ slam.py:126][INFO] 2017-10-28 06:24:57,842: PoseMessage(t=1509186297.8428125, n=131, x=30793.783674380757, y=27965.793005592786, th=-40.92123682154977)
[Slam @ slam.py:126][INFO] 2017-10-28 06:24:58,068: PoseMessage(t=1509186298.0679283, n=132, x=30843.48943139521, y=27811.309605121278, th=-50.35647444902622)
[Slam @ slam.py:126][INFO] 2017-10-28 06:24:58,348: PoseMessage(t=1509186298.348617, n=133, x=30888.69549687115, y=27650.83232711222, th=-57.90772990799212)
[Slam @ slam.py:126][INFO] 2017-10-28 06:24:58,540: PoseMessage(t=1509186298.5405247, n=134, x=30910.81850260707, y=27481.586594551845, th=-64.47713527689245)
[Slam @ slam.py:126][INFO] 2017-10-28 06:24:58,777: PoseMessage(t=1509186298.776992, n=135, x=30931.3864863685, y=27319.770360037728, th=-70.64065171266463)
[Slam @ slam.py:126][INFO] 2017-10-28 06:24:58,951: PoseMessage(t=1509186298.9511802, n=136, x=30933.71799833585, y=27162.60946026123, th=-76.61868380705016)
[Slam @ slam.py:126][INFO] 2017-10-28 06:24:59,101: PoseMessage(t=1509186299.1011715, n=137, x=30922.605744222892, y=27003.527571317318, th=-82.85714761210727)
[Slam @ slam.py:126][INFO] 2017-10-28 06:24:59,360: PoseMessage(t=1509186299.360521, n=138, x=30880.98711339735, y=26846.584057782093, th=-88.68617127156938)
[Slam @ slam.py:126][INFO] 2017-10-28 06:24:59,590: PoseMessage(t=1509186299.5901532, n=139, x=30833.259351615925, y=26696.493241623466, th=-95.87187523199134)
[Slam @ slam.py:126][INFO] 2017-10-28 06:24:59,776: PoseMessage(t=1509186299.7766678, n=140, x=30758.291135420222, y=26554.384193908845, th=-103.09513407936208)
[Slam @ slam.py:126][INFO] 2017-10-28 06:24:59,978: PoseMessage(t=1509186299.9781246, n=141, x=30662.200621964075, y=26432.979538840664, th=-110.37921869562012)
[Slam @ slam.py:126][INFO] 2017-10-28 06:25:00,166: PoseMessage(t=1509186300.1659951, n=142, x=30542.1765123323, y=26332.022413415325, th=-118.17533438459975)
[Slam @ slam.py:126][INFO] 2017-10-28 06:25:00,580: PoseMessage(t=1509186300.5801926, n=143, x=30424.21309868405, y=26249.579333882866, th=-126.20969028207071)
[Slam @ slam.py:126][INFO] 2017-10-28 06:25:00,639: PoseMessage(t=1509186300.6392877, n=144, x=30290.465637810485, y=26186.455885160103, th=-133.9202016402072)
[Slam @ slam.py:126][INFO] 2017-10-28 06:25:00,923: PoseMessage(t=1509186300.9236407, n=145, x=30139.60849470641, y=26142.893288519554, th=-141.30280777891528)
[Slam @ slam.py:126][INFO] 2017-10-28 06:25:01,180: PoseMessage(t=1509186301.1799238, n=146, x=30000.433347474973, y=26113.57430543503, th=-148.5241218658433)
[Slam @ slam.py:126][INFO] 2017-10-28 06:25:01,390: PoseMessage(t=1509186301.390142, n=147, x=29852.60704431894, y=26091.433040593984, th=-155.54929974470213)
[Slam @ slam.py:126][INFO] 2017-10-28 06:25:01,560: PoseMessage(t=1509186301.56089, n=148, x=29695.03075625871, y=26083.14072090143, th=-160.8101642474088)
[Slam @ slam.py:126][INFO] 2017-10-28 06:25:01,670: PoseMessage(t=1509186301.670081, n=149, x=29528.203758254313, y=26057.96130939707, th=-164.93097720846833)
[Slam @ slam.py:126][INFO] 2017-10-28 06:25:01,961: PoseMessage(t=1509186301.961842, n=150, x=29352.61536864018, y=26045.194103637186, th=-168.65075441198258)
[Slam @ slam.py:126][INFO] 2017-10-28 06:25:02,210: PoseMessage(t=1509186302.2100887, n=151, x=29189.671723349966, y=26060.828225435762, th=-171.8832202875359)
[Slam @ slam.py:126][INFO] 2017-10-28 06:25:02,373: PoseMessage(t=1509186302.3734572, n=152, x=29016.20741443803, y=26058.02198614001, th=-174.1850382034039)
[Slam @ slam.py:126][INFO] 2017-10-28 06:25:02,631: PoseMessage(t=1509186302.6315012, n=153, x=28841.307269115714, y=26047.739650977383, th=-174.78383302271766)
[Slam @ slam.py:126][INFO] 2017-10-28 06:25:02,757: PoseMessage(t=1509186302.7577548, n=154, x=28677.269861635068, y=26030.417039092936, th=-174.47573923787502)
[Slam @ slam.py:126][INFO] 2017-10-28 06:25:02,994: PoseMessage(t=1509186302.994339, n=155, x=28522.268050976345, y=26018.212744161792, th=-174.32007808716378)
[Slam @ slam.py:126][INFO] 2017-10-28 06:25:03,227: PoseMessage(t=1509186303.2272527, n=156, x=28363.86484765426, y=25995.21413246439, th=-174.16660020002098)
[Slam @ slam.py:126][INFO] 2017-10-28 06:25:03,476: PoseMessage(t=1509186303.4764757, n=157, x=28205.768084535157, y=25976.573606452803, th=-173.98246146845565)
[Slam @ slam.py:126][INFO] 2017-10-28 06:25:03,578: PoseMessage(t=1509186303.5786545, n=158, x=28038.182772913206, y=25961.440286820653, th=-173.5306495377671)
[Slam @ slam.py:126][INFO] 2017-10-28 06:25:03,816: PoseMessage(t=1509186303.8160348, n=159, x=27879.91121880077, y=25954.30261123729, th=-173.19595671686045)
[Slam @ slam.py:126][INFO] 2017-10-28 06:25:04,056: PoseMessage(t=1509186304.0566506, n=160, x=27720.450705256735, y=25947.574041865664, th=-172.85787056179913)
[Slam @ slam.py:126][INFO] 2017-10-28 06:25:04,299: PoseMessage(t=1509186304.299474, n=161, x=27550.324152964822, y=25934.985103941654, th=-172.5027401940423)
[Slam @ slam.py:126][INFO] 2017-10-28 06:25:04,528: PoseMessage(t=1509186304.5284255, n=162, x=27389.124567150793, y=25907.15560439894, th=-172.20398846287196)
[Slam @ slam.py:126][INFO] 2017-10-28 06:25:04,662: PoseMessage(t=1509186304.6625106, n=163, x=27227.021825283373, y=25883.90943212471, th=-171.81805391960722)
[Slam @ slam.py:126][INFO] 2017-10-28 06:25:04,847: PoseMessage(t=1509186304.847725, n=164, x=27058.837123185003, y=25866.089436691618, th=-171.52905485757572)
[Slam @ slam.py:126][INFO] 2017-10-28 06:25:05,079: PoseMessage(t=1509186305.0795634, n=165, x=26888.110347061956, y=25824.720865767813, th=-171.346646409267)
[Slam @ slam.py:126][INFO] 2017-10-28 06:25:05,302: PoseMessage(t=1509186305.302328, n=166, x=26734.460302039588, y=25805.959794205046, th=-170.96068983131033)
[Slam @ slam.py:126][INFO] 2017-10-28 06:25:05,547: PoseMessage(t=1509186305.5469496, n=167, x=26570.96400813207, y=25781.154984636305, th=-170.65533643695005)
[Slam @ slam.py:126][INFO] 2017-10-28 06:25:05,772: PoseMessage(t=1509186305.772249, n=168, x=26399.875016570513, y=25747.1790480824, th=-170.63780219557145)
[Slam @ slam.py:126][INFO] 2017-10-28 06:25:06,005: PoseMessage(t=1509186306.0055332, n=169, x=26240.4825603433, y=25721.03509328772, th=-170.44806670624155)
[Slam @ slam.py:126][INFO] 2017-10-28 06:25:06,211: PoseMessage(t=1509186306.2115817, n=170, x=26073.815710826966, y=25692.484925673125, th=-170.2438776264279)
[Slam @ slam.py:126][INFO] 2017-10-28 06:25:06,448: PoseMessage(t=1509186306.4484172, n=171, x=25909.05391872111, y=25662.73666452944, th=-170.07166883232628)
[Slam @ slam.py:126][INFO] 2017-10-28 06:25:06,582: PoseMessage(t=1509186306.5819354, n=172, x=25744.67493581942, y=25628.761554303128, th=-169.9472126139989)
[Slam @ slam.py:126][INFO] 2017-10-28 06:25:06,800: PoseMessage(t=1509186306.8005447, n=173, x=25581.077169688626, y=25606.835991455955, th=-169.6948933591301)
[Slam @ slam.py:126][INFO] 2017-10-28 06:25:07,022: PoseMessage(t=1509186307.0223157, n=174, x=25424.04439206931, y=25579.090174592056, th=-169.41386277904883)
[Slam @ slam.py:126][INFO] 2017-10-28 06:25:07,245: PoseMessage(t=1509186307.245204, n=175, x=25257.437333438986, y=25545.746151336425, th=-169.3033313646555)
[Slam @ slam.py:126][INFO] 2017-10-28 06:25:07,470: PoseMessage(t=1509186307.4703584, n=176, x=25104.957824919813, y=25510.166210659736, th=-169.09380181053336)
[Slam @ slam.py:126][INFO] 2017-10-28 06:25:07,720: PoseMessage(t=1509186307.7202885, n=177, x=24956.74874205489, y=25475.59625464346, th=-168.96937102400614)
[Slam @ slam.py:126][INFO] 2017-10-28 06:25:07,841: PoseMessage(t=1509186307.8413332, n=178, x=24808.4515482804, y=25450.51341815706, th=-168.95400302805854)
[Slam @ slam.py:126][INFO] 2017-10-28 06:25:08,094: PoseMessage(t=1509186308.0941076, n=179, x=24653.783186226803, y=25422.982144108937, th=-169.05190125487195)
[Slam @ slam.py:126][INFO] 2017-10-28 06:25:08,331: PoseMessage(t=1509186308.3315728, n=180, x=24516.347876926022, y=25401.944789503388, th=-169.16517955077495)
[Slam @ slam.py:126][INFO] 2017-10-28 06:25:08,565: PoseMessage(t=1509186308.5651364, n=181, x=24380.184223390836, y=25379.66109302993, th=-169.38334123931043)
[Slam @ slam.py:126][INFO] 2017-10-28 06:25:08,777: PoseMessage(t=1509186308.7775364, n=182, x=24238.76314964583, y=25353.938322637034, th=-169.8113998165462)
[Slam @ slam.py:126][INFO] 2017-10-28 06:25:09,038: PoseMessage(t=1509186309.0385847, n=183, x=24110.169716683606, y=25331.036892086333, th=-170.04967985795872)
[Slam @ slam.py:126][INFO] 2017-10-28 06:25:09,135: PoseMessage(t=1509186309.1349404, n=184, x=23980.423043734492, y=25312.211904809876, th=-170.865707407076)
[Slam @ slam.py:126][INFO] 2017-10-28 06:25:09,377: PoseMessage(t=1509186309.3772871, n=185, x=23858.50896929843, y=25313.283230918525, th=-172.345394422602)
[Slam @ slam.py:126][INFO] 2017-10-28 06:25:09,634: PoseMessage(t=1509186309.63418, n=186, x=23750.062046677715, y=25320.264843311226, th=-174.2403064926583)
[Slam @ slam.py:126][INFO] 2017-10-28 06:25:09,856: PoseMessage(t=1509186309.8566508, n=187, x=23648.176575304034, y=25320.78556488973, th=-175.37596418698)
[Slam @ slam.py:126][INFO] 2017-10-28 06:25:10,081: PoseMessage(t=1509186310.0816886, n=188, x=23552.225426194866, y=25320.705783796577, th=-176.7242890779852)
[Slam @ slam.py:126][INFO] 2017-10-28 06:25:10,217: PoseMessage(t=1509186310.217268, n=189, x=23463.583870441846, y=25329.91468047444, th=-177.96498879340277)
[Slam @ slam.py:126][INFO] 2017-10-28 06:25:10,414: PoseMessage(t=1509186310.4142075, n=190, x=23394.076818571386, y=25335.907728110444, th=-178.96615181494042)
[Slam @ slam.py:126][INFO] 2017-10-28 06:25:10,665: PoseMessage(t=1509186310.665412, n=191, x=23353.217333117766, y=25346.744125477973, th=-179.54669497933708)
[Slam @ slam.py:126][INFO] 2017-10-28 06:25:10,870: PoseMessage(t=1509186310.8700287, n=192, x=23353.217333117766, y=25346.744125477973, th=-179.54669497933708)
[Slam @ slam.py:126][INFO] 2017-10-28 06:25:11,125: PoseMessage(t=1509186311.1258142, n=193, x=23301.1472290431, y=25346.151475065974, th=-180.420431130089)
[Slam @ slam.py:126][INFO] 2017-10-28 06:25:11,331: PoseMessage(t=1509186311.3309543, n=194, x=23301.1472290431, y=25346.151475065974, th=-180.420431130089)
[Slam @ slam.py:126][INFO] 2017-10-28 06:25:11,599: PoseMessage(t=1509186311.5996778, n=195, x=23270.89354764231, y=25356.363047303286, th=-180.84925710082814)
[Slam @ slam.py:126][INFO] 2017-10-28 06:25:11,694: PoseMessage(t=1509186311.6947958, n=196, x=23270.89354764231, y=25356.363047303286, th=-180.84925710082814)
[Slam @ slam.py:126][INFO] 2017-10-28 06:25:11,944: PoseMessage(t=1509186311.9440942, n=197, x=23270.89354764231, y=25356.363047303286, th=-180.84925710082814)
[Slam @ slam.py:126][INFO] 2017-10-28 06:25:12,154: PoseMessage(t=1509186312.1547327, n=198, x=23270.89354764231, y=25356.363047303286, th=-180.84925710082814)
[Slam @ slam.py:126][INFO] 2017-10-28 06:25:12,422: PoseMessage(t=1509186312.4225495, n=199, x=23270.89354764231, y=25356.363047303286, th=-180.84925710082814)
[Slam @ node.py:102][INFO] 2017-10-28 06:25:12,600: Node took 50.193158864974976s to run
