[BabyBuggy @ factory.py:85][DEBUG] 2017-11-15 17:48:33,310: Logging to: logs/2017_Nov_15/BabyBuggy/17_48_33.log
[BabyBuggy @ orchestrator.py:224][INFO] 2017-11-15 17:48:33,353: Consumer 'Odometry' isn't enabled! Ignoring subscription to producer 'QuadEncoder'
[BabyBuggy @ orchestrator.py:224][INFO] 2017-11-15 17:48:33,353: Consumer 'Odometry' isn't enabled! Ignoring subscription to producer 'BNO055'
[BabyBuggy @ orchestrator.py:250][INFO] 2017-11-15 17:48:33,354: 'Slam' is subscribing to 'LMS200' with the tag 'lms'
[BabyBuggy @ orchestrator.py:220][INFO] 2017-11-15 17:48:33,354: Producer 'Odometry' isn't enabled! Ignoring consumer 'Slam' subscription
[BabyBuggy @ orchestrator.py:220][INFO] 2017-11-15 17:48:33,355: Producer 'OpenCVCamera' isn't enabled! Ignoring consumer 'OpenCVRecorder' subscription
[BabyBuggy @ orchestrator.py:108][DEBUG] 2017-11-15 17:48:33,355: Applying subscriptions
[BabyBuggy @ orchestrator.py:112][DEBUG] 2017-11-15 17:48:33,355: Adding setup tasks
[BabyBuggy @ orchestrator.py:117][DEBUG] 2017-11-15 17:48:33,356: Running set up tasks (6). [<babybuggy.bno055.BNO055 object at 0x7f8e61f5c0>, <babybuggy.adafruit_gps.AdafruitGPS object at 0x7f6e30c6a0>, <babybuggy.quad_encoder.QuadEncoder object at 0x7f6e312400>, <lms200.lms200.LMS200 object at 0x7f6e3193c8>, <lms200.slam.Slam object at 0x7f6e2b35f8>] and orchestrator setup
[BabyBuggy @ orchestrator.py:68][INFO] 2017-11-15 17:48:33,357: setup
[BabyBuggy @ orchestrator.py:149][DEBUG] 2017-11-15 17:48:39,496: Cancelling <Task finished coro=<Orchestrator.setup() done, defined at /usr/lib/python3.5/asyncio/coroutines.py:204> result=None>: False
[BabyBuggy @ orchestrator.py:149][DEBUG] 2017-11-15 17:48:39,497: Cancelling <Task finished coro=<Arduino.setup() done, defined at /usr/lib/python3.5/asyncio/coroutines.py:204> result=None>: False
[BabyBuggy @ orchestrator.py:149][DEBUG] 2017-11-15 17:48:39,498: Cancelling <Task finished coro=<Arduino.setup() done, defined at /usr/lib/python3.5/asyncio/coroutines.py:204> result=None>: False
[BabyBuggy @ orchestrator.py:149][DEBUG] 2017-11-15 17:48:39,500: Cancelling <Task finished coro=<Arduino.setup() done, defined at /usr/lib/python3.5/asyncio/coroutines.py:204> result=None>: False
[BabyBuggy @ orchestrator.py:149][DEBUG] 2017-11-15 17:48:39,501: Cancelling <Task finished coro=<LMS200.setup() done, defined at /usr/local/lib/python3.5/dist-packages/lms200/lms200.py:70> result=None>: False
[BabyBuggy @ orchestrator.py:149][DEBUG] 2017-11-15 17:48:39,502: Cancelling <Task finished coro=<Node.setup() done, defined at /usr/lib/python3.5/asyncio/coroutines.py:204> result=None>: False
[BabyBuggy @ orchestrator.py:135][DEBUG] 2017-11-15 17:48:39,502: Adding loop tasks
[BabyBuggy @ orchestrator.py:139][DEBUG] 2017-11-15 17:48:39,504: Appending BNO055's loop task
[BabyBuggy @ orchestrator.py:139][DEBUG] 2017-11-15 17:48:39,504: Appending AdafruitGPS's loop task
[BabyBuggy @ orchestrator.py:139][DEBUG] 2017-11-15 17:48:39,505: Appending QuadEncoder's loop task
[BabyBuggy @ orchestrator.py:139][DEBUG] 2017-11-15 17:48:39,506: Appending LMS200's loop task
[BabyBuggy @ orchestrator.py:139][DEBUG] 2017-11-15 17:48:39,507: Appending Slam's loop task
[BabyBuggy @ orchestrator.py:144][DEBUG] 2017-11-15 17:48:39,508: Running loop tasks (6)
[BabyBuggy @ orchestrator.py:167][DEBUG] 2017-11-15 17:49:03,965: 6 tasks to cancel
[BabyBuggy @ orchestrator.py:149][DEBUG] 2017-11-15 17:49:03,966: Cancelling <Task pending coro=<Orchestrator.loop() running at /usr/local/lib/python3.5/dist-packages/atlasbuggy/orchestrator.py:73> wait_for=<Future cancelled> cb=[_wait.<locals>._on_completion() at /usr/lib/python3.5/asyncio/tasks.py:414]>: True
[BabyBuggy @ orchestrator.py:149][DEBUG] 2017-11-15 17:49:03,966: Cancelling <Task cancelling coro=<BNO055.loop() running at /media/nvidia/JetsonSSD/code/TestBed/babybuggy/bno055.py:137> cb=[_wait.<locals>._on_completion() at /usr/lib/python3.5/asyncio/tasks.py:414]>: True
[BabyBuggy @ orchestrator.py:149][DEBUG] 2017-11-15 17:49:03,967: Cancelling <Task cancelling coro=<AdafruitGPS.loop() running at /media/nvidia/JetsonSSD/code/TestBed/babybuggy/adafruit_gps.py:144> cb=[_wait.<locals>._on_completion() at /usr/lib/python3.5/asyncio/tasks.py:414]>: True
[BabyBuggy @ orchestrator.py:149][DEBUG] 2017-11-15 17:49:03,967: Cancelling <Task cancelling coro=<QuadEncoder.loop() running at /media/nvidia/JetsonSSD/code/TestBed/babybuggy/quad_encoder.py:78> cb=[_wait.<locals>._on_completion() at /usr/lib/python3.5/asyncio/tasks.py:414]>: True
[BabyBuggy @ orchestrator.py:149][DEBUG] 2017-11-15 17:49:03,967: Cancelling <Task pending coro=<LMS200.loop() running at /usr/local/lib/python3.5/dist-packages/lms200/lms200.py:124> wait_for=<Future cancelled> cb=[_wait.<locals>._on_completion() at /usr/lib/python3.5/asyncio/tasks.py:414]>: True
[BabyBuggy @ orchestrator.py:149][DEBUG] 2017-11-15 17:49:03,968: Cancelling <Task pending coro=<Slam.loop() running at /usr/local/lib/python3.5/dist-packages/lms200/slam.py:134> wait_for=<Future cancelled> cb=[_wait.<locals>._on_completion() at /usr/lib/python3.5/asyncio/tasks.py:414]>: True
[BabyBuggy @ orchestrator.py:167][DEBUG] 2017-11-15 17:49:03,968: 6 tasks to cancel
[BabyBuggy @ orchestrator.py:149][DEBUG] 2017-11-15 17:49:03,968: Cancelling <Task cancelling coro=<Orchestrator.loop() running at /usr/local/lib/python3.5/dist-packages/atlasbuggy/orchestrator.py:73> wait_for=<Future cancelled> cb=[_wait.<locals>._on_completion() at /usr/lib/python3.5/asyncio/tasks.py:414]>: True
[BabyBuggy @ orchestrator.py:149][DEBUG] 2017-11-15 17:49:03,968: Cancelling <Task cancelling coro=<BNO055.loop() running at /media/nvidia/JetsonSSD/code/TestBed/babybuggy/bno055.py:137> cb=[_wait.<locals>._on_completion() at /usr/lib/python3.5/asyncio/tasks.py:414]>: True
[BabyBuggy @ orchestrator.py:149][DEBUG] 2017-11-15 17:49:03,968: Cancelling <Task cancelling coro=<AdafruitGPS.loop() running at /media/nvidia/JetsonSSD/code/TestBed/babybuggy/adafruit_gps.py:144> cb=[_wait.<locals>._on_completion() at /usr/lib/python3.5/asyncio/tasks.py:414]>: True
[BabyBuggy @ orchestrator.py:149][DEBUG] 2017-11-15 17:49:03,969: Cancelling <Task cancelling coro=<QuadEncoder.loop() running at /media/nvidia/JetsonSSD/code/TestBed/babybuggy/quad_encoder.py:78> cb=[_wait.<locals>._on_completion() at /usr/lib/python3.5/asyncio/tasks.py:414]>: True
[BabyBuggy @ orchestrator.py:149][DEBUG] 2017-11-15 17:49:03,969: Cancelling <Task cancelling coro=<LMS200.loop() running at /usr/local/lib/python3.5/dist-packages/lms200/lms200.py:124> wait_for=<Future cancelled> cb=[_wait.<locals>._on_completion() at /usr/lib/python3.5/asyncio/tasks.py:414]>: True
[BabyBuggy @ orchestrator.py:149][DEBUG] 2017-11-15 17:49:03,969: Cancelling <Task cancelling coro=<Slam.loop() running at /usr/local/lib/python3.5/dist-packages/lms200/slam.py:134> wait_for=<Future cancelled> cb=[_wait.<locals>._on_completion() at /usr/lib/python3.5/asyncio/tasks.py:414]>: True
[BabyBuggy @ orchestrator.py:167][DEBUG] 2017-11-15 17:49:03,969: 6 tasks to cancel
[BabyBuggy @ orchestrator.py:149][DEBUG] 2017-11-15 17:49:03,969: Cancelling <Task cancelling coro=<Orchestrator.loop() running at /usr/local/lib/python3.5/dist-packages/atlasbuggy/orchestrator.py:73> wait_for=<Future cancelled> cb=[_wait.<locals>._on_completion() at /usr/lib/python3.5/asyncio/tasks.py:414]>: True
[BabyBuggy @ orchestrator.py:149][DEBUG] 2017-11-15 17:49:03,969: Cancelling <Task cancelling coro=<BNO055.loop() running at /media/nvidia/JetsonSSD/code/TestBed/babybuggy/bno055.py:137> cb=[_wait.<locals>._on_completion() at /usr/lib/python3.5/asyncio/tasks.py:414]>: True
[BabyBuggy @ orchestrator.py:149][DEBUG] 2017-11-15 17:49:03,970: Cancelling <Task cancelling coro=<AdafruitGPS.loop() running at /media/nvidia/JetsonSSD/code/TestBed/babybuggy/adafruit_gps.py:144> cb=[_wait.<locals>._on_completion() at /usr/lib/python3.5/asyncio/tasks.py:414]>: True
[BabyBuggy @ orchestrator.py:149][DEBUG] 2017-11-15 17:49:03,970: Cancelling <Task cancelling coro=<QuadEncoder.loop() running at /media/nvidia/JetsonSSD/code/TestBed/babybuggy/quad_encoder.py:78> cb=[_wait.<locals>._on_completion() at /usr/lib/python3.5/asyncio/tasks.py:414]>: True
[BabyBuggy @ orchestrator.py:149][DEBUG] 2017-11-15 17:49:03,970: Cancelling <Task cancelling coro=<LMS200.loop() running at /usr/local/lib/python3.5/dist-packages/lms200/lms200.py:124> wait_for=<Future cancelled> cb=[_wait.<locals>._on_completion() at /usr/lib/python3.5/asyncio/tasks.py:414]>: True
[BabyBuggy @ orchestrator.py:149][DEBUG] 2017-11-15 17:49:03,970: Cancelling <Task cancelling coro=<Slam.loop() running at /usr/local/lib/python3.5/dist-packages/lms200/slam.py:134> wait_for=<Future cancelled> cb=[_wait.<locals>._on_completion() at /usr/lib/python3.5/asyncio/tasks.py:414]>: True
[BabyBuggy @ orchestrator.py:167][DEBUG] 2017-11-15 17:49:03,970: 6 tasks to cancel
[BabyBuggy @ orchestrator.py:149][DEBUG] 2017-11-15 17:49:03,971: Cancelling <Task cancelling coro=<Orchestrator.loop() running at /usr/local/lib/python3.5/dist-packages/atlasbuggy/orchestrator.py:73> wait_for=<Future cancelled> cb=[_wait.<locals>._on_completion() at /usr/lib/python3.5/asyncio/tasks.py:414]>: True
[BabyBuggy @ orchestrator.py:149][DEBUG] 2017-11-15 17:49:03,971: Cancelling <Task cancelling coro=<BNO055.loop() running at /media/nvidia/JetsonSSD/code/TestBed/babybuggy/bno055.py:137> cb=[_wait.<locals>._on_completion() at /usr/lib/python3.5/asyncio/tasks.py:414]>: True
[BabyBuggy @ orchestrator.py:149][DEBUG] 2017-11-15 17:49:03,971: Cancelling <Task cancelling coro=<AdafruitGPS.loop() running at /media/nvidia/JetsonSSD/code/TestBed/babybuggy/adafruit_gps.py:144> cb=[_wait.<locals>._on_completion() at /usr/lib/python3.5/asyncio/tasks.py:414]>: True
[BabyBuggy @ orchestrator.py:149][DEBUG] 2017-11-15 17:49:03,971: Cancelling <Task cancelling coro=<QuadEncoder.loop() running at /media/nvidia/JetsonSSD/code/TestBed/babybuggy/quad_encoder.py:78> cb=[_wait.<locals>._on_completion() at /usr/lib/python3.5/asyncio/tasks.py:414]>: True
[BabyBuggy @ orchestrator.py:149][DEBUG] 2017-11-15 17:49:03,972: Cancelling <Task cancelling coro=<LMS200.loop() running at /usr/local/lib/python3.5/dist-packages/lms200/lms200.py:124> wait_for=<Future cancelled> cb=[_wait.<locals>._on_completion() at /usr/lib/python3.5/asyncio/tasks.py:414]>: True
[BabyBuggy @ orchestrator.py:149][DEBUG] 2017-11-15 17:49:03,972: Cancelling <Task cancelling coro=<Slam.loop() running at /usr/local/lib/python3.5/dist-packages/lms200/slam.py:134> wait_for=<Future cancelled> cb=[_wait.<locals>._on_completion() at /usr/lib/python3.5/asyncio/tasks.py:414]>: True
[BabyBuggy @ orchestrator.py:167][DEBUG] 2017-11-15 17:49:03,972: 6 tasks to cancel
[BabyBuggy @ orchestrator.py:149][DEBUG] 2017-11-15 17:49:03,972: Cancelling <Task cancelling coro=<Orchestrator.loop() running at /usr/local/lib/python3.5/dist-packages/atlasbuggy/orchestrator.py:73> wait_for=<Future cancelled> cb=[_wait.<locals>._on_completion() at /usr/lib/python3.5/asyncio/tasks.py:414]>: True
[BabyBuggy @ orchestrator.py:149][DEBUG] 2017-11-15 17:49:03,972: Cancelling <Task cancelling coro=<BNO055.loop() running at /media/nvidia/JetsonSSD/code/TestBed/babybuggy/bno055.py:137> cb=[_wait.<locals>._on_completion() at /usr/lib/python3.5/asyncio/tasks.py:414]>: True
[BabyBuggy @ orchestrator.py:149][DEBUG] 2017-11-15 17:49:03,972: Cancelling <Task cancelling coro=<AdafruitGPS.loop() running at /media/nvidia/JetsonSSD/code/TestBed/babybuggy/adafruit_gps.py:144> cb=[_wait.<locals>._on_completion() at /usr/lib/python3.5/asyncio/tasks.py:414]>: True
[BabyBuggy @ orchestrator.py:149][DEBUG] 2017-11-15 17:49:03,973: Cancelling <Task cancelling coro=<QuadEncoder.loop() running at /media/nvidia/JetsonSSD/code/TestBed/babybuggy/quad_encoder.py:78> cb=[_wait.<locals>._on_completion() at /usr/lib/python3.5/asyncio/tasks.py:414]>: True
[BabyBuggy @ orchestrator.py:149][DEBUG] 2017-11-15 17:49:03,973: Cancelling <Task cancelling coro=<LMS200.loop() running at /usr/local/lib/python3.5/dist-packages/lms200/lms200.py:124> wait_for=<Future cancelled> cb=[_wait.<locals>._on_completion() at /usr/lib/python3.5/asyncio/tasks.py:414]>: True
[BabyBuggy @ orchestrator.py:149][DEBUG] 2017-11-15 17:49:03,973: Cancelling <Task cancelling coro=<Slam.loop() running at /usr/local/lib/python3.5/dist-packages/lms200/slam.py:134> wait_for=<Future cancelled> cb=[_wait.<locals>._on_completion() at /usr/lib/python3.5/asyncio/tasks.py:414]>: True
[BabyBuggy @ orchestrator.py:167][DEBUG] 2017-11-15 17:49:03,973: 6 tasks to cancel
[BabyBuggy @ orchestrator.py:149][DEBUG] 2017-11-15 17:49:03,973: Cancelling <Task cancelling coro=<Orchestrator.loop() running at /usr/local/lib/python3.5/dist-packages/atlasbuggy/orchestrator.py:73> wait_for=<Future cancelled> cb=[_wait.<locals>._on_completion() at /usr/lib/python3.5/asyncio/tasks.py:414]>: True
[BabyBuggy @ orchestrator.py:149][DEBUG] 2017-11-15 17:49:03,974: Cancelling <Task cancelling coro=<BNO055.loop() running at /media/nvidia/JetsonSSD/code/TestBed/babybuggy/bno055.py:137> cb=[_wait.<locals>._on_completion() at /usr/lib/python3.5/asyncio/tasks.py:414]>: True
[BabyBuggy @ orchestrator.py:149][DEBUG] 2017-11-15 17:49:03,974: Cancelling <Task cancelling coro=<AdafruitGPS.loop() running at /media/nvidia/JetsonSSD/code/TestBed/babybuggy/adafruit_gps.py:144> cb=[_wait.<locals>._on_completion() at /usr/lib/python3.5/asyncio/tasks.py:414]>: True
[BabyBuggy @ orchestrator.py:149][DEBUG] 2017-11-15 17:49:03,974: Cancelling <Task cancelling coro=<QuadEncoder.loop() running at /media/nvidia/JetsonSSD/code/TestBed/babybuggy/quad_encoder.py:78> cb=[_wait.<locals>._on_completion() at /usr/lib/python3.5/asyncio/tasks.py:414]>: True
[BabyBuggy @ orchestrator.py:149][DEBUG] 2017-11-15 17:49:03,974: Cancelling <Task cancelling coro=<LMS200.loop() running at /usr/local/lib/python3.5/dist-packages/lms200/lms200.py:124> wait_for=<Future cancelled> cb=[_wait.<locals>._on_completion() at /usr/lib/python3.5/asyncio/tasks.py:414]>: True
[BabyBuggy @ orchestrator.py:149][DEBUG] 2017-11-15 17:49:03,974: Cancelling <Task cancelling coro=<Slam.loop() running at /usr/local/lib/python3.5/dist-packages/lms200/slam.py:134> wait_for=<Future cancelled> cb=[_wait.<locals>._on_completion() at /usr/lib/python3.5/asyncio/tasks.py:414]>: True
[BabyBuggy @ orchestrator.py:269][INFO] 2017-11-15 17:49:03,975: loop finished
[BabyBuggy @ orchestrator.py:273][INFO] 2017-11-15 17:49:03,976: closing orchestrator
[BabyBuggy @ orchestrator.py:167][DEBUG] 2017-11-15 17:49:03,976: 6 tasks to cancel
[BabyBuggy @ orchestrator.py:149][DEBUG] 2017-11-15 17:49:03,976: Cancelling <Task cancelled coro=<Orchestrator.loop() done, defined at /usr/local/lib/python3.5/dist-packages/atlasbuggy/orchestrator.py:70>>: False
[BabyBuggy @ orchestrator.py:153][DEBUG] 2017-11-15 17:49:03,976: Task '<Task cancelled coro=<Orchestrator.loop() done, defined at /usr/local/lib/python3.5/dist-packages/atlasbuggy/orchestrator.py:70>>' was cancelled
[BabyBuggy @ orchestrator.py:149][DEBUG] 2017-11-15 17:49:03,976: Cancelling <Task cancelled coro=<BNO055.loop() done, defined at /media/nvidia/JetsonSSD/code/TestBed/babybuggy/bno055.py:124>>: False
[BabyBuggy @ orchestrator.py:153][DEBUG] 2017-11-15 17:49:03,977: Task '<Task cancelled coro=<BNO055.loop() done, defined at /media/nvidia/JetsonSSD/code/TestBed/babybuggy/bno055.py:124>>' was cancelled
[BabyBuggy @ orchestrator.py:149][DEBUG] 2017-11-15 17:49:03,977: Cancelling <Task cancelled coro=<AdafruitGPS.loop() done, defined at /media/nvidia/JetsonSSD/code/TestBed/babybuggy/adafruit_gps.py:130>>: False
[BabyBuggy @ orchestrator.py:153][DEBUG] 2017-11-15 17:49:03,977: Task '<Task cancelled coro=<AdafruitGPS.loop() done, defined at /media/nvidia/JetsonSSD/code/TestBed/babybuggy/adafruit_gps.py:130>>' was cancelled
[BabyBuggy @ orchestrator.py:149][DEBUG] 2017-11-15 17:49:03,977: Cancelling <Task cancelled coro=<QuadEncoder.loop() done, defined at /media/nvidia/JetsonSSD/code/TestBed/babybuggy/quad_encoder.py:65>>: False
[BabyBuggy @ orchestrator.py:153][DEBUG] 2017-11-15 17:49:03,977: Task '<Task cancelled coro=<QuadEncoder.loop() done, defined at /media/nvidia/JetsonSSD/code/TestBed/babybuggy/quad_encoder.py:65>>' was cancelled
[BabyBuggy @ orchestrator.py:149][DEBUG] 2017-11-15 17:49:03,978: Cancelling <Task cancelled coro=<LMS200.loop() done, defined at /usr/local/lib/python3.5/dist-packages/lms200/lms200.py:111>>: False
[BabyBuggy @ orchestrator.py:153][DEBUG] 2017-11-15 17:49:03,978: Task '<Task cancelled coro=<LMS200.loop() done, defined at /usr/local/lib/python3.5/dist-packages/lms200/lms200.py:111>>' was cancelled
[BabyBuggy @ orchestrator.py:149][DEBUG] 2017-11-15 17:49:03,978: Cancelling <Task cancelled coro=<Slam.loop() done, defined at /usr/local/lib/python3.5/dist-packages/lms200/slam.py:95>>: False
[BabyBuggy @ orchestrator.py:153][DEBUG] 2017-11-15 17:49:03,978: Task '<Task cancelled coro=<Slam.loop() done, defined at /usr/local/lib/python3.5/dist-packages/lms200/slam.py:95>>' was cancelled
[BabyBuggy @ orchestrator.py:89][INFO] 2017-11-15 17:49:03,978: halting
[BabyBuggy @ orchestrator.py:92][INFO] 2017-11-15 17:49:03,978: Session took 30.668038368225098s to complete
[BabyBuggy @ orchestrator.py:78][INFO] 2017-11-15 17:49:03,982: teardown
