[BabyBuggy @ factory.py:85][DEBUG] 2017-11-15 18:04:53,823: Logging to: logs/2017_Nov_15/BabyBuggy/18_04_53.log
[BabyBuggy @ orchestrator.py:224][INFO] 2017-11-15 18:04:53,868: Consumer 'Odometry' isn't enabled! Ignoring subscription to producer 'QuadEncoder'
[BabyBuggy @ orchestrator.py:224][INFO] 2017-11-15 18:04:53,868: Consumer 'Odometry' isn't enabled! Ignoring subscription to producer 'BNO055'
[BabyBuggy @ orchestrator.py:250][INFO] 2017-11-15 18:04:53,868: 'Slam' is subscribing to 'LMS200' with the tag 'lms'
[BabyBuggy @ orchestrator.py:220][INFO] 2017-11-15 18:04:53,869: Producer 'Odometry' isn't enabled! Ignoring consumer 'Slam' subscription
[BabyBuggy @ orchestrator.py:220][INFO] 2017-11-15 18:04:53,869: Producer 'OpenCVCamera' isn't enabled! Ignoring consumer 'OpenCVRecorder' subscription
[BabyBuggy @ orchestrator.py:108][DEBUG] 2017-11-15 18:04:53,869: Applying subscriptions
[BabyBuggy @ orchestrator.py:112][DEBUG] 2017-11-15 18:04:53,870: Adding setup tasks
[BabyBuggy @ orchestrator.py:117][DEBUG] 2017-11-15 18:04:53,871: Running set up tasks (6). [<babybuggy.bno055.BNO055 object at 0x7f7c909b70>, <babybuggy.adafruit_gps.AdafruitGPS object at 0x7f5bc1d7f0>, <babybuggy.quad_encoder.QuadEncoder object at 0x7f5bc24550>, <lms200.lms200.LMS200 object at 0x7f7bf31438>, <lms200.slam.Slam object at 0x7f5bbc4780>] and orchestrator setup
[BabyBuggy @ orchestrator.py:68][INFO] 2017-11-15 18:04:53,872: setup
[BabyBuggy @ orchestrator.py:149][DEBUG] 2017-11-15 18:05:00,059: Cancelling <Task finished coro=<Orchestrator.setup() done, defined at /usr/lib/python3.5/asyncio/coroutines.py:204> result=None>: False
[BabyBuggy @ orchestrator.py:149][DEBUG] 2017-11-15 18:05:00,060: Cancelling <Task finished coro=<Arduino.setup() done, defined at /usr/lib/python3.5/asyncio/coroutines.py:204> result=None>: False
[BabyBuggy @ orchestrator.py:149][DEBUG] 2017-11-15 18:05:00,061: Cancelling <Task finished coro=<Arduino.setup() done, defined at /usr/lib/python3.5/asyncio/coroutines.py:204> result=None>: False
[BabyBuggy @ orchestrator.py:149][DEBUG] 2017-11-15 18:05:00,062: Cancelling <Task finished coro=<Arduino.setup() done, defined at /usr/lib/python3.5/asyncio/coroutines.py:204> result=None>: False
[BabyBuggy @ orchestrator.py:149][DEBUG] 2017-11-15 18:05:00,064: Cancelling <Task finished coro=<LMS200.setup() done, defined at /usr/local/lib/python3.5/dist-packages/lms200/lms200.py:70> result=None>: False
[BabyBuggy @ orchestrator.py:149][DEBUG] 2017-11-15 18:05:00,065: Cancelling <Task finished coro=<Node.setup() done, defined at /usr/lib/python3.5/asyncio/coroutines.py:204> result=None>: False
[BabyBuggy @ orchestrator.py:135][DEBUG] 2017-11-15 18:05:00,065: Adding loop tasks
[BabyBuggy @ orchestrator.py:139][DEBUG] 2017-11-15 18:05:00,066: Appending BNO055's loop task
[BabyBuggy @ orchestrator.py:139][DEBUG] 2017-11-15 18:05:00,068: Appending AdafruitGPS's loop task
[BabyBuggy @ orchestrator.py:139][DEBUG] 2017-11-15 18:05:00,069: Appending QuadEncoder's loop task
[BabyBuggy @ orchestrator.py:139][DEBUG] 2017-11-15 18:05:00,070: Appending LMS200's loop task
[BabyBuggy @ orchestrator.py:139][DEBUG] 2017-11-15 18:05:00,071: Appending Slam's loop task
[BabyBuggy @ orchestrator.py:144][DEBUG] 2017-11-15 18:05:00,072: Running loop tasks (6)
[BabyBuggy @ orchestrator.py:167][DEBUG] 2017-11-15 18:05:30,221: 6 tasks to cancel
[BabyBuggy @ orchestrator.py:149][DEBUG] 2017-11-15 18:05:30,222: Cancelling <Task pending coro=<Orchestrator.loop() running at /usr/local/lib/python3.5/dist-packages/atlasbuggy/orchestrator.py:73> wait_for=<Future cancelled> cb=[_wait.<locals>._on_completion() at /usr/lib/python3.5/asyncio/tasks.py:414]>: True
[BabyBuggy @ orchestrator.py:149][DEBUG] 2017-11-15 18:05:30,222: Cancelling <Task cancelling coro=<BNO055.loop() running at /media/nvidia/JetsonSSD/code/TestBed/babybuggy/bno055.py:137> cb=[_wait.<locals>._on_completion() at /usr/lib/python3.5/asyncio/tasks.py:414]>: True
[BabyBuggy @ orchestrator.py:149][DEBUG] 2017-11-15 18:05:30,223: Cancelling <Task cancelling coro=<AdafruitGPS.loop() running at /media/nvidia/JetsonSSD/code/TestBed/babybuggy/adafruit_gps.py:144> cb=[_wait.<locals>._on_completion() at /usr/lib/python3.5/asyncio/tasks.py:414]>: True
[BabyBuggy @ orchestrator.py:149][DEBUG] 2017-11-15 18:05:30,223: Cancelling <Task cancelling coro=<QuadEncoder.loop() running at /media/nvidia/JetsonSSD/code/TestBed/babybuggy/quad_encoder.py:78> cb=[_wait.<locals>._on_completion() at /usr/lib/python3.5/asyncio/tasks.py:414]>: True
[BabyBuggy @ orchestrator.py:149][DEBUG] 2017-11-15 18:05:30,223: Cancelling <Task pending coro=<LMS200.loop() running at /usr/local/lib/python3.5/dist-packages/lms200/lms200.py:124> wait_for=<Future cancelled> cb=[_wait.<locals>._on_completion() at /usr/lib/python3.5/asyncio/tasks.py:414]>: True
[BabyBuggy @ orchestrator.py:149][DEBUG] 2017-11-15 18:05:30,223: Cancelling <Task pending coro=<Slam.loop() running at /usr/local/lib/python3.5/dist-packages/lms200/slam.py:134> wait_for=<Future cancelled> cb=[_wait.<locals>._on_completion() at /usr/lib/python3.5/asyncio/tasks.py:414]>: True
[BabyBuggy @ orchestrator.py:167][DEBUG] 2017-11-15 18:05:30,224: 6 tasks to cancel
[BabyBuggy @ orchestrator.py:149][DEBUG] 2017-11-15 18:05:30,224: Cancelling <Task cancelling coro=<Orchestrator.loop() running at /usr/local/lib/python3.5/dist-packages/atlasbuggy/orchestrator.py:73> wait_for=<Future cancelled> cb=[_wait.<locals>._on_completion() at /usr/lib/python3.5/asyncio/tasks.py:414]>: True
[BabyBuggy @ orchestrator.py:149][DEBUG] 2017-11-15 18:05:30,224: Cancelling <Task cancelling coro=<BNO055.loop() running at /media/nvidia/JetsonSSD/code/TestBed/babybuggy/bno055.py:137> cb=[_wait.<locals>._on_completion() at /usr/lib/python3.5/asyncio/tasks.py:414]>: True
[BabyBuggy @ orchestrator.py:149][DEBUG] 2017-11-15 18:05:30,224: Cancelling <Task cancelling coro=<AdafruitGPS.loop() running at /media/nvidia/JetsonSSD/code/TestBed/babybuggy/adafruit_gps.py:144> cb=[_wait.<locals>._on_completion() at /usr/lib/python3.5/asyncio/tasks.py:414]>: True
[BabyBuggy @ orchestrator.py:149][DEBUG] 2017-11-15 18:05:30,224: Cancelling <Task cancelling coro=<QuadEncoder.loop() running at /media/nvidia/JetsonSSD/code/TestBed/babybuggy/quad_encoder.py:78> cb=[_wait.<locals>._on_completion() at /usr/lib/python3.5/asyncio/tasks.py:414]>: True
[BabyBuggy @ orchestrator.py:149][DEBUG] 2017-11-15 18:05:30,225: Cancelling <Task cancelling coro=<LMS200.loop() running at /usr/local/lib/python3.5/dist-packages/lms200/lms200.py:124> wait_for=<Future cancelled> cb=[_wait.<locals>._on_completion() at /usr/lib/python3.5/asyncio/tasks.py:414]>: True
[BabyBuggy @ orchestrator.py:149][DEBUG] 2017-11-15 18:05:30,225: Cancelling <Task cancelling coro=<Slam.loop() running at /usr/local/lib/python3.5/dist-packages/lms200/slam.py:134> wait_for=<Future cancelled> cb=[_wait.<locals>._on_completion() at /usr/lib/python3.5/asyncio/tasks.py:414]>: True
[BabyBuggy @ orchestrator.py:167][DEBUG] 2017-11-15 18:05:30,225: 6 tasks to cancel
[BabyBuggy @ orchestrator.py:149][DEBUG] 2017-11-15 18:05:30,225: Cancelling <Task cancelling coro=<Orchestrator.loop() running at /usr/local/lib/python3.5/dist-packages/atlasbuggy/orchestrator.py:73> wait_for=<Future cancelled> cb=[_wait.<locals>._on_completion() at /usr/lib/python3.5/asyncio/tasks.py:414]>: True
[BabyBuggy @ orchestrator.py:149][DEBUG] 2017-11-15 18:05:30,225: Cancelling <Task cancelling coro=<BNO055.loop() running at /media/nvidia/JetsonSSD/code/TestBed/babybuggy/bno055.py:137> cb=[_wait.<locals>._on_completion() at /usr/lib/python3.5/asyncio/tasks.py:414]>: True
[BabyBuggy @ orchestrator.py:149][DEBUG] 2017-11-15 18:05:30,226: Cancelling <Task cancelling coro=<AdafruitGPS.loop() running at /media/nvidia/JetsonSSD/code/TestBed/babybuggy/adafruit_gps.py:144> cb=[_wait.<locals>._on_completion() at /usr/lib/python3.5/asyncio/tasks.py:414]>: True
[BabyBuggy @ orchestrator.py:149][DEBUG] 2017-11-15 18:05:30,226: Cancelling <Task cancelling coro=<QuadEncoder.loop() running at /media/nvidia/JetsonSSD/code/TestBed/babybuggy/quad_encoder.py:78> cb=[_wait.<locals>._on_completion() at /usr/lib/python3.5/asyncio/tasks.py:414]>: True
[BabyBuggy @ orchestrator.py:149][DEBUG] 2017-11-15 18:05:30,226: Cancelling <Task cancelling coro=<LMS200.loop() running at /usr/local/lib/python3.5/dist-packages/lms200/lms200.py:124> wait_for=<Future cancelled> cb=[_wait.<locals>._on_completion() at /usr/lib/python3.5/asyncio/tasks.py:414]>: True
[BabyBuggy @ orchestrator.py:149][DEBUG] 2017-11-15 18:05:30,226: Cancelling <Task cancelling coro=<Slam.loop() running at /usr/local/lib/python3.5/dist-packages/lms200/slam.py:134> wait_for=<Future cancelled> cb=[_wait.<locals>._on_completion() at /usr/lib/python3.5/asyncio/tasks.py:414]>: True
[BabyBuggy @ orchestrator.py:167][DEBUG] 2017-11-15 18:05:30,226: 6 tasks to cancel
[BabyBuggy @ orchestrator.py:149][DEBUG] 2017-11-15 18:05:30,227: Cancelling <Task cancelling coro=<Orchestrator.loop() running at /usr/local/lib/python3.5/dist-packages/atlasbuggy/orchestrator.py:73> wait_for=<Future cancelled> cb=[_wait.<locals>._on_completion() at /usr/lib/python3.5/asyncio/tasks.py:414]>: True
[BabyBuggy @ orchestrator.py:149][DEBUG] 2017-11-15 18:05:30,227: Cancelling <Task cancelling coro=<BNO055.loop() running at /media/nvidia/JetsonSSD/code/TestBed/babybuggy/bno055.py:137> cb=[_wait.<locals>._on_completion() at /usr/lib/python3.5/asyncio/tasks.py:414]>: True
[BabyBuggy @ orchestrator.py:149][DEBUG] 2017-11-15 18:05:30,227: Cancelling <Task cancelling coro=<AdafruitGPS.loop() running at /media/nvidia/JetsonSSD/code/TestBed/babybuggy/adafruit_gps.py:144> cb=[_wait.<locals>._on_completion() at /usr/lib/python3.5/asyncio/tasks.py:414]>: True
[BabyBuggy @ orchestrator.py:149][DEBUG] 2017-11-15 18:05:30,227: Cancelling <Task cancelling coro=<QuadEncoder.loop() running at /media/nvidia/JetsonSSD/code/TestBed/babybuggy/quad_encoder.py:78> cb=[_wait.<locals>._on_completion() at /usr/lib/python3.5/asyncio/tasks.py:414]>: True
[BabyBuggy @ orchestrator.py:149][DEBUG] 2017-11-15 18:05:30,227: Cancelling <Task cancelling coro=<LMS200.loop() running at /usr/local/lib/python3.5/dist-packages/lms200/lms200.py:124> wait_for=<Future cancelled> cb=[_wait.<locals>._on_completion() at /usr/lib/python3.5/asyncio/tasks.py:414]>: True
[BabyBuggy @ orchestrator.py:149][DEBUG] 2017-11-15 18:05:30,228: Cancelling <Task cancelling coro=<Slam.loop() running at /usr/local/lib/python3.5/dist-packages/lms200/slam.py:134> wait_for=<Future cancelled> cb=[_wait.<locals>._on_completion() at /usr/lib/python3.5/asyncio/tasks.py:414]>: True
[BabyBuggy @ orchestrator.py:167][DEBUG] 2017-11-15 18:05:30,228: 6 tasks to cancel
[BabyBuggy @ orchestrator.py:149][DEBUG] 2017-11-15 18:05:30,228: Cancelling <Task cancelling coro=<Orchestrator.loop() running at /usr/local/lib/python3.5/dist-packages/atlasbuggy/orchestrator.py:73> wait_for=<Future cancelled> cb=[_wait.<locals>._on_completion() at /usr/lib/python3.5/asyncio/tasks.py:414]>: True
[BabyBuggy @ orchestrator.py:149][DEBUG] 2017-11-15 18:05:30,228: Cancelling <Task cancelling coro=<BNO055.loop() running at /media/nvidia/JetsonSSD/code/TestBed/babybuggy/bno055.py:137> cb=[_wait.<locals>._on_completion() at /usr/lib/python3.5/asyncio/tasks.py:414]>: True
[BabyBuggy @ orchestrator.py:149][DEBUG] 2017-11-15 18:05:30,228: Cancelling <Task cancelling coro=<AdafruitGPS.loop() running at /media/nvidia/JetsonSSD/code/TestBed/babybuggy/adafruit_gps.py:144> cb=[_wait.<locals>._on_completion() at /usr/lib/python3.5/asyncio/tasks.py:414]>: True
[BabyBuggy @ orchestrator.py:149][DEBUG] 2017-11-15 18:05:30,229: Cancelling <Task cancelling coro=<QuadEncoder.loop() running at /media/nvidia/JetsonSSD/code/TestBed/babybuggy/quad_encoder.py:78> cb=[_wait.<locals>._on_completion() at /usr/lib/python3.5/asyncio/tasks.py:414]>: True
[BabyBuggy @ orchestrator.py:149][DEBUG] 2017-11-15 18:05:30,229: Cancelling <Task cancelling coro=<LMS200.loop() running at /usr/local/lib/python3.5/dist-packages/lms200/lms200.py:124> wait_for=<Future cancelled> cb=[_wait.<locals>._on_completion() at /usr/lib/python3.5/asyncio/tasks.py:414]>: True
[BabyBuggy @ orchestrator.py:149][DEBUG] 2017-11-15 18:05:30,229: Cancelling <Task cancelling coro=<Slam.loop() running at /usr/local/lib/python3.5/dist-packages/lms200/slam.py:134> wait_for=<Future cancelled> cb=[_wait.<locals>._on_completion() at /usr/lib/python3.5/asyncio/tasks.py:414]>: True
[BabyBuggy @ orchestrator.py:167][DEBUG] 2017-11-15 18:05:30,229: 6 tasks to cancel
[BabyBuggy @ orchestrator.py:149][DEBUG] 2017-11-15 18:05:30,229: Cancelling <Task cancelling coro=<Orchestrator.loop() running at /usr/local/lib/python3.5/dist-packages/atlasbuggy/orchestrator.py:73> wait_for=<Future cancelled> cb=[_wait.<locals>._on_completion() at /usr/lib/python3.5/asyncio/tasks.py:414]>: True
[BabyBuggy @ orchestrator.py:149][DEBUG] 2017-11-15 18:05:30,230: Cancelling <Task cancelling coro=<BNO055.loop() running at /media/nvidia/JetsonSSD/code/TestBed/babybuggy/bno055.py:137> cb=[_wait.<locals>._on_completion() at /usr/lib/python3.5/asyncio/tasks.py:414]>: True
[BabyBuggy @ orchestrator.py:149][DEBUG] 2017-11-15 18:05:30,230: Cancelling <Task cancelling coro=<AdafruitGPS.loop() running at /media/nvidia/JetsonSSD/code/TestBed/babybuggy/adafruit_gps.py:144> cb=[_wait.<locals>._on_completion() at /usr/lib/python3.5/asyncio/tasks.py:414]>: True
[BabyBuggy @ orchestrator.py:149][DEBUG] 2017-11-15 18:05:30,230: Cancelling <Task cancelling coro=<QuadEncoder.loop() running at /media/nvidia/JetsonSSD/code/TestBed/babybuggy/quad_encoder.py:78> cb=[_wait.<locals>._on_completion() at /usr/lib/python3.5/asyncio/tasks.py:414]>: True
[BabyBuggy @ orchestrator.py:149][DEBUG] 2017-11-15 18:05:30,230: Cancelling <Task cancelling coro=<LMS200.loop() running at /usr/local/lib/python3.5/dist-packages/lms200/lms200.py:124> wait_for=<Future cancelled> cb=[_wait.<locals>._on_completion() at /usr/lib/python3.5/asyncio/tasks.py:414]>: True
[BabyBuggy @ orchestrator.py:149][DEBUG] 2017-11-15 18:05:30,230: Cancelling <Task cancelling coro=<Slam.loop() running at /usr/local/lib/python3.5/dist-packages/lms200/slam.py:134> wait_for=<Future cancelled> cb=[_wait.<locals>._on_completion() at /usr/lib/python3.5/asyncio/tasks.py:414]>: True
[BabyBuggy @ orchestrator.py:269][INFO] 2017-11-15 18:05:30,231: loop finished
[BabyBuggy @ orchestrator.py:273][INFO] 2017-11-15 18:05:30,232: closing orchestrator
[BabyBuggy @ orchestrator.py:167][DEBUG] 2017-11-15 18:05:30,232: 6 tasks to cancel
[BabyBuggy @ orchestrator.py:149][DEBUG] 2017-11-15 18:05:30,232: Cancelling <Task cancelled coro=<Orchestrator.loop() done, defined at /usr/local/lib/python3.5/dist-packages/atlasbuggy/orchestrator.py:70>>: False
[BabyBuggy @ orchestrator.py:153][DEBUG] 2017-11-15 18:05:30,232: Task '<Task cancelled coro=<Orchestrator.loop() done, defined at /usr/local/lib/python3.5/dist-packages/atlasbuggy/orchestrator.py:70>>' was cancelled
[BabyBuggy @ orchestrator.py:149][DEBUG] 2017-11-15 18:05:30,232: Cancelling <Task cancelled coro=<BNO055.loop() done, defined at /media/nvidia/JetsonSSD/code/TestBed/babybuggy/bno055.py:124>>: False
[BabyBuggy @ orchestrator.py:153][DEBUG] 2017-11-15 18:05:30,233: Task '<Task cancelled coro=<BNO055.loop() done, defined at /media/nvidia/JetsonSSD/code/TestBed/babybuggy/bno055.py:124>>' was cancelled
[BabyBuggy @ orchestrator.py:149][DEBUG] 2017-11-15 18:05:30,233: Cancelling <Task cancelled coro=<AdafruitGPS.loop() done, defined at /media/nvidia/JetsonSSD/code/TestBed/babybuggy/adafruit_gps.py:130>>: False
[BabyBuggy @ orchestrator.py:153][DEBUG] 2017-11-15 18:05:30,233: Task '<Task cancelled coro=<AdafruitGPS.loop() done, defined at /media/nvidia/JetsonSSD/code/TestBed/babybuggy/adafruit_gps.py:130>>' was cancelled
[BabyBuggy @ orchestrator.py:149][DEBUG] 2017-11-15 18:05:30,233: Cancelling <Task cancelled coro=<QuadEncoder.loop() done, defined at /media/nvidia/JetsonSSD/code/TestBed/babybuggy/quad_encoder.py:65>>: False
[BabyBuggy @ orchestrator.py:153][DEBUG] 2017-11-15 18:05:30,233: Task '<Task cancelled coro=<QuadEncoder.loop() done, defined at /media/nvidia/JetsonSSD/code/TestBed/babybuggy/quad_encoder.py:65>>' was cancelled
[BabyBuggy @ orchestrator.py:149][DEBUG] 2017-11-15 18:05:30,233: Cancelling <Task cancelled coro=<LMS200.loop() done, defined at /usr/local/lib/python3.5/dist-packages/lms200/lms200.py:111>>: False
[BabyBuggy @ orchestrator.py:153][DEBUG] 2017-11-15 18:05:30,234: Task '<Task cancelled coro=<LMS200.loop() done, defined at /usr/local/lib/python3.5/dist-packages/lms200/lms200.py:111>>' was cancelled
[BabyBuggy @ orchestrator.py:149][DEBUG] 2017-11-15 18:05:30,234: Cancelling <Task cancelled coro=<Slam.loop() done, defined at /usr/local/lib/python3.5/dist-packages/lms200/slam.py:95>>: False
[BabyBuggy @ orchestrator.py:153][DEBUG] 2017-11-15 18:05:30,234: Task '<Task cancelled coro=<Slam.loop() done, defined at /usr/local/lib/python3.5/dist-packages/lms200/slam.py:95>>' was cancelled
[BabyBuggy @ orchestrator.py:89][INFO] 2017-11-15 18:05:30,234: halting
[BabyBuggy @ orchestrator.py:92][INFO] 2017-11-15 18:05:30,234: Session took 36.41023254394531s to complete
[BabyBuggy @ orchestrator.py:78][INFO] 2017-11-15 18:05:30,238: teardown
