[BabyBuggy @ factory.py:85][DEBUG] 2017-11-15 18:04:02,089: Logging to: logs/2017_Nov_15/BabyBuggy/18_04_02.log
[BabyBuggy @ orchestrator.py:250][INFO] 2017-11-15 18:04:02,133: 'Odometry' is subscribing to 'QuadEncoder' with the tag 'encoder'
[BabyBuggy @ orchestrator.py:250][INFO] 2017-11-15 18:04:02,134: 'Odometry' is subscribing to 'BNO055' with the tag 'bno055'
[BabyBuggy @ orchestrator.py:250][INFO] 2017-11-15 18:04:02,134: 'Slam' is subscribing to 'LMS200' with the tag 'lms'
[BabyBuggy @ orchestrator.py:250][INFO] 2017-11-15 18:04:02,134: 'Slam' is subscribing to 'Odometry' with the tag 'odometry'
[BabyBuggy @ orchestrator.py:220][INFO] 2017-11-15 18:04:02,135: Producer 'OpenCVCamera' isn't enabled! Ignoring consumer 'OpenCVRecorder' subscription
[BabyBuggy @ orchestrator.py:108][DEBUG] 2017-11-15 18:04:02,135: Applying subscriptions
[BabyBuggy @ orchestrator.py:112][DEBUG] 2017-11-15 18:04:02,135: Adding setup tasks
[BabyBuggy @ orchestrator.py:117][DEBUG] 2017-11-15 18:04:02,136: Running set up tasks (7). [<babybuggy.bno055.BNO055 object at 0x7fa8eeeb70>, <babybuggy.adafruit_gps.AdafruitGPS object at 0x7f881c36a0>, <babybuggy.quad_encoder.QuadEncoder object at 0x7f881c9400>, <lms200.lms200.LMS200 object at 0x7f881d0438>, <lms200.slam.Slam object at 0x7f881eb6a0>, <babybuggy.odometry.Odometry object at 0x7f881d0128>] and orchestrator setup
[BabyBuggy @ orchestrator.py:68][INFO] 2017-11-15 18:04:02,137: setup
[BabyBuggy @ orchestrator.py:149][DEBUG] 2017-11-15 18:04:08,629: Cancelling <Task finished coro=<Orchestrator.setup() done, defined at /usr/lib/python3.5/asyncio/coroutines.py:204> result=None>: False
[BabyBuggy @ orchestrator.py:149][DEBUG] 2017-11-15 18:04:08,630: Cancelling <Task finished coro=<Arduino.setup() done, defined at /usr/lib/python3.5/asyncio/coroutines.py:204> result=None>: False
[BabyBuggy @ orchestrator.py:149][DEBUG] 2017-11-15 18:04:08,631: Cancelling <Task finished coro=<Arduino.setup() done, defined at /usr/lib/python3.5/asyncio/coroutines.py:204> result=None>: False
[BabyBuggy @ orchestrator.py:149][DEBUG] 2017-11-15 18:04:08,632: Cancelling <Task finished coro=<Arduino.setup() done, defined at /usr/lib/python3.5/asyncio/coroutines.py:204> result=None>: False
[BabyBuggy @ orchestrator.py:149][DEBUG] 2017-11-15 18:04:08,633: Cancelling <Task finished coro=<LMS200.setup() done, defined at /usr/local/lib/python3.5/dist-packages/lms200/lms200.py:70> result=None>: False
[BabyBuggy @ orchestrator.py:149][DEBUG] 2017-11-15 18:04:08,634: Cancelling <Task finished coro=<Node.setup() done, defined at /usr/lib/python3.5/asyncio/coroutines.py:204> result=None>: False
[BabyBuggy @ orchestrator.py:149][DEBUG] 2017-11-15 18:04:08,634: Cancelling <Task finished coro=<Node.setup() done, defined at /usr/lib/python3.5/asyncio/coroutines.py:204> result=None>: False
[BabyBuggy @ orchestrator.py:135][DEBUG] 2017-11-15 18:04:08,635: Adding loop tasks
[BabyBuggy @ orchestrator.py:139][DEBUG] 2017-11-15 18:04:08,636: Appending BNO055's loop task
[BabyBuggy @ orchestrator.py:139][DEBUG] 2017-11-15 18:04:08,637: Appending AdafruitGPS's loop task
[BabyBuggy @ orchestrator.py:139][DEBUG] 2017-11-15 18:04:08,637: Appending QuadEncoder's loop task
[BabyBuggy @ orchestrator.py:139][DEBUG] 2017-11-15 18:04:08,638: Appending LMS200's loop task
[BabyBuggy @ orchestrator.py:139][DEBUG] 2017-11-15 18:04:08,639: Appending Slam's loop task
[BabyBuggy @ orchestrator.py:139][DEBUG] 2017-11-15 18:04:08,640: Appending Odometry's loop task
[BabyBuggy @ orchestrator.py:144][DEBUG] 2017-11-15 18:04:08,640: Running loop tasks (7)
[BabyBuggy @ orchestrator.py:167][DEBUG] 2017-11-15 18:04:45,066: 7 tasks to cancel
[BabyBuggy @ orchestrator.py:149][DEBUG] 2017-11-15 18:04:45,066: Cancelling <Task pending coro=<Orchestrator.loop() running at /usr/local/lib/python3.5/dist-packages/atlasbuggy/orchestrator.py:73> wait_for=<Future cancelled> cb=[_wait.<locals>._on_completion() at /usr/lib/python3.5/asyncio/tasks.py:414]>: True
[BabyBuggy @ orchestrator.py:149][DEBUG] 2017-11-15 18:04:45,067: Cancelling <Task cancelling coro=<BNO055.loop() running at /media/nvidia/JetsonSSD/code/TestBed/babybuggy/bno055.py:137> cb=[_wait.<locals>._on_completion() at /usr/lib/python3.5/asyncio/tasks.py:414]>: True
[BabyBuggy @ orchestrator.py:149][DEBUG] 2017-11-15 18:04:45,067: Cancelling <Task cancelling coro=<AdafruitGPS.loop() running at /media/nvidia/JetsonSSD/code/TestBed/babybuggy/adafruit_gps.py:144> cb=[_wait.<locals>._on_completion() at /usr/lib/python3.5/asyncio/tasks.py:414]>: True
[BabyBuggy @ orchestrator.py:149][DEBUG] 2017-11-15 18:04:45,067: Cancelling <Task cancelling coro=<QuadEncoder.loop() running at /media/nvidia/JetsonSSD/code/TestBed/babybuggy/quad_encoder.py:78> cb=[_wait.<locals>._on_completion() at /usr/lib/python3.5/asyncio/tasks.py:414]>: True
[BabyBuggy @ orchestrator.py:149][DEBUG] 2017-11-15 18:04:45,068: Cancelling <Task pending coro=<LMS200.loop() running at /usr/local/lib/python3.5/dist-packages/lms200/lms200.py:124> wait_for=<Future cancelled> cb=[_wait.<locals>._on_completion() at /usr/lib/python3.5/asyncio/tasks.py:414]>: True
[BabyBuggy @ orchestrator.py:149][DEBUG] 2017-11-15 18:04:45,068: Cancelling <Task pending coro=<Slam.loop() running at /usr/local/lib/python3.5/dist-packages/lms200/slam.py:134> wait_for=<Future cancelled> cb=[_wait.<locals>._on_completion() at /usr/lib/python3.5/asyncio/tasks.py:414]>: True
[BabyBuggy @ orchestrator.py:149][DEBUG] 2017-11-15 18:04:45,068: Cancelling <Task pending coro=<Odometry.loop() running at /media/nvidia/JetsonSSD/code/TestBed/babybuggy/odometry.py:79> wait_for=<Future cancelled> cb=[_wait.<locals>._on_completion() at /usr/lib/python3.5/asyncio/tasks.py:414]>: True
[BabyBuggy @ orchestrator.py:167][DEBUG] 2017-11-15 18:04:45,068: 7 tasks to cancel
[BabyBuggy @ orchestrator.py:149][DEBUG] 2017-11-15 18:04:45,069: Cancelling <Task cancelling coro=<Orchestrator.loop() running at /usr/local/lib/python3.5/dist-packages/atlasbuggy/orchestrator.py:73> wait_for=<Future cancelled> cb=[_wait.<locals>._on_completion() at /usr/lib/python3.5/asyncio/tasks.py:414]>: True
[BabyBuggy @ orchestrator.py:149][DEBUG] 2017-11-15 18:04:45,069: Cancelling <Task cancelling coro=<BNO055.loop() running at /media/nvidia/JetsonSSD/code/TestBed/babybuggy/bno055.py:137> cb=[_wait.<locals>._on_completion() at /usr/lib/python3.5/asyncio/tasks.py:414]>: True
[BabyBuggy @ orchestrator.py:149][DEBUG] 2017-11-15 18:04:45,069: Cancelling <Task cancelling coro=<AdafruitGPS.loop() running at /media/nvidia/JetsonSSD/code/TestBed/babybuggy/adafruit_gps.py:144> cb=[_wait.<locals>._on_completion() at /usr/lib/python3.5/asyncio/tasks.py:414]>: True
[BabyBuggy @ orchestrator.py:149][DEBUG] 2017-11-15 18:04:45,069: Cancelling <Task cancelling coro=<QuadEncoder.loop() running at /media/nvidia/JetsonSSD/code/TestBed/babybuggy/quad_encoder.py:78> cb=[_wait.<locals>._on_completion() at /usr/lib/python3.5/asyncio/tasks.py:414]>: True
[BabyBuggy @ orchestrator.py:149][DEBUG] 2017-11-15 18:04:45,069: Cancelling <Task cancelling coro=<LMS200.loop() running at /usr/local/lib/python3.5/dist-packages/lms200/lms200.py:124> wait_for=<Future cancelled> cb=[_wait.<locals>._on_completion() at /usr/lib/python3.5/asyncio/tasks.py:414]>: True
[BabyBuggy @ orchestrator.py:149][DEBUG] 2017-11-15 18:04:45,070: Cancelling <Task cancelling coro=<Slam.loop() running at /usr/local/lib/python3.5/dist-packages/lms200/slam.py:134> wait_for=<Future cancelled> cb=[_wait.<locals>._on_completion() at /usr/lib/python3.5/asyncio/tasks.py:414]>: True
[BabyBuggy @ orchestrator.py:149][DEBUG] 2017-11-15 18:04:45,070: Cancelling <Task cancelling coro=<Odometry.loop() running at /media/nvidia/JetsonSSD/code/TestBed/babybuggy/odometry.py:79> wait_for=<Future cancelled> cb=[_wait.<locals>._on_completion() at /usr/lib/python3.5/asyncio/tasks.py:414]>: True
[BabyBuggy @ orchestrator.py:167][DEBUG] 2017-11-15 18:04:45,070: 7 tasks to cancel
[BabyBuggy @ orchestrator.py:149][DEBUG] 2017-11-15 18:04:45,070: Cancelling <Task cancelling coro=<Orchestrator.loop() running at /usr/local/lib/python3.5/dist-packages/atlasbuggy/orchestrator.py:73> wait_for=<Future cancelled> cb=[_wait.<locals>._on_completion() at /usr/lib/python3.5/asyncio/tasks.py:414]>: True
[BabyBuggy @ orchestrator.py:149][DEBUG] 2017-11-15 18:04:45,070: Cancelling <Task cancelling coro=<BNO055.loop() running at /media/nvidia/JetsonSSD/code/TestBed/babybuggy/bno055.py:137> cb=[_wait.<locals>._on_completion() at /usr/lib/python3.5/asyncio/tasks.py:414]>: True
[BabyBuggy @ orchestrator.py:149][DEBUG] 2017-11-15 18:04:45,071: Cancelling <Task cancelling coro=<AdafruitGPS.loop() running at /media/nvidia/JetsonSSD/code/TestBed/babybuggy/adafruit_gps.py:144> cb=[_wait.<locals>._on_completion() at /usr/lib/python3.5/asyncio/tasks.py:414]>: True
[BabyBuggy @ orchestrator.py:149][DEBUG] 2017-11-15 18:04:45,071: Cancelling <Task cancelling coro=<QuadEncoder.loop() running at /media/nvidia/JetsonSSD/code/TestBed/babybuggy/quad_encoder.py:78> cb=[_wait.<locals>._on_completion() at /usr/lib/python3.5/asyncio/tasks.py:414]>: True
[BabyBuggy @ orchestrator.py:149][DEBUG] 2017-11-15 18:04:45,071: Cancelling <Task cancelling coro=<LMS200.loop() running at /usr/local/lib/python3.5/dist-packages/lms200/lms200.py:124> wait_for=<Future cancelled> cb=[_wait.<locals>._on_completion() at /usr/lib/python3.5/asyncio/tasks.py:414]>: True
[BabyBuggy @ orchestrator.py:149][DEBUG] 2017-11-15 18:04:45,071: Cancelling <Task cancelling coro=<Slam.loop() running at /usr/local/lib/python3.5/dist-packages/lms200/slam.py:134> wait_for=<Future cancelled> cb=[_wait.<locals>._on_completion() at /usr/lib/python3.5/asyncio/tasks.py:414]>: True
[BabyBuggy @ orchestrator.py:149][DEBUG] 2017-11-15 18:04:45,071: Cancelling <Task cancelling coro=<Odometry.loop() running at /media/nvidia/JetsonSSD/code/TestBed/babybuggy/odometry.py:79> wait_for=<Future cancelled> cb=[_wait.<locals>._on_completion() at /usr/lib/python3.5/asyncio/tasks.py:414]>: True
[BabyBuggy @ orchestrator.py:167][DEBUG] 2017-11-15 18:04:45,072: 7 tasks to cancel
[BabyBuggy @ orchestrator.py:149][DEBUG] 2017-11-15 18:04:45,072: Cancelling <Task cancelling coro=<Orchestrator.loop() running at /usr/local/lib/python3.5/dist-packages/atlasbuggy/orchestrator.py:73> wait_for=<Future cancelled> cb=[_wait.<locals>._on_completion() at /usr/lib/python3.5/asyncio/tasks.py:414]>: True
[BabyBuggy @ orchestrator.py:149][DEBUG] 2017-11-15 18:04:45,072: Cancelling <Task cancelling coro=<BNO055.loop() running at /media/nvidia/JetsonSSD/code/TestBed/babybuggy/bno055.py:137> cb=[_wait.<locals>._on_completion() at /usr/lib/python3.5/asyncio/tasks.py:414]>: True
[BabyBuggy @ orchestrator.py:149][DEBUG] 2017-11-15 18:04:45,072: Cancelling <Task cancelling coro=<AdafruitGPS.loop() running at /media/nvidia/JetsonSSD/code/TestBed/babybuggy/adafruit_gps.py:144> cb=[_wait.<locals>._on_completion() at /usr/lib/python3.5/asyncio/tasks.py:414]>: True
[BabyBuggy @ orchestrator.py:149][DEBUG] 2017-11-15 18:04:45,072: Cancelling <Task cancelling coro=<QuadEncoder.loop() running at /media/nvidia/JetsonSSD/code/TestBed/babybuggy/quad_encoder.py:78> cb=[_wait.<locals>._on_completion() at /usr/lib/python3.5/asyncio/tasks.py:414]>: True
[BabyBuggy @ orchestrator.py:149][DEBUG] 2017-11-15 18:04:45,073: Cancelling <Task cancelling coro=<LMS200.loop() running at /usr/local/lib/python3.5/dist-packages/lms200/lms200.py:124> wait_for=<Future cancelled> cb=[_wait.<locals>._on_completion() at /usr/lib/python3.5/asyncio/tasks.py:414]>: True
[BabyBuggy @ orchestrator.py:149][DEBUG] 2017-11-15 18:04:45,073: Cancelling <Task cancelling coro=<Slam.loop() running at /usr/local/lib/python3.5/dist-packages/lms200/slam.py:134> wait_for=<Future cancelled> cb=[_wait.<locals>._on_completion() at /usr/lib/python3.5/asyncio/tasks.py:414]>: True
[BabyBuggy @ orchestrator.py:149][DEBUG] 2017-11-15 18:04:45,073: Cancelling <Task cancelling coro=<Odometry.loop() running at /media/nvidia/JetsonSSD/code/TestBed/babybuggy/odometry.py:79> wait_for=<Future cancelled> cb=[_wait.<locals>._on_completion() at /usr/lib/python3.5/asyncio/tasks.py:414]>: True
[BabyBuggy @ orchestrator.py:167][DEBUG] 2017-11-15 18:04:45,073: 7 tasks to cancel
[BabyBuggy @ orchestrator.py:149][DEBUG] 2017-11-15 18:04:45,073: Cancelling <Task cancelling coro=<Orchestrator.loop() running at /usr/local/lib/python3.5/dist-packages/atlasbuggy/orchestrator.py:73> wait_for=<Future cancelled> cb=[_wait.<locals>._on_completion() at /usr/lib/python3.5/asyncio/tasks.py:414]>: True
[BabyBuggy @ orchestrator.py:149][DEBUG] 2017-11-15 18:04:45,074: Cancelling <Task cancelling coro=<BNO055.loop() running at /media/nvidia/JetsonSSD/code/TestBed/babybuggy/bno055.py:137> cb=[_wait.<locals>._on_completion() at /usr/lib/python3.5/asyncio/tasks.py:414]>: True
[BabyBuggy @ orchestrator.py:149][DEBUG] 2017-11-15 18:04:45,074: Cancelling <Task cancelling coro=<AdafruitGPS.loop() running at /media/nvidia/JetsonSSD/code/TestBed/babybuggy/adafruit_gps.py:144> cb=[_wait.<locals>._on_completion() at /usr/lib/python3.5/asyncio/tasks.py:414]>: True
[BabyBuggy @ orchestrator.py:149][DEBUG] 2017-11-15 18:04:45,074: Cancelling <Task cancelling coro=<QuadEncoder.loop() running at /media/nvidia/JetsonSSD/code/TestBed/babybuggy/quad_encoder.py:78> cb=[_wait.<locals>._on_completion() at /usr/lib/python3.5/asyncio/tasks.py:414]>: True
[BabyBuggy @ orchestrator.py:149][DEBUG] 2017-11-15 18:04:45,074: Cancelling <Task cancelling coro=<LMS200.loop() running at /usr/local/lib/python3.5/dist-packages/lms200/lms200.py:124> wait_for=<Future cancelled> cb=[_wait.<locals>._on_completion() at /usr/lib/python3.5/asyncio/tasks.py:414]>: True
[BabyBuggy @ orchestrator.py:149][DEBUG] 2017-11-15 18:04:45,074: Cancelling <Task cancelling coro=<Slam.loop() running at /usr/local/lib/python3.5/dist-packages/lms200/slam.py:134> wait_for=<Future cancelled> cb=[_wait.<locals>._on_completion() at /usr/lib/python3.5/asyncio/tasks.py:414]>: True
[BabyBuggy @ orchestrator.py:149][DEBUG] 2017-11-15 18:04:45,075: Cancelling <Task cancelling coro=<Odometry.loop() running at /media/nvidia/JetsonSSD/code/TestBed/babybuggy/odometry.py:79> wait_for=<Future cancelled> cb=[_wait.<locals>._on_completion() at /usr/lib/python3.5/asyncio/tasks.py:414]>: True
[BabyBuggy @ orchestrator.py:167][DEBUG] 2017-11-15 18:04:45,075: 7 tasks to cancel
[BabyBuggy @ orchestrator.py:149][DEBUG] 2017-11-15 18:04:45,075: Cancelling <Task cancelling coro=<Orchestrator.loop() running at /usr/local/lib/python3.5/dist-packages/atlasbuggy/orchestrator.py:73> wait_for=<Future cancelled> cb=[_wait.<locals>._on_completion() at /usr/lib/python3.5/asyncio/tasks.py:414]>: True
[BabyBuggy @ orchestrator.py:149][DEBUG] 2017-11-15 18:04:45,075: Cancelling <Task cancelling coro=<BNO055.loop() running at /media/nvidia/JetsonSSD/code/TestBed/babybuggy/bno055.py:137> cb=[_wait.<locals>._on_completion() at /usr/lib/python3.5/asyncio/tasks.py:414]>: True
[BabyBuggy @ orchestrator.py:149][DEBUG] 2017-11-15 18:04:45,075: Cancelling <Task cancelling coro=<AdafruitGPS.loop() running at /media/nvidia/JetsonSSD/code/TestBed/babybuggy/adafruit_gps.py:144> cb=[_wait.<locals>._on_completion() at /usr/lib/python3.5/asyncio/tasks.py:414]>: True
[BabyBuggy @ orchestrator.py:149][DEBUG] 2017-11-15 18:04:45,076: Cancelling <Task cancelling coro=<QuadEncoder.loop() running at /media/nvidia/JetsonSSD/code/TestBed/babybuggy/quad_encoder.py:78> cb=[_wait.<locals>._on_completion() at /usr/lib/python3.5/asyncio/tasks.py:414]>: True
[BabyBuggy @ orchestrator.py:149][DEBUG] 2017-11-15 18:04:45,076: Cancelling <Task cancelling coro=<LMS200.loop() running at /usr/local/lib/python3.5/dist-packages/lms200/lms200.py:124> wait_for=<Future cancelled> cb=[_wait.<locals>._on_completion() at /usr/lib/python3.5/asyncio/tasks.py:414]>: True
[BabyBuggy @ orchestrator.py:149][DEBUG] 2017-11-15 18:04:45,076: Cancelling <Task cancelling coro=<Slam.loop() running at /usr/local/lib/python3.5/dist-packages/lms200/slam.py:134> wait_for=<Future cancelled> cb=[_wait.<locals>._on_completion() at /usr/lib/python3.5/asyncio/tasks.py:414]>: True
[BabyBuggy @ orchestrator.py:149][DEBUG] 2017-11-15 18:04:45,076: Cancelling <Task cancelling coro=<Odometry.loop() running at /media/nvidia/JetsonSSD/code/TestBed/babybuggy/odometry.py:79> wait_for=<Future cancelled> cb=[_wait.<locals>._on_completion() at /usr/lib/python3.5/asyncio/tasks.py:414]>: True
[BabyBuggy @ orchestrator.py:269][INFO] 2017-11-15 18:04:45,077: loop finished
[BabyBuggy @ orchestrator.py:273][INFO] 2017-11-15 18:04:45,077: closing orchestrator
[BabyBuggy @ orchestrator.py:167][DEBUG] 2017-11-15 18:04:45,078: 7 tasks to cancel
[BabyBuggy @ orchestrator.py:149][DEBUG] 2017-11-15 18:04:45,078: Cancelling <Task cancelled coro=<Orchestrator.loop() done, defined at /usr/local/lib/python3.5/dist-packages/atlasbuggy/orchestrator.py:70>>: False
[BabyBuggy @ orchestrator.py:153][DEBUG] 2017-11-15 18:04:45,078: Task '<Task cancelled coro=<Orchestrator.loop() done, defined at /usr/local/lib/python3.5/dist-packages/atlasbuggy/orchestrator.py:70>>' was cancelled
[BabyBuggy @ orchestrator.py:149][DEBUG] 2017-11-15 18:04:45,078: Cancelling <Task cancelled coro=<BNO055.loop() done, defined at /media/nvidia/JetsonSSD/code/TestBed/babybuggy/bno055.py:124>>: False
[BabyBuggy @ orchestrator.py:153][DEBUG] 2017-11-15 18:04:45,078: Task '<Task cancelled coro=<BNO055.loop() done, defined at /media/nvidia/JetsonSSD/code/TestBed/babybuggy/bno055.py:124>>' was cancelled
[BabyBuggy @ orchestrator.py:149][DEBUG] 2017-11-15 18:04:45,079: Cancelling <Task cancelled coro=<AdafruitGPS.loop() done, defined at /media/nvidia/JetsonSSD/code/TestBed/babybuggy/adafruit_gps.py:130>>: False
[BabyBuggy @ orchestrator.py:153][DEBUG] 2017-11-15 18:04:45,079: Task '<Task cancelled coro=<AdafruitGPS.loop() done, defined at /media/nvidia/JetsonSSD/code/TestBed/babybuggy/adafruit_gps.py:130>>' was cancelled
[BabyBuggy @ orchestrator.py:149][DEBUG] 2017-11-15 18:04:45,079: Cancelling <Task cancelled coro=<QuadEncoder.loop() done, defined at /media/nvidia/JetsonSSD/code/TestBed/babybuggy/quad_encoder.py:65>>: False
[BabyBuggy @ orchestrator.py:153][DEBUG] 2017-11-15 18:04:45,079: Task '<Task cancelled coro=<QuadEncoder.loop() done, defined at /media/nvidia/JetsonSSD/code/TestBed/babybuggy/quad_encoder.py:65>>' was cancelled
[BabyBuggy @ orchestrator.py:149][DEBUG] 2017-11-15 18:04:45,079: Cancelling <Task cancelled coro=<LMS200.loop() done, defined at /usr/local/lib/python3.5/dist-packages/lms200/lms200.py:111>>: False
[BabyBuggy @ orchestrator.py:153][DEBUG] 2017-11-15 18:04:45,079: Task '<Task cancelled coro=<LMS200.loop() done, defined at /usr/local/lib/python3.5/dist-packages/lms200/lms200.py:111>>' was cancelled
[BabyBuggy @ orchestrator.py:149][DEBUG] 2017-11-15 18:04:45,080: Cancelling <Task cancelled coro=<Slam.loop() done, defined at /usr/local/lib/python3.5/dist-packages/lms200/slam.py:95>>: False
[BabyBuggy @ orchestrator.py:153][DEBUG] 2017-11-15 18:04:45,080: Task '<Task cancelled coro=<Slam.loop() done, defined at /usr/local/lib/python3.5/dist-packages/lms200/slam.py:95>>' was cancelled
[BabyBuggy @ orchestrator.py:149][DEBUG] 2017-11-15 18:04:45,080: Cancelling <Task cancelled coro=<Odometry.loop() done, defined at /media/nvidia/JetsonSSD/code/TestBed/babybuggy/odometry.py:33>>: False
[BabyBuggy @ orchestrator.py:153][DEBUG] 2017-11-15 18:04:45,080: Task '<Task cancelled coro=<Odometry.loop() done, defined at /media/nvidia/JetsonSSD/code/TestBed/babybuggy/odometry.py:33>>' was cancelled
[BabyBuggy @ orchestrator.py:89][INFO] 2017-11-15 18:04:45,080: halting
[BabyBuggy @ orchestrator.py:92][INFO] 2017-11-15 18:04:45,080: Session took 42.99122452735901s to complete
[BabyBuggy @ orchestrator.py:78][INFO] 2017-11-15 18:04:45,084: teardown
