[BabyBuggy @ factory.py:85][DEBUG] 2017-11-15 18:38:05,721: Logging to: logs/2017_Nov_15/BabyBuggy/18_38_05.log
[BabyBuggy @ orchestrator.py:250][INFO] 2017-11-15 18:38:05,764: 'Odometry' is subscribing to 'QuadEncoder' with the tag 'encoder'
[BabyBuggy @ orchestrator.py:250][INFO] 2017-11-15 18:38:05,764: 'Odometry' is subscribing to 'BNO055' with the tag 'bno055'
[BabyBuggy @ orchestrator.py:250][INFO] 2017-11-15 18:38:05,765: 'Slam' is subscribing to 'LMS200' with the tag 'lms'
[BabyBuggy @ orchestrator.py:250][INFO] 2017-11-15 18:38:05,765: 'Slam' is subscribing to 'Odometry' with the tag 'odometry'
[BabyBuggy @ orchestrator.py:220][INFO] 2017-11-15 18:38:05,765: Producer 'OpenCVCamera' isn't enabled! Ignoring consumer 'OpenCVRecorder' subscription
[BabyBuggy @ orchestrator.py:108][DEBUG] 2017-11-15 18:38:05,766: Applying subscriptions
[BabyBuggy @ orchestrator.py:112][DEBUG] 2017-11-15 18:38:05,766: Adding setup tasks
[BabyBuggy @ orchestrator.py:117][DEBUG] 2017-11-15 18:38:05,767: Running set up tasks (7). [<babybuggy.bno055.BNO055 object at 0x7fa4013b70>, <babybuggy.adafruit_gps.AdafruitGPS object at 0x7f833277b8>, <babybuggy.quad_encoder.QuadEncoder object at 0x7f8332e518>, <lms200.lms200.LMS200 object at 0x7f83335550>, <lms200.slam.Slam object at 0x7fa3631f28>, <babybuggy.odometry.Odometry object at 0x7f83335240>] and orchestrator setup
[BabyBuggy @ orchestrator.py:68][INFO] 2017-11-15 18:38:05,768: setup
[BabyBuggy @ orchestrator.py:149][DEBUG] 2017-11-15 18:38:11,715: Cancelling <Task finished coro=<Orchestrator.setup() done, defined at /usr/lib/python3.5/asyncio/coroutines.py:204> result=None>: False
[BabyBuggy @ orchestrator.py:149][DEBUG] 2017-11-15 18:38:11,716: Cancelling <Task finished coro=<Arduino.setup() done, defined at /usr/lib/python3.5/asyncio/coroutines.py:204> result=None>: False
[BabyBuggy @ orchestrator.py:149][DEBUG] 2017-11-15 18:38:11,717: Cancelling <Task finished coro=<Arduino.setup() done, defined at /usr/lib/python3.5/asyncio/coroutines.py:204> result=None>: False
[BabyBuggy @ orchestrator.py:149][DEBUG] 2017-11-15 18:38:11,718: Cancelling <Task finished coro=<Arduino.setup() done, defined at /usr/lib/python3.5/asyncio/coroutines.py:204> result=None>: False
[BabyBuggy @ orchestrator.py:149][DEBUG] 2017-11-15 18:38:11,719: Cancelling <Task finished coro=<LMS200.setup() done, defined at /usr/local/lib/python3.5/dist-packages/lms200/lms200.py:70> result=None>: False
[BabyBuggy @ orchestrator.py:149][DEBUG] 2017-11-15 18:38:11,720: Cancelling <Task finished coro=<Node.setup() done, defined at /usr/lib/python3.5/asyncio/coroutines.py:204> result=None>: False
[BabyBuggy @ orchestrator.py:149][DEBUG] 2017-11-15 18:38:11,721: Cancelling <Task finished coro=<Node.setup() done, defined at /usr/lib/python3.5/asyncio/coroutines.py:204> result=None>: False
[BabyBuggy @ orchestrator.py:135][DEBUG] 2017-11-15 18:38:11,721: Adding loop tasks
[BabyBuggy @ orchestrator.py:139][DEBUG] 2017-11-15 18:38:11,722: Appending BNO055's loop task
[BabyBuggy @ orchestrator.py:139][DEBUG] 2017-11-15 18:38:11,723: Appending AdafruitGPS's loop task
[BabyBuggy @ orchestrator.py:139][DEBUG] 2017-11-15 18:38:11,724: Appending QuadEncoder's loop task
[BabyBuggy @ orchestrator.py:139][DEBUG] 2017-11-15 18:38:11,725: Appending LMS200's loop task
[BabyBuggy @ orchestrator.py:139][DEBUG] 2017-11-15 18:38:11,725: Appending Slam's loop task
[BabyBuggy @ orchestrator.py:139][DEBUG] 2017-11-15 18:38:11,726: Appending Odometry's loop task
[BabyBuggy @ orchestrator.py:144][DEBUG] 2017-11-15 18:38:11,727: Running loop tasks (7)
[BabyBuggy @ orchestrator.py:167][DEBUG] 2017-11-15 18:39:11,845: 7 tasks to cancel
[BabyBuggy @ orchestrator.py:149][DEBUG] 2017-11-15 18:39:11,846: Cancelling <Task pending coro=<Orchestrator.loop() running at /usr/local/lib/python3.5/dist-packages/atlasbuggy/orchestrator.py:73> wait_for=<Future cancelled> cb=[_wait.<locals>._on_completion() at /usr/lib/python3.5/asyncio/tasks.py:414]>: True
[BabyBuggy @ orchestrator.py:149][DEBUG] 2017-11-15 18:39:11,846: Cancelling <Task cancelling coro=<BNO055.loop() running at /media/nvidia/JetsonSSD/code/TestBed/babybuggy/bno055.py:137> cb=[_wait.<locals>._on_completion() at /usr/lib/python3.5/asyncio/tasks.py:414]>: True
[BabyBuggy @ orchestrator.py:149][DEBUG] 2017-11-15 18:39:11,847: Cancelling <Task cancelling coro=<AdafruitGPS.loop() running at /media/nvidia/JetsonSSD/code/TestBed/babybuggy/adafruit_gps.py:144> cb=[_wait.<locals>._on_completion() at /usr/lib/python3.5/asyncio/tasks.py:414]>: True
[BabyBuggy @ orchestrator.py:149][DEBUG] 2017-11-15 18:39:11,847: Cancelling <Task cancelling coro=<QuadEncoder.loop() running at /media/nvidia/JetsonSSD/code/TestBed/babybuggy/quad_encoder.py:78> cb=[_wait.<locals>._on_completion() at /usr/lib/python3.5/asyncio/tasks.py:414]>: True
[BabyBuggy @ orchestrator.py:149][DEBUG] 2017-11-15 18:39:11,847: Cancelling <Task pending coro=<LMS200.loop() running at /usr/local/lib/python3.5/dist-packages/lms200/lms200.py:124> wait_for=<Future cancelled> cb=[_wait.<locals>._on_completion() at /usr/lib/python3.5/asyncio/tasks.py:414]>: True
[BabyBuggy @ orchestrator.py:149][DEBUG] 2017-11-15 18:39:11,847: Cancelling <Task cancelling coro=<Slam.loop() running at /usr/local/lib/python3.5/dist-packages/lms200/slam.py:134> wait_for=<Future finished result=None> cb=[_wait.<locals>._on_completion() at /usr/lib/python3.5/asyncio/tasks.py:414]>: True
[BabyBuggy @ orchestrator.py:149][DEBUG] 2017-11-15 18:39:11,848: Cancelling <Task pending coro=<Odometry.loop() running at /media/nvidia/JetsonSSD/code/TestBed/babybuggy/odometry.py:79> wait_for=<Future cancelled> cb=[_wait.<locals>._on_completion() at /usr/lib/python3.5/asyncio/tasks.py:414]>: True
[BabyBuggy @ orchestrator.py:167][DEBUG] 2017-11-15 18:39:11,848: 7 tasks to cancel
[BabyBuggy @ orchestrator.py:149][DEBUG] 2017-11-15 18:39:11,848: Cancelling <Task cancelling coro=<Orchestrator.loop() running at /usr/local/lib/python3.5/dist-packages/atlasbuggy/orchestrator.py:73> wait_for=<Future cancelled> cb=[_wait.<locals>._on_completion() at /usr/lib/python3.5/asyncio/tasks.py:414]>: True
[BabyBuggy @ orchestrator.py:149][DEBUG] 2017-11-15 18:39:11,848: Cancelling <Task cancelling coro=<BNO055.loop() running at /media/nvidia/JetsonSSD/code/TestBed/babybuggy/bno055.py:137> cb=[_wait.<locals>._on_completion() at /usr/lib/python3.5/asyncio/tasks.py:414]>: True
[BabyBuggy @ orchestrator.py:149][DEBUG] 2017-11-15 18:39:11,848: Cancelling <Task cancelling coro=<AdafruitGPS.loop() running at /media/nvidia/JetsonSSD/code/TestBed/babybuggy/adafruit_gps.py:144> cb=[_wait.<locals>._on_completion() at /usr/lib/python3.5/asyncio/tasks.py:414]>: True
[BabyBuggy @ orchestrator.py:149][DEBUG] 2017-11-15 18:39:11,849: Cancelling <Task cancelling coro=<QuadEncoder.loop() running at /media/nvidia/JetsonSSD/code/TestBed/babybuggy/quad_encoder.py:78> cb=[_wait.<locals>._on_completion() at /usr/lib/python3.5/asyncio/tasks.py:414]>: True
[BabyBuggy @ orchestrator.py:149][DEBUG] 2017-11-15 18:39:11,849: Cancelling <Task cancelling coro=<LMS200.loop() running at /usr/local/lib/python3.5/dist-packages/lms200/lms200.py:124> wait_for=<Future cancelled> cb=[_wait.<locals>._on_completion() at /usr/lib/python3.5/asyncio/tasks.py:414]>: True
[BabyBuggy @ orchestrator.py:149][DEBUG] 2017-11-15 18:39:11,849: Cancelling <Task cancelling coro=<Slam.loop() running at /usr/local/lib/python3.5/dist-packages/lms200/slam.py:134> wait_for=<Future finished result=None> cb=[_wait.<locals>._on_completion() at /usr/lib/python3.5/asyncio/tasks.py:414]>: True
[BabyBuggy @ orchestrator.py:149][DEBUG] 2017-11-15 18:39:11,849: Cancelling <Task cancelling coro=<Odometry.loop() running at /media/nvidia/JetsonSSD/code/TestBed/babybuggy/odometry.py:79> wait_for=<Future cancelled> cb=[_wait.<locals>._on_completion() at /usr/lib/python3.5/asyncio/tasks.py:414]>: True
[BabyBuggy @ orchestrator.py:167][DEBUG] 2017-11-15 18:39:11,849: 7 tasks to cancel
[BabyBuggy @ orchestrator.py:149][DEBUG] 2017-11-15 18:39:11,850: Cancelling <Task cancelling coro=<Orchestrator.loop() running at /usr/local/lib/python3.5/dist-packages/atlasbuggy/orchestrator.py:73> wait_for=<Future cancelled> cb=[_wait.<locals>._on_completion() at /usr/lib/python3.5/asyncio/tasks.py:414]>: True
[BabyBuggy @ orchestrator.py:149][DEBUG] 2017-11-15 18:39:11,850: Cancelling <Task cancelling coro=<BNO055.loop() running at /media/nvidia/JetsonSSD/code/TestBed/babybuggy/bno055.py:137> cb=[_wait.<locals>._on_completion() at /usr/lib/python3.5/asyncio/tasks.py:414]>: True
[BabyBuggy @ orchestrator.py:149][DEBUG] 2017-11-15 18:39:11,850: Cancelling <Task cancelling coro=<AdafruitGPS.loop() running at /media/nvidia/JetsonSSD/code/TestBed/babybuggy/adafruit_gps.py:144> cb=[_wait.<locals>._on_completion() at /usr/lib/python3.5/asyncio/tasks.py:414]>: True
[BabyBuggy @ orchestrator.py:149][DEBUG] 2017-11-15 18:39:11,850: Cancelling <Task cancelling coro=<QuadEncoder.loop() running at /media/nvidia/JetsonSSD/code/TestBed/babybuggy/quad_encoder.py:78> cb=[_wait.<locals>._on_completion() at /usr/lib/python3.5/asyncio/tasks.py:414]>: True
[BabyBuggy @ orchestrator.py:149][DEBUG] 2017-11-15 18:39:11,851: Cancelling <Task cancelling coro=<LMS200.loop() running at /usr/local/lib/python3.5/dist-packages/lms200/lms200.py:124> wait_for=<Future cancelled> cb=[_wait.<locals>._on_completion() at /usr/lib/python3.5/asyncio/tasks.py:414]>: True
[BabyBuggy @ orchestrator.py:149][DEBUG] 2017-11-15 18:39:11,851: Cancelling <Task cancelling coro=<Slam.loop() running at /usr/local/lib/python3.5/dist-packages/lms200/slam.py:134> wait_for=<Future finished result=None> cb=[_wait.<locals>._on_completion() at /usr/lib/python3.5/asyncio/tasks.py:414]>: True
[BabyBuggy @ orchestrator.py:149][DEBUG] 2017-11-15 18:39:11,851: Cancelling <Task cancelling coro=<Odometry.loop() running at /media/nvidia/JetsonSSD/code/TestBed/babybuggy/odometry.py:79> wait_for=<Future cancelled> cb=[_wait.<locals>._on_completion() at /usr/lib/python3.5/asyncio/tasks.py:414]>: True
[BabyBuggy @ orchestrator.py:167][DEBUG] 2017-11-15 18:39:11,851: 7 tasks to cancel
[BabyBuggy @ orchestrator.py:149][DEBUG] 2017-11-15 18:39:11,851: Cancelling <Task cancelling coro=<Orchestrator.loop() running at /usr/local/lib/python3.5/dist-packages/atlasbuggy/orchestrator.py:73> wait_for=<Future cancelled> cb=[_wait.<locals>._on_completion() at /usr/lib/python3.5/asyncio/tasks.py:414]>: True
[BabyBuggy @ orchestrator.py:149][DEBUG] 2017-11-15 18:39:11,852: Cancelling <Task cancelling coro=<BNO055.loop() running at /media/nvidia/JetsonSSD/code/TestBed/babybuggy/bno055.py:137> cb=[_wait.<locals>._on_completion() at /usr/lib/python3.5/asyncio/tasks.py:414]>: True
[BabyBuggy @ orchestrator.py:149][DEBUG] 2017-11-15 18:39:11,852: Cancelling <Task cancelling coro=<AdafruitGPS.loop() running at /media/nvidia/JetsonSSD/code/TestBed/babybuggy/adafruit_gps.py:144> cb=[_wait.<locals>._on_completion() at /usr/lib/python3.5/asyncio/tasks.py:414]>: True
[BabyBuggy @ orchestrator.py:149][DEBUG] 2017-11-15 18:39:11,852: Cancelling <Task cancelling coro=<QuadEncoder.loop() running at /media/nvidia/JetsonSSD/code/TestBed/babybuggy/quad_encoder.py:78> cb=[_wait.<locals>._on_completion() at /usr/lib/python3.5/asyncio/tasks.py:414]>: True
[BabyBuggy @ orchestrator.py:149][DEBUG] 2017-11-15 18:39:11,852: Cancelling <Task cancelling coro=<LMS200.loop() running at /usr/local/lib/python3.5/dist-packages/lms200/lms200.py:124> wait_for=<Future cancelled> cb=[_wait.<locals>._on_completion() at /usr/lib/python3.5/asyncio/tasks.py:414]>: True
[BabyBuggy @ orchestrator.py:149][DEBUG] 2017-11-15 18:39:11,853: Cancelling <Task cancelling coro=<Slam.loop() running at /usr/local/lib/python3.5/dist-packages/lms200/slam.py:134> wait_for=<Future finished result=None> cb=[_wait.<locals>._on_completion() at /usr/lib/python3.5/asyncio/tasks.py:414]>: True
[BabyBuggy @ orchestrator.py:149][DEBUG] 2017-11-15 18:39:11,853: Cancelling <Task cancelling coro=<Odometry.loop() running at /media/nvidia/JetsonSSD/code/TestBed/babybuggy/odometry.py:79> wait_for=<Future cancelled> cb=[_wait.<locals>._on_completion() at /usr/lib/python3.5/asyncio/tasks.py:414]>: True
[BabyBuggy @ orchestrator.py:167][DEBUG] 2017-11-15 18:39:11,853: 7 tasks to cancel
[BabyBuggy @ orchestrator.py:149][DEBUG] 2017-11-15 18:39:11,853: Cancelling <Task cancelling coro=<Orchestrator.loop() running at /usr/local/lib/python3.5/dist-packages/atlasbuggy/orchestrator.py:73> wait_for=<Future cancelled> cb=[_wait.<locals>._on_completion() at /usr/lib/python3.5/asyncio/tasks.py:414]>: True
[BabyBuggy @ orchestrator.py:149][DEBUG] 2017-11-15 18:39:11,853: Cancelling <Task cancelling coro=<BNO055.loop() running at /media/nvidia/JetsonSSD/code/TestBed/babybuggy/bno055.py:137> cb=[_wait.<locals>._on_completion() at /usr/lib/python3.5/asyncio/tasks.py:414]>: True
[BabyBuggy @ orchestrator.py:149][DEBUG] 2017-11-15 18:39:11,854: Cancelling <Task cancelling coro=<AdafruitGPS.loop() running at /media/nvidia/JetsonSSD/code/TestBed/babybuggy/adafruit_gps.py:144> cb=[_wait.<locals>._on_completion() at /usr/lib/python3.5/asyncio/tasks.py:414]>: True
[BabyBuggy @ orchestrator.py:149][DEBUG] 2017-11-15 18:39:11,854: Cancelling <Task cancelling coro=<QuadEncoder.loop() running at /media/nvidia/JetsonSSD/code/TestBed/babybuggy/quad_encoder.py:78> cb=[_wait.<locals>._on_completion() at /usr/lib/python3.5/asyncio/tasks.py:414]>: True
[BabyBuggy @ orchestrator.py:149][DEBUG] 2017-11-15 18:39:11,854: Cancelling <Task cancelling coro=<LMS200.loop() running at /usr/local/lib/python3.5/dist-packages/lms200/lms200.py:124> wait_for=<Future cancelled> cb=[_wait.<locals>._on_completion() at /usr/lib/python3.5/asyncio/tasks.py:414]>: True
[BabyBuggy @ orchestrator.py:149][DEBUG] 2017-11-15 18:39:11,854: Cancelling <Task cancelling coro=<Slam.loop() running at /usr/local/lib/python3.5/dist-packages/lms200/slam.py:134> wait_for=<Future finished result=None> cb=[_wait.<locals>._on_completion() at /usr/lib/python3.5/asyncio/tasks.py:414]>: True
[BabyBuggy @ orchestrator.py:149][DEBUG] 2017-11-15 18:39:11,854: Cancelling <Task cancelling coro=<Odometry.loop() running at /media/nvidia/JetsonSSD/code/TestBed/babybuggy/odometry.py:79> wait_for=<Future cancelled> cb=[_wait.<locals>._on_completion() at /usr/lib/python3.5/asyncio/tasks.py:414]>: True
[BabyBuggy @ orchestrator.py:167][DEBUG] 2017-11-15 18:39:11,854: 7 tasks to cancel
[BabyBuggy @ orchestrator.py:149][DEBUG] 2017-11-15 18:39:11,855: Cancelling <Task cancelling coro=<Orchestrator.loop() running at /usr/local/lib/python3.5/dist-packages/atlasbuggy/orchestrator.py:73> wait_for=<Future cancelled> cb=[_wait.<locals>._on_completion() at /usr/lib/python3.5/asyncio/tasks.py:414]>: True
[BabyBuggy @ orchestrator.py:149][DEBUG] 2017-11-15 18:39:11,855: Cancelling <Task cancelling coro=<BNO055.loop() running at /media/nvidia/JetsonSSD/code/TestBed/babybuggy/bno055.py:137> cb=[_wait.<locals>._on_completion() at /usr/lib/python3.5/asyncio/tasks.py:414]>: True
[BabyBuggy @ orchestrator.py:149][DEBUG] 2017-11-15 18:39:11,855: Cancelling <Task cancelling coro=<AdafruitGPS.loop() running at /media/nvidia/JetsonSSD/code/TestBed/babybuggy/adafruit_gps.py:144> cb=[_wait.<locals>._on_completion() at /usr/lib/python3.5/asyncio/tasks.py:414]>: True
[BabyBuggy @ orchestrator.py:149][DEBUG] 2017-11-15 18:39:11,855: Cancelling <Task cancelling coro=<QuadEncoder.loop() running at /media/nvidia/JetsonSSD/code/TestBed/babybuggy/quad_encoder.py:78> cb=[_wait.<locals>._on_completion() at /usr/lib/python3.5/asyncio/tasks.py:414]>: True
[BabyBuggy @ orchestrator.py:149][DEBUG] 2017-11-15 18:39:11,856: Cancelling <Task cancelling coro=<LMS200.loop() running at /usr/local/lib/python3.5/dist-packages/lms200/lms200.py:124> wait_for=<Future cancelled> cb=[_wait.<locals>._on_completion() at /usr/lib/python3.5/asyncio/tasks.py:414]>: True
[BabyBuggy @ orchestrator.py:149][DEBUG] 2017-11-15 18:39:11,856: Cancelling <Task cancelling coro=<Slam.loop() running at /usr/local/lib/python3.5/dist-packages/lms200/slam.py:134> wait_for=<Future finished result=None> cb=[_wait.<locals>._on_completion() at /usr/lib/python3.5/asyncio/tasks.py:414]>: True
[BabyBuggy @ orchestrator.py:149][DEBUG] 2017-11-15 18:39:11,856: Cancelling <Task cancelling coro=<Odometry.loop() running at /media/nvidia/JetsonSSD/code/TestBed/babybuggy/odometry.py:79> wait_for=<Future cancelled> cb=[_wait.<locals>._on_completion() at /usr/lib/python3.5/asyncio/tasks.py:414]>: True
[BabyBuggy @ orchestrator.py:269][INFO] 2017-11-15 18:39:11,857: loop finished
[BabyBuggy @ orchestrator.py:273][INFO] 2017-11-15 18:39:11,857: closing orchestrator
[BabyBuggy @ orchestrator.py:167][DEBUG] 2017-11-15 18:39:11,857: 7 tasks to cancel
[BabyBuggy @ orchestrator.py:149][DEBUG] 2017-11-15 18:39:11,858: Cancelling <Task cancelled coro=<Orchestrator.loop() done, defined at /usr/local/lib/python3.5/dist-packages/atlasbuggy/orchestrator.py:70>>: False
[BabyBuggy @ orchestrator.py:153][DEBUG] 2017-11-15 18:39:11,858: Task '<Task cancelled coro=<Orchestrator.loop() done, defined at /usr/local/lib/python3.5/dist-packages/atlasbuggy/orchestrator.py:70>>' was cancelled
[BabyBuggy @ orchestrator.py:149][DEBUG] 2017-11-15 18:39:11,858: Cancelling <Task cancelled coro=<BNO055.loop() done, defined at /media/nvidia/JetsonSSD/code/TestBed/babybuggy/bno055.py:124>>: False
[BabyBuggy @ orchestrator.py:153][DEBUG] 2017-11-15 18:39:11,858: Task '<Task cancelled coro=<BNO055.loop() done, defined at /media/nvidia/JetsonSSD/code/TestBed/babybuggy/bno055.py:124>>' was cancelled
[BabyBuggy @ orchestrator.py:149][DEBUG] 2017-11-15 18:39:11,858: Cancelling <Task cancelled coro=<AdafruitGPS.loop() done, defined at /media/nvidia/JetsonSSD/code/TestBed/babybuggy/adafruit_gps.py:130>>: False
[BabyBuggy @ orchestrator.py:153][DEBUG] 2017-11-15 18:39:11,858: Task '<Task cancelled coro=<AdafruitGPS.loop() done, defined at /media/nvidia/JetsonSSD/code/TestBed/babybuggy/adafruit_gps.py:130>>' was cancelled
[BabyBuggy @ orchestrator.py:149][DEBUG] 2017-11-15 18:39:11,859: Cancelling <Task cancelled coro=<QuadEncoder.loop() done, defined at /media/nvidia/JetsonSSD/code/TestBed/babybuggy/quad_encoder.py:65>>: False
[BabyBuggy @ orchestrator.py:153][DEBUG] 2017-11-15 18:39:11,859: Task '<Task cancelled coro=<QuadEncoder.loop() done, defined at /media/nvidia/JetsonSSD/code/TestBed/babybuggy/quad_encoder.py:65>>' was cancelled
[BabyBuggy @ orchestrator.py:149][DEBUG] 2017-11-15 18:39:11,859: Cancelling <Task cancelled coro=<LMS200.loop() done, defined at /usr/local/lib/python3.5/dist-packages/lms200/lms200.py:111>>: False
[BabyBuggy @ orchestrator.py:153][DEBUG] 2017-11-15 18:39:11,859: Task '<Task cancelled coro=<LMS200.loop() done, defined at /usr/local/lib/python3.5/dist-packages/lms200/lms200.py:111>>' was cancelled
[BabyBuggy @ orchestrator.py:149][DEBUG] 2017-11-15 18:39:11,859: Cancelling <Task cancelled coro=<Slam.loop() done, defined at /usr/local/lib/python3.5/dist-packages/lms200/slam.py:95>>: False
[BabyBuggy @ orchestrator.py:153][DEBUG] 2017-11-15 18:39:11,860: Task '<Task cancelled coro=<Slam.loop() done, defined at /usr/local/lib/python3.5/dist-packages/lms200/slam.py:95>>' was cancelled
[BabyBuggy @ orchestrator.py:149][DEBUG] 2017-11-15 18:39:11,860: Cancelling <Task cancelled coro=<Odometry.loop() done, defined at /media/nvidia/JetsonSSD/code/TestBed/babybuggy/odometry.py:33>>: False
[BabyBuggy @ orchestrator.py:153][DEBUG] 2017-11-15 18:39:11,860: Task '<Task cancelled coro=<Odometry.loop() done, defined at /media/nvidia/JetsonSSD/code/TestBed/babybuggy/odometry.py:33>>' was cancelled
[BabyBuggy @ orchestrator.py:89][INFO] 2017-11-15 18:39:11,860: halting
[BabyBuggy @ orchestrator.py:92][INFO] 2017-11-15 18:39:11,860: Session took 66.13890171051025s to complete
[BabyBuggy @ orchestrator.py:78][INFO] 2017-11-15 18:39:11,864: teardown
