[BabyBuggy @ factory.py:85][DEBUG] 2017-11-15 18:36:15,073: Logging to: logs/2017_Nov_15/BabyBuggy/18_36_15.log
[BabyBuggy @ orchestrator.py:224][INFO] 2017-11-15 18:36:15,116: Consumer 'Odometry' isn't enabled! Ignoring subscription to producer 'QuadEncoder'
[BabyBuggy @ orchestrator.py:224][INFO] 2017-11-15 18:36:15,117: Consumer 'Odometry' isn't enabled! Ignoring subscription to producer 'BNO055'
[BabyBuggy @ orchestrator.py:250][INFO] 2017-11-15 18:36:15,117: 'Slam' is subscribing to 'LMS200' with the tag 'lms'
[BabyBuggy @ orchestrator.py:220][INFO] 2017-11-15 18:36:15,118: Producer 'Odometry' isn't enabled! Ignoring consumer 'Slam' subscription
[BabyBuggy @ orchestrator.py:220][INFO] 2017-11-15 18:36:15,118: Producer 'OpenCVCamera' isn't enabled! Ignoring consumer 'OpenCVRecorder' subscription
[BabyBuggy @ orchestrator.py:108][DEBUG] 2017-11-15 18:36:15,118: Applying subscriptions
[BabyBuggy @ orchestrator.py:112][DEBUG] 2017-11-15 18:36:15,118: Adding setup tasks
[BabyBuggy @ orchestrator.py:117][DEBUG] 2017-11-15 18:36:15,120: Running set up tasks (6). [<babybuggy.bno055.BNO055 object at 0x7f8ea3db70>, <babybuggy.adafruit_gps.AdafruitGPS object at 0x7f6dd52668>, <babybuggy.quad_encoder.QuadEncoder object at 0x7f8e0650b8>, <lms200.lms200.LMS200 object at 0x7f6dd5f3c8>, <lms200.slam.Slam object at 0x7f6dcf9668>] and orchestrator setup
[BabyBuggy @ orchestrator.py:68][INFO] 2017-11-15 18:36:15,120: setup
[BabyBuggy @ orchestrator.py:149][DEBUG] 2017-11-15 18:36:22,098: Cancelling <Task finished coro=<Orchestrator.setup() done, defined at /usr/lib/python3.5/asyncio/coroutines.py:204> result=None>: False
[BabyBuggy @ orchestrator.py:149][DEBUG] 2017-11-15 18:36:22,099: Cancelling <Task finished coro=<Arduino.setup() done, defined at /usr/lib/python3.5/asyncio/coroutines.py:204> result=None>: False
[BabyBuggy @ orchestrator.py:149][DEBUG] 2017-11-15 18:36:22,100: Cancelling <Task finished coro=<Arduino.setup() done, defined at /usr/lib/python3.5/asyncio/coroutines.py:204> result=None>: False
[BabyBuggy @ orchestrator.py:149][DEBUG] 2017-11-15 18:36:22,101: Cancelling <Task finished coro=<Arduino.setup() done, defined at /usr/lib/python3.5/asyncio/coroutines.py:204> result=None>: False
[BabyBuggy @ orchestrator.py:149][DEBUG] 2017-11-15 18:36:22,102: Cancelling <Task finished coro=<LMS200.setup() done, defined at /usr/local/lib/python3.5/dist-packages/lms200/lms200.py:70> result=None>: False
[BabyBuggy @ orchestrator.py:149][DEBUG] 2017-11-15 18:36:22,102: Cancelling <Task finished coro=<Node.setup() done, defined at /usr/lib/python3.5/asyncio/coroutines.py:204> result=None>: False
[BabyBuggy @ orchestrator.py:135][DEBUG] 2017-11-15 18:36:22,103: Adding loop tasks
[BabyBuggy @ orchestrator.py:139][DEBUG] 2017-11-15 18:36:22,104: Appending BNO055's loop task
[BabyBuggy @ orchestrator.py:139][DEBUG] 2017-11-15 18:36:22,105: Appending AdafruitGPS's loop task
[BabyBuggy @ orchestrator.py:139][DEBUG] 2017-11-15 18:36:22,106: Appending QuadEncoder's loop task
[BabyBuggy @ orchestrator.py:139][DEBUG] 2017-11-15 18:36:22,107: Appending LMS200's loop task
[BabyBuggy @ orchestrator.py:139][DEBUG] 2017-11-15 18:36:22,108: Appending Slam's loop task
[BabyBuggy @ orchestrator.py:144][DEBUG] 2017-11-15 18:36:22,109: Running loop tasks (6)
[BabyBuggy @ orchestrator.py:167][DEBUG] 2017-11-15 18:37:00,756: 6 tasks to cancel
[BabyBuggy @ orchestrator.py:149][DEBUG] 2017-11-15 18:37:00,757: Cancelling <Task pending coro=<Orchestrator.loop() running at /usr/local/lib/python3.5/dist-packages/atlasbuggy/orchestrator.py:73> wait_for=<Future cancelled> cb=[_wait.<locals>._on_completion() at /usr/lib/python3.5/asyncio/tasks.py:414]>: True
[BabyBuggy @ orchestrator.py:149][DEBUG] 2017-11-15 18:37:00,757: Cancelling <Task cancelling coro=<BNO055.loop() running at /media/nvidia/JetsonSSD/code/TestBed/babybuggy/bno055.py:137> cb=[_wait.<locals>._on_completion() at /usr/lib/python3.5/asyncio/tasks.py:414]>: True
[BabyBuggy @ orchestrator.py:149][DEBUG] 2017-11-15 18:37:00,758: Cancelling <Task cancelling coro=<AdafruitGPS.loop() running at /media/nvidia/JetsonSSD/code/TestBed/babybuggy/adafruit_gps.py:144> cb=[_wait.<locals>._on_completion() at /usr/lib/python3.5/asyncio/tasks.py:414]>: True
[BabyBuggy @ orchestrator.py:149][DEBUG] 2017-11-15 18:37:00,758: Cancelling <Task cancelling coro=<QuadEncoder.loop() running at /media/nvidia/JetsonSSD/code/TestBed/babybuggy/quad_encoder.py:78> cb=[_wait.<locals>._on_completion() at /usr/lib/python3.5/asyncio/tasks.py:414]>: True
[BabyBuggy @ orchestrator.py:149][DEBUG] 2017-11-15 18:37:00,758: Cancelling <Task cancelling coro=<LMS200.loop() running at /usr/local/lib/python3.5/dist-packages/lms200/lms200.py:124> wait_for=<Future finished result=None> cb=[_wait.<locals>._on_completion() at /usr/lib/python3.5/asyncio/tasks.py:414]>: True
[BabyBuggy @ orchestrator.py:149][DEBUG] 2017-11-15 18:37:00,758: Cancelling <Task pending coro=<Slam.loop() running at /usr/local/lib/python3.5/dist-packages/lms200/slam.py:134> wait_for=<Future cancelled> cb=[_wait.<locals>._on_completion() at /usr/lib/python3.5/asyncio/tasks.py:414]>: True
[BabyBuggy @ orchestrator.py:167][DEBUG] 2017-11-15 18:37:00,759: 6 tasks to cancel
[BabyBuggy @ orchestrator.py:149][DEBUG] 2017-11-15 18:37:00,759: Cancelling <Task cancelling coro=<Orchestrator.loop() running at /usr/local/lib/python3.5/dist-packages/atlasbuggy/orchestrator.py:73> wait_for=<Future cancelled> cb=[_wait.<locals>._on_completion() at /usr/lib/python3.5/asyncio/tasks.py:414]>: True
[BabyBuggy @ orchestrator.py:149][DEBUG] 2017-11-15 18:37:00,759: Cancelling <Task cancelling coro=<BNO055.loop() running at /media/nvidia/JetsonSSD/code/TestBed/babybuggy/bno055.py:137> cb=[_wait.<locals>._on_completion() at /usr/lib/python3.5/asyncio/tasks.py:414]>: True
[BabyBuggy @ orchestrator.py:149][DEBUG] 2017-11-15 18:37:00,759: Cancelling <Task cancelling coro=<AdafruitGPS.loop() running at /media/nvidia/JetsonSSD/code/TestBed/babybuggy/adafruit_gps.py:144> cb=[_wait.<locals>._on_completion() at /usr/lib/python3.5/asyncio/tasks.py:414]>: True
[BabyBuggy @ orchestrator.py:149][DEBUG] 2017-11-15 18:37:00,760: Cancelling <Task cancelling coro=<QuadEncoder.loop() running at /media/nvidia/JetsonSSD/code/TestBed/babybuggy/quad_encoder.py:78> cb=[_wait.<locals>._on_completion() at /usr/lib/python3.5/asyncio/tasks.py:414]>: True
[BabyBuggy @ orchestrator.py:149][DEBUG] 2017-11-15 18:37:00,760: Cancelling <Task cancelling coro=<LMS200.loop() running at /usr/local/lib/python3.5/dist-packages/lms200/lms200.py:124> wait_for=<Future finished result=None> cb=[_wait.<locals>._on_completion() at /usr/lib/python3.5/asyncio/tasks.py:414]>: True
[BabyBuggy @ orchestrator.py:149][DEBUG] 2017-11-15 18:37:00,760: Cancelling <Task cancelling coro=<Slam.loop() running at /usr/local/lib/python3.5/dist-packages/lms200/slam.py:134> wait_for=<Future cancelled> cb=[_wait.<locals>._on_completion() at /usr/lib/python3.5/asyncio/tasks.py:414]>: True
[BabyBuggy @ orchestrator.py:167][DEBUG] 2017-11-15 18:37:00,760: 6 tasks to cancel
[BabyBuggy @ orchestrator.py:149][DEBUG] 2017-11-15 18:37:00,760: Cancelling <Task cancelling coro=<Orchestrator.loop() running at /usr/local/lib/python3.5/dist-packages/atlasbuggy/orchestrator.py:73> wait_for=<Future cancelled> cb=[_wait.<locals>._on_completion() at /usr/lib/python3.5/asyncio/tasks.py:414]>: True
[BabyBuggy @ orchestrator.py:149][DEBUG] 2017-11-15 18:37:00,761: Cancelling <Task cancelling coro=<BNO055.loop() running at /media/nvidia/JetsonSSD/code/TestBed/babybuggy/bno055.py:137> cb=[_wait.<locals>._on_completion() at /usr/lib/python3.5/asyncio/tasks.py:414]>: True
[BabyBuggy @ orchestrator.py:149][DEBUG] 2017-11-15 18:37:00,761: Cancelling <Task cancelling coro=<AdafruitGPS.loop() running at /media/nvidia/JetsonSSD/code/TestBed/babybuggy/adafruit_gps.py:144> cb=[_wait.<locals>._on_completion() at /usr/lib/python3.5/asyncio/tasks.py:414]>: True
[BabyBuggy @ orchestrator.py:149][DEBUG] 2017-11-15 18:37:00,761: Cancelling <Task cancelling coro=<QuadEncoder.loop() running at /media/nvidia/JetsonSSD/code/TestBed/babybuggy/quad_encoder.py:78> cb=[_wait.<locals>._on_completion() at /usr/lib/python3.5/asyncio/tasks.py:414]>: True
[BabyBuggy @ orchestrator.py:149][DEBUG] 2017-11-15 18:37:00,761: Cancelling <Task cancelling coro=<LMS200.loop() running at /usr/local/lib/python3.5/dist-packages/lms200/lms200.py:124> wait_for=<Future finished result=None> cb=[_wait.<locals>._on_completion() at /usr/lib/python3.5/asyncio/tasks.py:414]>: True
[BabyBuggy @ orchestrator.py:149][DEBUG] 2017-11-15 18:37:00,761: Cancelling <Task cancelling coro=<Slam.loop() running at /usr/local/lib/python3.5/dist-packages/lms200/slam.py:134> wait_for=<Future cancelled> cb=[_wait.<locals>._on_completion() at /usr/lib/python3.5/asyncio/tasks.py:414]>: True
[BabyBuggy @ orchestrator.py:167][DEBUG] 2017-11-15 18:37:00,761: 6 tasks to cancel
[BabyBuggy @ orchestrator.py:149][DEBUG] 2017-11-15 18:37:00,762: Cancelling <Task cancelling coro=<Orchestrator.loop() running at /usr/local/lib/python3.5/dist-packages/atlasbuggy/orchestrator.py:73> wait_for=<Future cancelled> cb=[_wait.<locals>._on_completion() at /usr/lib/python3.5/asyncio/tasks.py:414]>: True
[BabyBuggy @ orchestrator.py:149][DEBUG] 2017-11-15 18:37:00,762: Cancelling <Task cancelling coro=<BNO055.loop() running at /media/nvidia/JetsonSSD/code/TestBed/babybuggy/bno055.py:137> cb=[_wait.<locals>._on_completion() at /usr/lib/python3.5/asyncio/tasks.py:414]>: True
[BabyBuggy @ orchestrator.py:149][DEBUG] 2017-11-15 18:37:00,762: Cancelling <Task cancelling coro=<AdafruitGPS.loop() running at /media/nvidia/JetsonSSD/code/TestBed/babybuggy/adafruit_gps.py:144> cb=[_wait.<locals>._on_completion() at /usr/lib/python3.5/asyncio/tasks.py:414]>: True
[BabyBuggy @ orchestrator.py:149][DEBUG] 2017-11-15 18:37:00,762: Cancelling <Task cancelling coro=<QuadEncoder.loop() running at /media/nvidia/JetsonSSD/code/TestBed/babybuggy/quad_encoder.py:78> cb=[_wait.<locals>._on_completion() at /usr/lib/python3.5/asyncio/tasks.py:414]>: True
[BabyBuggy @ orchestrator.py:149][DEBUG] 2017-11-15 18:37:00,763: Cancelling <Task cancelling coro=<LMS200.loop() running at /usr/local/lib/python3.5/dist-packages/lms200/lms200.py:124> wait_for=<Future finished result=None> cb=[_wait.<locals>._on_completion() at /usr/lib/python3.5/asyncio/tasks.py:414]>: True
[BabyBuggy @ orchestrator.py:149][DEBUG] 2017-11-15 18:37:00,763: Cancelling <Task cancelling coro=<Slam.loop() running at /usr/local/lib/python3.5/dist-packages/lms200/slam.py:134> wait_for=<Future cancelled> cb=[_wait.<locals>._on_completion() at /usr/lib/python3.5/asyncio/tasks.py:414]>: True
[BabyBuggy @ orchestrator.py:167][DEBUG] 2017-11-15 18:37:00,763: 6 tasks to cancel
[BabyBuggy @ orchestrator.py:149][DEBUG] 2017-11-15 18:37:00,763: Cancelling <Task cancelling coro=<Orchestrator.loop() running at /usr/local/lib/python3.5/dist-packages/atlasbuggy/orchestrator.py:73> wait_for=<Future cancelled> cb=[_wait.<locals>._on_completion() at /usr/lib/python3.5/asyncio/tasks.py:414]>: True
[BabyBuggy @ orchestrator.py:149][DEBUG] 2017-11-15 18:37:00,763: Cancelling <Task cancelling coro=<BNO055.loop() running at /media/nvidia/JetsonSSD/code/TestBed/babybuggy/bno055.py:137> cb=[_wait.<locals>._on_completion() at /usr/lib/python3.5/asyncio/tasks.py:414]>: True
[BabyBuggy @ orchestrator.py:149][DEBUG] 2017-11-15 18:37:00,764: Cancelling <Task cancelling coro=<AdafruitGPS.loop() running at /media/nvidia/JetsonSSD/code/TestBed/babybuggy/adafruit_gps.py:144> cb=[_wait.<locals>._on_completion() at /usr/lib/python3.5/asyncio/tasks.py:414]>: True
[BabyBuggy @ orchestrator.py:149][DEBUG] 2017-11-15 18:37:00,764: Cancelling <Task cancelling coro=<QuadEncoder.loop() running at /media/nvidia/JetsonSSD/code/TestBed/babybuggy/quad_encoder.py:78> cb=[_wait.<locals>._on_completion() at /usr/lib/python3.5/asyncio/tasks.py:414]>: True
[BabyBuggy @ orchestrator.py:149][DEBUG] 2017-11-15 18:37:00,764: Cancelling <Task cancelling coro=<LMS200.loop() running at /usr/local/lib/python3.5/dist-packages/lms200/lms200.py:124> wait_for=<Future finished result=None> cb=[_wait.<locals>._on_completion() at /usr/lib/python3.5/asyncio/tasks.py:414]>: True
[BabyBuggy @ orchestrator.py:149][DEBUG] 2017-11-15 18:37:00,764: Cancelling <Task cancelling coro=<Slam.loop() running at /usr/local/lib/python3.5/dist-packages/lms200/slam.py:134> wait_for=<Future cancelled> cb=[_wait.<locals>._on_completion() at /usr/lib/python3.5/asyncio/tasks.py:414]>: True
[BabyBuggy @ orchestrator.py:167][DEBUG] 2017-11-15 18:37:00,764: 6 tasks to cancel
[BabyBuggy @ orchestrator.py:149][DEBUG] 2017-11-15 18:37:00,765: Cancelling <Task cancelling coro=<Orchestrator.loop() running at /usr/local/lib/python3.5/dist-packages/atlasbuggy/orchestrator.py:73> wait_for=<Future cancelled> cb=[_wait.<locals>._on_completion() at /usr/lib/python3.5/asyncio/tasks.py:414]>: True
[BabyBuggy @ orchestrator.py:149][DEBUG] 2017-11-15 18:37:00,765: Cancelling <Task cancelling coro=<BNO055.loop() running at /media/nvidia/JetsonSSD/code/TestBed/babybuggy/bno055.py:137> cb=[_wait.<locals>._on_completion() at /usr/lib/python3.5/asyncio/tasks.py:414]>: True
[BabyBuggy @ orchestrator.py:149][DEBUG] 2017-11-15 18:37:00,765: Cancelling <Task cancelling coro=<AdafruitGPS.loop() running at /media/nvidia/JetsonSSD/code/TestBed/babybuggy/adafruit_gps.py:144> cb=[_wait.<locals>._on_completion() at /usr/lib/python3.5/asyncio/tasks.py:414]>: True
[BabyBuggy @ orchestrator.py:149][DEBUG] 2017-11-15 18:37:00,765: Cancelling <Task cancelling coro=<QuadEncoder.loop() running at /media/nvidia/JetsonSSD/code/TestBed/babybuggy/quad_encoder.py:78> cb=[_wait.<locals>._on_completion() at /usr/lib/python3.5/asyncio/tasks.py:414]>: True
[BabyBuggy @ orchestrator.py:149][DEBUG] 2017-11-15 18:37:00,766: Cancelling <Task cancelling coro=<LMS200.loop() running at /usr/local/lib/python3.5/dist-packages/lms200/lms200.py:124> wait_for=<Future finished result=None> cb=[_wait.<locals>._on_completion() at /usr/lib/python3.5/asyncio/tasks.py:414]>: True
[BabyBuggy @ orchestrator.py:149][DEBUG] 2017-11-15 18:37:00,766: Cancelling <Task cancelling coro=<Slam.loop() running at /usr/local/lib/python3.5/dist-packages/lms200/slam.py:134> wait_for=<Future cancelled> cb=[_wait.<locals>._on_completion() at /usr/lib/python3.5/asyncio/tasks.py:414]>: True
[BabyBuggy @ orchestrator.py:269][INFO] 2017-11-15 18:37:00,767: loop finished
[BabyBuggy @ orchestrator.py:273][INFO] 2017-11-15 18:37:00,767: closing orchestrator
[BabyBuggy @ orchestrator.py:167][DEBUG] 2017-11-15 18:37:00,767: 6 tasks to cancel
[BabyBuggy @ orchestrator.py:149][DEBUG] 2017-11-15 18:37:00,767: Cancelling <Task cancelled coro=<Orchestrator.loop() done, defined at /usr/local/lib/python3.5/dist-packages/atlasbuggy/orchestrator.py:70>>: False
[BabyBuggy @ orchestrator.py:153][DEBUG] 2017-11-15 18:37:00,768: Task '<Task cancelled coro=<Orchestrator.loop() done, defined at /usr/local/lib/python3.5/dist-packages/atlasbuggy/orchestrator.py:70>>' was cancelled
[BabyBuggy @ orchestrator.py:149][DEBUG] 2017-11-15 18:37:00,768: Cancelling <Task cancelled coro=<BNO055.loop() done, defined at /media/nvidia/JetsonSSD/code/TestBed/babybuggy/bno055.py:124>>: False
[BabyBuggy @ orchestrator.py:153][DEBUG] 2017-11-15 18:37:00,768: Task '<Task cancelled coro=<BNO055.loop() done, defined at /media/nvidia/JetsonSSD/code/TestBed/babybuggy/bno055.py:124>>' was cancelled
[BabyBuggy @ orchestrator.py:149][DEBUG] 2017-11-15 18:37:00,768: Cancelling <Task cancelled coro=<AdafruitGPS.loop() done, defined at /media/nvidia/JetsonSSD/code/TestBed/babybuggy/adafruit_gps.py:130>>: False
[BabyBuggy @ orchestrator.py:153][DEBUG] 2017-11-15 18:37:00,768: Task '<Task cancelled coro=<AdafruitGPS.loop() done, defined at /media/nvidia/JetsonSSD/code/TestBed/babybuggy/adafruit_gps.py:130>>' was cancelled
[BabyBuggy @ orchestrator.py:149][DEBUG] 2017-11-15 18:37:00,768: Cancelling <Task cancelled coro=<QuadEncoder.loop() done, defined at /media/nvidia/JetsonSSD/code/TestBed/babybuggy/quad_encoder.py:65>>: False
[BabyBuggy @ orchestrator.py:153][DEBUG] 2017-11-15 18:37:00,769: Task '<Task cancelled coro=<QuadEncoder.loop() done, defined at /media/nvidia/JetsonSSD/code/TestBed/babybuggy/quad_encoder.py:65>>' was cancelled
[BabyBuggy @ orchestrator.py:149][DEBUG] 2017-11-15 18:37:00,769: Cancelling <Task cancelled coro=<LMS200.loop() done, defined at /usr/local/lib/python3.5/dist-packages/lms200/lms200.py:111>>: False
[BabyBuggy @ orchestrator.py:153][DEBUG] 2017-11-15 18:37:00,769: Task '<Task cancelled coro=<LMS200.loop() done, defined at /usr/local/lib/python3.5/dist-packages/lms200/lms200.py:111>>' was cancelled
[BabyBuggy @ orchestrator.py:149][DEBUG] 2017-11-15 18:37:00,769: Cancelling <Task cancelled coro=<Slam.loop() done, defined at /usr/local/lib/python3.5/dist-packages/lms200/slam.py:95>>: False
[BabyBuggy @ orchestrator.py:153][DEBUG] 2017-11-15 18:37:00,769: Task '<Task cancelled coro=<Slam.loop() done, defined at /usr/local/lib/python3.5/dist-packages/lms200/slam.py:95>>' was cancelled
[BabyBuggy @ orchestrator.py:89][INFO] 2017-11-15 18:37:00,769: halting
[BabyBuggy @ orchestrator.py:92][INFO] 2017-11-15 18:37:00,770: Session took 45.695826292037964s to complete
[BabyBuggy @ orchestrator.py:78][INFO] 2017-11-15 18:37:00,773: teardown
