[Slam @ factory.py:85][DEBUG] 2017-10-27 19:45:02,314: Logging to: logs/2017_Oct_27/Slam/19_45_02.log
[Slam @ node.py:89][INFO] 2017-10-27 19:45:09,451: setup
[Slam @ slam.py:94][INFO] 2017-10-27 19:45:09,482: SLAM initialized! scan_size=361 | scan_rate=5.000 hz | detection_angle=180.000 deg | distance_no_detection= 1.0000 mm | detection_margin=0 | offset=0.0000 m
[Slam @ slam.py:126][INFO] 2017-10-27 19:45:09,598: PoseMessage(t=1509147909.5987923, n=0, x=25000.0, y=25000.0, th=0.0)
[Slam @ slam.py:126][INFO] 2017-10-27 19:45:09,618: PoseMessage(t=1509147909.6179304, n=1, x=25000.0, y=25000.0, th=0.0)
[Slam @ slam.py:126][INFO] 2017-10-27 19:45:09,649: PoseMessage(t=1509147909.6496406, n=2, x=25000.0, y=25000.0, th=0.0)
[Slam @ slam.py:126][INFO] 2017-10-27 19:45:09,683: PoseMessage(t=1509147909.6829908, n=3, x=25000.0, y=25000.0, th=0.0)
[Slam @ slam.py:126][INFO] 2017-10-27 19:45:09,719: PoseMessage(t=1509147909.7198627, n=4, x=25000.0, y=25000.0, th=0.0)
[Slam @ slam.py:126][INFO] 2017-10-27 19:45:09,859: PoseMessage(t=1509147909.859881, n=5, x=25000.0, y=25000.0, th=0.0)
[Slam @ slam.py:126][INFO] 2017-10-27 19:45:09,993: PoseMessage(t=1509147909.9937525, n=6, x=25000.0, y=25000.0, th=0.0)
[Slam @ slam.py:126][INFO] 2017-10-27 19:45:10,227: PoseMessage(t=1509147910.2274668, n=7, x=25000.0, y=25000.0, th=0.0)
[Slam @ slam.py:126][INFO] 2017-10-27 19:45:10,360: PoseMessage(t=1509147910.3603046, n=8, x=25000.0, y=25000.0, th=0.0)
[Slam @ slam.py:126][INFO] 2017-10-27 19:45:10,695: PoseMessage(t=1509147910.6950207, n=9, x=25000.0, y=25000.0, th=0.0)
[Slam @ slam.py:126][INFO] 2017-10-27 19:45:10,863: PoseMessage(t=1509147910.8635266, n=10, x=25000.0, y=25000.0, th=0.0)
[Slam @ slam.py:126][INFO] 2017-10-27 19:45:11,091: PoseMessage(t=1509147911.0917835, n=11, x=25000.0, y=25000.0, th=0.0)
[Slam @ slam.py:126][INFO] 2017-10-27 19:45:11,221: PoseMessage(t=1509147911.2209878, n=12, x=25000.0, y=25000.0, th=0.0)
[Slam @ slam.py:126][INFO] 2017-10-27 19:45:11,460: PoseMessage(t=1509147911.4600258, n=13, x=25000.0, y=25000.0, th=0.0)
[Slam @ slam.py:126][INFO] 2017-10-27 19:45:11,708: PoseMessage(t=1509147911.708446, n=14, x=25000.0, y=25000.0, th=0.0)
[Slam @ slam.py:126][INFO] 2017-10-27 19:45:11,947: PoseMessage(t=1509147911.9474847, n=15, x=25000.0, y=25000.0, th=0.0)
[Slam @ slam.py:126][INFO] 2017-10-27 19:45:12,153: PoseMessage(t=1509147912.1536248, n=16, x=25000.0, y=25000.0, th=0.0)
[Slam @ slam.py:126][INFO] 2017-10-27 19:45:12,392: PoseMessage(t=1509147912.3926287, n=17, x=25000.0, y=25000.0, th=0.0)
[Slam @ slam.py:126][INFO] 2017-10-27 19:45:12,525: PoseMessage(t=1509147912.5249786, n=18, x=25000.0, y=25000.0, th=0.0)
[Slam @ slam.py:126][INFO] 2017-10-27 19:45:12,768: PoseMessage(t=1509147912.7688777, n=19, x=25000.0, y=25000.0, th=0.0)
[Slam @ slam.py:126][INFO] 2017-10-27 19:45:12,988: PoseMessage(t=1509147912.988822, n=20, x=25000.0, y=25000.0, th=0.0)
[Slam @ slam.py:126][INFO] 2017-10-27 19:45:13,233: PoseMessage(t=1509147913.233501, n=21, x=25000.0, y=25000.0, th=0.0)
[Slam @ slam.py:126][INFO] 2017-10-27 19:45:13,355: PoseMessage(t=1509147913.3553765, n=22, x=25000.0, y=25000.0, th=0.0)
[Slam @ slam.py:126][INFO] 2017-10-27 19:45:13,577: PoseMessage(t=1509147913.577417, n=23, x=25032.731877767947, y=25022.98094140715, th=3.0295073457818944)
[Slam @ slam.py:126][INFO] 2017-10-27 19:45:13,798: PoseMessage(t=1509147913.7983954, n=24, x=25095.51869121933, y=25068.61052426393, th=8.211334141815314)
[Slam @ slam.py:126][INFO] 2017-10-27 19:45:14,024: PoseMessage(t=1509147914.0245655, n=25, x=25153.954412938037, y=25125.618572282838, th=14.04706089226238)
[Slam @ slam.py:126][INFO] 2017-10-27 19:45:14,284: PoseMessage(t=1509147914.2839437, n=26, x=25202.75700088532, y=25187.11299074348, th=20.071312519703497)
[Slam @ slam.py:126][INFO] 2017-10-27 19:45:14,502: PoseMessage(t=1509147914.502703, n=27, x=25199.02356242237, y=25242.469163920032, th=26.17643673902421)
[Slam @ slam.py:126][INFO] 2017-10-27 19:45:14,734: PoseMessage(t=1509147914.7344434, n=28, x=25176.88436321696, y=25256.583376717754, th=30.823314679710165)
[Slam @ slam.py:126][INFO] 2017-10-27 19:45:14,864: PoseMessage(t=1509147914.8644946, n=29, x=25135.25189385291, y=25269.099547044607, th=37.128614349330746)
[Slam @ slam.py:126][INFO] 2017-10-27 19:45:15,094: PoseMessage(t=1509147915.0943885, n=30, x=25064.63765874978, y=25297.224696620833, th=46.17353076753716)
[Slam @ slam.py:126][INFO] 2017-10-27 19:45:15,329: PoseMessage(t=1509147915.3297007, n=31, x=24982.974529764397, y=25316.89821681357, th=56.387442490940884)
[Slam @ slam.py:126][INFO] 2017-10-27 19:45:15,566: PoseMessage(t=1509147915.5659292, n=32, x=24892.40673698696, y=25326.199285683106, th=66.60630706259326)
[Slam @ slam.py:126][INFO] 2017-10-27 19:45:15,798: PoseMessage(t=1509147915.7988434, n=33, x=24822.477879215512, y=25324.336670988123, th=75.8565557313159)
[Slam @ slam.py:126][INFO] 2017-10-27 19:45:15,993: PoseMessage(t=1509147915.993761, n=34, x=24746.468269676916, y=25304.35375039524, th=84.65160110516081)
[Slam @ slam.py:126][INFO] 2017-10-27 19:45:16,238: PoseMessage(t=1509147916.2384226, n=35, x=24683.10480221735, y=25285.70773077372, th=92.84125211301216)
[Slam @ slam.py:126][INFO] 2017-10-27 19:45:16,377: PoseMessage(t=1509147916.377771, n=36, x=24626.835372881214, y=25265.789797181787, th=99.16142243282593)
[Slam @ slam.py:126][INFO] 2017-10-27 19:45:16,599: PoseMessage(t=1509147916.599052, n=37, x=24606.147299776967, y=25248.762575858564, th=102.74914457828345)
[Slam @ slam.py:126][INFO] 2017-10-27 19:45:16,968: PoseMessage(t=1509147916.9687855, n=38, x=24592.354051093753, y=25249.32827013108, th=104.04085357573422)
[Slam @ slam.py:126][INFO] 2017-10-27 19:45:17,068: PoseMessage(t=1509147917.0686655, n=39, x=24583.410203401763, y=25256.313553560904, th=104.82105059529204)
[Slam @ slam.py:126][INFO] 2017-10-27 19:45:17,300: PoseMessage(t=1509147917.2999449, n=40, x=24561.878665225413, y=25266.880115975073, th=107.31207750251997)
[Slam @ slam.py:126][INFO] 2017-10-27 19:45:17,435: PoseMessage(t=1509147917.4356768, n=41, x=24515.4168611336, y=25281.825675955042, th=112.03026201312241)
[Slam @ slam.py:126][INFO] 2017-10-27 19:45:17,675: PoseMessage(t=1509147917.674869, n=42, x=24458.76163117955, y=25293.619213765487, th=117.54589318863509)
[Slam @ slam.py:126][INFO] 2017-10-27 19:45:17,905: PoseMessage(t=1509147917.9058068, n=43, x=24406.080305259275, y=25313.369725775556, th=122.39055037420258)
[Slam @ slam.py:126][INFO] 2017-10-27 19:45:18,152: PoseMessage(t=1509147918.1522288, n=44, x=24355.84230636905, y=25340.458553883946, th=125.9656748028101)
[Slam @ slam.py:126][INFO] 2017-10-27 19:45:18,369: PoseMessage(t=1509147918.3692153, n=45, x=24307.89379341022, y=25359.898996114498, th=128.93138300258215)
[Slam @ slam.py:126][INFO] 2017-10-27 19:45:18,487: PoseMessage(t=1509147918.4876654, n=46, x=24258.713881796757, y=25388.79829814541, th=130.7741133179843)
[Slam @ slam.py:126][INFO] 2017-10-27 19:45:18,694: PoseMessage(t=1509147918.6940823, n=47, x=24226.869236058155, y=25428.045492077945, th=132.21705906655188)
[Slam @ slam.py:126][INFO] 2017-10-27 19:45:18,933: PoseMessage(t=1509147918.9333327, n=48, x=24173.036058905018, y=25471.330617938656, th=133.26694286139173)
[Slam @ slam.py:126][INFO] 2017-10-27 19:45:19,165: PoseMessage(t=1509147919.165708, n=49, x=24117.929001356424, y=25509.354577411432, th=134.73288615905403)
[Slam @ slam.py:126][INFO] 2017-10-27 19:45:19,408: PoseMessage(t=1509147919.4086864, n=50, x=24061.05280155425, y=25546.16032107806, th=136.61685233588287)
[Slam @ slam.py:126][INFO] 2017-10-27 19:45:19,636: PoseMessage(t=1509147919.6361773, n=51, x=24011.480078661043, y=25583.05900598134, th=137.1405025079912)
[Slam @ slam.py:126][INFO] 2017-10-27 19:45:19,837: PoseMessage(t=1509147919.8376343, n=52, x=23953.129415773947, y=25624.255531078234, th=138.06421133429467)
[Slam @ slam.py:126][INFO] 2017-10-27 19:45:19,992: PoseMessage(t=1509147919.9921515, n=53, x=23895.968437434567, y=25669.3707271952, th=138.76809241455703)
[Slam @ slam.py:126][INFO] 2017-10-27 19:45:20,192: PoseMessage(t=1509147920.1919937, n=54, x=23845.490946621794, y=25713.140593440767, th=139.16310622969831)
[Slam @ slam.py:126][INFO] 2017-10-27 19:45:20,419: PoseMessage(t=1509147920.419081, n=55, x=23796.557166428465, y=25761.102573545213, th=138.99263117144073)
[Slam @ slam.py:126][INFO] 2017-10-27 19:45:20,677: PoseMessage(t=1509147920.677539, n=56, x=23768.84272657444, y=25793.72815119532, th=138.42511179160283)
[Slam @ slam.py:126][INFO] 2017-10-27 19:45:20,881: PoseMessage(t=1509147920.8809478, n=57, x=23768.84272657444, y=25793.72815119532, th=138.42511179160283)
[Slam @ slam.py:126][INFO] 2017-10-27 19:45:21,149: PoseMessage(t=1509147921.149179, n=58, x=23752.681827313427, y=25819.717497028978, th=138.42545286754103)
[Slam @ slam.py:126][INFO] 2017-10-27 19:45:21,258: PoseMessage(t=1509147921.258011, n=59, x=23704.321604549114, y=25856.790677544996, th=138.61719827053093)
[Slam @ slam.py:126][INFO] 2017-10-27 19:45:21,499: PoseMessage(t=1509147921.4999, n=60, x=23641.64544635387, y=25929.48073026455, th=138.24982687163356)
[Slam @ slam.py:126][INFO] 2017-10-27 19:45:21,717: PoseMessage(t=1509147921.7171252, n=61, x=23570.39343857141, y=26011.57266971386, th=137.66237392354014)
[Slam @ slam.py:126][INFO] 2017-10-27 19:45:21,961: PoseMessage(t=1509147921.9610174, n=62, x=23525.5645234276, y=26080.7203173983, th=137.52330202902158)
[Slam @ slam.py:126][INFO] 2017-10-27 19:45:22,197: PoseMessage(t=1509147922.1978037, n=63, x=23447.929674712213, y=26167.784310763454, th=137.2578830146358)
[Slam @ slam.py:126][INFO] 2017-10-27 19:45:22,334: PoseMessage(t=1509147922.3345149, n=64, x=23363.914461491368, y=26253.49137440171, th=137.4775336950097)
[Slam @ slam.py:126][INFO] 2017-10-27 19:45:22,652: PoseMessage(t=1509147922.6522949, n=65, x=23269.916720745823, y=26340.482620446346, th=137.69531371882294)
[Slam @ slam.py:126][INFO] 2017-10-27 19:45:22,759: PoseMessage(t=1509147922.759839, n=66, x=23178.275368047616, y=26423.58218308036, th=137.84576399421894)
[Slam @ slam.py:126][INFO] 2017-10-27 19:45:22,983: PoseMessage(t=1509147922.9836884, n=67, x=23069.975925632025, y=26516.033018192684, th=137.995220245748)
[Slam @ slam.py:126][INFO] 2017-10-27 19:45:23,225: PoseMessage(t=1509147923.2254086, n=68, x=22957.757381279225, y=26616.800669007353, th=138.10822972746791)
[Slam @ slam.py:126][INFO] 2017-10-27 19:45:23,462: PoseMessage(t=1509147923.4623559, n=69, x=22835.211933452956, y=26720.120870004757, th=137.9920163652696)
[Slam @ slam.py:126][INFO] 2017-10-27 19:45:23,673: PoseMessage(t=1509147923.673121, n=70, x=22714.276978771522, y=26822.87355173321, th=138.19460178735426)
[Slam @ slam.py:126][INFO] 2017-10-27 19:45:23,831: PoseMessage(t=1509147923.8314812, n=71, x=22603.3908601843, y=26922.415929529234, th=138.57170845362816)
[Slam @ slam.py:126][INFO] 2017-10-27 19:45:24,056: PoseMessage(t=1509147924.0562994, n=72, x=22495.829356833565, y=27014.32576618099, th=138.89189226999406)
[Slam @ slam.py:126][INFO] 2017-10-27 19:45:24,292: PoseMessage(t=1509147924.2920978, n=73, x=22396.587602909858, y=27097.530774594634, th=139.5562830758263)
[Slam @ slam.py:126][INFO] 2017-10-27 19:45:24,522: PoseMessage(t=1509147924.5219011, n=74, x=22300.581239279563, y=27172.159875751822, th=140.1236113613686)
[Slam @ slam.py:126][INFO] 2017-10-27 19:45:24,787: PoseMessage(t=1509147924.7869236, n=75, x=22203.397447733005, y=27251.96887931961, th=141.01430139339755)
[Slam @ slam.py:126][INFO] 2017-10-27 19:45:24,885: PoseMessage(t=1509147924.885643, n=76, x=22090.412521939288, y=27324.576074487413, th=142.4218143647431)
[Slam @ slam.py:126][INFO] 2017-10-27 19:45:25,131: PoseMessage(t=1509147925.1317477, n=77, x=21980.29868144731, y=27386.26160143249, th=145.23394115351948)
[Slam @ slam.py:126][INFO] 2017-10-27 19:45:25,366: PoseMessage(t=1509147925.3662076, n=78, x=21862.382564780637, y=27433.06879624797, th=148.53236850244684)
[Slam @ slam.py:126][INFO] 2017-10-27 19:45:25,600: PoseMessage(t=1509147925.6008885, n=79, x=21746.552456233985, y=27481.22769866677, th=151.30545799339416)
[Slam @ slam.py:126][INFO] 2017-10-27 19:45:25,835: PoseMessage(t=1509147925.8353615, n=80, x=21603.04776973462, y=27533.98073284843, th=154.275614694443)
[Slam @ slam.py:126][INFO] 2017-10-27 19:45:25,958: PoseMessage(t=1509147925.95879, n=81, x=21454.410988985546, y=27580.112342740904, th=157.50305755736008)
[Slam @ slam.py:126][INFO] 2017-10-27 19:45:26,292: PoseMessage(t=1509147926.2920787, n=82, x=21298.245826395214, y=27625.44858640249, th=159.9255693113355)
[Slam @ slam.py:126][INFO] 2017-10-27 19:45:26,390: PoseMessage(t=1509147926.3905218, n=83, x=21134.44043268937, y=27676.883889298915, th=161.0916396399898)
[Slam @ slam.py:126][INFO] 2017-10-27 19:45:26,634: PoseMessage(t=1509147926.6346183, n=84, x=20966.86764793958, y=27733.81297018568, th=161.00074189401312)
[Slam @ slam.py:126][INFO] 2017-10-27 19:45:26,880: PoseMessage(t=1509147926.880483, n=85, x=20796.208780470988, y=27792.436979746708, th=161.34876804192572)
[Slam @ slam.py:126][INFO] 2017-10-27 19:45:27,108: PoseMessage(t=1509147927.1086307, n=86, x=20634.122234912866, y=27839.686668682407, th=161.82686163344442)
[Slam @ slam.py:126][INFO] 2017-10-27 19:45:27,344: PoseMessage(t=1509147927.3439896, n=87, x=20474.581338934877, y=27885.87668407199, th=162.2288543311788)
[Slam @ slam.py:126][INFO] 2017-10-27 19:45:27,456: PoseMessage(t=1509147927.4565558, n=88, x=20314.348300835627, y=27929.01447642289, th=162.98011448859143)
[Slam @ slam.py:126][INFO] 2017-10-27 19:45:27,682: PoseMessage(t=1509147927.6823397, n=89, x=20149.23513039066, y=27976.05425299771, th=163.57575847693624)
[Slam @ slam.py:126][INFO] 2017-10-27 19:45:27,914: PoseMessage(t=1509147927.9144623, n=90, x=19975.52244096114, y=28027.1268855191, th=164.15378596094342)
[Slam @ slam.py:126][INFO] 2017-10-27 19:45:28,193: PoseMessage(t=1509147928.1930816, n=91, x=19791.909183492317, y=28067.755742585723, th=164.60941626878594)
[Slam @ slam.py:126][INFO] 2017-10-27 19:45:28,401: PoseMessage(t=1509147928.40178, n=92, x=19600.125190313338, y=28114.67518094505, th=165.2221249624472)
[Slam @ slam.py:126][INFO] 2017-10-27 19:45:28,527: PoseMessage(t=1509147928.5272691, n=93, x=19407.61527960167, y=28160.021083425818, th=165.88953298326487)
[Slam @ slam.py:126][INFO] 2017-10-27 19:45:28,758: PoseMessage(t=1509147928.7585216, n=94, x=19219.024991873084, y=28200.340400603454, th=166.57896428368076)
[Slam @ slam.py:126][INFO] 2017-10-27 19:45:28,973: PoseMessage(t=1509147928.973194, n=95, x=19035.021315992708, y=28240.053914134478, th=167.3293364384972)
[Slam @ slam.py:126][INFO] 2017-10-27 19:45:29,233: PoseMessage(t=1509147929.2335224, n=96, x=18852.458883714644, y=28276.56216005489, th=168.1939361099012)
[Slam @ slam.py:126][INFO] 2017-10-27 19:45:29,460: PoseMessage(t=1509147929.460634, n=97, x=18654.501075271764, y=28313.846906087565, th=168.11801097745956)
[Slam @ slam.py:126][INFO] 2017-10-27 19:45:29,588: PoseMessage(t=1509147929.5880194, n=98, x=18469.987198469244, y=28348.312878217985, th=168.31952594858194)
[Slam @ slam.py:126][INFO] 2017-10-27 19:45:29,809: PoseMessage(t=1509147929.8092902, n=99, x=18279.52400457325, y=28380.91382349885, th=168.6144039622468)
[Slam @ slam.py:126][INFO] 2017-10-27 19:45:30,026: PoseMessage(t=1509147930.0266142, n=100, x=18055.487019599605, y=28421.639126171794, th=168.9947737393686)
[Slam @ slam.py:126][INFO] 2017-10-27 19:45:30,263: PoseMessage(t=1509147930.263874, n=101, x=17836.49734531682, y=28464.490346590355, th=169.1344293316888)
[Slam @ slam.py:126][INFO] 2017-10-27 19:45:30,488: PoseMessage(t=1509147930.488806, n=102, x=17660.187818183113, y=28490.66772292881, th=169.56354930583075)
[Slam @ slam.py:126][INFO] 2017-10-27 19:45:30,725: PoseMessage(t=1509147930.7258997, n=103, x=17430.90089381476, y=28530.63452308579, th=169.8021795814293)
[Slam @ slam.py:126][INFO] 2017-10-27 19:45:30,922: PoseMessage(t=1509147930.9221566, n=104, x=17227.738605486593, y=28559.518191749703, th=170.1038554327988)
[Slam @ slam.py:126][INFO] 2017-10-27 19:45:31,146: PoseMessage(t=1509147931.1461608, n=105, x=17013.449200289688, y=28606.923546428334, th=169.48745988481278)
[Slam @ slam.py:126][INFO] 2017-10-27 19:45:31,342: PoseMessage(t=1509147931.3424454, n=106, x=16811.50927743911, y=28664.428359612248, th=167.6321376434953)
[Slam @ slam.py:126][INFO] 2017-10-27 19:45:31,594: PoseMessage(t=1509147931.5944414, n=107, x=16608.449157677023, y=28726.671354186146, th=165.65441893876596)
[Slam @ slam.py:126][INFO] 2017-10-27 19:45:31,716: PoseMessage(t=1509147931.7160444, n=108, x=16412.569119199543, y=28788.122959148495, th=164.14466788058235)
[Slam @ slam.py:126][INFO] 2017-10-27 19:45:32,081: PoseMessage(t=1509147932.0811133, n=109, x=16215.851511151777, y=28850.74585212151, th=162.85491225296255)
[Slam @ slam.py:126][INFO] 2017-10-27 19:45:32,153: PoseMessage(t=1509147932.1533072, n=110, x=16012.355379571454, y=28928.421046063864, th=161.17186691142024)
[Slam @ slam.py:126][INFO] 2017-10-27 19:45:32,379: PoseMessage(t=1509147932.3789396, n=111, x=15823.340262779311, y=29011.07538573849, th=159.6580287915117)
[Slam @ slam.py:126][INFO] 2017-10-27 19:45:32,626: PoseMessage(t=1509147932.626518, n=112, x=15639.44746698653, y=29091.298011242157, th=158.338256884947)
[Slam @ slam.py:126][INFO] 2017-10-27 19:45:32,844: PoseMessage(t=1509147932.8443565, n=113, x=15477.036607967966, y=29171.005547716028, th=157.17274864180808)
[Slam @ slam.py:126][INFO] 2017-10-27 19:45:33,077: PoseMessage(t=1509147933.0776427, n=114, x=15328.25947176134, y=29246.593658620237, th=156.09528438397547)
[Slam @ slam.py:126][INFO] 2017-10-27 19:45:33,223: PoseMessage(t=1509147933.2229335, n=115, x=15169.356545600385, y=29330.716087290763, th=154.8855403918992)
[Slam @ slam.py:126][INFO] 2017-10-27 19:45:33,433: PoseMessage(t=1509147933.4332047, n=116, x=15019.19430953385, y=29416.44165543255, th=153.7408994479324)
[Slam @ slam.py:126][INFO] 2017-10-27 19:45:33,692: PoseMessage(t=1509147933.6921306, n=117, x=14871.291911943626, y=29495.073141303124, th=152.69437371162212)
[Slam @ slam.py:126][INFO] 2017-10-27 19:45:33,931: PoseMessage(t=1509147933.9313116, n=118, x=14742.894128882836, y=29569.617254283345, th=151.83830673884813)
[Slam @ slam.py:126][INFO] 2017-10-27 19:45:34,164: PoseMessage(t=1509147934.1645894, n=119, x=14615.838381809226, y=29639.606818937296, th=151.3856403450177)
[Slam @ slam.py:126][INFO] 2017-10-27 19:45:34,286: PoseMessage(t=1509147934.2867882, n=120, x=14508.523699773286, y=29701.313062608075, th=151.0532254611303)
[Slam @ slam.py:126][INFO] 2017-10-27 19:45:34,595: PoseMessage(t=1509147934.5950754, n=121, x=14390.220275653337, y=29771.462604999375, th=151.04550531852738)
[Slam @ slam.py:126][INFO] 2017-10-27 19:45:34,722: PoseMessage(t=1509147934.7221463, n=122, x=14256.422056837982, y=29849.14079871703, th=151.19633938671768)
[Slam @ slam.py:126][INFO] 2017-10-27 19:45:34,916: PoseMessage(t=1509147934.916882, n=123, x=14116.794462025791, y=29932.717412416583, th=151.51723442219236)
[Slam @ slam.py:126][INFO] 2017-10-27 19:45:35,156: PoseMessage(t=1509147935.1567833, n=124, x=13970.053576338614, y=30010.09650391677, th=152.52189215111002)
[Slam @ slam.py:126][INFO] 2017-10-27 19:45:35,350: PoseMessage(t=1509147935.3502896, n=125, x=13806.735637558086, y=30090.118866067838, th=153.05897424708974)
[Slam @ slam.py:126][INFO] 2017-10-27 19:45:35,579: PoseMessage(t=1509147935.5791528, n=126, x=13645.306093019826, y=30168.500654519063, th=153.41652509070855)
[Slam @ slam.py:126][INFO] 2017-10-27 19:45:35,762: PoseMessage(t=1509147935.7627523, n=127, x=13478.34052895887, y=30246.506017938715, th=153.71466196387928)
[Slam @ slam.py:126][INFO] 2017-10-27 19:45:36,019: PoseMessage(t=1509147936.0191185, n=128, x=13304.226981750617, y=30332.16608425171, th=154.13888777968396)
[Slam @ slam.py:126][INFO] 2017-10-27 19:45:36,257: PoseMessage(t=1509147936.2568731, n=129, x=13118.952044941761, y=30425.39504480044, th=154.62582859827535)
[Slam @ slam.py:126][INFO] 2017-10-27 19:45:36,480: PoseMessage(t=1509147936.4800966, n=130, x=12918.59528432069, y=30517.82383259813, th=155.20157567027354)
[Slam @ slam.py:126][INFO] 2017-10-27 19:45:36,731: PoseMessage(t=1509147936.7309577, n=131, x=12708.39605262554, y=30611.800968480726, th=155.63233287806952)
[Slam @ slam.py:126][INFO] 2017-10-27 19:45:36,845: PoseMessage(t=1509147936.8458052, n=132, x=12499.050149372124, y=30707.62907439746, th=156.15086478923558)
[Slam @ slam.py:126][INFO] 2017-10-27 19:45:37,044: PoseMessage(t=1509147937.0447836, n=133, x=12288.601314376501, y=30792.33437069595, th=156.2562478361383)
[Slam @ slam.py:126][INFO] 2017-10-27 19:45:37,268: PoseMessage(t=1509147937.2687206, n=134, x=12082.473392034808, y=30879.837994006426, th=156.72914541836008)
[Slam @ slam.py:126][INFO] 2017-10-27 19:45:37,512: PoseMessage(t=1509147937.5122201, n=135, x=11875.319020212919, y=30966.400268194207, th=157.29311655181164)
[Slam @ slam.py:126][INFO] 2017-10-27 19:45:37,757: PoseMessage(t=1509147937.7571652, n=136, x=11667.508062171692, y=31044.589084145788, th=158.55995652520733)
[Slam @ slam.py:126][INFO] 2017-10-27 19:45:37,962: PoseMessage(t=1509147937.9626646, n=137, x=11463.932567286247, y=31110.696349797014, th=160.55368530818896)
[Slam @ slam.py:126][INFO] 2017-10-27 19:45:38,181: PoseMessage(t=1509147938.181397, n=138, x=11268.812214529316, y=31162.360818012326, th=162.55737600171642)
[Slam @ slam.py:126][INFO] 2017-10-27 19:45:38,406: PoseMessage(t=1509147938.4059136, n=139, x=11081.33725351945, y=31194.868885458505, th=165.58669390298974)
[Slam @ slam.py:126][INFO] 2017-10-27 19:45:38,543: PoseMessage(t=1509147938.543726, n=140, x=10895.065565503319, y=31215.052926051954, th=169.2145862444545)
[Slam @ slam.py:126][INFO] 2017-10-27 19:45:38,783: PoseMessage(t=1509147938.7838335, n=141, x=10705.096228487673, y=31205.01526601563, th=173.6282542433787)
[Slam @ slam.py:126][INFO] 2017-10-27 19:45:38,995: PoseMessage(t=1509147938.995473, n=142, x=10529.069894956774, y=31186.50453531134, th=178.90505169795006)
[Slam @ slam.py:126][INFO] 2017-10-27 19:45:39,214: PoseMessage(t=1509147939.2144945, n=143, x=10362.930257149856, y=31174.828325590148, th=183.88403079414502)
[Slam @ slam.py:126][INFO] 2017-10-27 19:45:39,436: PoseMessage(t=1509147939.4363227, n=144, x=10194.51900361746, y=31118.203305644944, th=188.83275455038756)
[Slam @ slam.py:126][INFO] 2017-10-27 19:45:39,679: PoseMessage(t=1509147939.6793141, n=145, x=10026.052695894032, y=31041.540396019787, th=193.79427526710288)
[Slam @ slam.py:126][INFO] 2017-10-27 19:45:39,909: PoseMessage(t=1509147939.9092884, n=146, x=9947.205941102584, y=31163.252476407593, th=198.99651915602817)
[Slam @ slam.py:126][INFO] 2017-10-27 19:45:40,023: PoseMessage(t=1509147940.0231593, n=147, x=9786.321644674172, y=31057.69253465385, th=204.1971384671001)
[Slam @ slam.py:126][INFO] 2017-10-27 19:45:40,363: PoseMessage(t=1509147940.3633876, n=148, x=9627.251898191753, y=30938.035326890327, th=209.29937609497074)
[Slam @ slam.py:126][INFO] 2017-10-27 19:45:40,463: PoseMessage(t=1509147940.4636405, n=149, x=9473.402380369953, y=30797.319367220713, th=214.6527087216259)
[Slam @ slam.py:126][INFO] 2017-10-27 19:45:40,696: PoseMessage(t=1509147940.696464, n=150, x=9353.20051703602, y=30691.496567307127, th=220.08560804934177)
[Slam @ slam.py:126][INFO] 2017-10-27 19:45:40,941: PoseMessage(t=1509147940.9411378, n=151, x=9232.412348501384, y=30496.740470740566, th=227.11389814503718)
[Slam @ slam.py:126][INFO] 2017-10-27 19:45:41,169: PoseMessage(t=1509147941.168999, n=152, x=9152.523460649536, y=30307.52206920131, th=235.50168618691032)
[Slam @ slam.py:126][INFO] 2017-10-27 19:45:41,417: PoseMessage(t=1509147941.417831, n=153, x=9105.413573027909, y=30114.83179041586, th=243.9883234499598)
[Slam @ slam.py:126][INFO] 2017-10-27 19:45:41,614: PoseMessage(t=1509147941.6146653, n=154, x=9090.430896184262, y=29927.788440202654, th=252.5008640137844)
[Slam @ slam.py:126][INFO] 2017-10-27 19:45:41,830: PoseMessage(t=1509147941.829927, n=155, x=9103.435372016247, y=29740.292042558372, th=260.79755590086506)
[Slam @ slam.py:126][INFO] 2017-10-27 19:45:41,977: PoseMessage(t=1509147941.9769926, n=156, x=9135.036330165894, y=29559.552092842, th=269.5434917888656)
[Slam @ slam.py:126][INFO] 2017-10-27 19:45:42,200: PoseMessage(t=1509147942.2006543, n=157, x=9209.299483018549, y=29387.0219182141, th=278.94984332910326)
[Slam @ slam.py:126][INFO] 2017-10-27 19:45:42,429: PoseMessage(t=1509147942.4293933, n=158, x=9319.50441511217, y=29250.567055485386, th=289.20501155844477)
[Slam @ slam.py:126][INFO] 2017-10-27 19:45:42,672: PoseMessage(t=1509147942.6728096, n=159, x=9466.70951391643, y=29152.317661591747, th=300.99145951339096)
[Slam @ slam.py:126][INFO] 2017-10-27 19:45:42,908: PoseMessage(t=1509147942.9082174, n=160, x=9627.11228126991, y=29096.718314244004, th=312.06312799353555)
[Slam @ slam.py:126][INFO] 2017-10-27 19:45:43,135: PoseMessage(t=1509147943.1355176, n=161, x=9744.581373786605, y=29021.134779765795, th=315.4903270748787)
[Slam @ slam.py:126][INFO] 2017-10-27 19:45:43,337: PoseMessage(t=1509147943.337078, n=162, x=9803.42437350755, y=28917.622656329127, th=313.8215792187748)
[Slam @ slam.py:126][INFO] 2017-10-27 19:45:43,539: PoseMessage(t=1509147943.539736, n=163, x=9864.906401655571, y=28804.160945083073, th=308.9972650020991)
[Slam @ slam.py:126][INFO] 2017-10-27 19:45:43,739: PoseMessage(t=1509147943.7396164, n=164, x=9891.76521112804, y=28686.71418908541, th=302.17407173112406)
[Slam @ slam.py:126][INFO] 2017-10-27 19:45:43,967: PoseMessage(t=1509147943.9673948, n=165, x=9831.85179641132, y=28556.715326342033, th=290.53650206521525)
[Slam @ slam.py:126][INFO] 2017-10-27 19:45:44,150: PoseMessage(t=1509147944.1505203, n=166, x=9729.397656818583, y=28459.70563001008, th=274.27530853731696)
[Slam @ slam.py:126][INFO] 2017-10-27 19:45:44,308: PoseMessage(t=1509147944.3086138, n=167, x=9585.716296922146, y=28376.208072686655, th=257.7037886409289)
[Slam @ slam.py:126][INFO] 2017-10-27 19:45:44,599: PoseMessage(t=1509147944.5992703, n=168, x=9450.894441831588, y=28316.04853940205, th=242.31137770416353)
[Slam @ slam.py:126][INFO] 2017-10-27 19:45:44,773: PoseMessage(t=1509147944.772902, n=169, x=9277.291645773767, y=28260.38846132558, th=229.33494882526247)
[Slam @ slam.py:126][INFO] 2017-10-27 19:45:45,027: PoseMessage(t=1509147945.0274737, n=170, x=9119.563854090484, y=28217.128516282333, th=218.45816225438284)
[Slam @ slam.py:126][INFO] 2017-10-27 19:45:45,238: PoseMessage(t=1509147945.2388349, n=171, x=8954.278954049187, y=28171.779266869795, th=211.61503041322248)
[Slam @ slam.py:126][INFO] 2017-10-27 19:45:45,374: PoseMessage(t=1509147945.374279, n=172, x=8789.439265794317, y=28105.10010093983, th=208.8735597469622)
[Slam @ slam.py:126][INFO] 2017-10-27 19:45:45,623: PoseMessage(t=1509147945.6233032, n=173, x=8624.104939247445, y=28056.56624559613, th=208.20231900031104)
[Slam @ slam.py:126][INFO] 2017-10-27 19:45:45,818: PoseMessage(t=1509147945.8181844, n=174, x=8456.537154163198, y=27954.6954687901, th=209.91576080622508)
[Slam @ slam.py:126][INFO] 2017-10-27 19:45:46,070: PoseMessage(t=1509147946.0699928, n=175, x=8302.040941114501, y=27825.95981473403, th=214.64648426922395)
[Slam @ slam.py:126][INFO] 2017-10-27 19:45:46,308: PoseMessage(t=1509147946.3085327, n=176, x=8165.361222296451, y=27665.948964589712, th=221.6140851685941)
[Slam @ slam.py:126][INFO] 2017-10-27 19:45:46,527: PoseMessage(t=1509147946.5275223, n=177, x=8081.790276771608, y=27553.00138454311, th=228.75231698116295)
[Slam @ slam.py:126][INFO] 2017-10-27 19:45:46,743: PoseMessage(t=1509147946.743713, n=178, x=7962.851751866947, y=27321.425982472807, th=234.55701621923254)
[Slam @ slam.py:126][INFO] 2017-10-27 19:45:46,867: PoseMessage(t=1509147946.867507, n=179, x=7849.058097473426, y=27119.25139078801, th=236.94886484389826)
[Slam @ slam.py:126][INFO] 2017-10-27 19:45:47,107: PoseMessage(t=1509147947.1069784, n=180, x=7731.374800421145, y=26941.631593348462, th=237.1693146060261)
[Slam @ slam.py:126][INFO] 2017-10-27 19:45:47,449: PoseMessage(t=1509147947.449293, n=181, x=7687.2558964829295, y=26911.04250133783, th=238.3613793972745)
[Slam @ slam.py:126][INFO] 2017-10-27 19:45:47,522: PoseMessage(t=1509147947.5225601, n=182, x=7552.603959240332, y=26646.444434605542, th=239.59493119174113)
[Slam @ slam.py:126][INFO] 2017-10-27 19:45:47,765: PoseMessage(t=1509147947.7655625, n=183, x=7474.172412179723, y=26498.931863743815, th=240.73225212246143)
[Slam @ slam.py:126][INFO] 2017-10-27 19:45:48,001: PoseMessage(t=1509147948.0013711, n=184, x=7416.038721732002, y=26380.941818663156, th=243.09406528335785)
[Slam @ slam.py:126][INFO] 2017-10-27 19:45:48,231: PoseMessage(t=1509147948.2312744, n=185, x=7345.199721878998, y=26195.987924796533, th=246.0188583654508)
[Slam @ slam.py:126][INFO] 2017-10-27 19:45:48,461: PoseMessage(t=1509147948.4611418, n=186, x=7305.57364296601, y=26026.995383427016, th=250.67914295129412)
[Slam @ slam.py:126][INFO] 2017-10-27 19:45:48,721: PoseMessage(t=1509147948.721192, n=187, x=7285.967906275437, y=25847.37161445944, th=255.76692004108736)
[Slam @ slam.py:126][INFO] 2017-10-27 19:45:48,825: PoseMessage(t=1509147948.8257484, n=188, x=7277.6932336071695, y=25684.569055636417, th=259.04773067656606)
[Slam @ slam.py:126][INFO] 2017-10-27 19:45:49,069: PoseMessage(t=1509147949.0690534, n=189, x=7269.302239353601, y=25514.505965696186, th=262.5349194442151)
[Slam @ slam.py:126][INFO] 2017-10-27 19:45:49,305: PoseMessage(t=1509147949.3053925, n=190, x=7289.3005215302765, y=25354.23490895762, th=266.9947727928138)
[Slam @ slam.py:126][INFO] 2017-10-27 19:45:49,443: PoseMessage(t=1509147949.443357, n=191, x=7323.688942886838, y=25204.16034491998, th=271.3859968441045)
[Slam @ slam.py:126][INFO] 2017-10-27 19:45:49,650: PoseMessage(t=1509147949.6501884, n=192, x=7370.051718776995, y=25036.681595066944, th=275.2846721173353)
[Slam @ slam.py:126][INFO] 2017-10-27 19:45:49,868: PoseMessage(t=1509147949.8679607, n=193, x=7413.245898921923, y=24853.63540432943, th=277.72469116818115)
[Slam @ slam.py:126][INFO] 2017-10-27 19:45:50,090: PoseMessage(t=1509147950.0901566, n=194, x=7447.855180007355, y=24684.99331432456, th=278.9686357879634)
[Slam @ slam.py:126][INFO] 2017-10-27 19:45:50,296: PoseMessage(t=1509147950.296383, n=195, x=7475.624319323288, y=24522.236052551194, th=278.91592961713627)
[Slam @ slam.py:126][INFO] 2017-10-27 19:45:50,530: PoseMessage(t=1509147950.5299048, n=196, x=7484.82971703761, y=24357.747238583284, th=277.73688474431196)
[Slam @ slam.py:126][INFO] 2017-10-27 19:45:50,759: PoseMessage(t=1509147950.759388, n=197, x=7499.924929016379, y=24201.28230436519, th=276.7775016307985)
[Slam @ slam.py:126][INFO] 2017-10-27 19:45:51,013: PoseMessage(t=1509147951.0129423, n=198, x=7507.2439695633875, y=24041.233660073955, th=275.4227518591722)
[Slam @ slam.py:126][INFO] 2017-10-27 19:45:51,221: PoseMessage(t=1509147951.2217977, n=199, x=7517.0096686137185, y=23883.114204773916, th=274.38954601226555)
[Slam @ slam.py:126][INFO] 2017-10-27 19:45:51,355: PoseMessage(t=1509147951.3558278, n=200, x=7522.989622587738, y=23711.099163876384, th=273.1813860339969)
[Slam @ slam.py:126][INFO] 2017-10-27 19:45:51,588: PoseMessage(t=1509147951.5888662, n=201, x=7523.127292669778, y=23532.86479875958, th=271.6288265316905)
[Slam @ slam.py:126][INFO] 2017-10-27 19:45:51,795: PoseMessage(t=1509147951.795411, n=202, x=7508.425704217916, y=23349.246474509597, th=269.18130785098015)
[Slam @ slam.py:126][INFO] 2017-10-27 19:45:52,024: PoseMessage(t=1509147952.0245802, n=203, x=7471.549474539825, y=23164.207050760047, th=265.6989084599843)
[Slam @ slam.py:126][INFO] 2017-10-27 19:45:52,253: PoseMessage(t=1509147952.2530534, n=204, x=7431.542960832485, y=22980.414617710518, th=261.9281125554187)
[Slam @ slam.py:126][INFO] 2017-10-27 19:45:52,505: PoseMessage(t=1509147952.5050223, n=205, x=7369.827863223509, y=22794.121186711596, th=259.0815513231644)
[Slam @ slam.py:126][INFO] 2017-10-27 19:45:52,632: PoseMessage(t=1509147952.6327093, n=206, x=7309.404414122582, y=22624.535764290227, th=255.99902094915137)
[Slam @ slam.py:126][INFO] 2017-10-27 19:45:52,966: PoseMessage(t=1509147952.966259, n=207, x=7245.6818532418765, y=22464.274703666775, th=253.33764983274136)
[Slam @ slam.py:126][INFO] 2017-10-27 19:45:53,057: PoseMessage(t=1509147953.0571694, n=208, x=7174.233513143736, y=22303.874867884475, th=251.01878224353982)
[Slam @ slam.py:126][INFO] 2017-10-27 19:45:53,307: PoseMessage(t=1509147953.3074539, n=209, x=7110.119635677438, y=22153.468600580414, th=249.47255927346646)
[Slam @ slam.py:126][INFO] 2017-10-27 19:45:53,536: PoseMessage(t=1509147953.5359695, n=210, x=7046.383275297012, y=22001.030079911176, th=248.96866177281368)
[Slam @ slam.py:126][INFO] 2017-10-27 19:45:53,745: PoseMessage(t=1509147953.7450905, n=211, x=6985.27211701894, y=21843.471063244102, th=249.38173739050285)
[Slam @ slam.py:126][INFO] 2017-10-27 19:45:53,979: PoseMessage(t=1509147953.979079, n=212, x=6930.048290513696, y=21679.043806659934, th=249.7479848777573)
[Slam @ slam.py:126][INFO] 2017-10-27 19:45:54,120: PoseMessage(t=1509147954.120117, n=213, x=6864.102146956611, y=21507.41849895119, th=250.4871085323964)
[Slam @ slam.py:126][INFO] 2017-10-27 19:45:54,351: PoseMessage(t=1509147954.3510973, n=214, x=6807.869176901477, y=21323.891638545207, th=251.1797529448802)
[Slam @ slam.py:126][INFO] 2017-10-27 19:45:54,698: PoseMessage(t=1509147954.6982896, n=215, x=6750.138584393608, y=21148.19657425385, th=252.316869800851)
[Slam @ slam.py:126][INFO] 2017-10-27 19:45:54,787: PoseMessage(t=1509147954.7877676, n=216, x=6693.45087829588, y=20973.488396880453, th=253.21547226776488)
[Slam @ slam.py:126][INFO] 2017-10-27 19:45:55,048: PoseMessage(t=1509147955.0488608, n=217, x=6644.824720302313, y=20794.963274109137, th=253.67332983288975)
[Slam @ slam.py:126][INFO] 2017-10-27 19:45:55,260: PoseMessage(t=1509147955.2606926, n=218, x=6595.703158748984, y=20604.619572083426, th=254.1017010085477)
[Slam @ slam.py:126][INFO] 2017-10-27 19:45:55,490: PoseMessage(t=1509147955.4904385, n=219, x=6540.909458825081, y=20404.01628525458, th=254.81017702018903)
[Slam @ slam.py:126][INFO] 2017-10-27 19:45:55,699: PoseMessage(t=1509147955.699621, n=220, x=6490.780853736396, y=20191.213907838643, th=255.7036985657021)
[Slam @ slam.py:126][INFO] 2017-10-27 19:45:55,919: PoseMessage(t=1509147955.9190571, n=221, x=6450.246721733311, y=19991.32703566163, th=256.7748736953388)
[Slam @ slam.py:126][INFO] 2017-10-27 19:45:56,148: PoseMessage(t=1509147956.1488352, n=222, x=6407.187711488405, y=19778.181064917113, th=258.1457009970643)
[Slam @ slam.py:126][INFO] 2017-10-27 19:45:56,369: PoseMessage(t=1509147956.369579, n=223, x=6375.89402071917, y=19581.308841026726, th=260.11384700783196)
[Slam @ slam.py:126][INFO] 2017-10-27 19:45:56,578: PoseMessage(t=1509147956.5783925, n=224, x=6360.740136285494, y=19382.503635642457, th=263.33527159071195)
[Slam @ slam.py:126][INFO] 2017-10-27 19:45:56,723: PoseMessage(t=1509147956.7233083, n=225, x=6371.224322653325, y=19176.44947280303, th=266.78676800694916)
[Slam @ slam.py:126][INFO] 2017-10-27 19:45:56,956: PoseMessage(t=1509147956.956014, n=226, x=6393.536515295455, y=18975.652131248604, th=271.3402456305073)
[Slam @ slam.py:126][INFO] 2017-10-27 19:45:57,210: PoseMessage(t=1509147957.2101476, n=227, x=6434.647243711697, y=18799.62530504988, th=276.4804435297435)
[Slam @ slam.py:126][INFO] 2017-10-27 19:45:57,315: PoseMessage(t=1509147957.315447, n=228, x=6510.3363847827495, y=18631.453078793016, th=281.97773421272245)
[Slam @ slam.py:126][INFO] 2017-10-27 19:45:57,555: PoseMessage(t=1509147957.5553737, n=229, x=6586.1144087512, y=18476.31484942965, th=287.19745270764065)
[Slam @ slam.py:126][INFO] 2017-10-27 19:45:57,745: PoseMessage(t=1509147957.7453437, n=230, x=6662.415295955907, y=18330.62912675075, th=290.8978663894402)
[Slam @ slam.py:126][INFO] 2017-10-27 19:45:57,981: PoseMessage(t=1509147957.9810176, n=231, x=6747.269672085713, y=18167.18447564624, th=293.40295237228815)
[Slam @ slam.py:126][INFO] 2017-10-27 19:45:58,216: PoseMessage(t=1509147958.2161582, n=232, x=6835.991730936257, y=17988.355146441496, th=293.60425046763226)
[Slam @ slam.py:126][INFO] 2017-10-27 19:45:58,462: PoseMessage(t=1509147958.4620833, n=233, x=6914.38550765688, y=17835.041800374052, th=294.8217845958595)
[Slam @ slam.py:126][INFO] 2017-10-27 19:45:58,681: PoseMessage(t=1509147958.6809232, n=234, x=6996.361791756681, y=17714.19562702056, th=297.50213892502757)
[Slam @ slam.py:126][INFO] 2017-10-27 19:45:58,909: PoseMessage(t=1509147958.9098344, n=235, x=7074.315731490242, y=17617.613465513456, th=304.0535259786509)
[Slam @ slam.py:126][INFO] 2017-10-27 19:45:59,152: PoseMessage(t=1509147959.1521268, n=236, x=7209.939993707485, y=17512.565024134416, th=311.03513681597065)
[Slam @ slam.py:126][INFO] 2017-10-27 19:45:59,371: PoseMessage(t=1509147959.3714747, n=237, x=7388.767059495694, y=17402.059429448742, th=316.49888586287375)
[Slam @ slam.py:126][INFO] 2017-10-27 19:45:59,521: PoseMessage(t=1509147959.5213218, n=238, x=7548.450871937348, y=17305.540660284056, th=322.318649001553)
[Slam @ slam.py:126][INFO] 2017-10-27 19:45:59,714: PoseMessage(t=1509147959.7145755, n=239, x=7728.9269414342925, y=17216.834315545453, th=327.5747157988542)
[Slam @ slam.py:126][INFO] 2017-10-27 19:45:59,954: PoseMessage(t=1509147959.9541538, n=240, x=7792.662912711057, y=17193.509345063536, th=331.98903164886246)
[Slam @ slam.py:126][INFO] 2017-10-27 19:46:00,161: PoseMessage(t=1509147960.1609704, n=241, x=7993.620663985166, y=17109.465647050707, th=334.3356953101636)
[Slam @ slam.py:126][INFO] 2017-10-27 19:46:00,297: PoseMessage(t=1509147960.2970555, n=242, x=7998.4333709920975, y=17098.174328663914, th=334.4872354815186)
[Slam @ slam.py:126][INFO] 2017-10-27 19:46:00,535: PoseMessage(t=1509147960.5350218, n=243, x=8195.352780922804, y=17009.335931697457, th=335.37691812090884)
[Slam @ slam.py:126][INFO] 2017-10-27 19:46:00,765: PoseMessage(t=1509147960.7651477, n=244, x=8355.0714365987, y=16941.210651853067, th=336.3340855026206)
[Slam @ slam.py:126][INFO] 2017-10-27 19:46:01,033: PoseMessage(t=1509147961.0336902, n=245, x=8549.527365320864, y=16863.30952417036, th=337.90184257480973)
[Slam @ slam.py:126][INFO] 2017-10-27 19:46:01,244: PoseMessage(t=1509147961.2442195, n=246, x=8647.910250703171, y=16836.091464458037, th=338.92254889093124)
[Slam @ slam.py:126][INFO] 2017-10-27 19:46:01,373: PoseMessage(t=1509147961.3731391, n=247, x=8855.64925997478, y=16756.06875443616, th=340.2679565002643)
[Slam @ slam.py:126][INFO] 2017-10-27 19:46:01,589: PoseMessage(t=1509147961.5897706, n=248, x=9060.961310134917, y=16688.790878791657, th=340.88588252236036)
[Slam @ slam.py:126][INFO] 2017-10-27 19:46:01,805: PoseMessage(t=1509147961.8051805, n=249, x=9224.185245332956, y=16635.496520016637, th=340.9931425766433)
[Slam @ slam.py:126][INFO] 2017-10-27 19:46:02,035: PoseMessage(t=1509147962.0349052, n=250, x=9383.290039136955, y=16580.513822146055, th=341.51032215320697)
[Slam @ slam.py:126][INFO] 2017-10-27 19:46:02,273: PoseMessage(t=1509147962.2733462, n=251, x=9474.553962244136, y=16566.574571306297, th=344.6618338963856)
[Slam @ slam.py:126][INFO] 2017-10-27 19:46:02,498: PoseMessage(t=1509147962.4986036, n=252, x=9622.151355138885, y=16599.99228114018, th=355.2590604748332)
[Slam @ slam.py:126][INFO] 2017-10-27 19:46:02,733: PoseMessage(t=1509147962.7338023, n=253, x=9761.062217558174, y=16710.439750619003, th=371.7245055122987)
[Slam @ slam.py:126][INFO] 2017-10-27 19:46:02,865: PoseMessage(t=1509147962.8656967, n=254, x=9779.350074164358, y=16888.452229861174, th=391.3224062150914)
[Slam @ slam.py:126][INFO] 2017-10-27 19:46:03,074: PoseMessage(t=1509147963.0747316, n=255, x=9750.086312524763, y=17057.251446161423, th=411.42912568660563)
[Slam @ slam.py:126][INFO] 2017-10-27 19:46:03,301: PoseMessage(t=1509147963.3011749, n=256, x=9676.364797149108, y=17184.341805524196, th=427.9515274321295)
[Slam @ slam.py:126][INFO] 2017-10-27 19:46:03,523: PoseMessage(t=1509147963.5234957, n=257, x=9602.70316915612, y=17246.22626463231, th=439.7881262311114)
[Slam @ slam.py:126][INFO] 2017-10-27 19:46:03,775: PoseMessage(t=1509147963.775323, n=258, x=9555.756627808114, y=17270.388541862372, th=445.3121043786507)
[Slam @ slam.py:126][INFO] 2017-10-27 19:46:03,999: PoseMessage(t=1509147963.998921, n=259, x=9586.691493206854, y=17266.62625910965, th=441.66183159756315)
[Slam @ slam.py:126][INFO] 2017-10-27 19:46:04,224: PoseMessage(t=1509147964.2244399, n=260, x=9678.870381080742, y=17224.99044314743, th=428.49171232851063)
[Slam @ slam.py:126][INFO] 2017-10-27 19:46:04,366: PoseMessage(t=1509147964.3666306, n=261, x=9795.3763871099, y=17131.196130545755, th=411.2869847087552)
[Slam @ slam.py:126][INFO] 2017-10-27 19:46:04,663: PoseMessage(t=1509147964.6633875, n=262, x=9924.687143798837, y=17057.890675509294, th=393.8240852008005)
[Slam @ slam.py:126][INFO] 2017-10-27 19:46:04,765: PoseMessage(t=1509147964.7657108, n=263, x=10087.557080026636, y=16996.003759944757, th=376.9104305269559)
[Slam @ slam.py:126][INFO] 2017-10-27 19:46:05,094: PoseMessage(t=1509147965.0948453, n=264, x=10188.884233694444, y=16946.380790434956, th=362.50775471497604)
[Slam @ slam.py:126][INFO] 2017-10-27 19:46:05,302: PoseMessage(t=1509147965.3019047, n=265, x=10382.480714033045, y=16837.68903994485, th=349.83701609766854)
[Slam @ slam.py:126][INFO] 2017-10-27 19:46:05,425: PoseMessage(t=1509147965.4257066, n=266, x=10575.33925910775, y=16701.777872834533, th=339.62954593706513)
[Slam @ slam.py:126][INFO] 2017-10-27 19:46:05,634: PoseMessage(t=1509147965.6341755, n=267, x=10742.549031519775, y=16554.240449810346, th=331.80185029698464)
[Slam @ slam.py:126][INFO] 2017-10-27 19:46:05,861: PoseMessage(t=1509147965.8613877, n=268, x=10912.667340895132, y=16399.8944903439, th=326.9391087972201)
[Slam @ slam.py:126][INFO] 2017-10-27 19:46:06,095: PoseMessage(t=1509147966.0952158, n=269, x=11093.46840529397, y=16250.356292742686, th=325.8235210168516)
[Slam @ slam.py:126][INFO] 2017-10-27 19:46:06,329: PoseMessage(t=1509147966.3298848, n=270, x=11299.105580946343, y=16117.910751664636, th=327.28118863755867)
[Slam @ slam.py:126][INFO] 2017-10-27 19:46:06,555: PoseMessage(t=1509147966.5550466, n=271, x=11504.496304321947, y=16008.302935037387, th=330.49006392930664)
[Slam @ slam.py:126][INFO] 2017-10-27 19:46:06,762: PoseMessage(t=1509147966.7622657, n=272, x=11656.677845613012, y=15944.093202621185, th=333.194529279632)
[Slam @ slam.py:126][INFO] 2017-10-27 19:46:06,982: PoseMessage(t=1509147966.9824955, n=273, x=11905.098508045921, y=15841.93479847952, th=335.9139560447386)
[Slam @ slam.py:126][INFO] 2017-10-27 19:46:07,193: PoseMessage(t=1509147967.1929762, n=274, x=12153.341686714703, y=15753.450626209702, th=338.77708802667826)
[Slam @ slam.py:126][INFO] 2017-10-27 19:46:07,437: PoseMessage(t=1509147967.437474, n=275, x=12330.860015645885, y=15704.562974283795, th=341.20261233094993)
[Slam @ slam.py:126][INFO] 2017-10-27 19:46:07,652: PoseMessage(t=1509147967.6526093, n=276, x=12591.27535614025, y=15633.732606778245, th=343.325770204234)
[Slam @ slam.py:126][INFO] 2017-10-27 19:46:07,793: PoseMessage(t=1509147967.7934356, n=277, x=12840.275912662764, y=15570.70174596072, th=344.64370599088056)
[Slam @ slam.py:126][INFO] 2017-10-27 19:46:08,025: PoseMessage(t=1509147968.0258234, n=278, x=13067.240365818907, y=15496.765191241026, th=343.9218713405228)
[Slam @ slam.py:126][INFO] 2017-10-27 19:46:08,257: PoseMessage(t=1509147968.257526, n=279, x=13296.866445676187, y=15391.56327866283, th=340.40256792019704)
[Slam @ slam.py:126][INFO] 2017-10-27 19:46:08,489: PoseMessage(t=1509147968.4891765, n=280, x=13481.927039534548, y=15275.394065671459, th=335.21105093687424)
[Slam @ slam.py:126][INFO] 2017-10-27 19:46:08,711: PoseMessage(t=1509147968.7113593, n=281, x=13652.654173512474, y=15142.836499556757, th=328.1015255471232)
[Slam @ slam.py:126][INFO] 2017-10-27 19:46:08,855: PoseMessage(t=1509147968.855422, n=282, x=13808.805528087305, y=14973.916454583265, th=319.9816093885113)
[Slam @ slam.py:126][INFO] 2017-10-27 19:46:09,094: PoseMessage(t=1509147969.0940778, n=283, x=13939.52209512563, y=14795.651599843291, th=311.9632016284106)
[Slam @ slam.py:126][INFO] 2017-10-27 19:46:09,306: PoseMessage(t=1509147969.3068643, n=284, x=14027.410037078425, y=14589.389412183551, th=304.1691854757903)
[Slam @ slam.py:126][INFO] 2017-10-27 19:46:09,553: PoseMessage(t=1509147969.5530572, n=285, x=14061.481740257932, y=14401.305713719808, th=294.56463843433653)
[Slam @ slam.py:126][INFO] 2017-10-27 19:46:09,794: PoseMessage(t=1509147969.7947674, n=286, x=14045.774007669297, y=14222.986224107332, th=285.6450632601866)
[Slam @ slam.py:126][INFO] 2017-10-27 19:46:09,902: PoseMessage(t=1509147969.9019816, n=287, x=14026.877340755073, y=14067.575642280168, th=277.9702321687603)
[Slam @ slam.py:126][INFO] 2017-10-27 19:46:10,160: PoseMessage(t=1509147970.1598165, n=288, x=14029.82742465274, y=13960.001405224353, th=277.81609838299687)
[Slam @ slam.py:126][INFO] 2017-10-27 19:46:10,389: PoseMessage(t=1509147970.389633, n=289, x=14107.261812030902, y=13901.113694789525, th=285.68126451408375)
[Slam @ slam.py:126][INFO] 2017-10-27 19:46:10,603: PoseMessage(t=1509147970.602924, n=290, x=14248.65742420834, y=13871.573987218722, th=300.6280506560381)
[Slam @ slam.py:126][INFO] 2017-10-27 19:46:10,860: PoseMessage(t=1509147970.8601809, n=291, x=14412.1145893615, y=13879.245363354563, th=318.0781583032024)
[Slam @ slam.py:126][INFO] 2017-10-27 19:46:10,982: PoseMessage(t=1509147970.982374, n=292, x=14561.897950796902, y=13925.03865524966, th=335.4806190898182)
[Slam @ slam.py:126][INFO] 2017-10-27 19:46:11,201: PoseMessage(t=1509147971.2010112, n=293, x=14694.764560638487, y=14022.28996014062, th=352.6780544390442)
[Slam @ slam.py:126][INFO] 2017-10-27 19:46:11,412: PoseMessage(t=1509147971.4119904, n=294, x=14788.939306014709, y=14152.03461157696, th=369.89366738855665)
[Slam @ slam.py:126][INFO] 2017-10-27 19:46:11,657: PoseMessage(t=1509147971.6569607, n=295, x=14865.187541175601, y=14298.5261258106, th=386.0519893931871)
[Slam @ slam.py:126][INFO] 2017-10-27 19:46:11,849: PoseMessage(t=1509147971.849454, n=296, x=14910.703732467573, y=14438.325646849695, th=400.09495124150476)
[Slam @ slam.py:126][INFO] 2017-10-27 19:46:12,082: PoseMessage(t=1509147972.0826252, n=297, x=14924.138225264232, y=14603.293340331289, th=412.1587648002844)
[Slam @ slam.py:126][INFO] 2017-10-27 19:46:12,308: PoseMessage(t=1509147972.3083484, n=298, x=14918.96849178147, y=14755.97279145734, th=423.93869892264433)
[Slam @ slam.py:126][INFO] 2017-10-27 19:46:12,544: PoseMessage(t=1509147972.5447938, n=299, x=14892.731249586996, y=14913.771402524459, th=434.62130931482193)
[Slam @ slam.py:126][INFO] 2017-10-27 19:46:12,777: PoseMessage(t=1509147972.777838, n=300, x=14862.891882868189, y=15069.996705857944, th=442.2137378577429)
[Slam @ slam.py:126][INFO] 2017-10-27 19:46:12,915: PoseMessage(t=1509147972.9152126, n=301, x=14862.223019086832, y=15244.386136138406, th=444.20549276067163)
[Slam @ slam.py:126][INFO] 2017-10-27 19:46:13,120: PoseMessage(t=1509147973.119962, n=302, x=14906.33917773057, y=15428.865112250265, th=441.7097824743598)
[Slam @ slam.py:126][INFO] 2017-10-27 19:46:13,351: PoseMessage(t=1509147973.3512728, n=303, x=14969.374830840115, y=15601.102379013379, th=437.45307882554357)
[Slam @ slam.py:126][INFO] 2017-10-27 19:46:13,535: PoseMessage(t=1509147973.535023, n=304, x=15042.598932183773, y=15765.84524677112, th=433.90519226484344)
[Slam @ slam.py:126][INFO] 2017-10-27 19:46:13,779: PoseMessage(t=1509147973.7790172, n=305, x=15094.882503363351, y=15871.595467987414, th=431.319703123678)
[Slam @ slam.py:126][INFO] 2017-10-27 19:46:13,967: PoseMessage(t=1509147973.967031, n=306, x=15157.506373736123, y=16012.347549560423, th=429.81834732848824)
[Slam @ slam.py:126][INFO] 2017-10-27 19:46:14,187: PoseMessage(t=1509147974.1870823, n=307, x=15142.63580686138, y=15967.015312972422, th=429.09263447779836)
[Slam @ slam.py:126][INFO] 2017-10-27 19:46:14,425: PoseMessage(t=1509147974.4256542, n=308, x=15117.207629724453, y=15884.343013527747, th=427.9660206565461)
[Slam @ slam.py:126][INFO] 2017-10-27 19:46:14,669: PoseMessage(t=1509147974.6691709, n=309, x=15157.039647222358, y=15950.512680496673, th=427.8633000993216)
[Slam @ slam.py:126][INFO] 2017-10-27 19:46:14,869: PoseMessage(t=1509147974.8695755, n=310, x=15182.712487921912, y=16027.381228554646, th=428.66329750167665)
[Slam @ slam.py:126][INFO] 2017-10-27 19:46:15,085: PoseMessage(t=1509147975.0853968, n=311, x=15246.271506742436, y=16206.169389785851, th=429.98219057107804)
[Slam @ slam.py:126][INFO] 2017-10-27 19:46:15,334: PoseMessage(t=1509147975.3341095, n=312, x=15196.964518957633, y=16136.819135250176, th=431.176345619657)
[Slam @ slam.py:126][INFO] 2017-10-27 19:46:15,467: PoseMessage(t=1509147975.4673524, n=313, x=15109.222554740358, y=15981.867466052996, th=431.620063547831)
[Slam @ slam.py:126][INFO] 2017-10-27 19:46:15,681: PoseMessage(t=1509147975.6809177, n=314, x=15078.838889625717, y=15951.956842025744, th=431.8096086465232)
[Slam @ slam.py:126][INFO] 2017-10-27 19:46:15,931: PoseMessage(t=1509147975.9316916, n=315, x=15057.445592865792, y=15946.190071595835, th=432.1126298001184)
[Slam @ slam.py:126][INFO] 2017-10-27 19:46:16,167: PoseMessage(t=1509147976.167713, n=316, x=15063.289803489555, y=16025.276425598191, th=432.6623418598467)
[Slam @ slam.py:126][INFO] 2017-10-27 19:46:16,355: PoseMessage(t=1509147976.3551455, n=317, x=15030.418048742671, y=16040.376545978712, th=434.50451743252074)
[Slam @ slam.py:126][INFO] 2017-10-27 19:46:16,590: PoseMessage(t=1509147976.5902104, n=318, x=15055.59031502364, y=16219.249073870948, th=435.9157412742354)
[Slam @ slam.py:126][INFO] 2017-10-27 19:46:16,834: PoseMessage(t=1509147976.8339484, n=319, x=15125.630773466786, y=16507.02048635087, th=437.3758563380545)
[Slam @ slam.py:126][INFO] 2017-10-27 19:46:16,963: PoseMessage(t=1509147976.9638278, n=320, x=15133.260094326055, y=16669.18423294212, th=438.52501342642086)
[Slam @ slam.py:126][INFO] 2017-10-27 19:46:17,199: PoseMessage(t=1509147977.199142, n=321, x=15166.14613318054, y=16867.814756583015, th=438.8721430159205)
[Slam @ slam.py:126][INFO] 2017-10-27 19:46:17,397: PoseMessage(t=1509147977.39697, n=322, x=15214.043702209323, y=17078.599140003847, th=437.9903192637141)
[Slam @ slam.py:126][INFO] 2017-10-27 19:46:17,630: PoseMessage(t=1509147977.6304135, n=323, x=15220.958416588268, y=17141.03991734521, th=436.3610235238741)
[Slam @ slam.py:126][INFO] 2017-10-27 19:46:17,856: PoseMessage(t=1509147977.856807, n=324, x=15291.94834142488, y=17329.5591527429, th=434.14528744340373)
[Slam @ slam.py:126][INFO] 2017-10-27 19:46:18,075: PoseMessage(t=1509147978.0755389, n=325, x=15381.52519339726, y=17520.63121603062, th=431.5401462202283)
[Slam @ slam.py:126][INFO] 2017-10-27 19:46:18,306: PoseMessage(t=1509147978.3066247, n=326, x=15461.206429158641, y=17689.47891119826, th=429.31593522429125)
[Slam @ slam.py:126][INFO] 2017-10-27 19:46:18,449: PoseMessage(t=1509147978.4491174, n=327, x=15549.916247125087, y=17854.939206242147, th=426.9046318042058)
[Slam @ slam.py:126][INFO] 2017-10-27 19:46:18,689: PoseMessage(t=1509147978.6895657, n=328, x=15589.880170835544, y=17882.191423820062, th=424.33970374417754)
[Slam @ slam.py:126][INFO] 2017-10-27 19:46:18,915: PoseMessage(t=1509147978.91553, n=329, x=15687.720104422782, y=17960.905116009257, th=418.62880546438305)
[Slam @ slam.py:126][INFO] 2017-10-27 19:46:19,169: PoseMessage(t=1509147979.1693501, n=330, x=15791.158107362002, y=17950.880888178675, th=407.10666437035457)
[Slam @ slam.py:126][INFO] 2017-10-27 19:46:19,407: PoseMessage(t=1509147979.406958, n=331, x=15913.388765803551, y=17879.854618401325, th=391.0549451983627)
[Slam @ slam.py:126][INFO] 2017-10-27 19:46:19,499: PoseMessage(t=1509147979.4993353, n=332, x=16007.940281382775, y=17768.660975822306, th=372.9784921757039)
[Slam @ slam.py:126][INFO] 2017-10-27 19:46:19,741: PoseMessage(t=1509147979.7414422, n=333, x=16053.86790567079, y=17645.26583202521, th=353.5088612601487)
[Slam @ slam.py:126][INFO] 2017-10-27 19:46:19,956: PoseMessage(t=1509147979.9564383, n=334, x=16068.398622134713, y=17509.393146115937, th=337.01125514659566)
[Slam @ slam.py:126][INFO] 2017-10-27 19:46:20,174: PoseMessage(t=1509147980.1742163, n=335, x=16095.19802753582, y=17403.517482895288, th=326.29180476508395)
[Slam @ slam.py:126][INFO] 2017-10-27 19:46:20,374: PoseMessage(t=1509147980.3748283, n=336, x=16178.785766459781, y=17319.407877036312, th=322.74053575876053)
[Slam @ slam.py:126][INFO] 2017-10-27 19:46:20,601: PoseMessage(t=1509147980.6012552, n=337, x=16283.531178332645, y=17229.82489139674, th=321.2729720998078)
[Slam @ slam.py:126][INFO] 2017-10-27 19:46:20,847: PoseMessage(t=1509147980.8476932, n=338, x=16368.36762040855, y=17149.850300724094, th=319.53406957608706)
[Slam @ slam.py:126][INFO] 2017-10-27 19:46:21,075: PoseMessage(t=1509147981.0751426, n=339, x=16465.007887046682, y=17087.934090876544, th=319.0254901261261)
[Slam @ slam.py:126][INFO] 2017-10-27 19:46:21,318: PoseMessage(t=1509147981.318878, n=340, x=16571.517294993988, y=17049.1943784217, th=321.5862977746775)
[Slam @ slam.py:126][INFO] 2017-10-27 19:46:21,438: PoseMessage(t=1509147981.4387062, n=341, x=16642.243219517855, y=16989.418519571947, th=323.5873520625802)
[Slam @ slam.py:126][INFO] 2017-10-27 19:46:21,647: PoseMessage(t=1509147981.6478822, n=342, x=16700.19576233042, y=16928.68202353845, th=323.6826276541734)
[Slam @ slam.py:126][INFO] 2017-10-27 19:46:21,862: PoseMessage(t=1509147981.8628306, n=343, x=16690.066538234692, y=16880.03574910242, th=320.7538118753047)
[Slam @ slam.py:126][INFO] 2017-10-27 19:46:22,073: PoseMessage(t=1509147982.0733392, n=344, x=16672.364422628176, y=16883.93771688122, th=321.93393708015094)
[Slam @ slam.py:126][INFO] 2017-10-27 19:46:22,319: PoseMessage(t=1509147982.319062, n=345, x=16645.161580988657, y=16903.709879914706, th=321.0851282700361)
[Slam @ slam.py:126][INFO] 2017-10-27 19:46:22,534: PoseMessage(t=1509147982.5341716, n=346, x=16619.863747521755, y=16916.068068171327, th=320.0778572509927)
[Slam @ slam.py:126][INFO] 2017-10-27 19:46:22,777: PoseMessage(t=1509147982.7777395, n=347, x=16600.407409070045, y=16924.518296636117, th=318.7368203946727)
[Slam @ slam.py:126][INFO] 2017-10-27 19:46:22,996: PoseMessage(t=1509147982.9964342, n=348, x=16600.407409070045, y=16924.518296636117, th=318.7368203946727)
[Slam @ slam.py:126][INFO] 2017-10-27 19:46:23,143: PoseMessage(t=1509147983.1429455, n=349, x=16584.99615421331, y=16928.476538324205, th=318.4531671865017)
[Slam @ slam.py:126][INFO] 2017-10-27 19:46:23,368: PoseMessage(t=1509147983.3680916, n=350, x=16584.99615421331, y=16928.476538324205, th=318.4531671865017)
[Slam @ slam.py:126][INFO] 2017-10-27 19:46:23,606: PoseMessage(t=1509147983.606639, n=351, x=16576.789994112165, y=16927.13704315672, th=317.9268340209211)
[Slam @ slam.py:126][INFO] 2017-10-27 19:46:23,836: PoseMessage(t=1509147983.83615, n=352, x=16571.548753551157, y=16910.588547044492, th=317.6941803751225)
[Slam @ slam.py:126][INFO] 2017-10-27 19:46:24,048: PoseMessage(t=1509147984.0482812, n=353, x=16569.70733686974, y=16884.40484703012, th=316.7650002315469)
[Slam @ slam.py:126][INFO] 2017-10-27 19:46:24,267: PoseMessage(t=1509147984.2671854, n=354, x=16558.162723329566, y=16865.933829550224, th=314.984680905921)
[Slam @ slam.py:126][INFO] 2017-10-27 19:46:24,483: PoseMessage(t=1509147984.48294, n=355, x=16540.512004339667, y=16862.618119180726, th=312.4568995488636)
[Slam @ slam.py:126][INFO] 2017-10-27 19:46:24,706: PoseMessage(t=1509147984.7062426, n=356, x=16530.945702673467, y=16857.75044565514, th=311.5164268044583)
[Slam @ slam.py:126][INFO] 2017-10-27 19:46:24,848: PoseMessage(t=1509147984.848551, n=357, x=16541.300292621578, y=16825.346751212666, th=310.8718685478135)
[Slam @ slam.py:126][INFO] 2017-10-27 19:46:25,064: PoseMessage(t=1509147985.0646617, n=358, x=16531.74286422434, y=16808.470426387677, th=310.23628940002993)
[Slam @ slam.py:126][INFO] 2017-10-27 19:46:25,293: PoseMessage(t=1509147985.2932456, n=359, x=16531.74286422434, y=16808.470426387677, th=310.23628940002993)
[Slam @ slam.py:126][INFO] 2017-10-27 19:46:25,527: PoseMessage(t=1509147985.5274732, n=360, x=16531.74286422434, y=16808.470426387677, th=310.23628940002993)
[Slam @ slam.py:126][INFO] 2017-10-27 19:46:25,754: PoseMessage(t=1509147985.7542791, n=361, x=16531.74286422434, y=16808.470426387677, th=310.23628940002993)
[Slam @ slam.py:126][INFO] 2017-10-27 19:46:25,887: PoseMessage(t=1509147985.8872228, n=362, x=16531.74286422434, y=16808.470426387677, th=310.23628940002993)
[Slam @ slam.py:126][INFO] 2017-10-27 19:46:26,130: PoseMessage(t=1509147986.1299005, n=363, x=16531.74286422434, y=16808.470426387677, th=310.23628940002993)
[Slam @ slam.py:126][INFO] 2017-10-27 19:46:26,365: PoseMessage(t=1509147986.3652039, n=364, x=16537.780841469044, y=16779.54872293328, th=311.71027033281746)
[Slam @ slam.py:126][INFO] 2017-10-27 19:46:26,570: PoseMessage(t=1509147986.5703137, n=365, x=16523.511730908627, y=16763.89923585509, th=310.8539085711283)
[Slam @ slam.py:126][INFO] 2017-10-27 19:46:26,812: PoseMessage(t=1509147986.8124502, n=366, x=16536.082660056105, y=16739.067648743978, th=312.069032288976)
[Slam @ slam.py:126][INFO] 2017-10-27 19:46:27,059: PoseMessage(t=1509147987.059428, n=367, x=16529.31038475506, y=16714.171090608463, th=312.0027864708874)
[Slam @ slam.py:126][INFO] 2017-10-27 19:46:27,280: PoseMessage(t=1509147987.2804775, n=368, x=16534.690174391995, y=16677.23039199179, th=314.0975701700273)
[Slam @ slam.py:126][INFO] 2017-10-27 19:46:27,404: PoseMessage(t=1509147987.404722, n=369, x=16573.175506050735, y=16612.467731803074, th=315.5867826319201)
[Slam @ slam.py:126][INFO] 2017-10-27 19:46:27,603: PoseMessage(t=1509147987.603304, n=370, x=16641.116735684023, y=16526.51006159128, th=314.8890149212576)
[Slam @ slam.py:126][INFO] 2017-10-27 19:46:27,849: PoseMessage(t=1509147987.8495576, n=371, x=16752.33816102407, y=16454.94315460007, th=316.99152734906704)
[Slam @ slam.py:126][INFO] 2017-10-27 19:46:28,057: PoseMessage(t=1509147988.0577905, n=372, x=16906.04636575879, y=16348.404400267347, th=320.23851918519824)
[Slam @ slam.py:126][INFO] 2017-10-27 19:46:28,263: PoseMessage(t=1509147988.2632132, n=373, x=17085.702413039668, y=16255.897588220134, th=325.7583832950087)
[Slam @ slam.py:126][INFO] 2017-10-27 19:46:28,515: PoseMessage(t=1509147988.5152214, n=374, x=17270.00917462135, y=16206.9583520132, th=333.99942319735885)
[Slam @ slam.py:126][INFO] 2017-10-27 19:46:28,731: PoseMessage(t=1509147988.7318695, n=375, x=17527.343529886253, y=16162.827597775206, th=342.6149854906299)
[Slam @ slam.py:126][INFO] 2017-10-27 19:46:28,971: PoseMessage(t=1509147988.9717908, n=376, x=17796.739389616938, y=16129.786279385618, th=348.30775556223955)
[Slam @ slam.py:126][INFO] 2017-10-27 19:46:29,108: PoseMessage(t=1509147989.108073, n=377, x=18081.20361611125, y=16097.730924231175, th=351.84478060178947)
[Slam @ slam.py:126][INFO] 2017-10-27 19:46:29,315: PoseMessage(t=1509147989.3152692, n=378, x=18374.662175312347, y=16070.640237772612, th=353.7116927535709)
[Slam @ slam.py:126][INFO] 2017-10-27 19:46:29,542: PoseMessage(t=1509147989.54263, n=379, x=18674.15715195873, y=16041.549494155923, th=354.7011002026585)
[Slam @ slam.py:126][INFO] 2017-10-27 19:46:29,737: PoseMessage(t=1509147989.7377536, n=380, x=18974.6095212269, y=16010.828131459719, th=355.1419583935632)
[Slam @ slam.py:126][INFO] 2017-10-27 19:46:29,982: PoseMessage(t=1509147989.981961, n=381, x=19261.85353660019, y=15980.083692275955, th=353.8966888285569)
[Slam @ slam.py:126][INFO] 2017-10-27 19:46:30,208: PoseMessage(t=1509147990.2081776, n=382, x=19533.68233320414, y=15912.290121539125, th=350.2599571698312)
[Slam @ slam.py:126][INFO] 2017-10-27 19:46:30,459: PoseMessage(t=1509147990.4590516, n=383, x=19767.073305734608, y=15835.278194228747, th=346.5333247283644)
[Slam @ slam.py:126][INFO] 2017-10-27 19:46:30,672: PoseMessage(t=1509147990.6724997, n=384, x=20012.855954911152, y=15752.738231228293, th=343.7239253963281)
[Slam @ slam.py:126][INFO] 2017-10-27 19:46:30,896: PoseMessage(t=1509147990.8968346, n=385, x=20255.701209605264, y=15653.448972006889, th=341.91450841258586)
[Slam @ slam.py:126][INFO] 2017-10-27 19:46:31,034: PoseMessage(t=1509147991.0341928, n=386, x=20483.77355682949, y=15563.949483743714, th=340.2772190868501)
[Slam @ slam.py:126][INFO] 2017-10-27 19:46:31,269: PoseMessage(t=1509147991.2695713, n=387, x=20712.064734660613, y=15454.567958525227, th=338.3892165309163)
[Slam @ slam.py:126][INFO] 2017-10-27 19:46:31,502: PoseMessage(t=1509147991.5025713, n=388, x=20926.508307597192, y=15341.33890866659, th=336.3574430071395)
[Slam @ slam.py:126][INFO] 2017-10-27 19:46:31,739: PoseMessage(t=1509147991.7389429, n=389, x=21123.46876661229, y=15241.206577798663, th=334.9618399082766)
[Slam @ slam.py:126][INFO] 2017-10-27 19:46:31,990: PoseMessage(t=1509147991.990461, n=390, x=21317.821800234902, y=15147.313597175604, th=335.2470218114405)
[Slam @ slam.py:126][INFO] 2017-10-27 19:46:32,094: PoseMessage(t=1509147992.0942252, n=391, x=21488.609763517685, y=15060.499698796853, th=335.9322638545501)
[Slam @ slam.py:126][INFO] 2017-10-27 19:46:32,326: PoseMessage(t=1509147992.3263679, n=392, x=21634.142125762242, y=14996.26167345567, th=335.84396147117616)
[Slam @ slam.py:126][INFO] 2017-10-27 19:46:32,577: PoseMessage(t=1509147992.5772798, n=393, x=21768.22850318256, y=14935.579243023027, th=338.17393934724635)
[Slam @ slam.py:126][INFO] 2017-10-27 19:46:32,813: PoseMessage(t=1509147992.8133216, n=394, x=21857.1242143689, y=14949.064693455954, th=344.6504512207258)
[Slam @ slam.py:126][INFO] 2017-10-27 19:46:33,046: PoseMessage(t=1509147993.0462809, n=395, x=21903.020123560942, y=15005.328644668121, th=354.94517428501524)
[Slam @ slam.py:126][INFO] 2017-10-27 19:46:33,170: PoseMessage(t=1509147993.170008, n=396, x=21925.786274630605, y=15070.973039158058, th=365.16653180725655)
[Slam @ slam.py:126][INFO] 2017-10-27 19:46:33,383: PoseMessage(t=1509147993.3830435, n=397, x=21924.168765597075, y=15149.201304391396, th=374.7223381572195)
[Slam @ slam.py:126][INFO] 2017-10-27 19:46:33,606: PoseMessage(t=1509147993.6065218, n=398, x=21909.163858694752, y=15224.516990890048, th=383.9335207070627)
[Slam @ slam.py:126][INFO] 2017-10-27 19:46:33,818: PoseMessage(t=1509147993.8181543, n=399, x=21911.45258150043, y=15289.444852007806, th=390.4912766802528)
[Slam @ slam.py:126][INFO] 2017-10-27 19:46:34,071: PoseMessage(t=1509147994.0711088, n=400, x=21943.139704059628, y=15334.772964233785, th=393.6414247998556)
[Slam @ slam.py:126][INFO] 2017-10-27 19:46:34,267: PoseMessage(t=1509147994.2677212, n=401, x=21989.630875966373, y=15393.58952615447, th=395.41320122665013)
[Slam @ slam.py:126][INFO] 2017-10-27 19:46:34,505: PoseMessage(t=1509147994.5053065, n=402, x=22073.24083917481, y=15452.479281761121, th=396.3039713295012)
[Slam @ slam.py:126][INFO] 2017-10-27 19:46:34,740: PoseMessage(t=1509147994.7407882, n=403, x=22177.671800923395, y=15519.260283118716, th=396.37678436908857)
[Slam @ slam.py:126][INFO] 2017-10-27 19:46:34,926: PoseMessage(t=1509147994.9265242, n=404, x=22271.481868301613, y=15612.833921655043, th=398.94620732727446)
[Slam @ slam.py:126][INFO] 2017-10-27 19:46:35,195: PoseMessage(t=1509147995.1950614, n=405, x=22351.690913320614, y=15709.183447758629, th=402.5579355370729)
[Slam @ slam.py:126][INFO] 2017-10-27 19:46:35,285: PoseMessage(t=1509147995.28512, n=406, x=22406.849087358547, y=15800.228154609873, th=408.1562392872303)
[Slam @ slam.py:126][INFO] 2017-10-27 19:46:35,534: PoseMessage(t=1509147995.5343308, n=407, x=22445.743067865238, y=15876.258321639112, th=413.59100422693984)
[Slam @ slam.py:126][INFO] 2017-10-27 19:46:35,755: PoseMessage(t=1509147995.7552185, n=408, x=22478.767021303043, y=15939.729605775288, th=416.92316886840956)
[Slam @ slam.py:126][INFO] 2017-10-27 19:46:36,024: PoseMessage(t=1509147996.0243635, n=409, x=22484.125104185638, y=15990.28012921052, th=420.98363687374615)
[Slam @ slam.py:126][INFO] 2017-10-27 19:46:36,271: PoseMessage(t=1509147996.2717102, n=410, x=22467.10536427561, y=16040.667098164055, th=425.38982397821485)
[Slam @ slam.py:126][INFO] 2017-10-27 19:46:36,352: PoseMessage(t=1509147996.3520782, n=411, x=22448.726213682654, y=16060.80486824802, th=427.97621352601084)
[Slam @ slam.py:126][INFO] 2017-10-27 19:46:36,608: PoseMessage(t=1509147996.608581, n=412, x=22437.605200742815, y=16082.364741347634, th=430.09233891619544)
[Slam @ slam.py:126][INFO] 2017-10-27 19:46:36,828: PoseMessage(t=1509147996.828304, n=413, x=22433.10393322024, y=16129.906703911625, th=432.3741411197017)
[Slam @ slam.py:126][INFO] 2017-10-27 19:46:37,063: PoseMessage(t=1509147997.0631294, n=414, x=22433.133800906922, y=16173.358844521941, th=434.5242239715782)
[Slam @ slam.py:126][INFO] 2017-10-27 19:46:37,298: PoseMessage(t=1509147997.2988389, n=415, x=22452.21794536626, y=16237.70003266262, th=436.0193820793694)
[Slam @ slam.py:126][INFO] 2017-10-27 19:46:37,444: PoseMessage(t=1509147997.444338, n=416, x=22474.38021203559, y=16316.62683746407, th=435.6971064394503)
[Slam @ slam.py:126][INFO] 2017-10-27 19:46:37,653: PoseMessage(t=1509147997.652924, n=417, x=22501.733330803087, y=16371.553621078863, th=434.50926166192687)
[Slam @ slam.py:126][INFO] 2017-10-27 19:46:37,868: PoseMessage(t=1509147997.868715, n=418, x=22501.733330803087, y=16371.553621078863, th=434.50926166192687)
[Slam @ slam.py:126][INFO] 2017-10-27 19:46:38,099: PoseMessage(t=1509147998.0994837, n=419, x=22493.079670655403, y=16332.916375326102, th=434.4360289979278)
[Slam @ slam.py:126][INFO] 2017-10-27 19:46:38,328: PoseMessage(t=1509147998.3287613, n=420, x=22472.322178745504, y=16259.19866308767, th=435.04737641841814)
[Slam @ slam.py:126][INFO] 2017-10-27 19:46:38,591: PoseMessage(t=1509147998.5911849, n=421, x=22441.261939029187, y=16157.724013174527, th=435.20048848150793)
[Slam @ slam.py:126][INFO] 2017-10-27 19:46:38,784: PoseMessage(t=1509147998.7847567, n=422, x=22416.557354549856, y=16068.95111519342, th=433.99231093267474)
[Slam @ slam.py:126][INFO] 2017-10-27 19:46:38,936: PoseMessage(t=1509147998.9365962, n=423, x=22390.213453798766, y=15976.005379722563, th=434.254640356242)
[Slam @ slam.py:126][INFO] 2017-10-27 19:46:39,166: PoseMessage(t=1509147999.1665986, n=424, x=22356.633156417207, y=15877.84063954249, th=433.8956619531501)
[Slam @ slam.py:126][INFO] 2017-10-27 19:46:39,375: PoseMessage(t=1509147999.3752003, n=425, x=22321.933267889814, y=15778.474410007118, th=433.18238811379445)
[Slam @ slam.py:126][INFO] 2017-10-27 19:46:39,591: PoseMessage(t=1509147999.591576, n=426, x=22298.931204092492, y=15678.749545385006, th=432.9520818292923)
[Slam @ slam.py:126][INFO] 2017-10-27 19:46:39,853: PoseMessage(t=1509147999.8535936, n=427, x=22260.160673207407, y=15615.712259431246, th=436.65339068321657)
[Slam @ slam.py:126][INFO] 2017-10-27 19:46:40,075: PoseMessage(t=1509148000.0753639, n=428, x=22194.628576516676, y=15551.862733275164, th=442.50111369624676)
[Slam @ slam.py:126][INFO] 2017-10-27 19:46:40,295: PoseMessage(t=1509148000.2951732, n=429, x=22151.09188057902, y=15486.902308626566, th=446.4323883348817)
[Slam @ slam.py:126][INFO] 2017-10-27 19:46:40,435: PoseMessage(t=1509148000.435032, n=430, x=22126.458201100446, y=15432.082098339277, th=449.3922941689408)
[Slam @ slam.py:126][INFO] 2017-10-27 19:46:40,655: PoseMessage(t=1509148000.6552856, n=431, x=22103.537135345665, y=15379.38430024177, th=452.2372437878249)
[Slam @ slam.py:126][INFO] 2017-10-27 19:46:40,864: PoseMessage(t=1509148000.863992, n=432, x=22087.622240274482, y=15336.063592462859, th=455.69457600490125)
[Slam @ slam.py:126][INFO] 2017-10-27 19:46:41,096: PoseMessage(t=1509148001.095928, n=433, x=22070.96326723256, y=15283.766446542984, th=460.1914773783966)
[Slam @ slam.py:126][INFO] 2017-10-27 19:46:41,325: PoseMessage(t=1509148001.3256257, n=434, x=22055.602828874522, y=15208.852913129784, th=467.74912612469336)
[Slam @ slam.py:126][INFO] 2017-10-27 19:46:41,569: PoseMessage(t=1509148001.5698895, n=435, x=22005.10409488486, y=15145.212778732355, th=476.59908866320905)
[Slam @ slam.py:126][INFO] 2017-10-27 19:46:41,691: PoseMessage(t=1509148001.6917262, n=436, x=21926.445666608903, y=15102.090767448943, th=485.9267631940048)
[Slam @ slam.py:126][INFO] 2017-10-27 19:46:41,915: PoseMessage(t=1509148001.9152315, n=437, x=21835.77840875512, y=15100.52532563376, th=496.0206726593634)
[Slam @ slam.py:126][INFO] 2017-10-27 19:46:42,157: PoseMessage(t=1509148002.1572058, n=438, x=21736.886288855727, y=15087.196710989054, th=504.50305671707895)
[Slam @ slam.py:126][INFO] 2017-10-27 19:46:42,333: PoseMessage(t=1509148002.3337994, n=439, x=21649.44979536956, y=15100.626898840244, th=510.6388057144096)
[Slam @ slam.py:126][INFO] 2017-10-27 19:46:42,592: PoseMessage(t=1509148002.5927238, n=440, x=21528.65473481504, y=15130.168741363275, th=514.2634123240742)
[Slam @ slam.py:126][INFO] 2017-10-27 19:46:42,823: PoseMessage(t=1509148002.823176, n=441, x=21384.96620553922, y=15168.585293161857, th=517.0496626826235)
[Slam @ slam.py:126][INFO] 2017-10-27 19:46:43,069: PoseMessage(t=1509148003.0694942, n=442, x=21224.52239529373, y=15200.395011146145, th=520.3967042774485)
[Slam @ slam.py:126][INFO] 2017-10-27 19:46:43,177: PoseMessage(t=1509148003.177134, n=443, x=21048.806163716632, y=15235.048604000884, th=523.231678124942)
[Slam @ slam.py:126][INFO] 2017-10-27 19:46:43,516: PoseMessage(t=1509148003.5162103, n=444, x=20855.3945133506, y=15268.742345207545, th=523.8242846733948)
[Slam @ slam.py:126][INFO] 2017-10-27 19:46:43,615: PoseMessage(t=1509148003.61503, n=445, x=20674.247100506887, y=15344.274839994148, th=520.8498054603871)
[Slam @ slam.py:126][INFO] 2017-10-27 19:46:43,860: PoseMessage(t=1509148003.8603847, n=446, x=20517.967869658583, y=15447.323426746414, th=517.6477135270426)
[Slam @ slam.py:126][INFO] 2017-10-27 19:46:44,085: PoseMessage(t=1509148004.0853972, n=447, x=20364.999529664034, y=15537.89987135923, th=512.5081534966768)
[Slam @ slam.py:126][INFO] 2017-10-27 19:46:44,337: PoseMessage(t=1509148004.3370156, n=448, x=20225.873831685727, y=15655.543868670691, th=506.72519739601114)
[Slam @ slam.py:126][INFO] 2017-10-27 19:46:44,547: PoseMessage(t=1509148004.5477912, n=449, x=20106.285127464776, y=15795.315470042158, th=499.8018626205186)
[Slam @ slam.py:126][INFO] 2017-10-27 19:46:44,686: PoseMessage(t=1509148004.6866305, n=450, x=20026.258899198707, y=15935.744598527424, th=491.93343799852585)
[Slam @ slam.py:126][INFO] 2017-10-27 19:46:44,903: PoseMessage(t=1509148004.9033363, n=451, x=19994.667293244835, y=16078.671620060675, th=482.5974335550592)
[Slam @ slam.py:126][INFO] 2017-10-27 19:46:45,159: PoseMessage(t=1509148005.1590197, n=452, x=20015.311667413313, y=16228.293049567481, th=470.2890549666182)
[Slam @ slam.py:126][INFO] 2017-10-27 19:46:45,399: PoseMessage(t=1509148005.3989284, n=453, x=20081.078228508683, y=16328.168257827463, th=455.94421025531403)
[Slam @ slam.py:126][INFO] 2017-10-27 19:46:45,619: PoseMessage(t=1509148005.6197643, n=454, x=20192.98746639686, y=16404.607744214525, th=440.9459168486711)
[Slam @ slam.py:126][INFO] 2017-10-27 19:46:45,849: PoseMessage(t=1509148005.8491917, n=455, x=20309.894774707187, y=16422.35191165754, th=427.3178049716654)
[Slam @ slam.py:126][INFO] 2017-10-27 19:46:46,084: PoseMessage(t=1509148006.0839257, n=456, x=20423.500466944803, y=16405.674828582494, th=415.6713807470652)
[Slam @ slam.py:126][INFO] 2017-10-27 19:46:46,217: PoseMessage(t=1509148006.217826, n=457, x=20484.511222357083, y=16338.09917419502, th=404.04160373653497)
[Slam @ slam.py:126][INFO] 2017-10-27 19:46:46,429: PoseMessage(t=1509148006.4295807, n=458, x=20498.510579223308, y=16238.716443794772, th=392.91512560214244)
[Slam @ slam.py:126][INFO] 2017-10-27 19:46:46,669: PoseMessage(t=1509148006.669858, n=459, x=20475.97730780815, y=16141.226815459311, th=383.88376597808303)
[Slam @ slam.py:126][INFO] 2017-10-27 19:46:46,888: PoseMessage(t=1509148006.8884218, n=460, x=20431.091082934086, y=16078.877885724876, th=379.4528224992092)
[Slam @ slam.py:126][INFO] 2017-10-27 19:46:47,076: PoseMessage(t=1509148007.0766404, n=461, x=20372.606198338122, y=16062.99508322635, th=379.4040740831616)
[Slam @ slam.py:126][INFO] 2017-10-27 19:46:47,337: PoseMessage(t=1509148007.3376617, n=462, x=20308.283167338028, y=16048.51411147073, th=380.7115867016756)
[Slam @ slam.py:126][INFO] 2017-10-27 19:46:47,440: PoseMessage(t=1509148007.440272, n=463, x=20251.64634660448, y=16043.936974872202, th=383.2048639682972)
[Slam @ slam.py:126][INFO] 2017-10-27 19:46:47,685: PoseMessage(t=1509148007.6857095, n=464, x=20194.721990468475, y=16054.406772085065, th=388.1764467469412)
[Slam @ slam.py:126][INFO] 2017-10-27 19:46:47,906: PoseMessage(t=1509148007.9063802, n=465, x=20140.393017692055, y=16098.666021119869, th=396.1438213214507)
[Slam @ slam.py:126][INFO] 2017-10-27 19:46:48,147: PoseMessage(t=1509148008.1476777, n=466, x=20091.039963994786, y=16162.706396201691, th=406.8942435785658)
[Slam @ slam.py:126][INFO] 2017-10-27 19:46:48,379: PoseMessage(t=1509148008.3791828, n=467, x=20037.09479005463, y=16254.379021128705, th=418.5601589324443)
[Slam @ slam.py:126][INFO] 2017-10-27 19:46:48,707: PoseMessage(t=1509148008.7069943, n=468, x=19988.32974998202, y=16361.756050583506, th=428.95888311154806)
[Slam @ slam.py:126][INFO] 2017-10-27 19:46:48,779: PoseMessage(t=1509148008.7795134, n=469, x=19955.21893236853, y=16488.791666741316, th=437.81214926160203)
[Slam @ slam.py:126][INFO] 2017-10-27 19:46:49,029: PoseMessage(t=1509148009.0297372, n=470, x=19930.121288930037, y=16646.991289048754, th=443.8244048619646)
[Slam @ slam.py:126][INFO] 2017-10-27 19:46:49,263: PoseMessage(t=1509148009.2637477, n=471, x=19914.940134661243, y=16807.632454184648, th=445.9012355815622)
[Slam @ slam.py:126][INFO] 2017-10-27 19:46:49,379: PoseMessage(t=1509148009.3792856, n=472, x=19929.238435048115, y=16967.850580028324, th=445.5127673229555)
[Slam @ slam.py:126][INFO] 2017-10-27 19:46:49,610: PoseMessage(t=1509148009.6100276, n=473, x=19969.235203861695, y=17127.225594184427, th=443.2206270157013)
[Slam @ slam.py:126][INFO] 2017-10-27 19:46:49,858: PoseMessage(t=1509148009.8583255, n=474, x=20031.08594872008, y=17295.57522247459, th=439.0949015540656)
[Slam @ slam.py:126][INFO] 2017-10-27 19:46:50,091: PoseMessage(t=1509148010.0915709, n=475, x=20107.737337211234, y=17436.486592512745, th=434.4557368479701)
[Slam @ slam.py:126][INFO] 2017-10-27 19:46:50,308: PoseMessage(t=1509148010.3082955, n=476, x=20195.224870501057, y=17589.155719879716, th=429.0910657654723)
[Slam @ slam.py:126][INFO] 2017-10-27 19:46:50,539: PoseMessage(t=1509148010.5391026, n=477, x=20297.11301737532, y=17757.81598815455, th=424.4782501718993)
[Slam @ slam.py:126][INFO] 2017-10-27 19:46:50,659: PoseMessage(t=1509148010.6592314, n=478, x=20395.398779328185, y=17910.766509342, th=422.9397086034561)
[Slam @ slam.py:126][INFO] 2017-10-27 19:46:50,885: PoseMessage(t=1509148010.8851466, n=479, x=20459.213896719826, y=18094.069084202863, th=425.82427887516417)
[Slam @ slam.py:126][INFO] 2017-10-27 19:46:51,105: PoseMessage(t=1509148011.1056964, n=480, x=20497.83632072629, y=18287.839658236124, th=433.6407608379642)
[Slam @ slam.py:126][INFO] 2017-10-27 19:46:51,370: PoseMessage(t=1509148011.369922, n=481, x=20465.800903140713, y=18493.07943342509, th=442.90805951875257)
[Slam @ slam.py:126][INFO] 2017-10-27 19:46:51,612: PoseMessage(t=1509148011.6119106, n=482, x=20397.570936583885, y=18703.633589956087, th=454.7977771187408)
[Slam @ slam.py:126][INFO] 2017-10-27 19:46:51,830: PoseMessage(t=1509148011.8305428, n=483, x=20275.632884439052, y=18898.008735577685, th=467.2500407543822)
[Slam @ slam.py:126][INFO] 2017-10-27 19:46:51,952: PoseMessage(t=1509148011.9527562, n=484, x=20109.86599472069, y=19033.247002648648, th=480.425135424112)
[Slam @ slam.py:126][INFO] 2017-10-27 19:46:52,154: PoseMessage(t=1509148012.154778, n=485, x=19909.336275064357, y=19115.293410348466, th=496.1691777758375)
[Slam @ slam.py:126][INFO] 2017-10-27 19:46:52,387: PoseMessage(t=1509148012.3878446, n=486, x=19700.134456035245, y=19113.56487513484, th=511.77181975984297)
[Slam @ slam.py:126][INFO] 2017-10-27 19:46:52,613: PoseMessage(t=1509148012.6133292, n=487, x=19512.621126242244, y=19082.127018180552, th=523.944662736422)
[Slam @ slam.py:126][INFO] 2017-10-27 19:46:52,852: PoseMessage(t=1509148012.852331, n=488, x=19364.938816841255, y=19043.202611734967, th=533.5380911633098)
[Slam @ slam.py:126][INFO] 2017-10-27 19:46:53,055: PoseMessage(t=1509148013.0555608, n=489, x=19236.329924195685, y=18997.85874658054, th=540.5144157782621)
[Slam @ slam.py:126][INFO] 2017-10-27 19:46:53,272: PoseMessage(t=1509148013.2728255, n=490, x=19124.64677903024, y=18991.523928798495, th=540.2254107819596)
[Slam @ slam.py:126][INFO] 2017-10-27 19:46:53,493: PoseMessage(t=1509148013.4931366, n=491, x=19048.43876532084, y=19068.867007987217, th=529.8624096791451)
[Slam @ slam.py:126][INFO] 2017-10-27 19:46:53,703: PoseMessage(t=1509148013.70299, n=492, x=19022.2422229386, y=19203.023613216, th=514.1261096605291)
[Slam @ slam.py:126][INFO] 2017-10-27 19:46:53,945: PoseMessage(t=1509148013.9451494, n=493, x=19005.318974106718, y=19355.519267289572, th=498.8902744119247)
[Slam @ slam.py:126][INFO] 2017-10-27 19:46:54,079: PoseMessage(t=1509148014.0796642, n=494, x=18967.337689890588, y=19545.29408413372, th=486.86681517722775)
[Slam @ slam.py:126][INFO] 2017-10-27 19:46:54,281: PoseMessage(t=1509148014.2812269, n=495, x=18930.54804543342, y=19746.61174093934, th=475.1270450158614)
[Slam @ slam.py:126][INFO] 2017-10-27 19:46:54,510: PoseMessage(t=1509148014.5099635, n=496, x=18948.375217219178, y=19972.361628130682, th=462.38203519412366)
[Slam @ slam.py:126][INFO] 2017-10-27 19:46:54,758: PoseMessage(t=1509148014.7587848, n=497, x=19004.305045613615, y=20184.446896794623, th=449.53754479373913)
[Slam @ slam.py:126][INFO] 2017-10-27 19:46:54,985: PoseMessage(t=1509148014.9850614, n=498, x=19123.08421743935, y=20386.370609783706, th=436.1798417002416)
[Slam @ slam.py:126][INFO] 2017-10-27 19:46:55,209: PoseMessage(t=1509148015.2091796, n=499, x=19269.189175990938, y=20548.996254247402, th=423.88524738259605)
[Slam @ slam.py:126][INFO] 2017-10-27 19:46:55,344: PoseMessage(t=1509148015.3441453, n=500, x=19451.62669989975, y=20690.63877857269, th=412.3996540403738)
[Slam @ slam.py:126][INFO] 2017-10-27 19:46:55,706: PoseMessage(t=1509148015.706191, n=501, x=19651.02337909, y=20805.337575932288, th=402.516506424609)
[Slam @ slam.py:126][INFO] 2017-10-27 19:46:55,788: PoseMessage(t=1509148015.78856, n=502, x=19858.679666733475, y=20901.975730892525, th=395.46671251107057)
[Slam @ slam.py:126][INFO] 2017-10-27 19:46:56,031: PoseMessage(t=1509148016.0316055, n=503, x=20061.973424106942, y=20997.510585821954, th=391.00546906144757)
[Slam @ slam.py:126][INFO] 2017-10-27 19:46:56,254: PoseMessage(t=1509148016.2547388, n=504, x=20277.303632442887, y=21085.28186595512, th=387.64272440220395)
[Slam @ slam.py:126][INFO] 2017-10-27 19:46:56,467: PoseMessage(t=1509148016.467079, n=505, x=20475.985682291026, y=21169.292019963985, th=385.8303631282894)
[Slam @ slam.py:126][INFO] 2017-10-27 19:46:56,706: PoseMessage(t=1509148016.706711, n=506, x=20662.304146868224, y=21251.61517905516, th=385.19894391293803)
[Slam @ slam.py:126][INFO] 2017-10-27 19:46:56,848: PoseMessage(t=1509148016.8484976, n=507, x=20848.398115743, y=21339.658804510043, th=384.9640726635249)
[Slam @ slam.py:126][INFO] 2017-10-27 19:46:57,186: PoseMessage(t=1509148017.1862981, n=508, x=21039.062962236745, y=21424.630514094395, th=386.72556121334367)
[Slam @ slam.py:126][INFO] 2017-10-27 19:46:57,276: PoseMessage(t=1509148017.2762318, n=509, x=21220.997383276223, y=21537.88015390718, th=388.5859410442123)
[Slam @ slam.py:126][INFO] 2017-10-27 19:46:57,516: PoseMessage(t=1509148017.5168083, n=510, x=21397.51256645202, y=21655.06558624155, th=390.9699902205381)
[Slam @ slam.py:126][INFO] 2017-10-27 19:46:57,740: PoseMessage(t=1509148017.7404652, n=511, x=21547.541347346374, y=21783.930644513464, th=395.6535155156513)
[Slam @ slam.py:126][INFO] 2017-10-27 19:46:57,986: PoseMessage(t=1509148017.9861155, n=512, x=21665.41147672058, y=21927.69984349551, th=401.3359643980863)
[Slam @ slam.py:126][INFO] 2017-10-27 19:46:58,216: PoseMessage(t=1509148018.216284, n=513, x=21786.99837009433, y=22084.13371454343, th=405.47932749489576)
[Slam @ slam.py:126][INFO] 2017-10-27 19:46:58,346: PoseMessage(t=1509148018.3463457, n=514, x=21912.638297231275, y=22234.628949606566, th=406.80374494738373)
[Slam @ slam.py:126][INFO] 2017-10-27 19:46:58,542: PoseMessage(t=1509148018.5426784, n=515, x=22057.674125229347, y=22372.749896921312, th=406.46101083009)
[Slam @ slam.py:126][INFO] 2017-10-27 19:46:58,782: PoseMessage(t=1509148018.7824798, n=516, x=22203.634469731584, y=22499.967743397145, th=403.47676099844705)
[Slam @ slam.py:126][INFO] 2017-10-27 19:46:58,997: PoseMessage(t=1509148018.9973443, n=517, x=22372.167897418945, y=22572.973058592914, th=398.436785263321)
[Slam @ slam.py:126][INFO] 2017-10-27 19:46:59,253: PoseMessage(t=1509148019.2530584, n=518, x=22484.425379953496, y=22639.38939460103, th=392.12895091913254)
[Slam @ slam.py:126][INFO] 2017-10-27 19:46:59,472: PoseMessage(t=1509148019.4726048, n=519, x=22621.54757647138, y=22674.684650828283, th=384.9680792755595)
[Slam @ slam.py:126][INFO] 2017-10-27 19:46:59,711: PoseMessage(t=1509148019.7115853, n=520, x=22800.776462967657, y=22666.782427562874, th=376.53270166460345)
[Slam @ slam.py:126][INFO] 2017-10-27 19:46:59,847: PoseMessage(t=1509148019.8473887, n=521, x=22986.58293242686, y=22626.182377393103, th=367.5276969134551)
[Slam @ slam.py:126][INFO] 2017-10-27 19:47:00,072: PoseMessage(t=1509148020.0728288, n=522, x=23128.43298496798, y=22587.59936992077, th=360.35316247754724)
[Slam @ slam.py:126][INFO] 2017-10-27 19:47:00,303: PoseMessage(t=1509148020.3030026, n=523, x=23282.964999954016, y=22531.349534367597, th=354.8511853566537)
[Slam @ slam.py:126][INFO] 2017-10-27 19:47:00,548: PoseMessage(t=1509148020.5485659, n=524, x=23403.021126133423, y=22478.414932577412, th=350.36682456307733)
[Slam @ slam.py:126][INFO] 2017-10-27 19:47:00,759: PoseMessage(t=1509148020.7590394, n=525, x=23492.63736067576, y=22435.498835396844, th=347.5307140219751)
[Slam @ slam.py:126][INFO] 2017-10-27 19:47:00,982: PoseMessage(t=1509148020.9821835, n=526, x=23546.6615137854, y=22402.56722669013, th=345.7457800721544)
[Slam @ slam.py:126][INFO] 2017-10-27 19:47:01,093: PoseMessage(t=1509148021.093317, n=527, x=23592.45727557925, y=22381.34847140767, th=345.7658450165558)
[Slam @ slam.py:126][INFO] 2017-10-27 19:47:01,419: PoseMessage(t=1509148021.419526, n=528, x=23628.863175448238, y=22376.075577209245, th=345.48003030647794)
[Slam @ slam.py:126][INFO] 2017-10-27 19:47:01,543: PoseMessage(t=1509148021.5434496, n=529, x=23610.110347343903, y=22369.043224075118, th=344.6491902746287)
[Slam @ slam.py:126][INFO] 2017-10-27 19:47:01,746: PoseMessage(t=1509148021.7463493, n=530, x=23585.278463514875, y=22383.453914539255, th=345.9737355253104)
[Slam @ slam.py:126][INFO] 2017-10-27 19:47:01,983: PoseMessage(t=1509148021.9831164, n=531, x=23586.541381303574, y=22386.85152834963, th=346.73320268889927)
[Slam @ slam.py:126][INFO] 2017-10-27 19:47:02,189: PoseMessage(t=1509148022.1895075, n=532, x=23586.541381303574, y=22386.85152834963, th=346.73320268889927)
[Slam @ slam.py:126][INFO] 2017-10-27 19:47:02,429: PoseMessage(t=1509148022.4297817, n=533, x=23586.541381303574, y=22386.85152834963, th=346.73320268889927)
[Slam @ slam.py:126][INFO] 2017-10-27 19:47:02,662: PoseMessage(t=1509148022.6625447, n=534, x=23586.541381303574, y=22386.85152834963, th=346.73320268889927)
[Slam @ slam.py:126][INFO] 2017-10-27 19:47:02,897: PoseMessage(t=1509148022.8968945, n=535, x=23586.541381303574, y=22386.85152834963, th=346.73320268889927)
[Slam @ slam.py:126][INFO] 2017-10-27 19:47:03,025: PoseMessage(t=1509148023.0256174, n=536, x=23586.541381303574, y=22386.85152834963, th=346.73320268889927)
[Slam @ slam.py:126][INFO] 2017-10-27 19:47:03,261: PoseMessage(t=1509148023.2610734, n=537, x=23586.541381303574, y=22386.85152834963, th=346.73320268889927)
[Slam @ slam.py:126][INFO] 2017-10-27 19:47:03,487: PoseMessage(t=1509148023.4869175, n=538, x=23586.541381303574, y=22386.85152834963, th=346.73320268889927)
[Slam @ node.py:102][INFO] 2017-10-27 19:47:03,695: Node took 121.37982869148254s to run
